[ 2017-04-01T13:36:31+08:00 ] 42.156.139.72 /demo.php/Event/perfectdrag
INFO: [ app_init ] --START--
INFO: Run Behavior\BuildLiteBehavior [ RunTime:0.000012s ]
INFO: [ app_init ] --END-- [ RunTime:0.000291s ]
INFO: [ app_begin ] --START--
INFO: Run Behavior\ReadHtmlCacheBehavior [ RunTime:0.000306s ]
INFO: [ app_begin ] --END-- [ RunTime:0.000344s ]
NOTIC: [8] A session had already been started - ignoring session_start() /data/wwwroot/blog/ThinkPHP/Common/functions.php 第 1263 行.
INFO: [ view_parse ] --START--
INFO: [ template_filter ] --START--
INFO: Run Behavior\ContentReplaceBehavior [ RunTime:0.000028s ]
INFO: [ template_filter ] --END-- [ RunTime:0.000065s ]
NOTIC: [8] Undefined variable: keywords /data/wwwroot/blog/Application/Runtime/Cache/Demo/5ea259fcfbacad574ddbcfc3ac2d8a3c.php 第 6 行.
NOTIC: [8] Undefined variable: description /data/wwwroot/blog/Application/Runtime/Cache/Demo/5ea259fcfbacad574ddbcfc3ac2d8a3c.php 第 7 行.
INFO: Run Behavior\ParseTemplateBehavior [ RunTime:0.004117s ]
INFO: [ view_parse ] --END-- [ RunTime:0.004151s ]
INFO: [ view_filter ] --START--
INFO: Run Behavior\WriteHtmlCacheBehavior [ RunTime:0.000107s ]
INFO: [ view_filter ] --END-- [ RunTime:0.000138s ]
INFO: [ app_end ] --START--
INFO: Run Behavior\ShowPageTraceBehavior [ RunTime:0.000316s ]
INFO: [ app_end ] --END-- [ RunTime:0.000348s ]

