[ 2017-09-01T11:27:56+08:00 ] 106.11.154.168 /index.php/Demo/Little/fromMohuToQing
INFO: [ app_init ] --START--
INFO: Run Behavior\BuildLiteBehavior [ RunTime:0.000015s ]
INFO: [ app_init ] --END-- [ RunTime:0.000285s ]
INFO: [ app_begin ] --START--
INFO: Run Behavior\ReadHtmlCacheBehavior [ RunTime:0.000316s ]
INFO: [ app_begin ] --END-- [ RunTime:0.000356s ]
NOTIC: [8] A session had already been started - ignoring session_start() /data/wwwroot/blog/ThinkPHP/Common/functions.php 第 1263 行.
INFO: [ view_parse ] --START--
INFO: [ template_filter ] --START--
INFO: Run Behavior\ContentReplaceBehavior [ RunTime:0.000031s ]
INFO: [ template_filter ] --END-- [ RunTime:0.000076s ]
NOTIC: [8] Undefined variable: title /data/wwwroot/blog/Application/Runtime/Cache/Demo/c8675c63fb9d37dfa18e86f6ccf53f45.php 第 5 行.
NOTIC: [8] Undefined variable: keywords /data/wwwroot/blog/Application/Runtime/Cache/Demo/c8675c63fb9d37dfa18e86f6ccf53f45.php 第 6 行.
NOTIC: [8] Undefined variable: description /data/wwwroot/blog/Application/Runtime/Cache/Demo/c8675c63fb9d37dfa18e86f6ccf53f45.php 第 7 行.
NOTIC: [8] Undefined variable: title /data/wwwroot/blog/Application/Runtime/Cache/Demo/c8675c63fb9d37dfa18e86f6ccf53f45.php 第 15 行.
INFO: Run Behavior\ParseTemplateBehavior [ RunTime:0.004088s ]
INFO: [ view_parse ] --END-- [ RunTime:0.004130s ]
INFO: [ view_filter ] --START--
INFO: Run Behavior\WriteHtmlCacheBehavior [ RunTime:0.000116s ]
INFO: [ view_filter ] --END-- [ RunTime:0.000191s ]
INFO: [ app_end ] --START--
INFO: Run Behavior\ShowPageTraceBehavior [ RunTime:0.000384s ]
INFO: [ app_end ] --END-- [ RunTime:0.000418s ]

[ 2017-09-01T23:46:10+08:00 ] 203.208.60.243 /demo.php/Move/duowuti
INFO: [ app_init ] --START--
INFO: Run Behavior\BuildLiteBehavior [ RunTime:0.000013s ]
INFO: [ app_init ] --END-- [ RunTime:0.000251s ]
INFO: [ app_begin ] --START--
INFO: Run Behavior\ReadHtmlCacheBehavior [ RunTime:0.000309s ]
INFO: [ app_begin ] --END-- [ RunTime:0.000348s ]
NOTIC: [8] A session had already been started - ignoring session_start() /data/wwwroot/blog/ThinkPHP/Common/functions.php 第 1263 行.
INFO: [ view_parse ] --START--
INFO: [ template_filter ] --START--
INFO: Run Behavior\ContentReplaceBehavior [ RunTime:0.000256s ]
INFO: [ template_filter ] --END-- [ RunTime:0.000304s ]
INFO: Run Behavior\ParseTemplateBehavior [ RunTime:0.004182s ]
INFO: [ view_parse ] --END-- [ RunTime:0.004221s ]
INFO: [ view_filter ] --START--
INFO: Run Behavior\WriteHtmlCacheBehavior [ RunTime:0.000120s ]
INFO: [ view_filter ] --END-- [ RunTime:0.000152s ]
INFO: [ app_end ] --START--
INFO: Run Behavior\ShowPageTraceBehavior [ RunTime:0.000496s ]
INFO: [ app_end ] --END-- [ RunTime:0.000536s ]

