[ 2017-04-26T17:51:34+08:00 ] 42.156.138.38 /index.php/Demo/Little/fromMohuToQing
INFO: [ app_init ] --START--
INFO: Run Behavior\BuildLiteBehavior [ RunTime:0.000012s ]
INFO: [ app_init ] --END-- [ RunTime:0.000246s ]
INFO: [ app_begin ] --START--
INFO: Run Behavior\ReadHtmlCacheBehavior [ RunTime:0.000306s ]
INFO: [ app_begin ] --END-- [ RunTime:0.000389s ]
NOTIC: [8] A session had already been started - ignoring session_start() /data/wwwroot/blog/ThinkPHP/Common/functions.php 第 1263 行.
INFO: [ view_parse ] --START--
INFO: [ template_filter ] --START--
INFO: Run Behavior\ContentReplaceBehavior [ RunTime:0.000028s ]
INFO: [ template_filter ] --END-- [ RunTime:0.000066s ]
NOTIC: [8] Undefined variable: title /data/wwwroot/blog/Application/Runtime/Cache/Demo/c8675c63fb9d37dfa18e86f6ccf53f45.php 第 5 行.
NOTIC: [8] Undefined variable: keywords /data/wwwroot/blog/Application/Runtime/Cache/Demo/c8675c63fb9d37dfa18e86f6ccf53f45.php 第 6 行.
NOTIC: [8] Undefined variable: description /data/wwwroot/blog/Application/Runtime/Cache/Demo/c8675c63fb9d37dfa18e86f6ccf53f45.php 第 7 行.
NOTIC: [8] Undefined variable: title /data/wwwroot/blog/Application/Runtime/Cache/Demo/c8675c63fb9d37dfa18e86f6ccf53f45.php 第 15 行.
INFO: Run Behavior\ParseTemplateBehavior [ RunTime:0.003917s ]
INFO: [ view_parse ] --END-- [ RunTime:0.003950s ]
INFO: [ view_filter ] --START--
INFO: Run Behavior\WriteHtmlCacheBehavior [ RunTime:0.000111s ]
INFO: [ view_filter ] --END-- [ RunTime:0.000142s ]
INFO: [ app_end ] --START--
INFO: Run Behavior\ShowPageTraceBehavior [ RunTime:0.000319s ]
INFO: [ app_end ] --END-- [ RunTime:0.000352s ]

[ 2017-04-26T18:06:14+08:00 ] 42.156.138.38 /demo.php/Move/basic
INFO: [ app_init ] --START--
INFO: Run Behavior\BuildLiteBehavior [ RunTime:0.000013s ]
INFO: [ app_init ] --END-- [ RunTime:0.000243s ]
INFO: [ app_begin ] --START--
INFO: Run Behavior\ReadHtmlCacheBehavior [ RunTime:0.000361s ]
INFO: [ app_begin ] --END-- [ RunTime:0.000401s ]
NOTIC: [8] A session had already been started - ignoring session_start() /data/wwwroot/blog/ThinkPHP/Common/functions.php 第 1263 行.
INFO: [ view_parse ] --START--
INFO: [ template_filter ] --START--
INFO: Run Behavior\ContentReplaceBehavior [ RunTime:0.000028s ]
INFO: [ template_filter ] --END-- [ RunTime:0.000066s ]
INFO: Run Behavior\ParseTemplateBehavior [ RunTime:0.003931s ]
INFO: [ view_parse ] --END-- [ RunTime:0.003969s ]
INFO: [ view_filter ] --START--
INFO: Run Behavior\WriteHtmlCacheBehavior [ RunTime:0.000108s ]
INFO: [ view_filter ] --END-- [ RunTime:0.000139s ]
INFO: [ app_end ] --START--
INFO: Run Behavior\ShowPageTraceBehavior [ RunTime:0.000353s ]
INFO: [ app_end ] --END-- [ RunTime:0.000388s ]

[ 2017-04-26T20:08:34+08:00 ] 42.156.138.38 /index.php/Demo/Index/seajs
INFO: [ app_init ] --START--
INFO: Run Behavior\BuildLiteBehavior [ RunTime:0.000013s ]
INFO: [ app_init ] --END-- [ RunTime:0.000293s ]
INFO: [ app_begin ] --START--
INFO: Run Behavior\ReadHtmlCacheBehavior [ RunTime:0.000315s ]
INFO: [ app_begin ] --END-- [ RunTime:0.000363s ]
NOTIC: [8] A session had already been started - ignoring session_start() /data/wwwroot/blog/ThinkPHP/Common/functions.php 第 1263 行.
INFO: [ view_parse ] --START--
INFO: [ template_filter ] --START--
INFO: Run Behavior\ContentReplaceBehavior [ RunTime:0.000028s ]
INFO: [ template_filter ] --END-- [ RunTime:0.000066s ]
NOTIC: [8] Undefined variable: title /data/wwwroot/blog/Application/Runtime/Cache/Demo/333b76d5ff2150b3e2bd208d869685c4.php 第 5 行.
NOTIC: [8] Undefined variable: keywords /data/wwwroot/blog/Application/Runtime/Cache/Demo/333b76d5ff2150b3e2bd208d869685c4.php 第 6 行.
NOTIC: [8] Undefined variable: description /data/wwwroot/blog/Application/Runtime/Cache/Demo/333b76d5ff2150b3e2bd208d869685c4.php 第 7 行.
NOTIC: [8] Undefined variable: title /data/wwwroot/blog/Application/Runtime/Cache/Demo/333b76d5ff2150b3e2bd208d869685c4.php 第 15 行.
INFO: Run Behavior\ParseTemplateBehavior [ RunTime:0.004117s ]
INFO: [ view_parse ] --END-- [ RunTime:0.004150s ]
INFO: [ view_filter ] --START--
INFO: Run Behavior\WriteHtmlCacheBehavior [ RunTime:0.000110s ]
INFO: [ view_filter ] --END-- [ RunTime:0.000141s ]
INFO: [ app_end ] --START--
INFO: Run Behavior\ShowPageTraceBehavior [ RunTime:0.000319s ]
INFO: [ app_end ] --END-- [ RunTime:0.000352s ]

[ 2017-04-26T20:33:16+08:00 ] 42.236.99.65 /demo.php/Move/basicdemo
INFO: [ app_init ] --START--
INFO: Run Behavior\BuildLiteBehavior [ RunTime:0.000010s ]
INFO: [ app_init ] --END-- [ RunTime:0.000266s ]
INFO: [ app_begin ] --START--
INFO: Run Behavior\ReadHtmlCacheBehavior [ RunTime:0.000293s ]
INFO: [ app_begin ] --END-- [ RunTime:0.000332s ]
NOTIC: [8] A session had already been started - ignoring session_start() /data/wwwroot/blog/ThinkPHP/Common/functions.php 第 1263 行.
INFO: [ view_parse ] --START--
INFO: [ template_filter ] --START--
INFO: Run Behavior\ContentReplaceBehavior [ RunTime:0.000027s ]
INFO: [ template_filter ] --END-- [ RunTime:0.000065s ]
INFO: Run Behavior\ParseTemplateBehavior [ RunTime:0.003954s ]
INFO: [ view_parse ] --END-- [ RunTime:0.003991s ]
INFO: [ view_filter ] --START--
INFO: Run Behavior\WriteHtmlCacheBehavior [ RunTime:0.000145s ]
INFO: [ view_filter ] --END-- [ RunTime:0.000176s ]
INFO: [ app_end ] --START--
INFO: Run Behavior\ShowPageTraceBehavior [ RunTime:0.000306s ]
INFO: [ app_end ] --END-- [ RunTime:0.000340s ]

