[ 2017-10-23T12:25:03+08:00 ] 106.11.154.210 /index.php/Demo/Little/fromMohuToQing
INFO: [ app_init ] --START--
INFO: Run Behavior\BuildLiteBehavior [ RunTime:0.000012s ]
INFO: [ app_init ] --END-- [ RunTime:0.000244s ]
INFO: [ app_begin ] --START--
INFO: Run Behavior\ReadHtmlCacheBehavior [ RunTime:0.000357s ]
INFO: [ app_begin ] --END-- [ RunTime:0.000396s ]
NOTIC: [8] A session had already been started - ignoring session_start() /data/wwwroot/blog/ThinkPHP/Common/functions.php 第 1263 行.
INFO: [ view_parse ] --START--
INFO: [ template_filter ] --START--
INFO: Run Behavior\ContentReplaceBehavior [ RunTime:0.000034s ]
INFO: [ template_filter ] --END-- [ RunTime:0.000085s ]
NOTIC: [8] Undefined variable: title /data/wwwroot/blog/Application/Runtime/Cache/Demo/c8675c63fb9d37dfa18e86f6ccf53f45.php 第 5 行.
NOTIC: [8] Undefined variable: keywords /data/wwwroot/blog/Application/Runtime/Cache/Demo/c8675c63fb9d37dfa18e86f6ccf53f45.php 第 6 行.
NOTIC: [8] Undefined variable: description /data/wwwroot/blog/Application/Runtime/Cache/Demo/c8675c63fb9d37dfa18e86f6ccf53f45.php 第 7 行.
NOTIC: [8] Undefined variable: title /data/wwwroot/blog/Application/Runtime/Cache/Demo/c8675c63fb9d37dfa18e86f6ccf53f45.php 第 15 行.
INFO: Run Behavior\ParseTemplateBehavior [ RunTime:0.031122s ]
INFO: [ view_parse ] --END-- [ RunTime:0.031160s ]
INFO: [ view_filter ] --START--
INFO: Run Behavior\WriteHtmlCacheBehavior [ RunTime:0.000113s ]
INFO: [ view_filter ] --END-- [ RunTime:0.000145s ]
INFO: [ app_end ] --START--
INFO: Run Behavior\ShowPageTraceBehavior [ RunTime:0.000334s ]
INFO: [ app_end ] --END-- [ RunTime:0.000369s ]

