[ 2016-10-12T14:24:46+08:00 ] 127.0.0.1 /
INFO: [ app_init ] --START--
INFO: Run Behavior\BuildLiteBehavior [ RunTime:0.000026s ]
INFO: [ app_init ] --END-- [ RunTime:0.002258s ]
INFO: [ app_begin ] --START--
INFO: Run Behavior\ReadHtmlCacheBehavior [ RunTime:0.001160s ]
INFO: [ app_begin ] --END-- [ RunTime:0.001220s ]
SQL: SHOW COLUMNS FROM `z_post` [ RunTime:0.0284s ]
SQL: SELECT COUNT(*) AS tp_count FROM `z_post` LIMIT 1   [ RunTime:0.0119s ]
SQL: SELECT * FROM `z_post` ORDER BY ctime desc LIMIT 0,2   [ RunTime:0.0027s ]
INFO: [ view_parse ] --START--
INFO: [ template_filter ] --START--
INFO: Run Behavior\ContentReplaceBehavior [ RunTime:0.000153s ]
INFO: [ template_filter ] --END-- [ RunTime:0.000222s ]
NOTIC: [8] Undefined variable: archive_current /Applications/XAMPP/xamppfiles/htdocs/blog/Application/Runtime/Cache/Home/2a94b8bda04ff446dcedd42276fc99ee.php 第 34 行.
NOTIC: [8] Undefined variable: about_current /Applications/XAMPP/xamppfiles/htdocs/blog/Application/Runtime/Cache/Home/2a94b8bda04ff446dcedd42276fc99ee.php 第 36 行.
SQL: SHOW COLUMNS FROM `z_category` [ RunTime:0.0018s ]
SQL: SELECT * FROM `z_category`  [ RunTime:0.0003s ]
INFO: [ view_parse ] --START--
INFO: [ template_filter ] --START--
INFO: Run Behavior\ContentReplaceBehavior [ RunTime:0.000025s ]
INFO: [ template_filter ] --END-- [ RunTime:-0.008928s ]
INFO: Run Behavior\ParseTemplateBehavior [ RunTime:0.002340s ]
INFO: [ view_parse ] --END-- [ RunTime:0.002382s ]
INFO: [ view_filter ] --START--
INFO: Run Behavior\WriteHtmlCacheBehavior [ RunTime:0.000720s ]
INFO: [ view_filter ] --END-- [ RunTime:0.000761s ]
SQL: SHOW COLUMNS FROM `z_tag` [ RunTime:0.0017s ]
SQL: SELECT * FROM `z_tag`  [ RunTime:0.0004s ]
INFO: [ view_parse ] --START--
INFO: [ template_filter ] --START--
INFO: Run Behavior\ContentReplaceBehavior [ RunTime:0.000022s ]
INFO: [ template_filter ] --END-- [ RunTime:-0.014620s ]
INFO: Run Behavior\ParseTemplateBehavior [ RunTime:0.001837s ]
INFO: [ view_parse ] --END-- [ RunTime:-0.003747s ]
INFO: [ view_filter ] --START--
INFO: Run Behavior\WriteHtmlCacheBehavior [ RunTime:0.000009s ]
INFO: [ view_filter ] --END-- [ RunTime:-0.004876s ]
SQL: SHOW COLUMNS FROM `z_post` [ RunTime:0.0013s ]
SQL: SELECT * FROM `z_post` ORDER BY ctime desc LIMIT 5   [ RunTime:0.0003s ]
INFO: [ view_parse ] --START--
INFO: [ template_filter ] --START--
INFO: Run Behavior\ContentReplaceBehavior [ RunTime:0.000017s ]
INFO: [ template_filter ] --END-- [ RunTime:-0.018296s ]
INFO: Run Behavior\ParseTemplateBehavior [ RunTime:0.001486s ]
INFO: [ view_parse ] --END-- [ RunTime:-0.007608s ]
INFO: [ view_filter ] --START--
INFO: Run Behavior\WriteHtmlCacheBehavior [ RunTime:0.000007s ]
INFO: [ view_filter ] --END-- [ RunTime:-0.008355s ]
INFO: [ view_parse ] --START--
INFO: [ template_filter ] --START--
INFO: Run Behavior\ContentReplaceBehavior [ RunTime:0.000023s ]
INFO: [ template_filter ] --END-- [ RunTime:-0.019575s ]
INFO: Run Behavior\ParseTemplateBehavior [ RunTime:0.001231s ]
INFO: [ view_parse ] --END-- [ RunTime:-0.009261s ]
INFO: [ view_filter ] --START--
INFO: Run Behavior\WriteHtmlCacheBehavior [ RunTime:0.000008s ]
INFO: [ view_filter ] --END-- [ RunTime:-0.009762s ]
INFO: Run Behavior\ParseTemplateBehavior [ RunTime:0.001333s ]
INFO: [ view_parse ] --END-- [ RunTime:-0.009261s ]
INFO: [ view_filter ] --START--
INFO: Run Behavior\WriteHtmlCacheBehavior [ RunTime:0.000005s ]
INFO: [ view_filter ] --END-- [ RunTime:-0.009873s ]
INFO: [ app_end ] --START--
INFO: Run Behavior\ShowPageTraceBehavior [ RunTime:0.000853s ]
INFO: [ app_end ] --END-- [ RunTime:0.000893s ]

[ 2016-10-12T14:24:50+08:00 ] 127.0.0.1 /
INFO: [ app_init ] --START--
INFO: Run Behavior\BuildLiteBehavior [ RunTime:0.000012s ]
INFO: [ app_init ] --END-- [ RunTime:0.000316s ]
INFO: [ app_begin ] --START--
INFO: Run Behavior\ReadHtmlCacheBehavior [ RunTime:0.000322s ]
INFO: [ app_begin ] --END-- [ RunTime:0.000359s ]
SQL: SHOW COLUMNS FROM `z_post` [ RunTime:0.0017s ]
SQL: SELECT COUNT(*) AS tp_count FROM `z_post` LIMIT 1   [ RunTime:0.0002s ]
SQL: SELECT * FROM `z_post` ORDER BY ctime desc LIMIT 0,2   [ RunTime:0.0004s ]
INFO: [ view_parse ] --START--
INFO: [ template_filter ] --START--
INFO: Run Behavior\ContentReplaceBehavior [ RunTime:0.000045s ]
INFO: [ template_filter ] --END-- [ RunTime:0.000097s ]
NOTIC: [8] Undefined variable: archive_current /Applications/XAMPP/xamppfiles/htdocs/blog/Application/Runtime/Cache/Home/2a94b8bda04ff446dcedd42276fc99ee.php 第 34 行.
NOTIC: [8] Undefined variable: about_current /Applications/XAMPP/xamppfiles/htdocs/blog/Application/Runtime/Cache/Home/2a94b8bda04ff446dcedd42276fc99ee.php 第 36 行.
SQL: SHOW COLUMNS FROM `z_category` [ RunTime:0.0031s ]
SQL: SELECT * FROM `z_category`  [ RunTime:0.0003s ]
INFO: [ view_parse ] --START--
INFO: [ template_filter ] --START--
INFO: Run Behavior\ContentReplaceBehavior [ RunTime:0.000019s ]
INFO: [ template_filter ] --END-- [ RunTime:-0.005685s ]
INFO: Run Behavior\ParseTemplateBehavior [ RunTime:0.001523s ]
INFO: [ view_parse ] --END-- [ RunTime:0.001564s ]
INFO: [ view_filter ] --START--
INFO: Run Behavior\WriteHtmlCacheBehavior [ RunTime:0.000170s ]
INFO: [ view_filter ] --END-- [ RunTime:0.000199s ]
SQL: SHOW COLUMNS FROM `z_tag` [ RunTime:0.0015s ]
SQL: SELECT * FROM `z_tag`  [ RunTime:0.0002s ]
INFO: [ view_parse ] --START--
INFO: [ template_filter ] --START--
INFO: Run Behavior\ContentReplaceBehavior [ RunTime:0.000018s ]
INFO: [ template_filter ] --END-- [ RunTime:-0.009360s ]
INFO: Run Behavior\ParseTemplateBehavior [ RunTime:0.001373s ]
INFO: [ view_parse ] --END-- [ RunTime:-0.002242s ]
INFO: [ view_filter ] --START--
INFO: Run Behavior\WriteHtmlCacheBehavior [ RunTime:0.000006s ]
INFO: [ view_filter ] --END-- [ RunTime:-0.003441s ]
SQL: SHOW COLUMNS FROM `z_post` [ RunTime:0.0016s ]
SQL: SELECT * FROM `z_post` ORDER BY ctime desc LIMIT 5   [ RunTime:0.0005s ]
INFO: [ view_parse ] --START--
INFO: [ template_filter ] --START--
INFO: Run Behavior\ContentReplaceBehavior [ RunTime:0.000020s ]
INFO: [ template_filter ] --END-- [ RunTime:-0.013468s ]
INFO: Run Behavior\ParseTemplateBehavior [ RunTime:0.001497s ]
INFO: [ view_parse ] --END-- [ RunTime:-0.006172s ]
INFO: [ view_filter ] --START--
INFO: Run Behavior\WriteHtmlCacheBehavior [ RunTime:0.000008s ]
INFO: [ view_filter ] --END-- [ RunTime:-0.007529s ]
INFO: [ view_parse ] --START--
INFO: [ template_filter ] --START--
INFO: Run Behavior\ContentReplaceBehavior [ RunTime:0.000017s ]
INFO: [ template_filter ] --END-- [ RunTime:-0.014606s ]
INFO: Run Behavior\ParseTemplateBehavior [ RunTime:0.000855s ]
INFO: [ view_parse ] --END-- [ RunTime:-0.007865s ]
INFO: [ view_filter ] --START--
INFO: Run Behavior\WriteHtmlCacheBehavior [ RunTime:0.000007s ]
INFO: [ view_filter ] --END-- [ RunTime:-0.008548s ]
INFO: Run Behavior\ParseTemplateBehavior [ RunTime:0.000953s ]
INFO: [ view_parse ] --END-- [ RunTime:-0.007865s ]
INFO: [ view_filter ] --START--
INFO: Run Behavior\WriteHtmlCacheBehavior [ RunTime:0.000004s ]
INFO: [ view_filter ] --END-- [ RunTime:-0.008632s ]
INFO: [ app_end ] --START--
INFO: Run Behavior\ShowPageTraceBehavior [ RunTime:0.000527s ]
INFO: [ app_end ] --END-- [ RunTime:0.000559s ]

[ 2016-10-12T14:24:57+08:00 ] 127.0.0.1 /blog/archive/
INFO: [ app_init ] --START--
INFO: Run Behavior\BuildLiteBehavior [ RunTime:0.000010s ]
INFO: [ app_init ] --END-- [ RunTime:0.000252s ]
INFO: [ app_begin ] --START--
INFO: Run Behavior\ReadHtmlCacheBehavior [ RunTime:0.000295s ]
INFO: [ app_begin ] --END-- [ RunTime:0.000318s ]
SQL: SHOW COLUMNS FROM `z_post` [ RunTime:0.0017s ]
SQL: SELECT COUNT(*) AS tp_count FROM `z_post` LIMIT 1   [ RunTime:0.0003s ]
SQL: SHOW COLUMNS FROM `z_post` [ RunTime:0.0013s ]
SQL: SELECT * FROM `z_post` ORDER BY ctime desc LIMIT 0,2   [ RunTime:0.0016s ]
INFO: [ view_parse ] --START--
INFO: [ template_filter ] --START--
INFO: Run Behavior\ContentReplaceBehavior [ RunTime:0.000410s ]
INFO: [ template_filter ] --END-- [ RunTime:0.000459s ]
NOTIC: [8] Undefined variable: index_current /Applications/XAMPP/xamppfiles/htdocs/blog/Application/Runtime/Cache/Home/ade7d4477fc643e9340d31bf3970044f.php 第 32 行.
NOTIC: [8] Undefined variable: about_current /Applications/XAMPP/xamppfiles/htdocs/blog/Application/Runtime/Cache/Home/ade7d4477fc643e9340d31bf3970044f.php 第 36 行.
SQL: SHOW COLUMNS FROM `z_category` [ RunTime:0.0012s ]
SQL: SELECT * FROM `z_category`  [ RunTime:0.0003s ]
INFO: [ view_parse ] --START--
INFO: [ template_filter ] --START--
INFO: Run Behavior\ContentReplaceBehavior [ RunTime:0.000020s ]
INFO: [ template_filter ] --END-- [ RunTime:-0.003302s ]
INFO: Run Behavior\ParseTemplateBehavior [ RunTime:0.001248s ]
INFO: [ view_parse ] --END-- [ RunTime:0.001292s ]
INFO: [ view_filter ] --START--
INFO: Run Behavior\WriteHtmlCacheBehavior [ RunTime:0.000117s ]
INFO: [ view_filter ] --END-- [ RunTime:0.000132s ]
SQL: SHOW COLUMNS FROM `z_tag` [ RunTime:0.0012s ]
SQL: SELECT * FROM `z_tag`  [ RunTime:0.0002s ]
INFO: [ view_parse ] --START--
INFO: [ template_filter ] --START--
INFO: Run Behavior\ContentReplaceBehavior [ RunTime:0.000014s ]
INFO: [ template_filter ] --END-- [ RunTime:-0.006317s ]
INFO: Run Behavior\ParseTemplateBehavior [ RunTime:0.001065s ]
INFO: [ view_parse ] --END-- [ RunTime:-0.001833s ]
INFO: [ view_filter ] --START--
INFO: Run Behavior\WriteHtmlCacheBehavior [ RunTime:0.000005s ]
INFO: [ view_filter ] --END-- [ RunTime:-0.002792s ]
SQL: SELECT * FROM `z_post` ORDER BY ctime desc LIMIT 5   [ RunTime:0.0003s ]
INFO: [ view_parse ] --START--
INFO: [ template_filter ] --START--
INFO: Run Behavior\ContentReplaceBehavior [ RunTime:0.000010s ]
INFO: [ template_filter ] --END-- [ RunTime:-0.007886s ]
INFO: Run Behavior\ParseTemplateBehavior [ RunTime:0.000834s ]
INFO: [ view_parse ] --END-- [ RunTime:-0.003483s ]
INFO: [ view_filter ] --START--
INFO: Run Behavior\WriteHtmlCacheBehavior [ RunTime:0.000004s ]
INFO: [ view_filter ] --END-- [ RunTime:-0.004202s ]
INFO: [ view_parse ] --START--
INFO: [ template_filter ] --START--
INFO: Run Behavior\ContentReplaceBehavior [ RunTime:0.000008s ]
INFO: [ template_filter ] --END-- [ RunTime:-0.008529s ]
INFO: Run Behavior\ParseTemplateBehavior [ RunTime:0.000440s ]
INFO: [ view_parse ] --END-- [ RunTime:-0.004401s ]
INFO: [ view_filter ] --START--
INFO: Run Behavior\WriteHtmlCacheBehavior [ RunTime:0.000013s ]
INFO: [ view_filter ] --END-- [ RunTime:-0.004722s ]
INFO: Run Behavior\ParseTemplateBehavior [ RunTime:0.000496s ]
INFO: [ view_parse ] --END-- [ RunTime:-0.004401s ]
INFO: [ view_filter ] --START--
INFO: Run Behavior\WriteHtmlCacheBehavior [ RunTime:0.000002s ]
INFO: [ view_filter ] --END-- [ RunTime:-0.004770s ]
INFO: [ app_end ] --START--
INFO: Run Behavior\ShowPageTraceBehavior [ RunTime:0.000369s ]
INFO: [ app_end ] --END-- [ RunTime:0.000388s ]

[ 2016-10-12T14:24:59+08:00 ] 127.0.0.1 /blog/my/
INFO: [ app_init ] --START--
INFO: Run Behavior\BuildLiteBehavior [ RunTime:0.000006s ]
INFO: [ app_init ] --END-- [ RunTime:0.000187s ]
INFO: [ app_begin ] --START--
INFO: Run Behavior\ReadHtmlCacheBehavior [ RunTime:0.000237s ]
INFO: [ app_begin ] --END-- [ RunTime:0.000260s ]
SQL: SHOW COLUMNS FROM `z_post` [ RunTime:0.0012s ]
SQL: SHOW COLUMNS FROM `z_post` [ RunTime:0.0010s ]
SQL: UPDATE `z_post` SET `pv`=pv+1 WHERE `id` = 4 [ RunTime:0.0270s ]
SQL: SELECT * FROM `z_post` WHERE `id` = 4 LIMIT 1   [ RunTime:0.0019s ]
SQL: SELECT * FROM `z_post` WHERE ( id < 4 ) LIMIT 1   [ RunTime:0.0027s ]
SQL: SELECT * FROM `z_post` WHERE ( id > 4 ) LIMIT 1   [ RunTime:0.0007s ]
SQL: SHOW COLUMNS FROM `z_comment` [ RunTime:0.0016s ]
SQL: SELECT * FROM `z_comment` WHERE `postid` = 4  [ RunTime:0.0008s ]
SQL: SELECT COUNT(*) AS tp_count FROM `z_comment` WHERE `postid` = 4 LIMIT 1   [ RunTime:0.0003s ]
INFO: [ view_parse ] --START--
INFO: [ template_filter ] --START--
INFO: Run Behavior\ContentReplaceBehavior [ RunTime:0.000063s ]
INFO: [ template_filter ] --END-- [ RunTime:0.000091s ]
NOTIC: [8] Undefined variable: index_current /Applications/XAMPP/xamppfiles/htdocs/blog/Application/Runtime/Cache/Home/1223f42a89e823bf89547594651162de.php 第 73 行.
NOTIC: [8] Undefined variable: archive_current /Applications/XAMPP/xamppfiles/htdocs/blog/Application/Runtime/Cache/Home/1223f42a89e823bf89547594651162de.php 第 75 行.
NOTIC: [8] Undefined index: child /Applications/XAMPP/xamppfiles/htdocs/blog/Application/Runtime/Cache/Home/1223f42a89e823bf89547594651162de.php 第 159 行.
NOTIC: [8] Undefined index: child /Applications/XAMPP/xamppfiles/htdocs/blog/Application/Runtime/Cache/Home/1223f42a89e823bf89547594651162de.php 第 159 行.
NOTIC: [8] Undefined index: child /Applications/XAMPP/xamppfiles/htdocs/blog/Application/Runtime/Cache/Home/1223f42a89e823bf89547594651162de.php 第 159 行.
NOTIC: [8] Undefined index: child /Applications/XAMPP/xamppfiles/htdocs/blog/Application/Runtime/Cache/Home/1223f42a89e823bf89547594651162de.php 第 159 行.
SQL: SHOW COLUMNS FROM `z_category` [ RunTime:0.0017s ]
SQL: SELECT * FROM `z_category`  [ RunTime:0.0003s ]
INFO: [ view_parse ] --START--
INFO: [ template_filter ] --START--
INFO: Run Behavior\ContentReplaceBehavior [ RunTime:0.000013s ]
INFO: [ template_filter ] --END-- [ RunTime:-0.004179s ]
INFO: Run Behavior\ParseTemplateBehavior [ RunTime:0.000916s ]
INFO: [ view_parse ] --END-- [ RunTime:0.000940s ]
INFO: [ view_filter ] --START--
INFO: Run Behavior\WriteHtmlCacheBehavior [ RunTime:0.000105s ]
INFO: [ view_filter ] --END-- [ RunTime:0.000120s ]
SQL: SHOW COLUMNS FROM `z_tag` [ RunTime:0.0010s ]
SQL: SELECT * FROM `z_tag`  [ RunTime:0.0002s ]
INFO: [ view_parse ] --START--
INFO: [ template_filter ] --START--
INFO: Run Behavior\ContentReplaceBehavior [ RunTime:0.000011s ]
INFO: [ template_filter ] --END-- [ RunTime:-0.006543s ]
INFO: Run Behavior\ParseTemplateBehavior [ RunTime:0.000869s ]
INFO: [ view_parse ] --END-- [ RunTime:-0.001528s ]
INFO: [ view_filter ] --START--
INFO: Run Behavior\WriteHtmlCacheBehavior [ RunTime:0.000007s ]
INFO: [ view_filter ] --END-- [ RunTime:-0.002301s ]
SQL: SELECT * FROM `z_post` ORDER BY ctime desc LIMIT 5   [ RunTime:0.0003s ]
INFO: [ view_parse ] --START--
INFO: [ template_filter ] --START--
INFO: Run Behavior\ContentReplaceBehavior [ RunTime:0.000012s ]
INFO: [ template_filter ] --END-- [ RunTime:-0.008028s ]
INFO: Run Behavior\ParseTemplateBehavior [ RunTime:0.000827s ]
INFO: [ view_parse ] --END-- [ RunTime:-0.002967s ]
INFO: [ view_filter ] --START--
INFO: Run Behavior\WriteHtmlCacheBehavior [ RunTime:0.000004s ]
INFO: [ view_filter ] --END-- [ RunTime:-0.003682s ]
INFO: [ view_parse ] --START--
INFO: [ template_filter ] --START--
INFO: Run Behavior\ContentReplaceBehavior [ RunTime:0.000009s ]
INFO: [ template_filter ] --END-- [ RunTime:-0.008681s ]
INFO: Run Behavior\ParseTemplateBehavior [ RunTime:0.000448s ]
INFO: [ view_parse ] --END-- [ RunTime:-0.003880s ]
INFO: [ view_filter ] --START--
INFO: Run Behavior\WriteHtmlCacheBehavior [ RunTime:0.000004s ]
INFO: [ view_filter ] --END-- [ RunTime:-0.004222s ]
INFO: Run Behavior\ParseTemplateBehavior [ RunTime:0.000505s ]
INFO: [ view_parse ] --END-- [ RunTime:-0.003880s ]
INFO: [ view_filter ] --START--
INFO: Run Behavior\WriteHtmlCacheBehavior [ RunTime:0.000002s ]
INFO: [ view_filter ] --END-- [ RunTime:-0.004263s ]
INFO: [ app_end ] --START--
INFO: Run Behavior\ShowPageTraceBehavior [ RunTime:0.000460s ]
INFO: [ app_end ] --END-- [ RunTime:0.000508s ]

[ 2016-10-12T14:25:00+08:00 ] 127.0.0.1 /blog/archive/
INFO: [ app_init ] --START--
INFO: Run Behavior\BuildLiteBehavior [ RunTime:0.000009s ]
INFO: [ app_init ] --END-- [ RunTime:0.000262s ]
INFO: [ app_begin ] --START--
INFO: Run Behavior\ReadHtmlCacheBehavior [ RunTime:0.000425s ]
INFO: [ app_begin ] --END-- [ RunTime:0.000453s ]
SQL: SHOW COLUMNS FROM `z_post` [ RunTime:0.0013s ]
SQL: SELECT COUNT(*) AS tp_count FROM `z_post` LIMIT 1   [ RunTime:0.0002s ]
SQL: SHOW COLUMNS FROM `z_post` [ RunTime:0.0012s ]
SQL: SELECT * FROM `z_post` ORDER BY ctime desc LIMIT 0,2   [ RunTime:0.0003s ]
INFO: [ view_parse ] --START--
INFO: [ template_filter ] --START--
INFO: Run Behavior\ContentReplaceBehavior [ RunTime:0.000032s ]
INFO: [ template_filter ] --END-- [ RunTime:0.000055s ]
NOTIC: [8] Undefined variable: index_current /Applications/XAMPP/xamppfiles/htdocs/blog/Application/Runtime/Cache/Home/ade7d4477fc643e9340d31bf3970044f.php 第 32 行.
NOTIC: [8] Undefined variable: about_current /Applications/XAMPP/xamppfiles/htdocs/blog/Application/Runtime/Cache/Home/ade7d4477fc643e9340d31bf3970044f.php 第 36 行.
SQL: SHOW COLUMNS FROM `z_category` [ RunTime:0.0013s ]
SQL: SELECT * FROM `z_category`  [ RunTime:0.0004s ]
INFO: [ view_parse ] --START--
INFO: [ template_filter ] --START--
INFO: Run Behavior\ContentReplaceBehavior [ RunTime:0.000094s ]
INFO: [ template_filter ] --END-- [ RunTime:-0.003125s ]
INFO: Run Behavior\ParseTemplateBehavior [ RunTime:0.001087s ]
INFO: [ view_parse ] --END-- [ RunTime:0.001110s ]
INFO: [ view_filter ] --START--
INFO: Run Behavior\WriteHtmlCacheBehavior [ RunTime:0.000110s ]
INFO: [ view_filter ] --END-- [ RunTime:0.000126s ]
SQL: SHOW COLUMNS FROM `z_tag` [ RunTime:0.0012s ]
SQL: SELECT * FROM `z_tag`  [ RunTime:0.0002s ]
INFO: [ view_parse ] --START--
INFO: [ template_filter ] --START--
INFO: Run Behavior\ContentReplaceBehavior [ RunTime:0.000013s ]
INFO: [ template_filter ] --END-- [ RunTime:-0.005837s ]
INFO: Run Behavior\ParseTemplateBehavior [ RunTime:0.000814s ]
INFO: [ view_parse ] --END-- [ RunTime:-0.001713s ]
INFO: [ view_filter ] --START--
INFO: Run Behavior\WriteHtmlCacheBehavior [ RunTime:0.000006s ]
INFO: [ view_filter ] --END-- [ RunTime:-0.002423s ]
SQL: SELECT * FROM `z_post` ORDER BY ctime desc LIMIT 5   [ RunTime:0.0003s ]
INFO: [ view_parse ] --START--
INFO: [ template_filter ] --START--
INFO: Run Behavior\ContentReplaceBehavior [ RunTime:0.000009s ]
INFO: [ template_filter ] --END-- [ RunTime:-0.007019s ]
INFO: Run Behavior\ParseTemplateBehavior [ RunTime:0.000698s ]
INFO: [ view_parse ] --END-- [ RunTime:-0.002974s ]
INFO: [ view_filter ] --START--
INFO: Run Behavior\WriteHtmlCacheBehavior [ RunTime:0.000005s ]
INFO: [ view_filter ] --END-- [ RunTime:-0.003564s ]
INFO: [ view_parse ] --START--
INFO: [ template_filter ] --START--
INFO: Run Behavior\ContentReplaceBehavior [ RunTime:0.000008s ]
INFO: [ template_filter ] --END-- [ RunTime:-0.007609s ]
INFO: Run Behavior\ParseTemplateBehavior [ RunTime:0.000417s ]
INFO: [ view_parse ] --END-- [ RunTime:-0.003764s ]
INFO: [ view_filter ] --START--
INFO: Run Behavior\WriteHtmlCacheBehavior [ RunTime:0.000004s ]
INFO: [ view_filter ] --END-- [ RunTime:-0.004071s ]
INFO: Run Behavior\ParseTemplateBehavior [ RunTime:0.000476s ]
INFO: [ view_parse ] --END-- [ RunTime:-0.003764s ]
INFO: [ view_filter ] --START--
INFO: Run Behavior\WriteHtmlCacheBehavior [ RunTime:0.000002s ]
INFO: [ view_filter ] --END-- [ RunTime:-0.004121s ]
INFO: [ app_end ] --START--
INFO: Run Behavior\ShowPageTraceBehavior [ RunTime:0.000321s ]
INFO: [ app_end ] --END-- [ RunTime:0.000339s ]

[ 2016-10-12T14:25:01+08:00 ] 127.0.0.1 /
INFO: [ app_init ] --START--
INFO: Run Behavior\BuildLiteBehavior [ RunTime:0.000009s ]
INFO: [ app_init ] --END-- [ RunTime:0.000256s ]
INFO: [ app_begin ] --START--
INFO: Run Behavior\ReadHtmlCacheBehavior [ RunTime:0.000321s ]
INFO: [ app_begin ] --END-- [ RunTime:0.000351s ]
SQL: SHOW COLUMNS FROM `z_post` [ RunTime:0.0014s ]
SQL: SELECT COUNT(*) AS tp_count FROM `z_post` LIMIT 1   [ RunTime:0.0002s ]
SQL: SELECT * FROM `z_post` ORDER BY ctime desc LIMIT 0,2   [ RunTime:0.0002s ]
INFO: [ view_parse ] --START--
INFO: [ template_filter ] --START--
INFO: Run Behavior\ContentReplaceBehavior [ RunTime:0.000032s ]
INFO: [ template_filter ] --END-- [ RunTime:0.000056s ]
NOTIC: [8] Undefined variable: archive_current /Applications/XAMPP/xamppfiles/htdocs/blog/Application/Runtime/Cache/Home/2a94b8bda04ff446dcedd42276fc99ee.php 第 34 行.
NOTIC: [8] Undefined variable: about_current /Applications/XAMPP/xamppfiles/htdocs/blog/Application/Runtime/Cache/Home/2a94b8bda04ff446dcedd42276fc99ee.php 第 36 行.
SQL: SHOW COLUMNS FROM `z_category` [ RunTime:0.0011s ]
SQL: SELECT * FROM `z_category`  [ RunTime:0.0002s ]
INFO: [ view_parse ] --START--
INFO: [ template_filter ] --START--
INFO: Run Behavior\ContentReplaceBehavior [ RunTime:0.000010s ]
INFO: [ template_filter ] --END-- [ RunTime:-0.002568s ]
INFO: Run Behavior\ParseTemplateBehavior [ RunTime:0.000914s ]
INFO: [ view_parse ] --END-- [ RunTime:0.000939s ]
INFO: [ view_filter ] --START--
INFO: Run Behavior\WriteHtmlCacheBehavior [ RunTime:0.000117s ]
INFO: [ view_filter ] --END-- [ RunTime:0.000134s ]
SQL: SHOW COLUMNS FROM `z_tag` [ RunTime:0.0015s ]
SQL: SELECT * FROM `z_tag`  [ RunTime:0.0003s ]
INFO: [ view_parse ] --START--
INFO: [ template_filter ] --START--
INFO: Run Behavior\ContentReplaceBehavior [ RunTime:0.000021s ]
INFO: [ template_filter ] --END-- [ RunTime:-0.006145s ]
INFO: Run Behavior\ParseTemplateBehavior [ RunTime:0.001373s ]
INFO: [ view_parse ] --END-- [ RunTime:-0.002296s ]
INFO: [ view_filter ] --START--
INFO: Run Behavior\WriteHtmlCacheBehavior [ RunTime:0.000008s ]
INFO: [ view_filter ] --END-- [ RunTime:-0.003583s ]
SQL: SHOW COLUMNS FROM `z_post` [ RunTime:0.0015s ]
SQL: SELECT * FROM `z_post` ORDER BY ctime desc LIMIT 5   [ RunTime:0.0003s ]
INFO: [ view_parse ] --START--
INFO: [ template_filter ] --START--
INFO: Run Behavior\ContentReplaceBehavior [ RunTime:0.000011s ]
INFO: [ template_filter ] --END-- [ RunTime:-0.009609s ]
INFO: Run Behavior\ParseTemplateBehavior [ RunTime:0.001104s ]
INFO: [ view_parse ] --END-- [ RunTime:-0.005945s ]
INFO: [ view_filter ] --START--
INFO: Run Behavior\WriteHtmlCacheBehavior [ RunTime:0.000006s ]
INFO: [ view_filter ] --END-- [ RunTime:-0.006948s ]
INFO: [ view_parse ] --START--
INFO: [ template_filter ] --START--
INFO: Run Behavior\ContentReplaceBehavior [ RunTime:0.000012s ]
INFO: [ template_filter ] --END-- [ RunTime:-0.010493s ]
INFO: Run Behavior\ParseTemplateBehavior [ RunTime:0.000664s ]
INFO: [ view_parse ] --END-- [ RunTime:-0.007177s ]
INFO: [ view_filter ] --START--
INFO: Run Behavior\WriteHtmlCacheBehavior [ RunTime:0.000005s ]
INFO: [ view_filter ] --END-- [ RunTime:-0.007729s ]
INFO: Run Behavior\ParseTemplateBehavior [ RunTime:0.000728s ]
INFO: [ view_parse ] --END-- [ RunTime:-0.007177s ]
INFO: [ view_filter ] --START--
INFO: Run Behavior\WriteHtmlCacheBehavior [ RunTime:0.000002s ]
INFO: [ view_filter ] --END-- [ RunTime:-0.007782s ]
INFO: [ app_end ] --START--
INFO: Run Behavior\ShowPageTraceBehavior [ RunTime:0.000464s ]
INFO: [ app_end ] --END-- [ RunTime:0.000489s ]

[ 2016-10-12T14:25:02+08:00 ] 127.0.0.1 /blog/page/2/
INFO: [ app_init ] --START--
INFO: Run Behavior\BuildLiteBehavior [ RunTime:0.000006s ]
INFO: [ app_init ] --END-- [ RunTime:0.000186s ]
INFO: [ app_begin ] --START--
INFO: Run Behavior\ReadHtmlCacheBehavior [ RunTime:0.000235s ]
INFO: [ app_begin ] --END-- [ RunTime:0.000259s ]
SQL: SHOW COLUMNS FROM `z_post` [ RunTime:0.0015s ]
SQL: SELECT COUNT(*) AS tp_count FROM `z_post` LIMIT 1   [ RunTime:0.0002s ]
SQL: SELECT * FROM `z_post` ORDER BY ctime desc LIMIT 2,2   [ RunTime:0.0002s ]
INFO: [ view_parse ] --START--
INFO: [ template_filter ] --START--
INFO: Run Behavior\ContentReplaceBehavior [ RunTime:0.000030s ]
INFO: [ template_filter ] --END-- [ RunTime:0.000053s ]
NOTIC: [8] Undefined variable: archive_current /Applications/XAMPP/xamppfiles/htdocs/blog/Application/Runtime/Cache/Home/2a94b8bda04ff446dcedd42276fc99ee.php 第 34 行.
NOTIC: [8] Undefined variable: about_current /Applications/XAMPP/xamppfiles/htdocs/blog/Application/Runtime/Cache/Home/2a94b8bda04ff446dcedd42276fc99ee.php 第 36 行.
SQL: SHOW COLUMNS FROM `z_category` [ RunTime:0.0013s ]
SQL: SELECT * FROM `z_category`  [ RunTime:0.0002s ]
INFO: [ view_parse ] --START--
INFO: [ template_filter ] --START--
INFO: Run Behavior\ContentReplaceBehavior [ RunTime:0.000017s ]
INFO: [ template_filter ] --END-- [ RunTime:-0.003162s ]
INFO: Run Behavior\ParseTemplateBehavior [ RunTime:0.001319s ]
INFO: [ view_parse ] --END-- [ RunTime:0.001352s ]
INFO: [ view_filter ] --START--
INFO: Run Behavior\WriteHtmlCacheBehavior [ RunTime:0.000159s ]
INFO: [ view_filter ] --END-- [ RunTime:0.000182s ]
SQL: SHOW COLUMNS FROM `z_tag` [ RunTime:0.0014s ]
SQL: SELECT * FROM `z_tag`  [ RunTime:0.0002s ]
INFO: [ view_parse ] --START--
INFO: [ template_filter ] --START--
INFO: Run Behavior\ContentReplaceBehavior [ RunTime:0.000012s ]
INFO: [ template_filter ] --END-- [ RunTime:-0.006143s ]
INFO: Run Behavior\ParseTemplateBehavior [ RunTime:0.000781s ]
INFO: [ view_parse ] --END-- [ RunTime:-0.002022s ]
INFO: [ view_filter ] --START--
INFO: Run Behavior\WriteHtmlCacheBehavior [ RunTime:0.000005s ]
INFO: [ view_filter ] --END-- [ RunTime:-0.002647s ]
SQL: SHOW COLUMNS FROM `z_post` [ RunTime:0.0010s ]
SQL: SELECT * FROM `z_post` ORDER BY ctime desc LIMIT 5   [ RunTime:0.0002s ]
INFO: [ view_parse ] --START--
INFO: [ template_filter ] --START--
INFO: Run Behavior\ContentReplaceBehavior [ RunTime:0.000011s ]
INFO: [ template_filter ] --END-- [ RunTime:-0.008467s ]
INFO: Run Behavior\ParseTemplateBehavior [ RunTime:0.000795s ]
INFO: [ view_parse ] --END-- [ RunTime:-0.004338s ]
INFO: [ view_filter ] --START--
INFO: Run Behavior\WriteHtmlCacheBehavior [ RunTime:0.000005s ]
INFO: [ view_filter ] --END-- [ RunTime:-0.004976s ]
INFO: [ view_parse ] --START--
INFO: [ template_filter ] --START--
INFO: Run Behavior\ContentReplaceBehavior [ RunTime:0.000008s ]
INFO: [ template_filter ] --END-- [ RunTime:-0.009096s ]
INFO: Run Behavior\ParseTemplateBehavior [ RunTime:0.000560s ]
INFO: [ view_parse ] --END-- [ RunTime:-0.005229s ]
INFO: [ view_filter ] --START--
INFO: Run Behavior\WriteHtmlCacheBehavior [ RunTime:0.000007s ]
INFO: [ view_filter ] --END-- [ RunTime:-0.005637s ]
INFO: Run Behavior\ParseTemplateBehavior [ RunTime:0.000654s ]
INFO: [ view_parse ] --END-- [ RunTime:-0.005229s ]
INFO: [ view_filter ] --START--
INFO: Run Behavior\WriteHtmlCacheBehavior [ RunTime:0.000005s ]
INFO: [ view_filter ] --END-- [ RunTime:-0.005711s ]
INFO: [ app_end ] --START--
INFO: Run Behavior\ShowPageTraceBehavior [ RunTime:0.000611s ]
INFO: [ app_end ] --END-- [ RunTime:0.000642s ]

[ 2016-10-12T14:25:04+08:00 ] 127.0.0.1 /blog/category/%E7%94%9F%E6%B4%BB/
INFO: [ app_init ] --START--
INFO: Run Behavior\BuildLiteBehavior [ RunTime:0.000012s ]
INFO: [ app_init ] --END-- [ RunTime:0.000365s ]
INFO: [ app_begin ] --START--
INFO: Run Behavior\ReadHtmlCacheBehavior [ RunTime:0.000378s ]
INFO: [ app_begin ] --END-- [ RunTime:0.000414s ]
SQL: SHOW COLUMNS FROM `z_post` [ RunTime:0.0018s ]
SQL: SELECT COUNT(*) AS tp_count FROM `z_post` WHERE `category` = '生活' LIMIT 1   [ RunTime:0.0015s ]
SQL: SHOW COLUMNS FROM `z_post` [ RunTime:0.0014s ]
SQL: SELECT * FROM `z_post` WHERE `category` = '生活' ORDER BY ctime desc LIMIT 0,2   [ RunTime:0.0003s ]
INFO: [ view_parse ] --START--
INFO: [ template_filter ] --START--
INFO: Run Behavior\ContentReplaceBehavior [ RunTime:0.000102s ]
INFO: [ template_filter ] --END-- [ RunTime:0.000173s ]
NOTIC: [8] Undefined variable: index_current /Applications/XAMPP/xamppfiles/htdocs/blog/Application/Runtime/Cache/Home/ade7d4477fc643e9340d31bf3970044f.php 第 32 行.
NOTIC: [8] Undefined variable: about_current /Applications/XAMPP/xamppfiles/htdocs/blog/Application/Runtime/Cache/Home/ade7d4477fc643e9340d31bf3970044f.php 第 36 行.
SQL: SHOW COLUMNS FROM `z_category` [ RunTime:0.0013s ]
SQL: SELECT * FROM `z_category`  [ RunTime:0.0002s ]
INFO: [ view_parse ] --START--
INFO: [ template_filter ] --START--
INFO: Run Behavior\ContentReplaceBehavior [ RunTime:0.000021s ]
INFO: [ template_filter ] --END-- [ RunTime:-0.003646s ]
INFO: Run Behavior\ParseTemplateBehavior [ RunTime:0.001433s ]
INFO: [ view_parse ] --END-- [ RunTime:0.001474s ]
INFO: [ view_filter ] --START--
INFO: Run Behavior\WriteHtmlCacheBehavior [ RunTime:0.000162s ]
INFO: [ view_filter ] --END-- [ RunTime:0.000191s ]
SQL: SHOW COLUMNS FROM `z_tag` [ RunTime:0.0015s ]
SQL: SELECT * FROM `z_tag`  [ RunTime:0.0002s ]
INFO: [ view_parse ] --START--
INFO: [ template_filter ] --START--
INFO: Run Behavior\ContentReplaceBehavior [ RunTime:0.000021s ]
INFO: [ template_filter ] --END-- [ RunTime:-0.007328s ]
INFO: Run Behavior\ParseTemplateBehavior [ RunTime:0.001323s ]
INFO: [ view_parse ] --END-- [ RunTime:-0.002288s ]
INFO: [ view_filter ] --START--
INFO: Run Behavior\WriteHtmlCacheBehavior [ RunTime:0.000009s ]
INFO: [ view_filter ] --END-- [ RunTime:-0.003460s ]
SQL: SELECT * FROM `z_post` ORDER BY ctime desc LIMIT 5   [ RunTime:0.0004s ]
INFO: [ view_parse ] --START--
INFO: [ template_filter ] --START--
INFO: Run Behavior\ContentReplaceBehavior [ RunTime:0.000014s ]
INFO: [ template_filter ] --END-- [ RunTime:-0.009356s ]
INFO: Run Behavior\ParseTemplateBehavior [ RunTime:0.001152s ]
INFO: [ view_parse ] --END-- [ RunTime:-0.004363s ]
INFO: [ view_filter ] --START--
INFO: Run Behavior\WriteHtmlCacheBehavior [ RunTime:0.000005s ]
INFO: [ view_filter ] --END-- [ RunTime:-0.005344s ]
INFO: [ view_parse ] --START--
INFO: [ template_filter ] --START--
INFO: Run Behavior\ContentReplaceBehavior [ RunTime:0.000010s ]
INFO: [ template_filter ] --END-- [ RunTime:-0.010098s ]
INFO: Run Behavior\ParseTemplateBehavior [ RunTime:0.000482s ]
INFO: [ view_parse ] --END-- [ RunTime:-0.005621s ]
INFO: [ view_filter ] --START--
INFO: Run Behavior\WriteHtmlCacheBehavior [ RunTime:0.000005s ]
INFO: [ view_filter ] --END-- [ RunTime:-0.005922s ]
INFO: Run Behavior\ParseTemplateBehavior [ RunTime:0.000547s ]
INFO: [ view_parse ] --END-- [ RunTime:-0.005621s ]
INFO: [ view_filter ] --START--
INFO: Run Behavior\WriteHtmlCacheBehavior [ RunTime:0.000004s ]
INFO: [ view_filter ] --END-- [ RunTime:-0.005985s ]
INFO: [ app_end ] --START--
INFO: Run Behavior\ShowPageTraceBehavior [ RunTime:0.000419s ]
INFO: [ app_end ] --END-- [ RunTime:0.000449s ]

[ 2016-10-12T14:25:07+08:00 ] 127.0.0.1 /blog/4.html
INFO: [ app_init ] --START--
INFO: Run Behavior\BuildLiteBehavior [ RunTime:0.000008s ]
INFO: [ app_init ] --END-- [ RunTime:0.000270s ]
INFO: [ app_begin ] --START--
INFO: Run Behavior\ReadHtmlCacheBehavior [ RunTime:0.000309s ]
INFO: [ app_begin ] --END-- [ RunTime:0.000340s ]
SQL: SHOW COLUMNS FROM `z_post` [ RunTime:0.0016s ]
SQL: SHOW COLUMNS FROM `z_post` [ RunTime:0.0014s ]
SQL: UPDATE `z_post` SET `pv`=pv+1 WHERE `id` = 4 [ RunTime:0.0025s ]
SQL: SELECT * FROM `z_post` WHERE `id` = 4 LIMIT 1   [ RunTime:0.0004s ]
SQL: SELECT * FROM `z_post` WHERE ( id < 4 ) LIMIT 1   [ RunTime:0.0003s ]
SQL: SELECT * FROM `z_post` WHERE ( id > 4 ) LIMIT 1   [ RunTime:0.0002s ]
SQL: SHOW COLUMNS FROM `z_comment` [ RunTime:0.0020s ]
SQL: SELECT * FROM `z_comment` WHERE `postid` = 4  [ RunTime:0.0008s ]
SQL: SELECT COUNT(*) AS tp_count FROM `z_comment` WHERE `postid` = 4 LIMIT 1   [ RunTime:0.0005s ]
INFO: [ view_parse ] --START--
INFO: [ template_filter ] --START--
INFO: Run Behavior\ContentReplaceBehavior [ RunTime:0.000063s ]
INFO: [ template_filter ] --END-- [ RunTime:0.000092s ]
NOTIC: [8] Undefined variable: index_current /Applications/XAMPP/xamppfiles/htdocs/blog/Application/Runtime/Cache/Home/1223f42a89e823bf89547594651162de.php 第 73 行.
NOTIC: [8] Undefined variable: archive_current /Applications/XAMPP/xamppfiles/htdocs/blog/Application/Runtime/Cache/Home/1223f42a89e823bf89547594651162de.php 第 75 行.
NOTIC: [8] Undefined index: child /Applications/XAMPP/xamppfiles/htdocs/blog/Application/Runtime/Cache/Home/1223f42a89e823bf89547594651162de.php 第 159 行.
NOTIC: [8] Undefined index: child /Applications/XAMPP/xamppfiles/htdocs/blog/Application/Runtime/Cache/Home/1223f42a89e823bf89547594651162de.php 第 159 行.
NOTIC: [8] Undefined index: child /Applications/XAMPP/xamppfiles/htdocs/blog/Application/Runtime/Cache/Home/1223f42a89e823bf89547594651162de.php 第 159 行.
NOTIC: [8] Undefined index: child /Applications/XAMPP/xamppfiles/htdocs/blog/Application/Runtime/Cache/Home/1223f42a89e823bf89547594651162de.php 第 159 行.
SQL: SHOW COLUMNS FROM `z_category` [ RunTime:0.0011s ]
SQL: SELECT * FROM `z_category`  [ RunTime:0.0002s ]
INFO: [ view_parse ] --START--
INFO: [ template_filter ] --START--
INFO: Run Behavior\ContentReplaceBehavior [ RunTime:0.000012s ]
INFO: [ template_filter ] --END-- [ RunTime:-0.003167s ]
INFO: Run Behavior\ParseTemplateBehavior [ RunTime:0.000874s ]
INFO: [ view_parse ] --END-- [ RunTime:0.000906s ]
INFO: [ view_filter ] --START--
INFO: Run Behavior\WriteHtmlCacheBehavior [ RunTime:0.000102s ]
INFO: [ view_filter ] --END-- [ RunTime:0.000118s ]
SQL: SHOW COLUMNS FROM `z_tag` [ RunTime:0.0009s ]
SQL: SELECT * FROM `z_tag`  [ RunTime:0.0002s ]
INFO: [ view_parse ] --START--
INFO: [ template_filter ] --START--
INFO: Run Behavior\ContentReplaceBehavior [ RunTime:0.000011s ]
INFO: [ template_filter ] --END-- [ RunTime:-0.005373s ]
INFO: Run Behavior\ParseTemplateBehavior [ RunTime:0.000884s ]
INFO: [ view_parse ] --END-- [ RunTime:-0.001416s ]
INFO: [ view_filter ] --START--
INFO: Run Behavior\WriteHtmlCacheBehavior [ RunTime:0.000007s ]
INFO: [ view_filter ] --END-- [ RunTime:-0.002222s ]
SQL: SELECT * FROM `z_post` ORDER BY ctime desc LIMIT 5   [ RunTime:0.0003s ]
INFO: [ view_parse ] --START--
INFO: [ template_filter ] --START--
INFO: Run Behavior\ContentReplaceBehavior [ RunTime:0.000015s ]
INFO: [ template_filter ] --END-- [ RunTime:-0.007000s ]
INFO: Run Behavior\ParseTemplateBehavior [ RunTime:0.001015s ]
INFO: [ view_parse ] --END-- [ RunTime:-0.002914s ]
INFO: [ view_filter ] --START--
INFO: Run Behavior\WriteHtmlCacheBehavior [ RunTime:0.000006s ]
INFO: [ view_filter ] --END-- [ RunTime:-0.003837s ]
INFO: [ view_parse ] --START--
INFO: [ template_filter ] --START--
INFO: Run Behavior\ContentReplaceBehavior [ RunTime:0.000012s ]
INFO: [ template_filter ] --END-- [ RunTime:-0.007848s ]
INFO: Run Behavior\ParseTemplateBehavior [ RunTime:0.000583s ]
INFO: [ view_parse ] --END-- [ RunTime:-0.004042s ]
INFO: [ view_filter ] --START--
INFO: Run Behavior\WriteHtmlCacheBehavior [ RunTime:0.000004s ]
INFO: [ view_filter ] --END-- [ RunTime:-0.004526s ]
INFO: Run Behavior\ParseTemplateBehavior [ RunTime:0.000642s ]
INFO: [ view_parse ] --END-- [ RunTime:-0.004042s ]
INFO: [ view_filter ] --START--
INFO: Run Behavior\WriteHtmlCacheBehavior [ RunTime:0.000002s ]
INFO: [ view_filter ] --END-- [ RunTime:-0.004580s ]
INFO: [ app_end ] --START--
INFO: Run Behavior\ShowPageTraceBehavior [ RunTime:0.000681s ]
INFO: [ app_end ] --END-- [ RunTime:0.000760s ]

[ 2016-10-12T14:25:21+08:00 ] 127.0.0.1 /
INFO: [ app_init ] --START--
INFO: Run Behavior\BuildLiteBehavior [ RunTime:0.000023s ]
INFO: [ app_init ] --END-- [ RunTime:0.000942s ]
INFO: [ app_begin ] --START--
INFO: Run Behavior\ReadHtmlCacheBehavior [ RunTime:0.001119s ]
INFO: [ app_begin ] --END-- [ RunTime:0.001197s ]
SQL: SHOW COLUMNS FROM `z_post` [ RunTime:0.0019s ]
SQL: SELECT COUNT(*) AS tp_count FROM `z_post` LIMIT 1   [ RunTime:0.0003s ]
SQL: SELECT * FROM `z_post` ORDER BY ctime desc LIMIT 0,2   [ RunTime:0.0005s ]
INFO: [ view_parse ] --START--
INFO: [ template_filter ] --START--
INFO: Run Behavior\ContentReplaceBehavior [ RunTime:0.000061s ]
INFO: [ template_filter ] --END-- [ RunTime:0.000102s ]
NOTIC: [8] Undefined variable: archive_current /Applications/XAMPP/xamppfiles/htdocs/blog/Application/Runtime/Cache/Home/2a94b8bda04ff446dcedd42276fc99ee.php 第 34 行.
NOTIC: [8] Undefined variable: about_current /Applications/XAMPP/xamppfiles/htdocs/blog/Application/Runtime/Cache/Home/2a94b8bda04ff446dcedd42276fc99ee.php 第 36 行.
SQL: SHOW COLUMNS FROM `z_category` [ RunTime:0.0014s ]
SQL: SELECT * FROM `z_category`  [ RunTime:0.0002s ]
INFO: [ view_parse ] --START--
INFO: [ template_filter ] --START--
INFO: Run Behavior\ContentReplaceBehavior [ RunTime:0.000017s ]
INFO: [ template_filter ] --END-- [ RunTime:-0.004413s ]
INFO: Run Behavior\ParseTemplateBehavior [ RunTime:0.001655s ]
INFO: [ view_parse ] --END-- [ RunTime:0.001679s ]
INFO: [ view_filter ] --START--
INFO: Run Behavior\WriteHtmlCacheBehavior [ RunTime:0.000425s ]
INFO: [ view_filter ] --END-- [ RunTime:0.000453s ]
SQL: SHOW COLUMNS FROM `z_tag` [ RunTime:0.0010s ]
SQL: SELECT * FROM `z_tag`  [ RunTime:0.0002s ]
INFO: [ view_parse ] --START--
INFO: [ template_filter ] --START--
INFO: Run Behavior\ContentReplaceBehavior [ RunTime:0.000016s ]
INFO: [ template_filter ] --END-- [ RunTime:-0.007688s ]
INFO: Run Behavior\ParseTemplateBehavior [ RunTime:0.001548s ]
INFO: [ view_parse ] --END-- [ RunTime:-0.001895s ]
INFO: [ view_filter ] --START--
INFO: Run Behavior\WriteHtmlCacheBehavior [ RunTime:0.000008s ]
INFO: [ view_filter ] --END-- [ RunTime:-0.003037s ]
SQL: SHOW COLUMNS FROM `z_post` [ RunTime:0.0012s ]
SQL: SELECT * FROM `z_post` ORDER BY ctime desc LIMIT 5   [ RunTime:0.0003s ]
INFO: [ view_parse ] --START--
INFO: [ template_filter ] --START--
INFO: Run Behavior\ContentReplaceBehavior [ RunTime:0.000013s ]
INFO: [ template_filter ] --END-- [ RunTime:-0.011173s ]
INFO: Run Behavior\ParseTemplateBehavior [ RunTime:0.001312s ]
INFO: [ view_parse ] --END-- [ RunTime:-0.005331s ]
INFO: [ view_filter ] --START--
INFO: Run Behavior\WriteHtmlCacheBehavior [ RunTime:0.000005s ]
INFO: [ view_filter ] --END-- [ RunTime:-0.006212s ]
INFO: [ view_parse ] --START--
INFO: [ template_filter ] --START--
INFO: Run Behavior\ContentReplaceBehavior [ RunTime:0.000016s ]
INFO: [ template_filter ] --END-- [ RunTime:-0.012325s ]
INFO: Run Behavior\ParseTemplateBehavior [ RunTime:0.001030s ]
INFO: [ view_parse ] --END-- [ RunTime:-0.006742s ]
INFO: [ view_filter ] --START--
INFO: Run Behavior\WriteHtmlCacheBehavior [ RunTime:0.000006s ]
INFO: [ view_filter ] --END-- [ RunTime:-0.007337s ]
INFO: Run Behavior\ParseTemplateBehavior [ RunTime:0.001093s ]
INFO: [ view_parse ] --END-- [ RunTime:-0.006742s ]
INFO: [ view_filter ] --START--
INFO: Run Behavior\WriteHtmlCacheBehavior [ RunTime:0.000002s ]
INFO: [ view_filter ] --END-- [ RunTime:-0.007389s ]
INFO: [ app_end ] --START--
INFO: Run Behavior\ShowPageTraceBehavior [ RunTime:0.000793s ]
INFO: [ app_end ] --END-- [ RunTime:0.000831s ]

[ 2016-10-12T14:25:55+08:00 ] 127.0.0.1 /blog/page/2/
INFO: [ app_init ] --START--
INFO: Run Behavior\BuildLiteBehavior [ RunTime:0.000010s ]
INFO: [ app_init ] --END-- [ RunTime:0.000257s ]
INFO: [ app_begin ] --START--
INFO: Run Behavior\ReadHtmlCacheBehavior [ RunTime:0.000593s ]
INFO: [ app_begin ] --END-- [ RunTime:0.000673s ]
SQL: SHOW COLUMNS FROM `z_post` [ RunTime:0.0013s ]
SQL: SELECT COUNT(*) AS tp_count FROM `z_post` LIMIT 1   [ RunTime:0.0002s ]
SQL: SELECT * FROM `z_post` ORDER BY ctime desc LIMIT 2,2   [ RunTime:0.0003s ]
INFO: [ view_parse ] --START--
INFO: [ template_filter ] --START--
INFO: Run Behavior\ContentReplaceBehavior [ RunTime:0.000039s ]
INFO: [ template_filter ] --END-- [ RunTime:0.000066s ]
NOTIC: [8] Undefined variable: archive_current /Applications/XAMPP/xamppfiles/htdocs/blog/Application/Runtime/Cache/Home/2a94b8bda04ff446dcedd42276fc99ee.php 第 34 行.
NOTIC: [8] Undefined variable: about_current /Applications/XAMPP/xamppfiles/htdocs/blog/Application/Runtime/Cache/Home/2a94b8bda04ff446dcedd42276fc99ee.php 第 36 行.
SQL: SHOW COLUMNS FROM `z_category` [ RunTime:0.0012s ]
SQL: SELECT * FROM `z_category`  [ RunTime:0.0002s ]
INFO: [ view_parse ] --START--
INFO: [ template_filter ] --START--
INFO: Run Behavior\ContentReplaceBehavior [ RunTime:0.000013s ]
INFO: [ template_filter ] --END-- [ RunTime:-0.002923s ]
INFO: Run Behavior\ParseTemplateBehavior [ RunTime:0.001096s ]
INFO: [ view_parse ] --END-- [ RunTime:0.001139s ]
INFO: [ view_filter ] --START--
INFO: Run Behavior\WriteHtmlCacheBehavior [ RunTime:0.000248s ]
INFO: [ view_filter ] --END-- [ RunTime:0.000276s ]
SQL: SHOW COLUMNS FROM `z_tag` [ RunTime:0.0019s ]
SQL: SELECT * FROM `z_tag`  [ RunTime:0.0002s ]
INFO: [ view_parse ] --START--
INFO: [ template_filter ] --START--
INFO: Run Behavior\ContentReplaceBehavior [ RunTime:0.000014s ]
INFO: [ template_filter ] --END-- [ RunTime:-0.006863s ]
INFO: Run Behavior\ParseTemplateBehavior [ RunTime:0.001057s ]
INFO: [ view_parse ] --END-- [ RunTime:-0.002804s ]
INFO: [ view_filter ] --START--
INFO: Run Behavior\WriteHtmlCacheBehavior [ RunTime:0.000007s ]
INFO: [ view_filter ] --END-- [ RunTime:-0.003637s ]
SQL: SHOW COLUMNS FROM `z_post` [ RunTime:0.0012s ]
SQL: SELECT * FROM `z_post` ORDER BY ctime desc LIMIT 5   [ RunTime:0.0002s ]
INFO: [ view_parse ] --START--
INFO: [ template_filter ] --START--
INFO: Run Behavior\ContentReplaceBehavior [ RunTime:0.000012s ]
INFO: [ template_filter ] --END-- [ RunTime:-0.009549s ]
INFO: Run Behavior\ParseTemplateBehavior [ RunTime:0.000811s ]
INFO: [ view_parse ] --END-- [ RunTime:-0.005611s ]
INFO: [ view_filter ] --START--
INFO: Run Behavior\WriteHtmlCacheBehavior [ RunTime:0.000006s ]
INFO: [ view_filter ] --END-- [ RunTime:-0.006163s ]
INFO: [ view_parse ] --START--
INFO: [ template_filter ] --START--
INFO: Run Behavior\ContentReplaceBehavior [ RunTime:0.000008s ]
INFO: [ template_filter ] --END-- [ RunTime:-0.010171s ]
INFO: Run Behavior\ParseTemplateBehavior [ RunTime:0.000539s ]
INFO: [ view_parse ] --END-- [ RunTime:-0.006526s ]
INFO: [ view_filter ] --START--
INFO: Run Behavior\WriteHtmlCacheBehavior [ RunTime:0.000006s ]
INFO: [ view_filter ] --END-- [ RunTime:-0.006812s ]
INFO: Run Behavior\ParseTemplateBehavior [ RunTime:0.000625s ]
INFO: [ view_parse ] --END-- [ RunTime:-0.006526s ]
INFO: [ view_filter ] --START--
INFO: Run Behavior\WriteHtmlCacheBehavior [ RunTime:0.000005s ]
INFO: [ view_filter ] --END-- [ RunTime:-0.006887s ]
INFO: [ app_end ] --START--
INFO: Run Behavior\ShowPageTraceBehavior [ RunTime:0.000533s ]
INFO: [ app_end ] --END-- [ RunTime:0.000559s ]

[ 2016-10-12T14:25:57+08:00 ] 127.0.0.1 /blog/page/1/
INFO: [ app_init ] --START--
INFO: Run Behavior\BuildLiteBehavior [ RunTime:0.000008s ]
INFO: [ app_init ] --END-- [ RunTime:0.000256s ]
INFO: [ app_begin ] --START--
INFO: Run Behavior\ReadHtmlCacheBehavior [ RunTime:0.000266s ]
INFO: [ app_begin ] --END-- [ RunTime:0.000293s ]
SQL: SHOW COLUMNS FROM `z_post` [ RunTime:0.0016s ]
SQL: SELECT COUNT(*) AS tp_count FROM `z_post` LIMIT 1   [ RunTime:0.0002s ]
SQL: SELECT * FROM `z_post` ORDER BY ctime desc LIMIT 0,2   [ RunTime:0.0002s ]
INFO: [ view_parse ] --START--
INFO: [ template_filter ] --START--
INFO: Run Behavior\ContentReplaceBehavior [ RunTime:0.000030s ]
INFO: [ template_filter ] --END-- [ RunTime:0.000056s ]
NOTIC: [8] Undefined variable: archive_current /Applications/XAMPP/xamppfiles/htdocs/blog/Application/Runtime/Cache/Home/2a94b8bda04ff446dcedd42276fc99ee.php 第 34 行.
NOTIC: [8] Undefined variable: about_current /Applications/XAMPP/xamppfiles/htdocs/blog/Application/Runtime/Cache/Home/2a94b8bda04ff446dcedd42276fc99ee.php 第 36 行.
SQL: SHOW COLUMNS FROM `z_category` [ RunTime:0.0010s ]
SQL: SELECT * FROM `z_category`  [ RunTime:0.0002s ]
INFO: [ view_parse ] --START--
INFO: [ template_filter ] --START--
INFO: Run Behavior\ContentReplaceBehavior [ RunTime:0.000012s ]
INFO: [ template_filter ] --END-- [ RunTime:-0.003028s ]
INFO: Run Behavior\ParseTemplateBehavior [ RunTime:0.001419s ]
INFO: [ view_parse ] --END-- [ RunTime:0.001465s ]
INFO: [ view_filter ] --START--
INFO: Run Behavior\WriteHtmlCacheBehavior [ RunTime:0.000105s ]
INFO: [ view_filter ] --END-- [ RunTime:0.000121s ]
SQL: SHOW COLUMNS FROM `z_tag` [ RunTime:0.0015s ]
SQL: SELECT * FROM `z_tag`  [ RunTime:0.0002s ]
INFO: [ view_parse ] --START--
INFO: [ template_filter ] --START--
INFO: Run Behavior\ContentReplaceBehavior [ RunTime:0.000021s ]
INFO: [ template_filter ] --END-- [ RunTime:-0.006255s ]
INFO: Run Behavior\ParseTemplateBehavior [ RunTime:0.001241s ]
INFO: [ view_parse ] --END-- [ RunTime:-0.002057s ]
INFO: [ view_filter ] --START--
INFO: Run Behavior\WriteHtmlCacheBehavior [ RunTime:0.000010s ]
INFO: [ view_filter ] --END-- [ RunTime:-0.003224s ]
SQL: SHOW COLUMNS FROM `z_post` [ RunTime:0.0017s ]
SQL: SELECT * FROM `z_post` ORDER BY ctime desc LIMIT 5   [ RunTime:0.0004s ]
INFO: [ view_parse ] --START--
INFO: [ template_filter ] --START--
INFO: Run Behavior\ContentReplaceBehavior [ RunTime:0.000023s ]
INFO: [ template_filter ] --END-- [ RunTime:-0.010289s ]
INFO: Run Behavior\ParseTemplateBehavior [ RunTime:0.001464s ]
INFO: [ view_parse ] --END-- [ RunTime:-0.005887s ]
INFO: [ view_filter ] --START--
INFO: Run Behavior\WriteHtmlCacheBehavior [ RunTime:0.000010s ]
INFO: [ view_filter ] --END-- [ RunTime:-0.007288s ]
INFO: [ view_parse ] --START--
INFO: [ template_filter ] --START--
INFO: Run Behavior\ContentReplaceBehavior [ RunTime:0.000020s ]
INFO: [ template_filter ] --END-- [ RunTime:-0.011492s ]
INFO: Run Behavior\ParseTemplateBehavior [ RunTime:0.000893s ]
INFO: [ view_parse ] --END-- [ RunTime:-0.007532s ]
INFO: [ view_filter ] --START--
INFO: Run Behavior\WriteHtmlCacheBehavior [ RunTime:0.000009s ]
INFO: [ view_filter ] --END-- [ RunTime:-0.008347s ]
INFO: Run Behavior\ParseTemplateBehavior [ RunTime:0.000995s ]
INFO: [ view_parse ] --END-- [ RunTime:-0.007532s ]
INFO: [ view_filter ] --START--
INFO: Run Behavior\WriteHtmlCacheBehavior [ RunTime:0.000006s ]
INFO: [ view_filter ] --END-- [ RunTime:-0.008432s ]
INFO: [ app_end ] --START--
INFO: Run Behavior\ShowPageTraceBehavior [ RunTime:0.000616s ]
INFO: [ app_end ] --END-- [ RunTime:0.000653s ]

[ 2016-10-12T14:26:17+08:00 ] 127.0.0.1 /blog/page/2/
INFO: [ app_init ] --START--
INFO: Run Behavior\BuildLiteBehavior [ RunTime:0.000019s ]
INFO: [ app_init ] --END-- [ RunTime:0.000297s ]
INFO: [ app_begin ] --START--
INFO: Run Behavior\ReadHtmlCacheBehavior [ RunTime:0.000342s ]
INFO: [ app_begin ] --END-- [ RunTime:0.000369s ]
SQL: SHOW COLUMNS FROM `z_post` [ RunTime:0.0093s ]
SQL: SELECT COUNT(*) AS tp_count FROM `z_post` LIMIT 1   [ RunTime:0.0003s ]
SQL: SELECT * FROM `z_post` ORDER BY ctime desc LIMIT 2,2   [ RunTime:0.0006s ]
INFO: [ view_parse ] --START--
INFO: [ template_filter ] --START--
INFO: Run Behavior\ContentReplaceBehavior [ RunTime:0.000056s ]
INFO: [ template_filter ] --END-- [ RunTime:0.000097s ]
NOTIC: [8] Undefined variable: archive_current /Applications/XAMPP/xamppfiles/htdocs/blog/Application/Runtime/Cache/Home/2a94b8bda04ff446dcedd42276fc99ee.php 第 34 行.
NOTIC: [8] Undefined variable: about_current /Applications/XAMPP/xamppfiles/htdocs/blog/Application/Runtime/Cache/Home/2a94b8bda04ff446dcedd42276fc99ee.php 第 36 行.
SQL: SHOW COLUMNS FROM `z_category` [ RunTime:0.0014s ]
SQL: SELECT * FROM `z_category`  [ RunTime:0.0002s ]
INFO: [ view_parse ] --START--
INFO: [ template_filter ] --START--
INFO: Run Behavior\ContentReplaceBehavior [ RunTime:0.000015s ]
INFO: [ template_filter ] --END-- [ RunTime:-0.003867s ]
INFO: Run Behavior\ParseTemplateBehavior [ RunTime:0.001189s ]
INFO: [ view_parse ] --END-- [ RunTime:0.001221s ]
INFO: [ view_filter ] --START--
INFO: Run Behavior\WriteHtmlCacheBehavior [ RunTime:0.000124s ]
INFO: [ view_filter ] --END-- [ RunTime:0.000141s ]
SQL: SHOW COLUMNS FROM `z_tag` [ RunTime:0.0012s ]
SQL: SELECT * FROM `z_tag`  [ RunTime:0.0002s ]
INFO: [ view_parse ] --START--
INFO: [ template_filter ] --START--
INFO: Run Behavior\ContentReplaceBehavior [ RunTime:0.000021s ]
INFO: [ template_filter ] --END-- [ RunTime:-0.006833s ]
INFO: Run Behavior\ParseTemplateBehavior [ RunTime:0.001256s ]
INFO: [ view_parse ] --END-- [ RunTime:-0.001852s ]
INFO: [ view_filter ] --START--
INFO: Run Behavior\WriteHtmlCacheBehavior [ RunTime:0.000009s ]
INFO: [ view_filter ] --END-- [ RunTime:-0.003009s ]
SQL: SHOW COLUMNS FROM `z_post` [ RunTime:0.0013s ]
SQL: SELECT * FROM `z_post` ORDER BY ctime desc LIMIT 5   [ RunTime:0.0002s ]
INFO: [ view_parse ] --START--
INFO: [ template_filter ] --START--
INFO: Run Behavior\ContentReplaceBehavior [ RunTime:0.000013s ]
INFO: [ template_filter ] --END-- [ RunTime:-0.009983s ]
INFO: Run Behavior\ParseTemplateBehavior [ RunTime:0.000890s ]
INFO: [ view_parse ] --END-- [ RunTime:-0.005070s ]
INFO: [ view_filter ] --START--
INFO: Run Behavior\WriteHtmlCacheBehavior [ RunTime:0.000005s ]
INFO: [ view_filter ] --END-- [ RunTime:-0.005838s ]
INFO: [ view_parse ] --START--
INFO: [ template_filter ] --START--
INFO: Run Behavior\ContentReplaceBehavior [ RunTime:0.000008s ]
INFO: [ template_filter ] --END-- [ RunTime:-0.010614s ]
INFO: Run Behavior\ParseTemplateBehavior [ RunTime:0.000426s ]
INFO: [ view_parse ] --END-- [ RunTime:-0.006051s ]
INFO: [ view_filter ] --START--
INFO: Run Behavior\WriteHtmlCacheBehavior [ RunTime:0.000003s ]
INFO: [ view_filter ] --END-- [ RunTime:-0.006351s ]
INFO: Run Behavior\ParseTemplateBehavior [ RunTime:0.000477s ]
INFO: [ view_parse ] --END-- [ RunTime:-0.006051s ]
INFO: [ view_filter ] --START--
INFO: Run Behavior\WriteHtmlCacheBehavior [ RunTime:0.000008s ]
INFO: [ view_filter ] --END-- [ RunTime:-0.006456s ]
INFO: [ app_end ] --START--
INFO: Run Behavior\ShowPageTraceBehavior [ RunTime:0.000580s ]
INFO: [ app_end ] --END-- [ RunTime:0.000609s ]

[ 2016-10-12T14:26:18+08:00 ] 127.0.0.1 /blog/page/1/
INFO: [ app_init ] --START--
INFO: Run Behavior\BuildLiteBehavior [ RunTime:0.000008s ]
INFO: [ app_init ] --END-- [ RunTime:0.000264s ]
INFO: [ app_begin ] --START--
INFO: Run Behavior\ReadHtmlCacheBehavior [ RunTime:0.000324s ]
INFO: [ app_begin ] --END-- [ RunTime:0.000355s ]
SQL: SHOW COLUMNS FROM `z_post` [ RunTime:0.0090s ]
SQL: SELECT COUNT(*) AS tp_count FROM `z_post` LIMIT 1   [ RunTime:0.0003s ]
SQL: SELECT * FROM `z_post` ORDER BY ctime desc LIMIT 0,2   [ RunTime:0.0003s ]
INFO: [ view_parse ] --START--
INFO: [ template_filter ] --START--
INFO: Run Behavior\ContentReplaceBehavior [ RunTime:0.000032s ]
INFO: [ template_filter ] --END-- [ RunTime:0.000059s ]
NOTIC: [8] Undefined variable: archive_current /Applications/XAMPP/xamppfiles/htdocs/blog/Application/Runtime/Cache/Home/2a94b8bda04ff446dcedd42276fc99ee.php 第 34 行.
NOTIC: [8] Undefined variable: about_current /Applications/XAMPP/xamppfiles/htdocs/blog/Application/Runtime/Cache/Home/2a94b8bda04ff446dcedd42276fc99ee.php 第 36 行.
SQL: SHOW COLUMNS FROM `z_category` [ RunTime:0.0009s ]
SQL: SELECT * FROM `z_category`  [ RunTime:0.0002s ]
INFO: [ view_parse ] --START--
INFO: [ template_filter ] --START--
INFO: Run Behavior\ContentReplaceBehavior [ RunTime:0.000013s ]
INFO: [ template_filter ] --END-- [ RunTime:-0.002576s ]
INFO: Run Behavior\ParseTemplateBehavior [ RunTime:0.001111s ]
INFO: [ view_parse ] --END-- [ RunTime:0.001178s ]
INFO: [ view_filter ] --START--
INFO: Run Behavior\WriteHtmlCacheBehavior [ RunTime:0.000144s ]
INFO: [ view_filter ] --END-- [ RunTime:0.000164s ]
SQL: SHOW COLUMNS FROM `z_tag` [ RunTime:0.0012s ]
SQL: SELECT * FROM `z_tag`  [ RunTime:0.0002s ]
INFO: [ view_parse ] --START--
INFO: [ template_filter ] --START--
INFO: Run Behavior\ContentReplaceBehavior [ RunTime:0.000013s ]
INFO: [ template_filter ] --END-- [ RunTime:-0.005488s ]
INFO: Run Behavior\ParseTemplateBehavior [ RunTime:0.001111s ]
INFO: [ view_parse ] --END-- [ RunTime:-0.001806s ]
INFO: [ view_filter ] --START--
INFO: Run Behavior\WriteHtmlCacheBehavior [ RunTime:0.000009s ]
INFO: [ view_filter ] --END-- [ RunTime:-0.002794s ]
SQL: SHOW COLUMNS FROM `z_post` [ RunTime:0.0012s ]
SQL: SELECT * FROM `z_post` ORDER BY ctime desc LIMIT 5   [ RunTime:0.0003s ]
INFO: [ view_parse ] --START--
INFO: [ template_filter ] --START--
INFO: Run Behavior\ContentReplaceBehavior [ RunTime:0.000015s ]
INFO: [ template_filter ] --END-- [ RunTime:-0.008595s ]
INFO: Run Behavior\ParseTemplateBehavior [ RunTime:0.001053s ]
INFO: [ view_parse ] --END-- [ RunTime:-0.004847s ]
INFO: [ view_filter ] --START--
INFO: Run Behavior\WriteHtmlCacheBehavior [ RunTime:0.000007s ]
INFO: [ view_filter ] --END-- [ RunTime:-0.005754s ]
INFO: [ view_parse ] --START--
INFO: [ template_filter ] --START--
INFO: Run Behavior\ContentReplaceBehavior [ RunTime:0.000013s ]
INFO: [ template_filter ] --END-- [ RunTime:-0.009431s ]
INFO: Run Behavior\ParseTemplateBehavior [ RunTime:0.000646s ]
INFO: [ view_parse ] --END-- [ RunTime:-0.006008s ]
INFO: [ view_filter ] --START--
INFO: Run Behavior\WriteHtmlCacheBehavior [ RunTime:0.000005s ]
INFO: [ view_filter ] --END-- [ RunTime:-0.006503s ]
INFO: Run Behavior\ParseTemplateBehavior [ RunTime:0.000703s ]
INFO: [ view_parse ] --END-- [ RunTime:-0.006008s ]
INFO: [ view_filter ] --START--
INFO: Run Behavior\WriteHtmlCacheBehavior [ RunTime:0.000003s ]
INFO: [ view_filter ] --END-- [ RunTime:-0.006549s ]
INFO: [ app_end ] --START--
INFO: Run Behavior\ShowPageTraceBehavior [ RunTime:0.000371s ]
INFO: [ app_end ] --END-- [ RunTime:0.000391s ]

