[ 2016-11-11T22:57:45+08:00 ] 127.0.0.1 /
INFO: [ app_init ] --START--
INFO: Run Behavior\BuildLiteBehavior [ RunTime:0.000017s ]
INFO: [ app_init ] --END-- [ RunTime:0.002419s ]
INFO: [ app_begin ] --START--
INFO: Run Behavior\ReadHtmlCacheBehavior [ RunTime:0.001158s ]
INFO: [ app_begin ] --END-- [ RunTime:0.001306s ]
SQL: SHOW COLUMNS FROM `z_post` [ RunTime:0.0415s ]
SQL: SELECT COUNT(*) AS tp_count FROM `z_post` LIMIT 1   [ RunTime:0.0134s ]
NOTIC: [8] Undefined variable: pageObj /Applications/XAMPP/xamppfiles/htdocs/blog/Application/Home/Controller/IndexController.class.php 第 25 行.
NOTIC: [8] Trying to get property of non-object /Applications/XAMPP/xamppfiles/htdocs/blog/Application/Home/Controller/IndexController.class.php 第 25 行.
NOTIC: [8] Undefined variable: pageObj /Applications/XAMPP/xamppfiles/htdocs/blog/Application/Home/Controller/IndexController.class.php 第 25 行.
NOTIC: [8] Trying to get property of non-object /Applications/XAMPP/xamppfiles/htdocs/blog/Application/Home/Controller/IndexController.class.php 第 25 行.
SQL: SELECT * FROM `z_post` ORDER BY ctime desc  [ RunTime:0.0022s ]
INFO: [ view_parse ] --START--
INFO: [ template_filter ] --START--
INFO: Run Behavior\ContentReplaceBehavior [ RunTime:0.001080s ]
INFO: [ template_filter ] --END-- [ RunTime:0.001174s ]
NOTIC: [8] Undefined variable: archive_current /Applications/XAMPP/xamppfiles/htdocs/blog/Application/Runtime/Cache/Home/2a94b8bda04ff446dcedd42276fc99ee.php 第 34 行.
NOTIC: [8] Undefined variable: about_current /Applications/XAMPP/xamppfiles/htdocs/blog/Application/Runtime/Cache/Home/2a94b8bda04ff446dcedd42276fc99ee.php 第 36 行.
SQL: SHOW COLUMNS FROM `z_category` [ RunTime:0.0055s ]
SQL: SELECT * FROM `z_category`  [ RunTime:0.0003s ]
INFO: [ view_parse ] --START--
INFO: [ template_filter ] --START--
INFO: Run Behavior\ContentReplaceBehavior [ RunTime:0.000018s ]
INFO: [ template_filter ] --END-- [ RunTime:-0.013650s ]
INFO: Run Behavior\ParseTemplateBehavior [ RunTime:0.002189s ]
INFO: [ view_parse ] --END-- [ RunTime:0.002226s ]
INFO: [ view_filter ] --START--
INFO: Run Behavior\WriteHtmlCacheBehavior [ RunTime:0.000397s ]
INFO: [ view_filter ] --END-- [ RunTime:0.000428s ]
SQL: SHOW COLUMNS FROM `z_tag` [ RunTime:0.0015s ]
SQL: SELECT * FROM `z_tag`  [ RunTime:0.0002s ]
INFO: [ view_parse ] --START--
INFO: [ template_filter ] --START--
INFO: Run Behavior\ContentReplaceBehavior [ RunTime:0.000014s ]
INFO: [ template_filter ] --END-- [ RunTime:-0.017766s ]
INFO: Run Behavior\ParseTemplateBehavior [ RunTime:0.001453s ]
INFO: [ view_parse ] --END-- [ RunTime:-0.002445s ]
INFO: [ view_filter ] --START--
INFO: Run Behavior\WriteHtmlCacheBehavior [ RunTime:0.000006s ]
INFO: [ view_filter ] --END-- [ RunTime:-0.003501s ]
SQL: SHOW COLUMNS FROM `z_post` [ RunTime:0.0014s ]
SQL: SELECT * FROM `z_post` ORDER BY ctime desc LIMIT 5   [ RunTime:0.0003s ]
INFO: [ view_parse ] --START--
INFO: [ template_filter ] --START--
INFO: Run Behavior\ContentReplaceBehavior [ RunTime:0.000015s ]
INFO: [ template_filter ] --END-- [ RunTime:-0.021514s ]
INFO: Run Behavior\ParseTemplateBehavior [ RunTime:0.001749s ]
INFO: [ view_parse ] --END-- [ RunTime:-0.005991s ]
INFO: [ view_filter ] --START--
INFO: Run Behavior\WriteHtmlCacheBehavior [ RunTime:0.000008s ]
INFO: [ view_filter ] --END-- [ RunTime:-0.007374s ]
INFO: [ view_parse ] --START--
INFO: [ template_filter ] --START--
INFO: Run Behavior\ContentReplaceBehavior [ RunTime:0.000011s ]
INFO: [ template_filter ] --END-- [ RunTime:-0.022881s ]
INFO: Run Behavior\ParseTemplateBehavior [ RunTime:0.000994s ]
INFO: [ view_parse ] --END-- [ RunTime:-0.007923s ]
INFO: [ view_filter ] --START--
INFO: Run Behavior\WriteHtmlCacheBehavior [ RunTime:0.000009s ]
INFO: [ view_filter ] --END-- [ RunTime:-0.008513s ]
INFO: Run Behavior\ParseTemplateBehavior [ RunTime:0.001132s ]
INFO: [ view_parse ] --END-- [ RunTime:-0.007923s ]
INFO: [ view_filter ] --START--
INFO: Run Behavior\WriteHtmlCacheBehavior [ RunTime:0.000022s ]
INFO: [ view_filter ] --END-- [ RunTime:-0.008654s ]
INFO: [ app_end ] --START--
INFO: Run Behavior\ShowPageTraceBehavior [ RunTime:0.000946s ]
INFO: [ app_end ] --END-- [ RunTime:0.001003s ]

[ 2016-11-11T22:57:46+08:00 ] 127.0.0.1 /
INFO: [ app_init ] --START--
INFO: Run Behavior\BuildLiteBehavior [ RunTime:0.000020s ]
INFO: [ app_init ] --END-- [ RunTime:0.000588s ]
INFO: [ app_begin ] --START--
INFO: Run Behavior\ReadHtmlCacheBehavior [ RunTime:0.000681s ]
INFO: [ app_begin ] --END-- [ RunTime:0.000730s ]
SQL: SHOW COLUMNS FROM `z_post` [ RunTime:0.0015s ]
SQL: SELECT COUNT(*) AS tp_count FROM `z_post` LIMIT 1   [ RunTime:0.0002s ]
NOTIC: [8] Undefined variable: pageObj /Applications/XAMPP/xamppfiles/htdocs/blog/Application/Home/Controller/IndexController.class.php 第 25 行.
NOTIC: [8] Trying to get property of non-object /Applications/XAMPP/xamppfiles/htdocs/blog/Application/Home/Controller/IndexController.class.php 第 25 行.
NOTIC: [8] Undefined variable: pageObj /Applications/XAMPP/xamppfiles/htdocs/blog/Application/Home/Controller/IndexController.class.php 第 25 行.
NOTIC: [8] Trying to get property of non-object /Applications/XAMPP/xamppfiles/htdocs/blog/Application/Home/Controller/IndexController.class.php 第 25 行.
SQL: SELECT * FROM `z_post` ORDER BY ctime desc  [ RunTime:0.0003s ]
INFO: [ view_parse ] --START--
INFO: [ template_filter ] --START--
INFO: Run Behavior\ContentReplaceBehavior [ RunTime:0.000066s ]
INFO: [ template_filter ] --END-- [ RunTime:0.000104s ]
NOTIC: [8] Undefined variable: archive_current /Applications/XAMPP/xamppfiles/htdocs/blog/Application/Runtime/Cache/Home/2a94b8bda04ff446dcedd42276fc99ee.php 第 34 行.
NOTIC: [8] Undefined variable: about_current /Applications/XAMPP/xamppfiles/htdocs/blog/Application/Runtime/Cache/Home/2a94b8bda04ff446dcedd42276fc99ee.php 第 36 行.
SQL: SHOW COLUMNS FROM `z_category` [ RunTime:0.0013s ]
SQL: SELECT * FROM `z_category`  [ RunTime:0.0002s ]
INFO: [ view_parse ] --START--
INFO: [ template_filter ] --START--
INFO: Run Behavior\ContentReplaceBehavior [ RunTime:0.000012s ]
INFO: [ template_filter ] --END-- [ RunTime:-0.003344s ]
INFO: Run Behavior\ParseTemplateBehavior [ RunTime:0.001083s ]
INFO: [ view_parse ] --END-- [ RunTime:0.001118s ]
INFO: [ view_filter ] --START--
INFO: Run Behavior\WriteHtmlCacheBehavior [ RunTime:0.000232s ]
INFO: [ view_filter ] --END-- [ RunTime:0.000264s ]
SQL: SHOW COLUMNS FROM `z_tag` [ RunTime:0.0012s ]
SQL: SELECT * FROM `z_tag`  [ RunTime:0.0002s ]
INFO: [ view_parse ] --START--
INFO: [ template_filter ] --START--
INFO: Run Behavior\ContentReplaceBehavior [ RunTime:0.000021s ]
INFO: [ template_filter ] --END-- [ RunTime:-0.006612s ]
INFO: Run Behavior\ParseTemplateBehavior [ RunTime:0.001472s ]
INFO: [ view_parse ] --END-- [ RunTime:-0.001880s ]
INFO: [ view_filter ] --START--
INFO: Run Behavior\WriteHtmlCacheBehavior [ RunTime:0.000005s ]
INFO: [ view_filter ] --END-- [ RunTime:-0.003113s ]
SQL: SHOW COLUMNS FROM `z_post` [ RunTime:0.0013s ]
SQL: SELECT * FROM `z_post` ORDER BY ctime desc LIMIT 5   [ RunTime:0.0003s ]
INFO: [ view_parse ] --START--
INFO: [ template_filter ] --START--
INFO: Run Behavior\ContentReplaceBehavior [ RunTime:0.000017s ]
INFO: [ template_filter ] --END-- [ RunTime:-0.009579s ]
INFO: Run Behavior\ParseTemplateBehavior [ RunTime:0.001139s ]
INFO: [ view_parse ] --END-- [ RunTime:-0.005226s ]
INFO: [ view_filter ] --START--
INFO: Run Behavior\WriteHtmlCacheBehavior [ RunTime:0.000007s ]
INFO: [ view_filter ] --END-- [ RunTime:-0.006130s ]
INFO: [ view_parse ] --START--
INFO: [ template_filter ] --START--
INFO: Run Behavior\ContentReplaceBehavior [ RunTime:0.000014s ]
INFO: [ template_filter ] --END-- [ RunTime:-0.010700s ]
INFO: Run Behavior\ParseTemplateBehavior [ RunTime:0.001013s ]
INFO: [ view_parse ] --END-- [ RunTime:-0.006498s ]
INFO: [ view_filter ] --START--
INFO: Run Behavior\WriteHtmlCacheBehavior [ RunTime:0.000015s ]
INFO: [ view_filter ] --END-- [ RunTime:-0.007315s ]
INFO: Run Behavior\ParseTemplateBehavior [ RunTime:0.001224s ]
INFO: [ view_parse ] --END-- [ RunTime:-0.006498s ]
INFO: [ view_filter ] --START--
INFO: Run Behavior\WriteHtmlCacheBehavior [ RunTime:0.000009s ]
INFO: [ view_filter ] --END-- [ RunTime:-0.007503s ]
INFO: [ app_end ] --START--
INFO: Run Behavior\ShowPageTraceBehavior [ RunTime:0.000854s ]
INFO: [ app_end ] --END-- [ RunTime:0.000896s ]

[ 2016-11-11T22:57:55+08:00 ] 127.0.0.1 /
INFO: [ app_init ] --START--
INFO: Run Behavior\BuildLiteBehavior [ RunTime:0.000013s ]
INFO: [ app_init ] --END-- [ RunTime:0.000400s ]
INFO: [ app_begin ] --START--
INFO: Run Behavior\ReadHtmlCacheBehavior [ RunTime:0.000476s ]
INFO: [ app_begin ] --END-- [ RunTime:0.000508s ]
SQL: SHOW COLUMNS FROM `z_post` [ RunTime:0.0020s ]
SQL: SELECT COUNT(*) AS tp_count FROM `z_post` LIMIT 1   [ RunTime:0.0002s ]
NOTIC: [8] Undefined variable: pageObj /Applications/XAMPP/xamppfiles/htdocs/blog/Application/Home/Controller/IndexController.class.php 第 25 行.
NOTIC: [8] Trying to get property of non-object /Applications/XAMPP/xamppfiles/htdocs/blog/Application/Home/Controller/IndexController.class.php 第 25 行.
NOTIC: [8] Undefined variable: pageObj /Applications/XAMPP/xamppfiles/htdocs/blog/Application/Home/Controller/IndexController.class.php 第 25 行.
NOTIC: [8] Trying to get property of non-object /Applications/XAMPP/xamppfiles/htdocs/blog/Application/Home/Controller/IndexController.class.php 第 25 行.
SQL: SELECT * FROM `z_post` ORDER BY ctime desc  [ RunTime:0.0004s ]
INFO: [ view_parse ] --START--
INFO: [ template_filter ] --START--
INFO: Run Behavior\ContentReplaceBehavior [ RunTime:0.000051s ]
INFO: [ template_filter ] --END-- [ RunTime:0.000080s ]
NOTIC: [8] Undefined variable: archive_current /Applications/XAMPP/xamppfiles/htdocs/blog/Application/Runtime/Cache/Home/2a94b8bda04ff446dcedd42276fc99ee.php 第 34 行.
NOTIC: [8] Undefined variable: about_current /Applications/XAMPP/xamppfiles/htdocs/blog/Application/Runtime/Cache/Home/2a94b8bda04ff446dcedd42276fc99ee.php 第 36 行.
SQL: SHOW COLUMNS FROM `z_category` [ RunTime:0.0011s ]
SQL: SELECT * FROM `z_category`  [ RunTime:0.0002s ]
INFO: [ view_parse ] --START--
INFO: [ template_filter ] --START--
INFO: Run Behavior\ContentReplaceBehavior [ RunTime:0.000039s ]
INFO: [ template_filter ] --END-- [ RunTime:-0.003302s ]
INFO: Run Behavior\ParseTemplateBehavior [ RunTime:0.002400s ]
INFO: [ view_parse ] --END-- [ RunTime:0.002456s ]
INFO: [ view_filter ] --START--
INFO: Run Behavior\WriteHtmlCacheBehavior [ RunTime:0.000165s ]
INFO: [ view_filter ] --END-- [ RunTime:0.000187s ]
SQL: SHOW COLUMNS FROM `z_tag` [ RunTime:0.0011s ]
SQL: SELECT * FROM `z_tag`  [ RunTime:0.0002s ]
INFO: [ view_parse ] --START--
INFO: [ template_filter ] --START--
INFO: Run Behavior\ContentReplaceBehavior [ RunTime:0.000014s ]
INFO: [ template_filter ] --END-- [ RunTime:-0.007410s ]
INFO: Run Behavior\ParseTemplateBehavior [ RunTime:0.000975s ]
INFO: [ view_parse ] --END-- [ RunTime:-0.001782s ]
INFO: [ view_filter ] --START--
INFO: Run Behavior\WriteHtmlCacheBehavior [ RunTime:0.000004s ]
INFO: [ view_filter ] --END-- [ RunTime:-0.002596s ]
SQL: SHOW COLUMNS FROM `z_post` [ RunTime:0.0014s ]
SQL: SELECT * FROM `z_post` ORDER BY ctime desc LIMIT 5   [ RunTime:0.0003s ]
INFO: [ view_parse ] --START--
INFO: [ template_filter ] --START--
INFO: Run Behavior\ContentReplaceBehavior [ RunTime:0.000012s ]
INFO: [ template_filter ] --END-- [ RunTime:-0.010316s ]
INFO: Run Behavior\ParseTemplateBehavior [ RunTime:0.000956s ]
INFO: [ view_parse ] --END-- [ RunTime:-0.004717s ]
INFO: [ view_filter ] --START--
INFO: Run Behavior\WriteHtmlCacheBehavior [ RunTime:0.000007s ]
INFO: [ view_filter ] --END-- [ RunTime:-0.005513s ]
INFO: [ view_parse ] --START--
INFO: [ template_filter ] --START--
INFO: Run Behavior\ContentReplaceBehavior [ RunTime:0.000011s ]
INFO: [ template_filter ] --END-- [ RunTime:-0.011103s ]
INFO: Run Behavior\ParseTemplateBehavior [ RunTime:0.000520s ]
INFO: [ view_parse ] --END-- [ RunTime:-0.005791s ]
INFO: [ view_filter ] --START--
INFO: Run Behavior\WriteHtmlCacheBehavior [ RunTime:0.000005s ]
INFO: [ view_filter ] --END-- [ RunTime:-0.006138s ]
INFO: Run Behavior\ParseTemplateBehavior [ RunTime:0.000572s ]
INFO: [ view_parse ] --END-- [ RunTime:-0.005791s ]
INFO: [ view_filter ] --START--
INFO: Run Behavior\WriteHtmlCacheBehavior [ RunTime:0.000003s ]
INFO: [ view_filter ] --END-- [ RunTime:-0.006188s ]
INFO: [ app_end ] --START--
INFO: Run Behavior\ShowPageTraceBehavior [ RunTime:0.000616s ]
INFO: [ app_end ] --END-- [ RunTime:0.000656s ]

