[ 2016-11-03T00:38:48+08:00 ] 127.0.0.1 /
INFO: [ app_init ] --START--
INFO: Run Behavior\BuildLiteBehavior [ RunTime:0.000026s ]
INFO: [ app_init ] --END-- [ RunTime:0.003205s ]
INFO: [ app_begin ] --START--
INFO: Run Behavior\ReadHtmlCacheBehavior [ RunTime:0.001112s ]
INFO: [ app_begin ] --END-- [ RunTime:0.001180s ]
SQL: SHOW COLUMNS FROM `z_post` [ RunTime:0.0268s ]
SQL: SELECT COUNT(*) AS tp_count FROM `z_post` LIMIT 1   [ RunTime:0.0119s ]
NOTIC: [8] Undefined variable: pageObj /Applications/XAMPP/xamppfiles/htdocs/blog/Application/Home/Controller/IndexController.class.php 第 25 行.
NOTIC: [8] Trying to get property of non-object /Applications/XAMPP/xamppfiles/htdocs/blog/Application/Home/Controller/IndexController.class.php 第 25 行.
NOTIC: [8] Undefined variable: pageObj /Applications/XAMPP/xamppfiles/htdocs/blog/Application/Home/Controller/IndexController.class.php 第 25 行.
NOTIC: [8] Trying to get property of non-object /Applications/XAMPP/xamppfiles/htdocs/blog/Application/Home/Controller/IndexController.class.php 第 25 行.
SQL: SELECT * FROM `z_post` ORDER BY ctime desc  [ RunTime:0.0020s ]
INFO: [ view_parse ] --START--
INFO: [ template_filter ] --START--
INFO: Run Behavior\ContentReplaceBehavior [ RunTime:0.000528s ]
INFO: [ template_filter ] --END-- [ RunTime:0.000603s ]
NOTIC: [8] Undefined variable: archive_current /Applications/XAMPP/xamppfiles/htdocs/blog/Application/Runtime/Cache/Home/2a94b8bda04ff446dcedd42276fc99ee.php 第 34 行.
NOTIC: [8] Undefined variable: about_current /Applications/XAMPP/xamppfiles/htdocs/blog/Application/Runtime/Cache/Home/2a94b8bda04ff446dcedd42276fc99ee.php 第 36 行.
SQL: SHOW COLUMNS FROM `z_category` [ RunTime:0.0096s ]
SQL: SELECT * FROM `z_category`  [ RunTime:0.0003s ]
INFO: [ view_parse ] --START--
INFO: [ template_filter ] --START--
INFO: Run Behavior\ContentReplaceBehavior [ RunTime:0.000020s ]
INFO: [ template_filter ] --END-- [ RunTime:-0.018693s ]
INFO: Run Behavior\ParseTemplateBehavior [ RunTime:0.002116s ]
INFO: [ view_parse ] --END-- [ RunTime:0.002208s ]
INFO: [ view_filter ] --START--
INFO: Run Behavior\WriteHtmlCacheBehavior [ RunTime:0.000595s ]
INFO: [ view_filter ] --END-- [ RunTime:0.000635s ]
SQL: SHOW COLUMNS FROM `z_tag` [ RunTime:0.0026s ]
SQL: SELECT * FROM `z_tag`  [ RunTime:0.0002s ]
INFO: [ view_parse ] --START--
INFO: [ template_filter ] --START--
INFO: Run Behavior\ContentReplaceBehavior [ RunTime:0.000014s ]
INFO: [ template_filter ] --END-- [ RunTime:-0.024671s ]
INFO: Run Behavior\ParseTemplateBehavior [ RunTime:0.001446s ]
INFO: [ view_parse ] --END-- [ RunTime:-0.004247s ]
INFO: [ view_filter ] --START--
INFO: Run Behavior\WriteHtmlCacheBehavior [ RunTime:0.000007s ]
INFO: [ view_filter ] --END-- [ RunTime:-0.005091s ]
SQL: SHOW COLUMNS FROM `z_post` [ RunTime:0.0017s ]
SQL: SELECT * FROM `z_post` ORDER BY ctime desc LIMIT 5   [ RunTime:0.0003s ]
INFO: [ view_parse ] --START--
INFO: [ template_filter ] --START--
INFO: Run Behavior\ContentReplaceBehavior [ RunTime:0.000014s ]
INFO: [ template_filter ] --END-- [ RunTime:-0.028507s ]
INFO: Run Behavior\ParseTemplateBehavior [ RunTime:0.001355s ]
INFO: [ view_parse ] --END-- [ RunTime:-0.008141s ]
INFO: [ view_filter ] --START--
INFO: Run Behavior\WriteHtmlCacheBehavior [ RunTime:0.000006s ]
INFO: [ view_filter ] --END-- [ RunTime:-0.008884s ]
INFO: [ view_parse ] --START--
INFO: [ template_filter ] --START--
INFO: Run Behavior\ContentReplaceBehavior [ RunTime:0.000009s ]
INFO: [ template_filter ] --END-- [ RunTime:-0.029726s ]
INFO: Run Behavior\ParseTemplateBehavior [ RunTime:0.000893s ]
INFO: [ view_parse ] --END-- [ RunTime:-0.009673s ]
INFO: [ view_filter ] --START--
INFO: Run Behavior\WriteHtmlCacheBehavior [ RunTime:0.000005s ]
INFO: [ view_filter ] --END-- [ RunTime:-0.009945s ]
INFO: Run Behavior\ParseTemplateBehavior [ RunTime:0.000947s ]
INFO: [ view_parse ] --END-- [ RunTime:-0.009673s ]
INFO: [ view_filter ] --START--
INFO: Run Behavior\WriteHtmlCacheBehavior [ RunTime:0.000002s ]
INFO: [ view_filter ] --END-- [ RunTime:-0.009990s ]
INFO: [ app_end ] --START--
INFO: Run Behavior\ShowPageTraceBehavior [ RunTime:0.001056s ]
INFO: [ app_end ] --END-- [ RunTime:0.001100s ]

[ 2016-11-03T00:38:52+08:00 ] 127.0.0.1 /blog/1.html
INFO: [ app_init ] --START--
INFO: Run Behavior\BuildLiteBehavior [ RunTime:0.000011s ]
INFO: [ app_init ] --END-- [ RunTime:0.000354s ]
INFO: [ app_begin ] --START--
INFO: Run Behavior\ReadHtmlCacheBehavior [ RunTime:0.000310s ]
INFO: [ app_begin ] --END-- [ RunTime:0.000338s ]
SQL: SHOW COLUMNS FROM `z_post` [ RunTime:0.0014s ]
SQL: SHOW COLUMNS FROM `z_post` [ RunTime:0.0012s ]
SQL: UPDATE `z_post` SET `pv`=pv+1 WHERE `id` = 1 [ RunTime:0.0095s ]
SQL: SELECT * FROM `z_post` WHERE `id` = 1 LIMIT 1   [ RunTime:0.0003s ]
SQL: SELECT * FROM `z_post` WHERE ( id < 1 ) LIMIT 1   [ RunTime:0.0002s ]
SQL: SELECT * FROM `z_post` WHERE ( id > 1 ) LIMIT 1   [ RunTime:0.0002s ]
SQL: SHOW COLUMNS FROM `z_comment` [ RunTime:0.0019s ]
SQL: SELECT * FROM `z_comment` WHERE `postid` = 1  [ RunTime:0.0002s ]
SQL: SELECT COUNT(*) AS tp_count FROM `z_comment` WHERE `postid` = 1 LIMIT 1   [ RunTime:0.0001s ]
INFO: [ view_parse ] --START--
INFO: [ template_filter ] --START--
INFO: Run Behavior\ContentReplaceBehavior [ RunTime:0.000078s ]
INFO: [ template_filter ] --END-- [ RunTime:0.000110s ]
NOTIC: [8] Undefined variable: index_current /Applications/XAMPP/xamppfiles/htdocs/blog/Application/Runtime/Cache/Home/1223f42a89e823bf89547594651162de.php 第 77 行.
NOTIC: [8] Undefined variable: archive_current /Applications/XAMPP/xamppfiles/htdocs/blog/Application/Runtime/Cache/Home/1223f42a89e823bf89547594651162de.php 第 79 行.
SQL: SHOW COLUMNS FROM `z_category` [ RunTime:0.0012s ]
SQL: SELECT * FROM `z_category`  [ RunTime:0.0002s ]
INFO: [ view_parse ] --START--
INFO: [ template_filter ] --START--
INFO: Run Behavior\ContentReplaceBehavior [ RunTime:0.000014s ]
INFO: [ template_filter ] --END-- [ RunTime:-0.003699s ]
INFO: Run Behavior\ParseTemplateBehavior [ RunTime:0.001197s ]
INFO: [ view_parse ] --END-- [ RunTime:0.001232s ]
INFO: [ view_filter ] --START--
INFO: Run Behavior\WriteHtmlCacheBehavior [ RunTime:0.000170s ]
INFO: [ view_filter ] --END-- [ RunTime:0.000193s ]
SQL: SHOW COLUMNS FROM `z_tag` [ RunTime:0.0012s ]
SQL: SELECT * FROM `z_tag`  [ RunTime:0.0002s ]
INFO: [ view_parse ] --START--
INFO: [ template_filter ] --START--
INFO: Run Behavior\ContentReplaceBehavior [ RunTime:0.000018s ]
INFO: [ template_filter ] --END-- [ RunTime:-0.006693s ]
INFO: Run Behavior\ParseTemplateBehavior [ RunTime:0.001378s ]
INFO: [ view_parse ] --END-- [ RunTime:-0.001816s ]
INFO: [ view_filter ] --START--
INFO: Run Behavior\WriteHtmlCacheBehavior [ RunTime:0.000009s ]
INFO: [ view_filter ] --END-- [ RunTime:-0.003067s ]
SQL: SELECT * FROM `z_post` ORDER BY ctime desc LIMIT 5   [ RunTime:0.0003s ]
INFO: [ view_parse ] --START--
INFO: [ template_filter ] --START--
INFO: Run Behavior\ContentReplaceBehavior [ RunTime:0.000012s ]
INFO: [ template_filter ] --END-- [ RunTime:-0.008613s ]
INFO: Run Behavior\ParseTemplateBehavior [ RunTime:0.000875s ]
INFO: [ view_parse ] --END-- [ RunTime:-0.003927s ]
INFO: [ view_filter ] --START--
INFO: Run Behavior\WriteHtmlCacheBehavior [ RunTime:0.000005s ]
INFO: [ view_filter ] --END-- [ RunTime:-0.004625s ]
INFO: [ view_parse ] --START--
INFO: [ template_filter ] --START--
INFO: Run Behavior\ContentReplaceBehavior [ RunTime:0.000007s ]
INFO: [ template_filter ] --END-- [ RunTime:-0.009297s ]
INFO: Run Behavior\ParseTemplateBehavior [ RunTime:0.000459s ]
INFO: [ view_parse ] --END-- [ RunTime:-0.004897s ]
INFO: [ view_filter ] --START--
INFO: Run Behavior\WriteHtmlCacheBehavior [ RunTime:0.000004s ]
INFO: [ view_filter ] --END-- [ RunTime:-0.005173s ]
INFO: Run Behavior\ParseTemplateBehavior [ RunTime:0.000508s ]
INFO: [ view_parse ] --END-- [ RunTime:-0.004897s ]
INFO: [ view_filter ] --START--
INFO: Run Behavior\WriteHtmlCacheBehavior [ RunTime:0.000002s ]
INFO: [ view_filter ] --END-- [ RunTime:-0.005225s ]
INFO: [ app_end ] --START--
INFO: Run Behavior\ShowPageTraceBehavior [ RunTime:0.000865s ]
INFO: [ app_end ] --END-- [ RunTime:0.000942s ]

[ 2016-11-03T00:39:34+08:00 ] 127.0.0.1 /blog/1.html
INFO: [ app_init ] --START--
INFO: Run Behavior\BuildLiteBehavior [ RunTime:0.000011s ]
INFO: [ app_init ] --END-- [ RunTime:0.000310s ]
INFO: [ app_begin ] --START--
INFO: Run Behavior\ReadHtmlCacheBehavior [ RunTime:0.000414s ]
INFO: [ app_begin ] --END-- [ RunTime:0.000447s ]
SQL: SHOW COLUMNS FROM `z_post` [ RunTime:0.0016s ]
SQL: SHOW COLUMNS FROM `z_post` [ RunTime:0.0011s ]
SQL: UPDATE `z_post` SET `pv`=pv+1 WHERE `id` = 1 [ RunTime:0.0024s ]
SQL: SELECT * FROM `z_post` WHERE `id` = 1 LIMIT 1   [ RunTime:0.0005s ]
SQL: SELECT * FROM `z_post` WHERE ( id < 1 ) LIMIT 1   [ RunTime:0.0004s ]
SQL: SELECT * FROM `z_post` WHERE ( id > 1 ) LIMIT 1   [ RunTime:0.0002s ]
SQL: SHOW COLUMNS FROM `z_comment` [ RunTime:0.0014s ]
SQL: SELECT * FROM `z_comment` WHERE `postid` = 1  [ RunTime:0.0003s ]
SQL: SELECT COUNT(*) AS tp_count FROM `z_comment` WHERE `postid` = 1 LIMIT 1   [ RunTime:0.0002s ]
INFO: [ view_parse ] --START--
INFO: [ template_filter ] --START--
INFO: Run Behavior\ContentReplaceBehavior [ RunTime:0.000075s ]
INFO: [ template_filter ] --END-- [ RunTime:0.000106s ]
NOTIC: [8] Undefined variable: index_current /Applications/XAMPP/xamppfiles/htdocs/blog/Application/Runtime/Cache/Home/1223f42a89e823bf89547594651162de.php 第 77 行.
NOTIC: [8] Undefined variable: archive_current /Applications/XAMPP/xamppfiles/htdocs/blog/Application/Runtime/Cache/Home/1223f42a89e823bf89547594651162de.php 第 79 行.
SQL: SHOW COLUMNS FROM `z_category` [ RunTime:0.0012s ]
SQL: SELECT * FROM `z_category`  [ RunTime:0.0002s ]
INFO: [ view_parse ] --START--
INFO: [ template_filter ] --START--
INFO: Run Behavior\ContentReplaceBehavior [ RunTime:0.000015s ]
INFO: [ template_filter ] --END-- [ RunTime:-0.004575s ]
INFO: Run Behavior\ParseTemplateBehavior [ RunTime:0.001436s ]
INFO: [ view_parse ] --END-- [ RunTime:0.001465s ]
INFO: [ view_filter ] --START--
INFO: Run Behavior\WriteHtmlCacheBehavior [ RunTime:0.000419s ]
INFO: [ view_filter ] --END-- [ RunTime:0.000453s ]
SQL: SHOW COLUMNS FROM `z_tag` [ RunTime:0.0011s ]
SQL: SELECT * FROM `z_tag`  [ RunTime:0.0002s ]
INFO: [ view_parse ] --START--
INFO: [ template_filter ] --START--
INFO: Run Behavior\ContentReplaceBehavior [ RunTime:0.000021s ]
INFO: [ template_filter ] --END-- [ RunTime:-0.007981s ]
INFO: Run Behavior\ParseTemplateBehavior [ RunTime:0.001776s ]
INFO: [ view_parse ] --END-- [ RunTime:-0.002049s ]
INFO: [ view_filter ] --START--
INFO: Run Behavior\WriteHtmlCacheBehavior [ RunTime:0.000009s ]
INFO: [ view_filter ] --END-- [ RunTime:-0.003419s ]
SQL: SELECT * FROM `z_post` ORDER BY ctime desc LIMIT 5   [ RunTime:0.0003s ]
INFO: [ view_parse ] --START--
INFO: [ template_filter ] --START--
INFO: Run Behavior\ContentReplaceBehavior [ RunTime:0.000017s ]
INFO: [ template_filter ] --END-- [ RunTime:-0.010464s ]
INFO: Run Behavior\ParseTemplateBehavior [ RunTime:0.001548s ]
INFO: [ view_parse ] --END-- [ RunTime:-0.004491s ]
INFO: [ view_filter ] --START--
INFO: Run Behavior\WriteHtmlCacheBehavior [ RunTime:0.000007s ]
INFO: [ view_filter ] --END-- [ RunTime:-0.005650s ]
INFO: [ view_parse ] --START--
INFO: [ template_filter ] --START--
INFO: Run Behavior\ContentReplaceBehavior [ RunTime:0.000023s ]
INFO: [ template_filter ] --END-- [ RunTime:-0.012010s ]
INFO: Run Behavior\ParseTemplateBehavior [ RunTime:0.001271s ]
INFO: [ view_parse ] --END-- [ RunTime:-0.006198s ]
INFO: [ view_filter ] --START--
INFO: Run Behavior\WriteHtmlCacheBehavior [ RunTime:0.000007s ]
INFO: [ view_filter ] --END-- [ RunTime:-0.007046s ]
INFO: Run Behavior\ParseTemplateBehavior [ RunTime:0.001364s ]
INFO: [ view_parse ] --END-- [ RunTime:-0.006198s ]
INFO: [ view_filter ] --START--
INFO: Run Behavior\WriteHtmlCacheBehavior [ RunTime:0.000004s ]
INFO: [ view_filter ] --END-- [ RunTime:-0.007123s ]
INFO: [ app_end ] --START--
INFO: Run Behavior\ShowPageTraceBehavior [ RunTime:0.000994s ]
INFO: [ app_end ] --END-- [ RunTime:0.001035s ]

[ 2016-11-03T00:39:35+08:00 ] 127.0.0.1 /blog/archive/
INFO: [ app_init ] --START--
INFO: Run Behavior\BuildLiteBehavior [ RunTime:0.000007s ]
INFO: [ app_init ] --END-- [ RunTime:0.000195s ]
INFO: [ app_begin ] --START--
INFO: Run Behavior\ReadHtmlCacheBehavior [ RunTime:0.000242s ]
INFO: [ app_begin ] --END-- [ RunTime:0.000264s ]
SQL: SHOW COLUMNS FROM `z_post` [ RunTime:0.0019s ]
SQL: SELECT COUNT(*) AS tp_count FROM `z_post` LIMIT 1   [ RunTime:0.0003s ]
SQL: SHOW COLUMNS FROM `z_post` [ RunTime:0.0017s ]
SQL: SELECT * FROM `z_post` ORDER BY ctime desc LIMIT 0,10   [ RunTime:0.0009s ]
INFO: [ view_parse ] --START--
INFO: [ template_filter ] --START--
INFO: Run Behavior\ContentReplaceBehavior [ RunTime:0.000042s ]
INFO: [ template_filter ] --END-- [ RunTime:0.000076s ]
NOTIC: [8] Undefined variable: index_current /Applications/XAMPP/xamppfiles/htdocs/blog/Application/Runtime/Cache/Home/ade7d4477fc643e9340d31bf3970044f.php 第 32 行.
NOTIC: [8] Undefined variable: about_current /Applications/XAMPP/xamppfiles/htdocs/blog/Application/Runtime/Cache/Home/ade7d4477fc643e9340d31bf3970044f.php 第 36 行.
SQL: SHOW COLUMNS FROM `z_category` [ RunTime:0.0012s ]
SQL: SELECT * FROM `z_category`  [ RunTime:0.0002s ]
INFO: [ view_parse ] --START--
INFO: [ template_filter ] --START--
INFO: Run Behavior\ContentReplaceBehavior [ RunTime:0.000011s ]
INFO: [ template_filter ] --END-- [ RunTime:-0.002989s ]
INFO: Run Behavior\ParseTemplateBehavior [ RunTime:0.000882s ]
INFO: [ view_parse ] --END-- [ RunTime:0.000912s ]
INFO: [ view_filter ] --START--
INFO: Run Behavior\WriteHtmlCacheBehavior [ RunTime:0.000104s ]
INFO: [ view_filter ] --END-- [ RunTime:0.000117s ]
SQL: SHOW COLUMNS FROM `z_tag` [ RunTime:0.0010s ]
SQL: SELECT * FROM `z_tag`  [ RunTime:0.0002s ]
INFO: [ view_parse ] --START--
INFO: [ template_filter ] --START--
INFO: Run Behavior\ContentReplaceBehavior [ RunTime:0.000015s ]
INFO: [ template_filter ] --END-- [ RunTime:-0.005491s ]
INFO: Run Behavior\ParseTemplateBehavior [ RunTime:0.001142s ]
INFO: [ view_parse ] --END-- [ RunTime:-0.001531s ]
INFO: [ view_filter ] --START--
INFO: Run Behavior\WriteHtmlCacheBehavior [ RunTime:0.000007s ]
INFO: [ view_filter ] --END-- [ RunTime:-0.002589s ]
SQL: SELECT * FROM `z_post` ORDER BY ctime desc LIMIT 5   [ RunTime:0.0003s ]
INFO: [ view_parse ] --START--
INFO: [ template_filter ] --START--
INFO: Run Behavior\ContentReplaceBehavior [ RunTime:0.000016s ]
INFO: [ template_filter ] --END-- [ RunTime:-0.007047s ]
INFO: Run Behavior\ParseTemplateBehavior [ RunTime:0.001081s ]
INFO: [ view_parse ] --END-- [ RunTime:-0.003227s ]
INFO: [ view_filter ] --START--
INFO: Run Behavior\WriteHtmlCacheBehavior [ RunTime:0.000007s ]
INFO: [ view_filter ] --END-- [ RunTime:-0.004240s ]
INFO: [ view_parse ] --START--
INFO: [ template_filter ] --START--
INFO: Run Behavior\ContentReplaceBehavior [ RunTime:0.000009s ]
INFO: [ template_filter ] --END-- [ RunTime:-0.008097s ]
INFO: Run Behavior\ParseTemplateBehavior [ RunTime:0.000507s ]
INFO: [ view_parse ] --END-- [ RunTime:-0.004465s ]
INFO: [ view_filter ] --START--
INFO: Run Behavior\WriteHtmlCacheBehavior [ RunTime:0.000013s ]
INFO: [ view_filter ] --END-- [ RunTime:-0.004890s ]
INFO: Run Behavior\ParseTemplateBehavior [ RunTime:0.000567s ]
INFO: [ view_parse ] --END-- [ RunTime:-0.004465s ]
INFO: [ view_filter ] --START--
INFO: Run Behavior\WriteHtmlCacheBehavior [ RunTime:0.000002s ]
INFO: [ view_filter ] --END-- [ RunTime:-0.004940s ]
INFO: [ app_end ] --START--
INFO: Run Behavior\ShowPageTraceBehavior [ RunTime:0.000384s ]
INFO: [ app_end ] --END-- [ RunTime:0.000403s ]

[ 2016-11-03T00:39:36+08:00 ] 127.0.0.1 /
INFO: [ app_init ] --START--
INFO: Run Behavior\BuildLiteBehavior [ RunTime:0.000009s ]
INFO: [ app_init ] --END-- [ RunTime:0.000254s ]
INFO: [ app_begin ] --START--
INFO: Run Behavior\ReadHtmlCacheBehavior [ RunTime:0.000321s ]
INFO: [ app_begin ] --END-- [ RunTime:0.000351s ]
SQL: SHOW COLUMNS FROM `z_post` [ RunTime:0.0013s ]
SQL: SELECT COUNT(*) AS tp_count FROM `z_post` LIMIT 1   [ RunTime:0.0002s ]
NOTIC: [8] Undefined variable: pageObj /Applications/XAMPP/xamppfiles/htdocs/blog/Application/Home/Controller/IndexController.class.php 第 25 行.
NOTIC: [8] Trying to get property of non-object /Applications/XAMPP/xamppfiles/htdocs/blog/Application/Home/Controller/IndexController.class.php 第 25 行.
NOTIC: [8] Undefined variable: pageObj /Applications/XAMPP/xamppfiles/htdocs/blog/Application/Home/Controller/IndexController.class.php 第 25 行.
NOTIC: [8] Trying to get property of non-object /Applications/XAMPP/xamppfiles/htdocs/blog/Application/Home/Controller/IndexController.class.php 第 25 行.
SQL: SELECT * FROM `z_post` ORDER BY ctime desc  [ RunTime:0.0003s ]
INFO: [ view_parse ] --START--
INFO: [ template_filter ] --START--
INFO: Run Behavior\ContentReplaceBehavior [ RunTime:0.000032s ]
INFO: [ template_filter ] --END-- [ RunTime:0.000059s ]
NOTIC: [8] Undefined variable: archive_current /Applications/XAMPP/xamppfiles/htdocs/blog/Application/Runtime/Cache/Home/2a94b8bda04ff446dcedd42276fc99ee.php 第 34 行.
NOTIC: [8] Undefined variable: about_current /Applications/XAMPP/xamppfiles/htdocs/blog/Application/Runtime/Cache/Home/2a94b8bda04ff446dcedd42276fc99ee.php 第 36 行.
SQL: SHOW COLUMNS FROM `z_category` [ RunTime:0.0010s ]
SQL: SELECT * FROM `z_category`  [ RunTime:0.0002s ]
INFO: [ view_parse ] --START--
INFO: [ template_filter ] --START--
INFO: Run Behavior\ContentReplaceBehavior [ RunTime:0.000014s ]
INFO: [ template_filter ] --END-- [ RunTime:-0.002803s ]
INFO: Run Behavior\ParseTemplateBehavior [ RunTime:0.001167s ]
INFO: [ view_parse ] --END-- [ RunTime:0.001200s ]
INFO: [ view_filter ] --START--
INFO: Run Behavior\WriteHtmlCacheBehavior [ RunTime:0.000150s ]
INFO: [ view_filter ] --END-- [ RunTime:0.000171s ]
SQL: SHOW COLUMNS FROM `z_tag` [ RunTime:0.0021s ]
SQL: SELECT * FROM `z_tag`  [ RunTime:0.0002s ]
INFO: [ view_parse ] --START--
INFO: [ template_filter ] --START--
INFO: Run Behavior\ContentReplaceBehavior [ RunTime:0.000019s ]
INFO: [ template_filter ] --END-- [ RunTime:-0.006994s ]
INFO: Run Behavior\ParseTemplateBehavior [ RunTime:0.001364s ]
INFO: [ view_parse ] --END-- [ RunTime:-0.002900s ]
INFO: [ view_filter ] --START--
INFO: Run Behavior\WriteHtmlCacheBehavior [ RunTime:0.000008s ]
INFO: [ view_filter ] --END-- [ RunTime:-0.004137s ]
SQL: SHOW COLUMNS FROM `z_post` [ RunTime:0.0014s ]
SQL: SELECT * FROM `z_post` ORDER BY ctime desc LIMIT 5   [ RunTime:0.0003s ]
INFO: [ view_parse ] --START--
INFO: [ template_filter ] --START--
INFO: Run Behavior\ContentReplaceBehavior [ RunTime:0.000011s ]
INFO: [ template_filter ] --END-- [ RunTime:-0.010333s ]
INFO: Run Behavior\ParseTemplateBehavior [ RunTime:0.000902s ]
INFO: [ view_parse ] --END-- [ RunTime:-0.006515s ]
INFO: [ view_filter ] --START--
INFO: Run Behavior\WriteHtmlCacheBehavior [ RunTime:0.000006s ]
INFO: [ view_filter ] --END-- [ RunTime:-0.007270s ]
INFO: [ view_parse ] --START--
INFO: [ template_filter ] --START--
INFO: Run Behavior\ContentReplaceBehavior [ RunTime:0.000010s ]
INFO: [ template_filter ] --END-- [ RunTime:-0.011079s ]
INFO: Run Behavior\ParseTemplateBehavior [ RunTime:0.000542s ]
INFO: [ view_parse ] --END-- [ RunTime:-0.007519s ]
INFO: [ view_filter ] --START--
INFO: Run Behavior\WriteHtmlCacheBehavior [ RunTime:0.000004s ]
INFO: [ view_filter ] --END-- [ RunTime:-0.007904s ]
INFO: Run Behavior\ParseTemplateBehavior [ RunTime:0.000595s ]
INFO: [ view_parse ] --END-- [ RunTime:-0.007519s ]
INFO: [ view_filter ] --START--
INFO: Run Behavior\WriteHtmlCacheBehavior [ RunTime:0.000002s ]
INFO: [ view_filter ] --END-- [ RunTime:-0.007949s ]
INFO: [ app_end ] --START--
INFO: Run Behavior\ShowPageTraceBehavior [ RunTime:0.000415s ]
INFO: [ app_end ] --END-- [ RunTime:0.000448s ]

[ 2016-11-03T00:41:10+08:00 ] 127.0.0.1 /
INFO: [ app_init ] --START--
INFO: Run Behavior\BuildLiteBehavior [ RunTime:0.000017s ]
INFO: [ app_init ] --END-- [ RunTime:0.000884s ]
INFO: [ app_begin ] --START--
INFO: Run Behavior\ReadHtmlCacheBehavior [ RunTime:0.000867s ]
INFO: [ app_begin ] --END-- [ RunTime:0.000933s ]
SQL: SHOW COLUMNS FROM `z_post` [ RunTime:0.0018s ]
SQL: SELECT COUNT(*) AS tp_count FROM `z_post` LIMIT 1   [ RunTime:0.0003s ]
NOTIC: [8] Undefined variable: pageObj /Applications/XAMPP/xamppfiles/htdocs/blog/Application/Home/Controller/IndexController.class.php 第 25 行.
NOTIC: [8] Trying to get property of non-object /Applications/XAMPP/xamppfiles/htdocs/blog/Application/Home/Controller/IndexController.class.php 第 25 行.
NOTIC: [8] Undefined variable: pageObj /Applications/XAMPP/xamppfiles/htdocs/blog/Application/Home/Controller/IndexController.class.php 第 25 行.
NOTIC: [8] Trying to get property of non-object /Applications/XAMPP/xamppfiles/htdocs/blog/Application/Home/Controller/IndexController.class.php 第 25 行.
SQL: SELECT * FROM `z_post` ORDER BY ctime desc  [ RunTime:0.0004s ]
INFO: [ view_parse ] --START--
INFO: [ template_filter ] --START--
INFO: Run Behavior\ContentReplaceBehavior [ RunTime:0.000043s ]
INFO: [ template_filter ] --END-- [ RunTime:0.000080s ]
NOTIC: [8] Undefined variable: archive_current /Applications/XAMPP/xamppfiles/htdocs/blog/Application/Runtime/Cache/Home/2a94b8bda04ff446dcedd42276fc99ee.php 第 34 行.
NOTIC: [8] Undefined variable: about_current /Applications/XAMPP/xamppfiles/htdocs/blog/Application/Runtime/Cache/Home/2a94b8bda04ff446dcedd42276fc99ee.php 第 36 行.
SQL: SHOW COLUMNS FROM `z_category` [ RunTime:0.0012s ]
SQL: SELECT * FROM `z_category`  [ RunTime:0.0002s ]
INFO: [ view_parse ] --START--
INFO: [ template_filter ] --START--
INFO: Run Behavior\ContentReplaceBehavior [ RunTime:0.000019s ]
INFO: [ template_filter ] --END-- [ RunTime:-0.004390s ]
INFO: Run Behavior\ParseTemplateBehavior [ RunTime:0.001586s ]
INFO: [ view_parse ] --END-- [ RunTime:0.001627s ]
INFO: [ view_filter ] --START--
INFO: Run Behavior\WriteHtmlCacheBehavior [ RunTime:0.000521s ]
INFO: [ view_filter ] --END-- [ RunTime:0.000556s ]
SQL: SHOW COLUMNS FROM `z_tag` [ RunTime:0.0013s ]
SQL: SELECT * FROM `z_tag`  [ RunTime:0.0002s ]
INFO: [ view_parse ] --START--
INFO: [ template_filter ] --START--
INFO: Run Behavior\ContentReplaceBehavior [ RunTime:0.000015s ]
INFO: [ template_filter ] --END-- [ RunTime:-0.008197s ]
INFO: Run Behavior\ParseTemplateBehavior [ RunTime:0.001567s ]
INFO: [ view_parse ] --END-- [ RunTime:-0.002314s ]
INFO: [ view_filter ] --START--
INFO: Run Behavior\WriteHtmlCacheBehavior [ RunTime:0.000007s ]
INFO: [ view_filter ] --END-- [ RunTime:-0.003368s ]
SQL: SHOW COLUMNS FROM `z_post` [ RunTime:0.0012s ]
SQL: SELECT * FROM `z_post` ORDER BY ctime desc LIMIT 5   [ RunTime:0.0003s ]
INFO: [ view_parse ] --START--
INFO: [ template_filter ] --START--
INFO: Run Behavior\ContentReplaceBehavior [ RunTime:0.000017s ]
INFO: [ template_filter ] --END-- [ RunTime:-0.012055s ]
INFO: Run Behavior\ParseTemplateBehavior [ RunTime:0.001772s ]
INFO: [ view_parse ] --END-- [ RunTime:-0.005839s ]
INFO: [ view_filter ] --START--
INFO: Run Behavior\WriteHtmlCacheBehavior [ RunTime:0.000006s ]
INFO: [ view_filter ] --END-- [ RunTime:-0.007082s ]
INFO: [ view_parse ] --START--
INFO: [ template_filter ] --START--
INFO: Run Behavior\ContentReplaceBehavior [ RunTime:0.000016s ]
INFO: [ template_filter ] --END-- [ RunTime:-0.013384s ]
INFO: Run Behavior\ParseTemplateBehavior [ RunTime:0.001096s ]
INFO: [ view_parse ] --END-- [ RunTime:-0.007737s ]
INFO: [ view_filter ] --START--
INFO: Run Behavior\WriteHtmlCacheBehavior [ RunTime:0.000008s ]
INFO: [ view_filter ] --END-- [ RunTime:-0.008307s ]
INFO: Run Behavior\ParseTemplateBehavior [ RunTime:0.001195s ]
INFO: [ view_parse ] --END-- [ RunTime:-0.007737s ]
INFO: [ view_filter ] --START--
INFO: Run Behavior\WriteHtmlCacheBehavior [ RunTime:0.000005s ]
INFO: [ view_filter ] --END-- [ RunTime:-0.008403s ]
INFO: [ app_end ] --START--
INFO: Run Behavior\ShowPageTraceBehavior [ RunTime:0.001123s ]
INFO: [ app_end ] --END-- [ RunTime:0.001172s ]

[ 2016-11-03T00:41:11+08:00 ] 127.0.0.1 /
INFO: [ app_init ] --START--
INFO: Run Behavior\BuildLiteBehavior [ RunTime:0.000009s ]
INFO: [ app_init ] --END-- [ RunTime:0.000265s ]
INFO: [ app_begin ] --START--
INFO: Run Behavior\ReadHtmlCacheBehavior [ RunTime:0.000451s ]
INFO: [ app_begin ] --END-- [ RunTime:0.000498s ]
SQL: SHOW COLUMNS FROM `z_post` [ RunTime:0.0013s ]
SQL: SELECT COUNT(*) AS tp_count FROM `z_post` LIMIT 1   [ RunTime:0.0002s ]
NOTIC: [8] Undefined variable: pageObj /Applications/XAMPP/xamppfiles/htdocs/blog/Application/Home/Controller/IndexController.class.php 第 25 行.
NOTIC: [8] Trying to get property of non-object /Applications/XAMPP/xamppfiles/htdocs/blog/Application/Home/Controller/IndexController.class.php 第 25 行.
NOTIC: [8] Undefined variable: pageObj /Applications/XAMPP/xamppfiles/htdocs/blog/Application/Home/Controller/IndexController.class.php 第 25 行.
NOTIC: [8] Trying to get property of non-object /Applications/XAMPP/xamppfiles/htdocs/blog/Application/Home/Controller/IndexController.class.php 第 25 行.
SQL: SELECT * FROM `z_post` ORDER BY ctime desc  [ RunTime:0.0002s ]
INFO: [ view_parse ] --START--
INFO: [ template_filter ] --START--
INFO: Run Behavior\ContentReplaceBehavior [ RunTime:0.000045s ]
INFO: [ template_filter ] --END-- [ RunTime:0.000091s ]
NOTIC: [8] Undefined variable: archive_current /Applications/XAMPP/xamppfiles/htdocs/blog/Application/Runtime/Cache/Home/2a94b8bda04ff446dcedd42276fc99ee.php 第 34 行.
NOTIC: [8] Undefined variable: about_current /Applications/XAMPP/xamppfiles/htdocs/blog/Application/Runtime/Cache/Home/2a94b8bda04ff446dcedd42276fc99ee.php 第 36 行.
SQL: SHOW COLUMNS FROM `z_category` [ RunTime:0.0013s ]
SQL: SELECT * FROM `z_category`  [ RunTime:0.0002s ]
INFO: [ view_parse ] --START--
INFO: [ template_filter ] --START--
INFO: Run Behavior\ContentReplaceBehavior [ RunTime:0.000015s ]
INFO: [ template_filter ] --END-- [ RunTime:-0.003435s ]
INFO: Run Behavior\ParseTemplateBehavior [ RunTime:0.001364s ]
INFO: [ view_parse ] --END-- [ RunTime:0.001409s ]
INFO: [ view_filter ] --START--
INFO: Run Behavior\WriteHtmlCacheBehavior [ RunTime:0.000190s ]
INFO: [ view_filter ] --END-- [ RunTime:0.000219s ]
SQL: SHOW COLUMNS FROM `z_tag` [ RunTime:0.0013s ]
SQL: SELECT * FROM `z_tag`  [ RunTime:0.0002s ]
INFO: [ view_parse ] --START--
INFO: [ template_filter ] --START--
INFO: Run Behavior\ContentReplaceBehavior [ RunTime:0.000014s ]
INFO: [ template_filter ] --END-- [ RunTime:-0.006801s ]
INFO: Run Behavior\ParseTemplateBehavior [ RunTime:0.001250s ]
INFO: [ view_parse ] --END-- [ RunTime:-0.002066s ]
INFO: [ view_filter ] --START--
INFO: Run Behavior\WriteHtmlCacheBehavior [ RunTime:0.000009s ]
INFO: [ view_filter ] --END-- [ RunTime:-0.003141s ]
SQL: SHOW COLUMNS FROM `z_post` [ RunTime:0.0011s ]
SQL: SELECT * FROM `z_post` ORDER BY ctime desc LIMIT 5   [ RunTime:0.0003s ]
INFO: [ view_parse ] --START--
INFO: [ template_filter ] --START--
INFO: Run Behavior\ContentReplaceBehavior [ RunTime:0.000014s ]
INFO: [ template_filter ] --END-- [ RunTime:-0.009827s ]
INFO: Run Behavior\ParseTemplateBehavior [ RunTime:0.001097s ]
INFO: [ view_parse ] --END-- [ RunTime:-0.005120s ]
INFO: [ view_filter ] --START--
INFO: Run Behavior\WriteHtmlCacheBehavior [ RunTime:0.000009s ]
INFO: [ view_filter ] --END-- [ RunTime:-0.006065s ]
INFO: [ view_parse ] --START--
INFO: [ template_filter ] --START--
INFO: Run Behavior\ContentReplaceBehavior [ RunTime:0.000013s ]
INFO: [ template_filter ] --END-- [ RunTime:-0.010965s ]
INFO: Run Behavior\ParseTemplateBehavior [ RunTime:0.000803s ]
INFO: [ view_parse ] --END-- [ RunTime:-0.006406s ]
INFO: [ view_filter ] --START--
INFO: Run Behavior\WriteHtmlCacheBehavior [ RunTime:0.000006s ]
INFO: [ view_filter ] --END-- [ RunTime:-0.007007s ]
INFO: Run Behavior\ParseTemplateBehavior [ RunTime:0.000869s ]
INFO: [ view_parse ] --END-- [ RunTime:-0.006406s ]
INFO: [ view_filter ] --START--
INFO: Run Behavior\WriteHtmlCacheBehavior [ RunTime:0.000004s ]
INFO: [ view_filter ] --END-- [ RunTime:-0.007062s ]
INFO: [ app_end ] --START--
INFO: Run Behavior\ShowPageTraceBehavior [ RunTime:0.000478s ]
INFO: [ app_end ] --END-- [ RunTime:0.000529s ]

[ 2016-11-03T00:41:19+08:00 ] 127.0.0.1 /blog/12.html
INFO: [ app_init ] --START--
INFO: Run Behavior\BuildLiteBehavior [ RunTime:0.000061s ]
INFO: [ app_init ] --END-- [ RunTime:0.000456s ]
INFO: [ app_begin ] --START--
INFO: Run Behavior\ReadHtmlCacheBehavior [ RunTime:0.000316s ]
INFO: [ app_begin ] --END-- [ RunTime:0.000343s ]
SQL: SHOW COLUMNS FROM `z_post` [ RunTime:0.0091s ]
SQL: SHOW COLUMNS FROM `z_post` [ RunTime:0.0020s ]
SQL: UPDATE `z_post` SET `pv`=pv+1 WHERE `id` = 12 [ RunTime:0.0018s ]
SQL: SELECT * FROM `z_post` WHERE `id` = 12 LIMIT 1   [ RunTime:0.0006s ]
SQL: SELECT * FROM `z_post` WHERE ( id < 12 ) LIMIT 1   [ RunTime:0.0007s ]
SQL: SELECT * FROM `z_post` WHERE ( id > 12 ) LIMIT 1   [ RunTime:0.0004s ]
SQL: SHOW COLUMNS FROM `z_comment` [ RunTime:0.0028s ]
SQL: SELECT * FROM `z_comment` WHERE `postid` = 12  [ RunTime:0.0003s ]
SQL: SELECT COUNT(*) AS tp_count FROM `z_comment` WHERE `postid` = 12 LIMIT 1   [ RunTime:0.0004s ]
INFO: [ view_parse ] --START--
INFO: [ template_filter ] --START--
INFO: Run Behavior\ContentReplaceBehavior [ RunTime:0.000092s ]
INFO: [ template_filter ] --END-- [ RunTime:0.000126s ]
NOTIC: [8] Undefined variable: archive_current /Applications/XAMPP/xamppfiles/htdocs/blog/Application/Runtime/Cache/Home/1223f42a89e823bf89547594651162de.php 第 79 行.
NOTIC: [8] Undefined variable: about_current /Applications/XAMPP/xamppfiles/htdocs/blog/Application/Runtime/Cache/Home/1223f42a89e823bf89547594651162de.php 第 81 行.
SQL: SHOW COLUMNS FROM `z_category` [ RunTime:0.0015s ]
SQL: SELECT * FROM `z_category`  [ RunTime:0.0002s ]
INFO: [ view_parse ] --START--
INFO: [ template_filter ] --START--
INFO: Run Behavior\ContentReplaceBehavior [ RunTime:0.000015s ]
INFO: [ template_filter ] --END-- [ RunTime:-0.006096s ]
INFO: Run Behavior\ParseTemplateBehavior [ RunTime:0.001636s ]
INFO: [ view_parse ] --END-- [ RunTime:0.001672s ]
INFO: [ view_filter ] --START--
INFO: Run Behavior\WriteHtmlCacheBehavior [ RunTime:0.000154s ]
INFO: [ view_filter ] --END-- [ RunTime:0.000176s ]
SQL: SHOW COLUMNS FROM `z_tag` [ RunTime:0.0011s ]
SQL: SELECT * FROM `z_tag`  [ RunTime:0.0002s ]
INFO: [ view_parse ] --START--
INFO: [ template_filter ] --START--
INFO: Run Behavior\ContentReplaceBehavior [ RunTime:0.000016s ]
INFO: [ template_filter ] --END-- [ RunTime:-0.009216s ]
INFO: Run Behavior\ParseTemplateBehavior [ RunTime:0.001355s ]
INFO: [ view_parse ] --END-- [ RunTime:-0.001804s ]
INFO: [ view_filter ] --START--
INFO: Run Behavior\WriteHtmlCacheBehavior [ RunTime:0.000009s ]
INFO: [ view_filter ] --END-- [ RunTime:-0.003032s ]
SQL: SELECT * FROM `z_post` ORDER BY ctime desc LIMIT 5   [ RunTime:0.0003s ]
INFO: [ view_parse ] --START--
INFO: [ template_filter ] --START--
INFO: Run Behavior\ContentReplaceBehavior [ RunTime:0.000013s ]
INFO: [ template_filter ] --END-- [ RunTime:-0.011108s ]
INFO: Run Behavior\ParseTemplateBehavior [ RunTime:0.001113s ]
INFO: [ view_parse ] --END-- [ RunTime:-0.003827s ]
INFO: [ view_filter ] --START--
INFO: Run Behavior\WriteHtmlCacheBehavior [ RunTime:0.000008s ]
INFO: [ view_filter ] --END-- [ RunTime:-0.004797s ]
INFO: [ view_parse ] --START--
INFO: [ template_filter ] --START--
INFO: Run Behavior\ContentReplaceBehavior [ RunTime:0.000013s ]
INFO: [ template_filter ] --END-- [ RunTime:-0.012173s ]
INFO: Run Behavior\ParseTemplateBehavior [ RunTime:0.000740s ]
INFO: [ view_parse ] --END-- [ RunTime:-0.005096s ]
INFO: [ view_filter ] --START--
INFO: Run Behavior\WriteHtmlCacheBehavior [ RunTime:0.000007s ]
INFO: [ view_filter ] --END-- [ RunTime:-0.005685s ]
INFO: Run Behavior\ParseTemplateBehavior [ RunTime:0.000817s ]
INFO: [ view_parse ] --END-- [ RunTime:-0.005096s ]
INFO: [ view_filter ] --START--
INFO: Run Behavior\WriteHtmlCacheBehavior [ RunTime:0.000003s ]
INFO: [ view_filter ] --END-- [ RunTime:-0.005744s ]
INFO: [ app_end ] --START--
INFO: Run Behavior\ShowPageTraceBehavior [ RunTime:0.000550s ]
INFO: [ app_end ] --END-- [ RunTime:0.000597s ]

[ 2016-11-03T00:41:25+08:00 ] 127.0.0.1 /blog/archive/
INFO: [ app_init ] --START--
INFO: Run Behavior\BuildLiteBehavior [ RunTime:0.000007s ]
INFO: [ app_init ] --END-- [ RunTime:0.000200s ]
INFO: [ app_begin ] --START--
INFO: Run Behavior\ReadHtmlCacheBehavior [ RunTime:0.000237s ]
INFO: [ app_begin ] --END-- [ RunTime:0.000260s ]
SQL: SHOW COLUMNS FROM `z_post` [ RunTime:0.0014s ]
SQL: SELECT COUNT(*) AS tp_count FROM `z_post` LIMIT 1   [ RunTime:0.0002s ]
SQL: SHOW COLUMNS FROM `z_post` [ RunTime:0.0011s ]
SQL: SELECT * FROM `z_post` ORDER BY ctime desc LIMIT 0,10   [ RunTime:0.0003s ]
INFO: [ view_parse ] --START--
INFO: [ template_filter ] --START--
INFO: Run Behavior\ContentReplaceBehavior [ RunTime:0.000030s ]
INFO: [ template_filter ] --END-- [ RunTime:0.000055s ]
NOTIC: [8] Undefined variable: index_current /Applications/XAMPP/xamppfiles/htdocs/blog/Application/Runtime/Cache/Home/ade7d4477fc643e9340d31bf3970044f.php 第 32 行.
NOTIC: [8] Undefined variable: about_current /Applications/XAMPP/xamppfiles/htdocs/blog/Application/Runtime/Cache/Home/ade7d4477fc643e9340d31bf3970044f.php 第 36 行.
SQL: SHOW COLUMNS FROM `z_category` [ RunTime:0.0011s ]
SQL: SELECT * FROM `z_category`  [ RunTime:0.0002s ]
INFO: [ view_parse ] --START--
INFO: [ template_filter ] --START--
INFO: Run Behavior\ContentReplaceBehavior [ RunTime:0.000012s ]
INFO: [ template_filter ] --END-- [ RunTime:-0.002965s ]
INFO: Run Behavior\ParseTemplateBehavior [ RunTime:0.001145s ]
INFO: [ view_parse ] --END-- [ RunTime:0.001182s ]
INFO: [ view_filter ] --START--
INFO: Run Behavior\WriteHtmlCacheBehavior [ RunTime:0.000105s ]
INFO: [ view_filter ] --END-- [ RunTime:0.000120s ]
SQL: SHOW COLUMNS FROM `z_tag` [ RunTime:0.0010s ]
SQL: SELECT * FROM `z_tag`  [ RunTime:0.0002s ]
INFO: [ view_parse ] --START--
INFO: [ template_filter ] --START--
INFO: Run Behavior\ContentReplaceBehavior [ RunTime:0.000012s ]
INFO: [ template_filter ] --END-- [ RunTime:-0.005324s ]
INFO: Run Behavior\ParseTemplateBehavior [ RunTime:0.000847s ]
INFO: [ view_parse ] --END-- [ RunTime:-0.001523s ]
INFO: [ view_filter ] --START--
INFO: Run Behavior\WriteHtmlCacheBehavior [ RunTime:0.000006s ]
INFO: [ view_filter ] --END-- [ RunTime:-0.002277s ]
SQL: SELECT * FROM `z_post` ORDER BY ctime desc LIMIT 5   [ RunTime:0.0002s ]
INFO: [ view_parse ] --START--
INFO: [ template_filter ] --START--
INFO: Run Behavior\ContentReplaceBehavior [ RunTime:0.000011s ]
INFO: [ template_filter ] --END-- [ RunTime:-0.006680s ]
INFO: Run Behavior\ParseTemplateBehavior [ RunTime:0.000858s ]
INFO: [ view_parse ] --END-- [ RunTime:-0.002812s ]
INFO: [ view_filter ] --START--
INFO: Run Behavior\WriteHtmlCacheBehavior [ RunTime:0.000005s ]
INFO: [ view_filter ] --END-- [ RunTime:-0.003570s ]
INFO: [ view_parse ] --START--
INFO: [ template_filter ] --START--
INFO: Run Behavior\ContentReplaceBehavior [ RunTime:0.000009s ]
INFO: [ template_filter ] --END-- [ RunTime:-0.007376s ]
INFO: Run Behavior\ParseTemplateBehavior [ RunTime:0.000494s ]
INFO: [ view_parse ] --END-- [ RunTime:-0.003761s ]
INFO: [ view_filter ] --START--
INFO: Run Behavior\WriteHtmlCacheBehavior [ RunTime:0.000004s ]
INFO: [ view_filter ] --END-- [ RunTime:-0.004150s ]
INFO: Run Behavior\ParseTemplateBehavior [ RunTime:0.000549s ]
INFO: [ view_parse ] --END-- [ RunTime:-0.003761s ]
INFO: [ view_filter ] --START--
INFO: Run Behavior\WriteHtmlCacheBehavior [ RunTime:0.000002s ]
INFO: [ view_filter ] --END-- [ RunTime:-0.004197s ]
INFO: [ app_end ] --START--
INFO: Run Behavior\ShowPageTraceBehavior [ RunTime:0.000339s ]
INFO: [ app_end ] --END-- [ RunTime:0.000355s ]

[ 2016-11-03T00:41:26+08:00 ] 127.0.0.1 /
INFO: [ app_init ] --START--
INFO: Run Behavior\BuildLiteBehavior [ RunTime:0.000008s ]
INFO: [ app_init ] --END-- [ RunTime:0.000255s ]
INFO: [ app_begin ] --START--
INFO: Run Behavior\ReadHtmlCacheBehavior [ RunTime:0.000352s ]
INFO: [ app_begin ] --END-- [ RunTime:0.000377s ]
SQL: SHOW COLUMNS FROM `z_post` [ RunTime:0.0090s ]
SQL: SELECT COUNT(*) AS tp_count FROM `z_post` LIMIT 1   [ RunTime:0.0003s ]
NOTIC: [8] Undefined variable: pageObj /Applications/XAMPP/xamppfiles/htdocs/blog/Application/Home/Controller/IndexController.class.php 第 25 行.
NOTIC: [8] Trying to get property of non-object /Applications/XAMPP/xamppfiles/htdocs/blog/Application/Home/Controller/IndexController.class.php 第 25 行.
NOTIC: [8] Undefined variable: pageObj /Applications/XAMPP/xamppfiles/htdocs/blog/Application/Home/Controller/IndexController.class.php 第 25 行.
NOTIC: [8] Trying to get property of non-object /Applications/XAMPP/xamppfiles/htdocs/blog/Application/Home/Controller/IndexController.class.php 第 25 行.
SQL: SELECT * FROM `z_post` ORDER BY ctime desc  [ RunTime:0.0004s ]
INFO: [ view_parse ] --START--
INFO: [ template_filter ] --START--
INFO: Run Behavior\ContentReplaceBehavior [ RunTime:0.000031s ]
INFO: [ template_filter ] --END-- [ RunTime:0.000059s ]
NOTIC: [8] Undefined variable: archive_current /Applications/XAMPP/xamppfiles/htdocs/blog/Application/Runtime/Cache/Home/2a94b8bda04ff446dcedd42276fc99ee.php 第 34 行.
NOTIC: [8] Undefined variable: about_current /Applications/XAMPP/xamppfiles/htdocs/blog/Application/Runtime/Cache/Home/2a94b8bda04ff446dcedd42276fc99ee.php 第 36 行.
SQL: SHOW COLUMNS FROM `z_category` [ RunTime:0.0013s ]
SQL: SELECT * FROM `z_category`  [ RunTime:0.0002s ]
INFO: [ view_parse ] --START--
INFO: [ template_filter ] --START--
INFO: Run Behavior\ContentReplaceBehavior [ RunTime:0.000013s ]
INFO: [ template_filter ] --END-- [ RunTime:-0.003058s ]
INFO: Run Behavior\ParseTemplateBehavior [ RunTime:0.001055s ]
INFO: [ view_parse ] --END-- [ RunTime:0.001084s ]
INFO: [ view_filter ] --START--
INFO: Run Behavior\WriteHtmlCacheBehavior [ RunTime:0.000107s ]
INFO: [ view_filter ] --END-- [ RunTime:0.000121s ]
SQL: SHOW COLUMNS FROM `z_tag` [ RunTime:0.0009s ]
SQL: SELECT * FROM `z_tag`  [ RunTime:0.0002s ]
INFO: [ view_parse ] --START--
INFO: [ template_filter ] --START--
INFO: Run Behavior\ContentReplaceBehavior [ RunTime:0.000012s ]
INFO: [ template_filter ] --END-- [ RunTime:-0.005374s ]
INFO: Run Behavior\ParseTemplateBehavior [ RunTime:0.000952s ]
INFO: [ view_parse ] --END-- [ RunTime:-0.001437s ]
INFO: [ view_filter ] --START--
INFO: Run Behavior\WriteHtmlCacheBehavior [ RunTime:0.000008s ]
INFO: [ view_filter ] --END-- [ RunTime:-0.002482s ]
SQL: SHOW COLUMNS FROM `z_post` [ RunTime:0.0015s ]
SQL: SELECT * FROM `z_post` ORDER BY ctime desc LIMIT 5   [ RunTime:0.0003s ]
INFO: [ view_parse ] --START--
INFO: [ template_filter ] --START--
INFO: Run Behavior\ContentReplaceBehavior [ RunTime:0.000012s ]
INFO: [ template_filter ] --END-- [ RunTime:-0.008707s ]
INFO: Run Behavior\ParseTemplateBehavior [ RunTime:0.000985s ]
INFO: [ view_parse ] --END-- [ RunTime:-0.004662s ]
INFO: [ view_filter ] --START--
INFO: Run Behavior\WriteHtmlCacheBehavior [ RunTime:0.000006s ]
INFO: [ view_filter ] --END-- [ RunTime:-0.005555s ]
INFO: [ view_parse ] --START--
INFO: [ template_filter ] --START--
INFO: Run Behavior\ContentReplaceBehavior [ RunTime:0.000010s ]
INFO: [ template_filter ] --END-- [ RunTime:-0.009516s ]
INFO: Run Behavior\ParseTemplateBehavior [ RunTime:0.000522s ]
INFO: [ view_parse ] --END-- [ RunTime:-0.005757s ]
INFO: [ view_filter ] --START--
INFO: Run Behavior\WriteHtmlCacheBehavior [ RunTime:0.000004s ]
INFO: [ view_filter ] --END-- [ RunTime:-0.006175s ]
INFO: Run Behavior\ParseTemplateBehavior [ RunTime:0.000572s ]
INFO: [ view_parse ] --END-- [ RunTime:-0.005757s ]
INFO: [ view_filter ] --START--
INFO: Run Behavior\WriteHtmlCacheBehavior [ RunTime:0.000003s ]
INFO: [ view_filter ] --END-- [ RunTime:-0.006217s ]
INFO: [ app_end ] --START--
INFO: Run Behavior\ShowPageTraceBehavior [ RunTime:0.000491s ]
INFO: [ app_end ] --END-- [ RunTime:0.000531s ]

[ 2016-11-03T00:41:28+08:00 ] 127.0.0.1 /blog/archive/
INFO: [ app_init ] --START--
INFO: Run Behavior\BuildLiteBehavior [ RunTime:0.000009s ]
INFO: [ app_init ] --END-- [ RunTime:0.000261s ]
INFO: [ app_begin ] --START--
INFO: Run Behavior\ReadHtmlCacheBehavior [ RunTime:0.000338s ]
INFO: [ app_begin ] --END-- [ RunTime:0.000369s ]
SQL: SHOW COLUMNS FROM `z_post` [ RunTime:0.0099s ]
SQL: SELECT COUNT(*) AS tp_count FROM `z_post` LIMIT 1   [ RunTime:0.0003s ]
SQL: SHOW COLUMNS FROM `z_post` [ RunTime:0.0022s ]
SQL: SELECT * FROM `z_post` ORDER BY ctime desc LIMIT 0,10   [ RunTime:0.0006s ]
INFO: [ view_parse ] --START--
INFO: [ template_filter ] --START--
INFO: Run Behavior\ContentReplaceBehavior [ RunTime:0.000043s ]
INFO: [ template_filter ] --END-- [ RunTime:0.000079s ]
NOTIC: [8] Undefined variable: index_current /Applications/XAMPP/xamppfiles/htdocs/blog/Application/Runtime/Cache/Home/ade7d4477fc643e9340d31bf3970044f.php 第 32 行.
NOTIC: [8] Undefined variable: about_current /Applications/XAMPP/xamppfiles/htdocs/blog/Application/Runtime/Cache/Home/ade7d4477fc643e9340d31bf3970044f.php 第 36 行.
SQL: SHOW COLUMNS FROM `z_category` [ RunTime:0.0018s ]
SQL: SELECT * FROM `z_category`  [ RunTime:0.0002s ]
INFO: [ view_parse ] --START--
INFO: [ template_filter ] --START--
INFO: Run Behavior\ContentReplaceBehavior [ RunTime:0.000011s ]
INFO: [ template_filter ] --END-- [ RunTime:-0.003758s ]
INFO: Run Behavior\ParseTemplateBehavior [ RunTime:0.000934s ]
INFO: [ view_parse ] --END-- [ RunTime:0.000963s ]
INFO: [ view_filter ] --START--
INFO: Run Behavior\WriteHtmlCacheBehavior [ RunTime:0.000103s ]
INFO: [ view_filter ] --END-- [ RunTime:0.000117s ]
SQL: SHOW COLUMNS FROM `z_tag` [ RunTime:0.0010s ]
SQL: SELECT * FROM `z_tag`  [ RunTime:0.0002s ]
INFO: [ view_parse ] --START--
INFO: [ template_filter ] --START--
INFO: Run Behavior\ContentReplaceBehavior [ RunTime:0.000012s ]
INFO: [ template_filter ] --END-- [ RunTime:-0.006071s ]
INFO: Run Behavior\ParseTemplateBehavior [ RunTime:0.000751s ]
INFO: [ view_parse ] --END-- [ RunTime:-0.001490s ]
INFO: [ view_filter ] --START--
INFO: Run Behavior\WriteHtmlCacheBehavior [ RunTime:0.000004s ]
INFO: [ view_filter ] --END-- [ RunTime:-0.002146s ]
SQL: SELECT * FROM `z_post` ORDER BY ctime desc LIMIT 5   [ RunTime:0.0002s ]
INFO: [ view_parse ] --START--
INFO: [ template_filter ] --START--
INFO: Run Behavior\ContentReplaceBehavior [ RunTime:0.000010s ]
INFO: [ template_filter ] --END-- [ RunTime:-0.007268s ]
INFO: Run Behavior\ParseTemplateBehavior [ RunTime:0.000740s ]
INFO: [ view_parse ] --END-- [ RunTime:-0.002671s ]
INFO: [ view_filter ] --START--
INFO: Run Behavior\WriteHtmlCacheBehavior [ RunTime:0.000004s ]
INFO: [ view_filter ] --END-- [ RunTime:-0.003315s ]
INFO: [ view_parse ] --START--
INFO: [ template_filter ] --START--
INFO: Run Behavior\ContentReplaceBehavior [ RunTime:0.000008s ]
INFO: [ template_filter ] --END-- [ RunTime:-0.007868s ]
INFO: Run Behavior\ParseTemplateBehavior [ RunTime:0.000507s ]
INFO: [ view_parse ] --END-- [ RunTime:-0.003504s ]
INFO: [ view_filter ] --START--
INFO: Run Behavior\WriteHtmlCacheBehavior [ RunTime:0.000006s ]
INFO: [ view_filter ] --END-- [ RunTime:-0.003919s ]
INFO: Run Behavior\ParseTemplateBehavior [ RunTime:0.000583s ]
INFO: [ view_parse ] --END-- [ RunTime:-0.003504s ]
INFO: [ view_filter ] --START--
INFO: Run Behavior\WriteHtmlCacheBehavior [ RunTime:0.000005s ]
INFO: [ view_filter ] --END-- [ RunTime:-0.003987s ]
INFO: [ app_end ] --START--
INFO: Run Behavior\ShowPageTraceBehavior [ RunTime:0.000516s ]
INFO: [ app_end ] --END-- [ RunTime:0.000541s ]

[ 2016-11-03T00:41:29+08:00 ] 127.0.0.1 /
INFO: [ app_init ] --START--
INFO: Run Behavior\BuildLiteBehavior [ RunTime:0.000007s ]
INFO: [ app_init ] --END-- [ RunTime:0.000187s ]
INFO: [ app_begin ] --START--
INFO: Run Behavior\ReadHtmlCacheBehavior [ RunTime:0.000264s ]
INFO: [ app_begin ] --END-- [ RunTime:0.000287s ]
SQL: SHOW COLUMNS FROM `z_post` [ RunTime:0.0097s ]
SQL: SELECT COUNT(*) AS tp_count FROM `z_post` LIMIT 1   [ RunTime:0.0003s ]
NOTIC: [8] Undefined variable: pageObj /Applications/XAMPP/xamppfiles/htdocs/blog/Application/Home/Controller/IndexController.class.php 第 25 行.
NOTIC: [8] Trying to get property of non-object /Applications/XAMPP/xamppfiles/htdocs/blog/Application/Home/Controller/IndexController.class.php 第 25 行.
NOTIC: [8] Undefined variable: pageObj /Applications/XAMPP/xamppfiles/htdocs/blog/Application/Home/Controller/IndexController.class.php 第 25 行.
NOTIC: [8] Trying to get property of non-object /Applications/XAMPP/xamppfiles/htdocs/blog/Application/Home/Controller/IndexController.class.php 第 25 行.
SQL: SELECT * FROM `z_post` ORDER BY ctime desc  [ RunTime:0.0005s ]
INFO: [ view_parse ] --START--
INFO: [ template_filter ] --START--
INFO: Run Behavior\ContentReplaceBehavior [ RunTime:0.000040s ]
INFO: [ template_filter ] --END-- [ RunTime:0.000073s ]
NOTIC: [8] Undefined variable: archive_current /Applications/XAMPP/xamppfiles/htdocs/blog/Application/Runtime/Cache/Home/2a94b8bda04ff446dcedd42276fc99ee.php 第 34 行.
NOTIC: [8] Undefined variable: about_current /Applications/XAMPP/xamppfiles/htdocs/blog/Application/Runtime/Cache/Home/2a94b8bda04ff446dcedd42276fc99ee.php 第 36 行.
SQL: SHOW COLUMNS FROM `z_category` [ RunTime:0.0012s ]
SQL: SELECT * FROM `z_category`  [ RunTime:0.0002s ]
INFO: [ view_parse ] --START--
INFO: [ template_filter ] --START--
INFO: Run Behavior\ContentReplaceBehavior [ RunTime:0.000014s ]
INFO: [ template_filter ] --END-- [ RunTime:-0.003023s ]
INFO: Run Behavior\ParseTemplateBehavior [ RunTime:0.001061s ]
INFO: [ view_parse ] --END-- [ RunTime:0.001105s ]
INFO: [ view_filter ] --START--
INFO: Run Behavior\WriteHtmlCacheBehavior [ RunTime:0.000205s ]
INFO: [ view_filter ] --END-- [ RunTime:0.000236s ]
SQL: SHOW COLUMNS FROM `z_tag` [ RunTime:0.0014s ]
SQL: SELECT * FROM `z_tag`  [ RunTime:0.0002s ]
INFO: [ view_parse ] --START--
INFO: [ template_filter ] --START--
INFO: Run Behavior\ContentReplaceBehavior [ RunTime:0.000013s ]
INFO: [ template_filter ] --END-- [ RunTime:-0.006042s ]
INFO: Run Behavior\ParseTemplateBehavior [ RunTime:0.001017s ]
INFO: [ view_parse ] --END-- [ RunTime:-0.002053s ]
INFO: [ view_filter ] --START--
INFO: Run Behavior\WriteHtmlCacheBehavior [ RunTime:0.000006s ]
INFO: [ view_filter ] --END-- [ RunTime:-0.002857s ]
SQL: SHOW COLUMNS FROM `z_post` [ RunTime:0.0012s ]
SQL: SELECT * FROM `z_post` ORDER BY ctime desc LIMIT 5   [ RunTime:0.0003s ]
INFO: [ view_parse ] --START--
INFO: [ template_filter ] --START--
INFO: Run Behavior\ContentReplaceBehavior [ RunTime:0.000015s ]
INFO: [ template_filter ] --END-- [ RunTime:-0.009103s ]
INFO: Run Behavior\ParseTemplateBehavior [ RunTime:0.001021s ]
INFO: [ view_parse ] --END-- [ RunTime:-0.005019s ]
INFO: [ view_filter ] --START--
INFO: Run Behavior\WriteHtmlCacheBehavior [ RunTime:0.000006s ]
INFO: [ view_filter ] --END-- [ RunTime:-0.005825s ]
INFO: [ view_parse ] --START--
INFO: [ template_filter ] --START--
INFO: Run Behavior\ContentReplaceBehavior [ RunTime:0.000011s ]
INFO: [ template_filter ] --END-- [ RunTime:-0.009934s ]
INFO: Run Behavior\ParseTemplateBehavior [ RunTime:0.000562s ]
INFO: [ view_parse ] --END-- [ RunTime:-0.006157s ]
INFO: [ view_filter ] --START--
INFO: Run Behavior\WriteHtmlCacheBehavior [ RunTime:0.000004s ]
INFO: [ view_filter ] --END-- [ RunTime:-0.006527s ]
INFO: Run Behavior\ParseTemplateBehavior [ RunTime:0.000649s ]
INFO: [ view_parse ] --END-- [ RunTime:-0.006157s ]
INFO: [ view_filter ] --START--
INFO: Run Behavior\WriteHtmlCacheBehavior [ RunTime:0.000003s ]
INFO: [ view_filter ] --END-- [ RunTime:-0.006571s ]
INFO: [ app_end ] --START--
INFO: Run Behavior\ShowPageTraceBehavior [ RunTime:0.000606s ]
INFO: [ app_end ] --END-- [ RunTime:0.000645s ]

[ 2016-11-03T00:41:31+08:00 ] 127.0.0.1 /blog/archive/
INFO: [ app_init ] --START--
INFO: Run Behavior\BuildLiteBehavior [ RunTime:0.000007s ]
INFO: [ app_init ] --END-- [ RunTime:0.000194s ]
INFO: [ app_begin ] --START--
INFO: Run Behavior\ReadHtmlCacheBehavior [ RunTime:0.000239s ]
INFO: [ app_begin ] --END-- [ RunTime:0.000261s ]
SQL: SHOW COLUMNS FROM `z_post` [ RunTime:0.0109s ]
SQL: SELECT COUNT(*) AS tp_count FROM `z_post` LIMIT 1   [ RunTime:0.0006s ]
SQL: SHOW COLUMNS FROM `z_post` [ RunTime:0.0017s ]
SQL: SELECT * FROM `z_post` ORDER BY ctime desc LIMIT 0,10   [ RunTime:0.0006s ]
INFO: [ view_parse ] --START--
INFO: [ template_filter ] --START--
INFO: Run Behavior\ContentReplaceBehavior [ RunTime:0.000054s ]
INFO: [ template_filter ] --END-- [ RunTime:0.000114s ]
NOTIC: [8] Undefined variable: index_current /Applications/XAMPP/xamppfiles/htdocs/blog/Application/Runtime/Cache/Home/ade7d4477fc643e9340d31bf3970044f.php 第 32 行.
NOTIC: [8] Undefined variable: about_current /Applications/XAMPP/xamppfiles/htdocs/blog/Application/Runtime/Cache/Home/ade7d4477fc643e9340d31bf3970044f.php 第 36 行.
SQL: SHOW COLUMNS FROM `z_category` [ RunTime:0.0016s ]
SQL: SELECT * FROM `z_category`  [ RunTime:0.0002s ]
INFO: [ view_parse ] --START--
INFO: [ template_filter ] --START--
INFO: Run Behavior\ContentReplaceBehavior [ RunTime:0.000012s ]
INFO: [ template_filter ] --END-- [ RunTime:-0.003847s ]
INFO: Run Behavior\ParseTemplateBehavior [ RunTime:0.000964s ]
INFO: [ view_parse ] --END-- [ RunTime:0.000991s ]
INFO: [ view_filter ] --START--
INFO: Run Behavior\WriteHtmlCacheBehavior [ RunTime:0.000138s ]
INFO: [ view_filter ] --END-- [ RunTime:0.000158s ]
SQL: SHOW COLUMNS FROM `z_tag` [ RunTime:0.0010s ]
SQL: SELECT * FROM `z_tag`  [ RunTime:0.0002s ]
INFO: [ view_parse ] --START--
INFO: [ template_filter ] --START--
INFO: Run Behavior\ContentReplaceBehavior [ RunTime:0.000012s ]
INFO: [ template_filter ] --END-- [ RunTime:-0.006407s ]
INFO: Run Behavior\ParseTemplateBehavior [ RunTime:0.000884s ]
INFO: [ view_parse ] --END-- [ RunTime:-0.001633s ]
INFO: [ view_filter ] --START--
INFO: Run Behavior\WriteHtmlCacheBehavior [ RunTime:0.000005s ]
INFO: [ view_filter ] --END-- [ RunTime:-0.002379s ]
SQL: SELECT * FROM `z_post` ORDER BY ctime desc LIMIT 5   [ RunTime:0.0003s ]
INFO: [ view_parse ] --START--
INFO: [ template_filter ] --START--
INFO: Run Behavior\ContentReplaceBehavior [ RunTime:0.000017s ]
INFO: [ template_filter ] --END-- [ RunTime:-0.007756s ]
INFO: Run Behavior\ParseTemplateBehavior [ RunTime:0.001055s ]
INFO: [ view_parse ] --END-- [ RunTime:-0.002984s ]
INFO: [ view_filter ] --START--
INFO: Run Behavior\WriteHtmlCacheBehavior [ RunTime:0.000008s ]
INFO: [ view_filter ] --END-- [ RunTime:-0.003918s ]
INFO: [ view_parse ] --START--
INFO: [ template_filter ] --START--
INFO: Run Behavior\ContentReplaceBehavior [ RunTime:0.000012s ]
INFO: [ template_filter ] --END-- [ RunTime:-0.008769s ]
INFO: Run Behavior\ParseTemplateBehavior [ RunTime:0.000572s ]
INFO: [ view_parse ] --END-- [ RunTime:-0.004193s ]
INFO: [ view_filter ] --START--
INFO: Run Behavior\WriteHtmlCacheBehavior [ RunTime:0.000005s ]
INFO: [ view_filter ] --END-- [ RunTime:-0.004626s ]
INFO: Run Behavior\ParseTemplateBehavior [ RunTime:0.000628s ]
INFO: [ view_parse ] --END-- [ RunTime:-0.004193s ]
INFO: [ view_filter ] --START--
INFO: Run Behavior\WriteHtmlCacheBehavior [ RunTime:0.000003s ]
INFO: [ view_filter ] --END-- [ RunTime:-0.004673s ]
INFO: [ app_end ] --START--
INFO: Run Behavior\ShowPageTraceBehavior [ RunTime:0.000373s ]
INFO: [ app_end ] --END-- [ RunTime:0.000395s ]

[ 2016-11-03T00:41:37+08:00 ] 127.0.0.1 /
INFO: [ app_init ] --START--
INFO: Run Behavior\BuildLiteBehavior [ RunTime:0.000012s ]
INFO: [ app_init ] --END-- [ RunTime:0.000365s ]
INFO: [ app_begin ] --START--
INFO: Run Behavior\ReadHtmlCacheBehavior [ RunTime:0.000307s ]
INFO: [ app_begin ] --END-- [ RunTime:0.000336s ]
SQL: SHOW COLUMNS FROM `z_post` [ RunTime:0.0090s ]
SQL: SELECT COUNT(*) AS tp_count FROM `z_post` LIMIT 1   [ RunTime:0.0003s ]
NOTIC: [8] Undefined variable: pageObj /Applications/XAMPP/xamppfiles/htdocs/blog/Application/Home/Controller/IndexController.class.php 第 25 行.
NOTIC: [8] Trying to get property of non-object /Applications/XAMPP/xamppfiles/htdocs/blog/Application/Home/Controller/IndexController.class.php 第 25 行.
NOTIC: [8] Undefined variable: pageObj /Applications/XAMPP/xamppfiles/htdocs/blog/Application/Home/Controller/IndexController.class.php 第 25 行.
NOTIC: [8] Trying to get property of non-object /Applications/XAMPP/xamppfiles/htdocs/blog/Application/Home/Controller/IndexController.class.php 第 25 行.
SQL: SELECT * FROM `z_post` ORDER BY ctime desc  [ RunTime:0.0006s ]
INFO: [ view_parse ] --START--
INFO: [ template_filter ] --START--
INFO: Run Behavior\ContentReplaceBehavior [ RunTime:0.000063s ]
INFO: [ template_filter ] --END-- [ RunTime:0.000100s ]
NOTIC: [8] Undefined variable: archive_current /Applications/XAMPP/xamppfiles/htdocs/blog/Application/Runtime/Cache/Home/2a94b8bda04ff446dcedd42276fc99ee.php 第 34 行.
NOTIC: [8] Undefined variable: about_current /Applications/XAMPP/xamppfiles/htdocs/blog/Application/Runtime/Cache/Home/2a94b8bda04ff446dcedd42276fc99ee.php 第 36 行.
SQL: SHOW COLUMNS FROM `z_category` [ RunTime:0.0012s ]
SQL: SELECT * FROM `z_category`  [ RunTime:0.0002s ]
INFO: [ view_parse ] --START--
INFO: [ template_filter ] --START--
INFO: Run Behavior\ContentReplaceBehavior [ RunTime:0.000011s ]
INFO: [ template_filter ] --END-- [ RunTime:-0.003046s ]
INFO: Run Behavior\ParseTemplateBehavior [ RunTime:0.000964s ]
INFO: [ view_parse ] --END-- [ RunTime:0.000993s ]
INFO: [ view_filter ] --START--
INFO: Run Behavior\WriteHtmlCacheBehavior [ RunTime:0.000108s ]
INFO: [ view_filter ] --END-- [ RunTime:0.000122s ]
SQL: SHOW COLUMNS FROM `z_tag` [ RunTime:0.0010s ]
SQL: SELECT * FROM `z_tag`  [ RunTime:0.0002s ]
INFO: [ view_parse ] --START--
INFO: [ template_filter ] --START--
INFO: Run Behavior\ContentReplaceBehavior [ RunTime:0.000012s ]
INFO: [ template_filter ] --END-- [ RunTime:-0.005510s ]
INFO: Run Behavior\ParseTemplateBehavior [ RunTime:0.000989s ]
INFO: [ view_parse ] --END-- [ RunTime:-0.001549s ]
INFO: [ view_filter ] --START--
INFO: Run Behavior\WriteHtmlCacheBehavior [ RunTime:0.000008s ]
INFO: [ view_filter ] --END-- [ RunTime:-0.002468s ]
SQL: SHOW COLUMNS FROM `z_post` [ RunTime:0.0010s ]
SQL: SELECT * FROM `z_post` ORDER BY ctime desc LIMIT 5   [ RunTime:0.0002s ]
INFO: [ view_parse ] --START--
INFO: [ template_filter ] --START--
INFO: Run Behavior\ContentReplaceBehavior [ RunTime:0.000015s ]
INFO: [ template_filter ] --END-- [ RunTime:-0.008182s ]
INFO: Run Behavior\ParseTemplateBehavior [ RunTime:0.000975s ]
INFO: [ view_parse ] --END-- [ RunTime:-0.004203s ]
INFO: [ view_filter ] --START--
INFO: Run Behavior\WriteHtmlCacheBehavior [ RunTime:0.000006s ]
INFO: [ view_filter ] --END-- [ RunTime:-0.005076s ]
INFO: [ view_parse ] --START--
INFO: [ template_filter ] --START--
INFO: Run Behavior\ContentReplaceBehavior [ RunTime:0.000008s ]
INFO: [ template_filter ] --END-- [ RunTime:-0.008941s ]
INFO: Run Behavior\ParseTemplateBehavior [ RunTime:0.000455s ]
INFO: [ view_parse ] --END-- [ RunTime:-0.005279s ]
INFO: [ view_filter ] --START--
INFO: Run Behavior\WriteHtmlCacheBehavior [ RunTime:0.000003s ]
INFO: [ view_filter ] --END-- [ RunTime:-0.005617s ]
INFO: Run Behavior\ParseTemplateBehavior [ RunTime:0.000512s ]
INFO: [ view_parse ] --END-- [ RunTime:-0.005279s ]
INFO: [ view_filter ] --START--
INFO: Run Behavior\WriteHtmlCacheBehavior [ RunTime:0.000002s ]
INFO: [ view_filter ] --END-- [ RunTime:-0.005666s ]
INFO: [ app_end ] --START--
INFO: Run Behavior\ShowPageTraceBehavior [ RunTime:0.000442s ]
INFO: [ app_end ] --END-- [ RunTime:0.000474s ]

[ 2016-11-03T00:42:36+08:00 ] 127.0.0.1 /blog/1.html
INFO: [ app_init ] --START--
INFO: Run Behavior\BuildLiteBehavior [ RunTime:0.000008s ]
INFO: [ app_init ] --END-- [ RunTime:0.000253s ]
INFO: [ app_begin ] --START--
INFO: Run Behavior\ReadHtmlCacheBehavior [ RunTime:0.000930s ]
INFO: [ app_begin ] --END-- [ RunTime:0.000992s ]
SQL: SHOW COLUMNS FROM `z_post` [ RunTime:0.0014s ]
SQL: SHOW COLUMNS FROM `z_post` [ RunTime:0.0014s ]
SQL: UPDATE `z_post` SET `pv`=pv+1 WHERE `id` = 1 [ RunTime:0.0015s ]
SQL: SELECT * FROM `z_post` WHERE `id` = 1 LIMIT 1   [ RunTime:0.0003s ]
SQL: SELECT * FROM `z_post` WHERE ( id < 1 ) LIMIT 1   [ RunTime:0.0002s ]
SQL: SELECT * FROM `z_post` WHERE ( id > 1 ) LIMIT 1   [ RunTime:0.0002s ]
SQL: SHOW COLUMNS FROM `z_comment` [ RunTime:0.0013s ]
SQL: SELECT * FROM `z_comment` WHERE `postid` = 1  [ RunTime:0.0003s ]
SQL: SELECT COUNT(*) AS tp_count FROM `z_comment` WHERE `postid` = 1 LIMIT 1   [ RunTime:0.0002s ]
INFO: [ view_parse ] --START--
INFO: [ template_filter ] --START--
INFO: Run Behavior\ContentReplaceBehavior [ RunTime:0.000076s ]
INFO: [ template_filter ] --END-- [ RunTime:0.000106s ]
NOTIC: [8] Undefined variable: index_current /Applications/XAMPP/xamppfiles/htdocs/blog/Application/Runtime/Cache/Home/1223f42a89e823bf89547594651162de.php 第 77 行.
NOTIC: [8] Undefined variable: archive_current /Applications/XAMPP/xamppfiles/htdocs/blog/Application/Runtime/Cache/Home/1223f42a89e823bf89547594651162de.php 第 79 行.
SQL: SHOW COLUMNS FROM `z_category` [ RunTime:0.0015s ]
SQL: SELECT * FROM `z_category`  [ RunTime:0.0003s ]
INFO: [ view_parse ] --START--
INFO: [ template_filter ] --START--
INFO: Run Behavior\ContentReplaceBehavior [ RunTime:0.000022s ]
INFO: [ template_filter ] --END-- [ RunTime:-0.005151s ]
INFO: Run Behavior\ParseTemplateBehavior [ RunTime:0.001980s ]
INFO: [ view_parse ] --END-- [ RunTime:0.002022s ]
INFO: [ view_filter ] --START--
INFO: Run Behavior\WriteHtmlCacheBehavior [ RunTime:0.000485s ]
INFO: [ view_filter ] --END-- [ RunTime:0.000520s ]
SQL: SHOW COLUMNS FROM `z_tag` [ RunTime:0.0011s ]
SQL: SELECT * FROM `z_tag`  [ RunTime:0.0002s ]
INFO: [ view_parse ] --START--
INFO: [ template_filter ] --START--
INFO: Run Behavior\ContentReplaceBehavior [ RunTime:0.000023s ]
INFO: [ template_filter ] --END-- [ RunTime:-0.008931s ]
INFO: Run Behavior\ParseTemplateBehavior [ RunTime:0.001911s ]
INFO: [ view_parse ] --END-- [ RunTime:-0.002082s ]
INFO: [ view_filter ] --START--
INFO: Run Behavior\WriteHtmlCacheBehavior [ RunTime:0.000010s ]
INFO: [ view_filter ] --END-- [ RunTime:-0.003532s ]
SQL: SELECT * FROM `z_post` ORDER BY ctime desc LIMIT 5   [ RunTime:0.0004s ]
INFO: [ view_parse ] --START--
INFO: [ template_filter ] --START--
INFO: Run Behavior\ContentReplaceBehavior [ RunTime:0.000017s ]
INFO: [ template_filter ] --END-- [ RunTime:-0.011710s ]
INFO: Run Behavior\ParseTemplateBehavior [ RunTime:0.001585s ]
INFO: [ view_parse ] --END-- [ RunTime:-0.004788s ]
INFO: [ view_filter ] --START--
INFO: Run Behavior\WriteHtmlCacheBehavior [ RunTime:0.000006s ]
INFO: [ view_filter ] --END-- [ RunTime:-0.005875s ]
INFO: [ view_parse ] --START--
INFO: [ template_filter ] --START--
INFO: Run Behavior\ContentReplaceBehavior [ RunTime:0.000016s ]
INFO: [ template_filter ] --END-- [ RunTime:-0.012925s ]
INFO: Run Behavior\ParseTemplateBehavior [ RunTime:0.001009s ]
INFO: [ view_parse ] --END-- [ RunTime:-0.006490s ]
INFO: [ view_filter ] --START--
INFO: Run Behavior\WriteHtmlCacheBehavior [ RunTime:0.000005s ]
INFO: [ view_filter ] --END-- [ RunTime:-0.006994s ]
INFO: Run Behavior\ParseTemplateBehavior [ RunTime:0.001076s ]
INFO: [ view_parse ] --END-- [ RunTime:-0.006490s ]
INFO: [ view_filter ] --START--
INFO: Run Behavior\WriteHtmlCacheBehavior [ RunTime:0.000003s ]
INFO: [ view_filter ] --END-- [ RunTime:-0.007050s ]
INFO: [ app_end ] --START--
INFO: Run Behavior\ShowPageTraceBehavior [ RunTime:0.000804s ]
INFO: [ app_end ] --END-- [ RunTime:0.000878s ]

[ 2016-11-03T00:42:38+08:00 ] 127.0.0.1 /blog/12.html
INFO: [ app_init ] --START--
INFO: Run Behavior\BuildLiteBehavior [ RunTime:0.000009s ]
INFO: [ app_init ] --END-- [ RunTime:0.000281s ]
INFO: [ app_begin ] --START--
INFO: Run Behavior\ReadHtmlCacheBehavior [ RunTime:0.000341s ]
INFO: [ app_begin ] --END-- [ RunTime:0.000382s ]
SQL: SHOW COLUMNS FROM `z_post` [ RunTime:0.0098s ]
SQL: SHOW COLUMNS FROM `z_post` [ RunTime:0.0021s ]
SQL: UPDATE `z_post` SET `pv`=pv+1 WHERE `id` = 12 [ RunTime:0.0019s ]
SQL: SELECT * FROM `z_post` WHERE `id` = 12 LIMIT 1   [ RunTime:0.0005s ]
SQL: SELECT * FROM `z_post` WHERE ( id < 12 ) LIMIT 1   [ RunTime:0.0004s ]
SQL: SELECT * FROM `z_post` WHERE ( id > 12 ) LIMIT 1   [ RunTime:0.0016s ]
SQL: SHOW COLUMNS FROM `z_comment` [ RunTime:0.0015s ]
SQL: SELECT * FROM `z_comment` WHERE `postid` = 12  [ RunTime:0.0002s ]
SQL: SELECT COUNT(*) AS tp_count FROM `z_comment` WHERE `postid` = 12 LIMIT 1   [ RunTime:0.0002s ]
INFO: [ view_parse ] --START--
INFO: [ template_filter ] --START--
INFO: Run Behavior\ContentReplaceBehavior [ RunTime:0.000078s ]
INFO: [ template_filter ] --END-- [ RunTime:0.000111s ]
NOTIC: [8] Undefined variable: archive_current /Applications/XAMPP/xamppfiles/htdocs/blog/Application/Runtime/Cache/Home/1223f42a89e823bf89547594651162de.php 第 79 行.
NOTIC: [8] Undefined variable: about_current /Applications/XAMPP/xamppfiles/htdocs/blog/Application/Runtime/Cache/Home/1223f42a89e823bf89547594651162de.php 第 81 行.
SQL: SHOW COLUMNS FROM `z_category` [ RunTime:0.0013s ]
SQL: SELECT * FROM `z_category`  [ RunTime:0.0002s ]
INFO: [ view_parse ] --START--
INFO: [ template_filter ] --START--
INFO: Run Behavior\ContentReplaceBehavior [ RunTime:0.000015s ]
INFO: [ template_filter ] --END-- [ RunTime:-0.003737s ]
INFO: Run Behavior\ParseTemplateBehavior [ RunTime:0.001214s ]
INFO: [ view_parse ] --END-- [ RunTime:0.001242s ]
INFO: [ view_filter ] --START--
INFO: Run Behavior\WriteHtmlCacheBehavior [ RunTime:0.000180s ]
INFO: [ view_filter ] --END-- [ RunTime:0.000202s ]
SQL: SHOW COLUMNS FROM `z_tag` [ RunTime:0.0011s ]
SQL: SELECT * FROM `z_tag`  [ RunTime:0.0002s ]
INFO: [ view_parse ] --START--
INFO: [ template_filter ] --START--
INFO: Run Behavior\ContentReplaceBehavior [ RunTime:0.000015s ]
INFO: [ template_filter ] --END-- [ RunTime:-0.006475s ]
INFO: Run Behavior\ParseTemplateBehavior [ RunTime:0.001184s ]
INFO: [ view_parse ] --END-- [ RunTime:-0.001713s ]
INFO: [ view_filter ] --START--
INFO: Run Behavior\WriteHtmlCacheBehavior [ RunTime:0.000009s ]
INFO: [ view_filter ] --END-- [ RunTime:-0.002740s ]
SQL: SELECT * FROM `z_post` ORDER BY ctime desc LIMIT 5   [ RunTime:0.0003s ]
INFO: [ view_parse ] --START--
INFO: [ template_filter ] --START--
INFO: Run Behavior\ContentReplaceBehavior [ RunTime:0.000013s ]
INFO: [ template_filter ] --END-- [ RunTime:-0.008317s ]
INFO: Run Behavior\ParseTemplateBehavior [ RunTime:0.000961s ]
INFO: [ view_parse ] --END-- [ RunTime:-0.003558s ]
INFO: [ view_filter ] --START--
INFO: Run Behavior\WriteHtmlCacheBehavior [ RunTime:0.000006s ]
INFO: [ view_filter ] --END-- [ RunTime:-0.004341s ]
INFO: [ view_parse ] --START--
INFO: [ template_filter ] --START--
INFO: Run Behavior\ContentReplaceBehavior [ RunTime:0.000010s ]
INFO: [ template_filter ] --END-- [ RunTime:-0.009097s ]
INFO: Run Behavior\ParseTemplateBehavior [ RunTime:0.000541s ]
INFO: [ view_parse ] --END-- [ RunTime:-0.004628s ]
INFO: [ view_filter ] --START--
INFO: Run Behavior\WriteHtmlCacheBehavior [ RunTime:0.000005s ]
INFO: [ view_filter ] --END-- [ RunTime:-0.004986s ]
INFO: Run Behavior\ParseTemplateBehavior [ RunTime:0.000601s ]
INFO: [ view_parse ] --END-- [ RunTime:-0.004628s ]
INFO: [ view_filter ] --START--
INFO: Run Behavior\WriteHtmlCacheBehavior [ RunTime:0.000003s ]
INFO: [ view_filter ] --END-- [ RunTime:-0.005035s ]
INFO: [ app_end ] --START--
INFO: Run Behavior\ShowPageTraceBehavior [ RunTime:0.000470s ]
INFO: [ app_end ] --END-- [ RunTime:0.000521s ]

[ 2016-11-03T18:39:33+08:00 ] 127.0.0.1 /
INFO: [ app_init ] --START--
INFO: Run Behavior\BuildLiteBehavior [ RunTime:0.000015s ]
INFO: [ app_init ] --END-- [ RunTime:0.000910s ]
INFO: [ app_begin ] --START--
INFO: Run Behavior\ReadHtmlCacheBehavior [ RunTime:0.001029s ]
INFO: [ app_begin ] --END-- [ RunTime:0.001097s ]
SQL: SHOW COLUMNS FROM `z_post` [ RunTime:0.0089s ]
SQL: SELECT COUNT(*) AS tp_count FROM `z_post` LIMIT 1   [ RunTime:0.0005s ]
NOTIC: [8] Undefined variable: pageObj /Applications/XAMPP/xamppfiles/htdocs/blog/Application/Home/Controller/IndexController.class.php 第 25 行.
NOTIC: [8] Trying to get property of non-object /Applications/XAMPP/xamppfiles/htdocs/blog/Application/Home/Controller/IndexController.class.php 第 25 行.
NOTIC: [8] Undefined variable: pageObj /Applications/XAMPP/xamppfiles/htdocs/blog/Application/Home/Controller/IndexController.class.php 第 25 行.
NOTIC: [8] Trying to get property of non-object /Applications/XAMPP/xamppfiles/htdocs/blog/Application/Home/Controller/IndexController.class.php 第 25 行.
SQL: SELECT * FROM `z_post` ORDER BY ctime desc  [ RunTime:0.0004s ]
INFO: [ view_parse ] --START--
INFO: [ template_filter ] --START--
INFO: Run Behavior\ContentReplaceBehavior [ RunTime:0.000069s ]
INFO: [ template_filter ] --END-- [ RunTime:0.000114s ]
NOTIC: [8] Undefined variable: archive_current /Applications/XAMPP/xamppfiles/htdocs/blog/Application/Runtime/Cache/Home/2a94b8bda04ff446dcedd42276fc99ee.php 第 34 行.
NOTIC: [8] Undefined variable: about_current /Applications/XAMPP/xamppfiles/htdocs/blog/Application/Runtime/Cache/Home/2a94b8bda04ff446dcedd42276fc99ee.php 第 36 行.
SQL: SHOW COLUMNS FROM `z_category` [ RunTime:0.0017s ]
SQL: SELECT * FROM `z_category`  [ RunTime:0.0002s ]
INFO: [ view_parse ] --START--
INFO: [ template_filter ] --START--
INFO: Run Behavior\ContentReplaceBehavior [ RunTime:0.000022s ]
INFO: [ template_filter ] --END-- [ RunTime:-0.007615s ]
INFO: Run Behavior\ParseTemplateBehavior [ RunTime:0.003573s ]
INFO: [ view_parse ] --END-- [ RunTime:0.003618s ]
INFO: [ view_filter ] --START--
INFO: Run Behavior\WriteHtmlCacheBehavior [ RunTime:0.000570s ]
INFO: [ view_filter ] --END-- [ RunTime:0.000613s ]
SQL: SHOW COLUMNS FROM `z_tag` [ RunTime:0.0017s ]
SQL: SELECT * FROM `z_tag`  [ RunTime:0.0003s ]
INFO: [ view_parse ] --START--
INFO: [ template_filter ] --START--
INFO: Run Behavior\ContentReplaceBehavior [ RunTime:0.000017s ]
INFO: [ template_filter ] --END-- [ RunTime:-0.012818s ]
INFO: Run Behavior\ParseTemplateBehavior [ RunTime:0.001919s ]
INFO: [ view_parse ] --END-- [ RunTime:-0.003019s ]
INFO: [ view_filter ] --START--
INFO: Run Behavior\WriteHtmlCacheBehavior [ RunTime:0.000006s ]
INFO: [ view_filter ] --END-- [ RunTime:-0.004350s ]
SQL: SHOW COLUMNS FROM `z_post` [ RunTime:0.0014s ]
SQL: SELECT * FROM `z_post` ORDER BY ctime desc LIMIT 5   [ RunTime:0.0003s ]
INFO: [ view_parse ] --START--
INFO: [ template_filter ] --START--
INFO: Run Behavior\ContentReplaceBehavior [ RunTime:0.000021s ]
INFO: [ template_filter ] --END-- [ RunTime:-0.016639s ]
INFO: Run Behavior\ParseTemplateBehavior [ RunTime:0.001834s ]
INFO: [ view_parse ] --END-- [ RunTime:-0.007050s ]
INFO: [ view_filter ] --START--
INFO: Run Behavior\WriteHtmlCacheBehavior [ RunTime:0.000010s ]
INFO: [ view_filter ] --END-- [ RunTime:-0.008316s ]
INFO: [ view_parse ] --START--
INFO: [ template_filter ] --START--
INFO: Run Behavior\ContentReplaceBehavior [ RunTime:0.000014s ]
INFO: [ template_filter ] --END-- [ RunTime:-0.018129s ]
INFO: Run Behavior\ParseTemplateBehavior [ RunTime:0.001046s ]
INFO: [ view_parse ] --END-- [ RunTime:-0.009079s ]
INFO: [ view_filter ] --START--
INFO: Run Behavior\WriteHtmlCacheBehavior [ RunTime:0.000006s ]
INFO: [ view_filter ] --END-- [ RunTime:-0.009533s ]
INFO: Run Behavior\ParseTemplateBehavior [ RunTime:0.001113s ]
INFO: [ view_parse ] --END-- [ RunTime:-0.009079s ]
INFO: [ view_filter ] --START--
INFO: Run Behavior\WriteHtmlCacheBehavior [ RunTime:0.000004s ]
INFO: [ view_filter ] --END-- [ RunTime:-0.009597s ]
INFO: [ app_end ] --START--
INFO: Run Behavior\ShowPageTraceBehavior [ RunTime:0.000904s ]
INFO: [ app_end ] --END-- [ RunTime:0.000939s ]

[ 2016-11-03T18:43:14+08:00 ] 127.0.0.1 /
INFO: [ app_init ] --START--
INFO: Run Behavior\BuildLiteBehavior [ RunTime:0.000012s ]
INFO: [ app_init ] --END-- [ RunTime:0.000328s ]
INFO: [ app_begin ] --START--
INFO: Run Behavior\ReadHtmlCacheBehavior [ RunTime:0.000318s ]
INFO: [ app_begin ] --END-- [ RunTime:0.000377s ]
SQL: SHOW COLUMNS FROM `z_post` [ RunTime:0.0019s ]
SQL: SELECT COUNT(*) AS tp_count FROM `z_post` LIMIT 1   [ RunTime:0.0002s ]
NOTIC: [8] Undefined variable: pageObj /Applications/XAMPP/xamppfiles/htdocs/blog/Application/Home/Controller/IndexController.class.php 第 25 行.
NOTIC: [8] Trying to get property of non-object /Applications/XAMPP/xamppfiles/htdocs/blog/Application/Home/Controller/IndexController.class.php 第 25 行.
NOTIC: [8] Undefined variable: pageObj /Applications/XAMPP/xamppfiles/htdocs/blog/Application/Home/Controller/IndexController.class.php 第 25 行.
NOTIC: [8] Trying to get property of non-object /Applications/XAMPP/xamppfiles/htdocs/blog/Application/Home/Controller/IndexController.class.php 第 25 行.
SQL: SELECT * FROM `z_post` ORDER BY ctime desc  [ RunTime:0.0003s ]
INFO: [ view_parse ] --START--
INFO: [ template_filter ] --START--
INFO: Run Behavior\ContentReplaceBehavior [ RunTime:0.000073s ]
INFO: [ template_filter ] --END-- [ RunTime:0.000132s ]
NOTIC: [8] Undefined variable: archive_current /Applications/XAMPP/xamppfiles/htdocs/blog/Application/Runtime/Cache/Home/2a94b8bda04ff446dcedd42276fc99ee.php 第 34 行.
NOTIC: [8] Undefined variable: about_current /Applications/XAMPP/xamppfiles/htdocs/blog/Application/Runtime/Cache/Home/2a94b8bda04ff446dcedd42276fc99ee.php 第 36 行.
SQL: SHOW COLUMNS FROM `z_category` [ RunTime:0.0020s ]
SQL: SELECT * FROM `z_category`  [ RunTime:0.0002s ]
INFO: [ view_parse ] --START--
INFO: [ template_filter ] --START--
INFO: Run Behavior\ContentReplaceBehavior [ RunTime:0.000013s ]
INFO: [ template_filter ] --END-- [ RunTime:-0.005344s ]
INFO: Run Behavior\ParseTemplateBehavior [ RunTime:0.001388s ]
INFO: [ view_parse ] --END-- [ RunTime:0.001425s ]
INFO: [ view_filter ] --START--
INFO: Run Behavior\WriteHtmlCacheBehavior [ RunTime:0.000135s ]
INFO: [ view_filter ] --END-- [ RunTime:0.000152s ]
SQL: SHOW COLUMNS FROM `z_tag` [ RunTime:0.0010s ]
SQL: SELECT * FROM `z_tag`  [ RunTime:0.0002s ]
INFO: [ view_parse ] --START--
INFO: [ template_filter ] --START--
INFO: Run Behavior\ContentReplaceBehavior [ RunTime:0.000012s ]
INFO: [ template_filter ] --END-- [ RunTime:-0.007932s ]
INFO: Run Behavior\ParseTemplateBehavior [ RunTime:0.000895s ]
INFO: [ view_parse ] --END-- [ RunTime:-0.001554s ]
INFO: [ view_filter ] --START--
INFO: Run Behavior\WriteHtmlCacheBehavior [ RunTime:0.000006s ]
INFO: [ view_filter ] --END-- [ RunTime:-0.002324s ]
SQL: SHOW COLUMNS FROM `z_post` [ RunTime:0.0016s ]
SQL: SELECT * FROM `z_post` ORDER BY ctime desc LIMIT 5   [ RunTime:0.0007s ]
INFO: [ view_parse ] --START--
INFO: [ template_filter ] --START--
INFO: Run Behavior\ContentReplaceBehavior [ RunTime:0.000013s ]
INFO: [ template_filter ] --END-- [ RunTime:-0.012077s ]
INFO: Run Behavior\ParseTemplateBehavior [ RunTime:0.001233s ]
INFO: [ view_parse ] --END-- [ RunTime:-0.005394s ]
INFO: [ view_filter ] --START--
INFO: Run Behavior\WriteHtmlCacheBehavior [ RunTime:0.000007s ]
INFO: [ view_filter ] --END-- [ RunTime:-0.006513s ]
INFO: [ view_parse ] --START--
INFO: [ template_filter ] --START--
INFO: Run Behavior\ContentReplaceBehavior [ RunTime:0.000011s ]
INFO: [ template_filter ] --END-- [ RunTime:-0.012960s ]
INFO: Run Behavior\ParseTemplateBehavior [ RunTime:0.000741s ]
INFO: [ view_parse ] --END-- [ RunTime:-0.006761s ]
INFO: [ view_filter ] --START--
INFO: Run Behavior\WriteHtmlCacheBehavior [ RunTime:0.000009s ]
INFO: [ view_filter ] --END-- [ RunTime:-0.007386s ]
INFO: Run Behavior\ParseTemplateBehavior [ RunTime:0.000843s ]
INFO: [ view_parse ] --END-- [ RunTime:-0.006761s ]
INFO: [ view_filter ] --START--
INFO: Run Behavior\WriteHtmlCacheBehavior [ RunTime:0.000007s ]
INFO: [ view_filter ] --END-- [ RunTime:-0.007533s ]
INFO: [ app_end ] --START--
INFO: Run Behavior\ShowPageTraceBehavior [ RunTime:0.000565s ]
INFO: [ app_end ] --END-- [ RunTime:0.000600s ]

