[ 2017-10-03T00:03:30+08:00 ] 68.180.228.160 /blog/tag/mysql/
INFO: [ app_init ] --START--
INFO: Run Behavior\BuildLiteBehavior [ RunTime:0.000013s ]
INFO: [ app_init ] --END-- [ RunTime:0.000254s ]
INFO: [ app_begin ] --START--
INFO: Run Behavior\ReadHtmlCacheBehavior [ RunTime:0.000360s ]
INFO: [ app_begin ] --END-- [ RunTime:0.000400s ]
NOTIC: [8] A session had already been started - ignoring session_start() /data/wwwroot/blog/ThinkPHP/Common/functions.php 第 1263 行.
SQL: SHOW COLUMNS FROM `z_post` [ RunTime:0.0006s ]
SQL: SHOW COLUMNS FROM `z_post` [ RunTime:0.0004s ]
SQL: SELECT * FROM `z_post` WHERE `category` = '说说' ORDER BY id desc LIMIT 1   [ RunTime:0.0001s ]
SQL: SELECT COUNT(*) AS tp_count FROM `z_post` WHERE `tag` = 'mysql' AND `status` = 1 LIMIT 1   [ RunTime:0.0004s ]
SQL: SELECT * FROM `z_post` WHERE `tag` = 'mysql' AND `status` = 1 ORDER BY ctime desc LIMIT 0,10   [ RunTime:0.0003s ]
INFO: [ view_parse ] --START--
INFO: [ template_filter ] --START--
INFO: Run Behavior\ContentReplaceBehavior [ RunTime:0.000046s ]
INFO: [ template_filter ] --END-- [ RunTime:0.000110s ]
NOTIC: [8] Undefined variable: detail /data/wwwroot/blog/Application/Runtime/Cache/Home/ade7d4477fc643e9340d31bf3970044f.php 第 12 行.
NOTIC: [8] Undefined variable: detail /data/wwwroot/blog/Application/Runtime/Cache/Home/ade7d4477fc643e9340d31bf3970044f.php 第 13 行.
NOTIC: [8] Undefined variable: index_current /data/wwwroot/blog/Application/Runtime/Cache/Home/ade7d4477fc643e9340d31bf3970044f.php 第 32 行.
NOTIC: [8] Undefined variable: about_current /data/wwwroot/blog/Application/Runtime/Cache/Home/ade7d4477fc643e9340d31bf3970044f.php 第 36 行.
SQL: SHOW COLUMNS FROM `z_category` [ RunTime:0.0006s ]
SQL: SELECT * FROM `z_category`  [ RunTime:0.0001s ]
INFO: [ view_parse ] --START--
INFO: [ template_filter ] --START--
INFO: Run Behavior\ContentReplaceBehavior [ RunTime:0.000018s ]
INFO: [ template_filter ] --END-- [ RunTime:-0.003522s ]
INFO: Run Behavior\ParseTemplateBehavior [ RunTime:0.001589s ]
INFO: [ view_parse ] --END-- [ RunTime:0.001628s ]
INFO: [ view_filter ] --START--
INFO: Run Behavior\WriteHtmlCacheBehavior [ RunTime:0.000123s ]
INFO: [ view_filter ] --END-- [ RunTime:0.000155s ]
SQL: SHOW COLUMNS FROM `z_tag` [ RunTime:0.0004s ]
SQL: SELECT * FROM `z_tag`  [ RunTime:0.0001s ]
INFO: [ view_parse ] --START--
INFO: [ template_filter ] --START--
INFO: Run Behavior\ContentReplaceBehavior [ RunTime:0.000066s ]
INFO: [ template_filter ] --END-- [ RunTime:-0.006374s ]
INFO: Run Behavior\ParseTemplateBehavior [ RunTime:0.002067s ]
INFO: [ view_parse ] --END-- [ RunTime:-0.001068s ]
INFO: [ view_filter ] --START--
INFO: Run Behavior\WriteHtmlCacheBehavior [ RunTime:0.000015s ]
INFO: [ view_filter ] --END-- [ RunTime:-0.003024s ]
SQL: SELECT * FROM `z_post` ORDER BY ctime desc LIMIT 5   [ RunTime:0.0002s ]
INFO: [ view_parse ] --START--
INFO: [ template_filter ] --START--
INFO: Run Behavior\ContentReplaceBehavior [ RunTime:0.000036s ]
INFO: [ template_filter ] --END-- [ RunTime:-0.008911s ]
INFO: Run Behavior\ParseTemplateBehavior [ RunTime:0.001611s ]
INFO: [ view_parse ] --END-- [ RunTime:-0.003777s ]
INFO: [ view_filter ] --START--
INFO: Run Behavior\WriteHtmlCacheBehavior [ RunTime:0.000009s ]
INFO: [ view_filter ] --END-- [ RunTime:-0.005269s ]
SQL: SHOW COLUMNS FROM `z_comment` [ RunTime:0.0005s ]
SQL: SELECT * FROM `z_comment` WHERE `status` = 1 ORDER BY id desc LIMIT 5   [ RunTime:0.0001s ]
INFO: [ view_parse ] --START--
INFO: [ template_filter ] --START--
INFO: Run Behavior\ContentReplaceBehavior [ RunTime:0.000022s ]
INFO: [ template_filter ] --END-- [ RunTime:-0.011562s ]
INFO: Run Behavior\ParseTemplateBehavior [ RunTime:0.001493s ]
INFO: [ view_parse ] --END-- [ RunTime:-0.006495s ]
INFO: [ view_filter ] --START--
INFO: Run Behavior\WriteHtmlCacheBehavior [ RunTime:0.000009s ]
INFO: [ view_filter ] --END-- [ RunTime:-0.007924s ]
INFO: [ view_parse ] --START--
INFO: [ template_filter ] --START--
INFO: Run Behavior\ContentReplaceBehavior [ RunTime:0.000019s ]
INFO: [ template_filter ] --END-- [ RunTime:-0.012802s ]
INFO: Run Behavior\ParseTemplateBehavior [ RunTime:0.000948s ]
INFO: [ view_parse ] --END-- [ RunTime:-0.008206s ]
INFO: [ view_filter ] --START--
INFO: Run Behavior\WriteHtmlCacheBehavior [ RunTime:0.000013s ]
INFO: [ view_filter ] --END-- [ RunTime:-0.009031s ]
INFO: Run Behavior\ParseTemplateBehavior [ RunTime:0.001097s ]
INFO: [ view_parse ] --END-- [ RunTime:-0.008206s ]
INFO: [ view_filter ] --START--
INFO: Run Behavior\WriteHtmlCacheBehavior [ RunTime:0.000008s ]
INFO: [ view_filter ] --END-- [ RunTime:-0.009183s ]
INFO: [ app_end ] --START--
INFO: Run Behavior\ShowPageTraceBehavior [ RunTime:0.000393s ]
INFO: [ app_end ] --END-- [ RunTime:0.000433s ]

[ 2017-10-03T00:07:11+08:00 ] 78.243.1.189 /
INFO: [ app_init ] --START--
INFO: Run Behavior\BuildLiteBehavior [ RunTime:0.000013s ]
INFO: [ app_init ] --END-- [ RunTime:0.000253s ]
INFO: [ app_begin ] --START--
INFO: Run Behavior\ReadHtmlCacheBehavior [ RunTime:0.000355s ]
INFO: [ app_begin ] --END-- [ RunTime:0.000395s ]
NOTIC: [8] A session had already been started - ignoring session_start() /data/wwwroot/blog/ThinkPHP/Common/functions.php 第 1263 行.
SQL: SHOW COLUMNS FROM `z_post` [ RunTime:0.0006s ]
SQL: SHOW COLUMNS FROM `z_post` [ RunTime:0.0004s ]
SQL: SELECT * FROM `z_post` WHERE `category` = '说说' ORDER BY id desc LIMIT 1   [ RunTime:0.0001s ]
SQL: SELECT COUNT(*) AS tp_count FROM `z_post` WHERE `status` = 1 LIMIT 1   [ RunTime:0.0001s ]
SQL: SELECT * FROM `z_post` WHERE `status` = 1 ORDER BY ctime desc LIMIT 0,10   [ RunTime:0.0001s ]
INFO: [ view_parse ] --START--
INFO: [ template_filter ] --START--
INFO: Run Behavior\ContentReplaceBehavior [ RunTime:0.000032s ]
INFO: [ template_filter ] --END-- [ RunTime:0.000070s ]
NOTIC: [8] Undefined variable: detail /data/wwwroot/blog/Application/Runtime/Cache/Home/2a94b8bda04ff446dcedd42276fc99ee.php 第 12 行.
NOTIC: [8] Undefined variable: detail /data/wwwroot/blog/Application/Runtime/Cache/Home/2a94b8bda04ff446dcedd42276fc99ee.php 第 13 行.
NOTIC: [8] Undefined variable: archive_current /data/wwwroot/blog/Application/Runtime/Cache/Home/2a94b8bda04ff446dcedd42276fc99ee.php 第 34 行.
NOTIC: [8] Undefined variable: about_current /data/wwwroot/blog/Application/Runtime/Cache/Home/2a94b8bda04ff446dcedd42276fc99ee.php 第 36 行.
SQL: SHOW COLUMNS FROM `z_category` [ RunTime:0.0003s ]
SQL: SELECT * FROM `z_category`  [ RunTime:0.0001s ]
INFO: [ view_parse ] --START--
INFO: [ template_filter ] --START--
INFO: Run Behavior\ContentReplaceBehavior [ RunTime:0.000018s ]
INFO: [ template_filter ] --END-- [ RunTime:-0.002797s ]
INFO: Run Behavior\ParseTemplateBehavior [ RunTime:0.001478s ]
INFO: [ view_parse ] --END-- [ RunTime:0.001515s ]
INFO: [ view_filter ] --START--
INFO: Run Behavior\WriteHtmlCacheBehavior [ RunTime:0.000111s ]
INFO: [ view_filter ] --END-- [ RunTime:0.000141s ]
SQL: SHOW COLUMNS FROM `z_tag` [ RunTime:0.0003s ]
SQL: SELECT * FROM `z_tag`  [ RunTime:0.0001s ]
INFO: [ view_parse ] --START--
INFO: [ template_filter ] --START--
INFO: Run Behavior\ContentReplaceBehavior [ RunTime:0.000018s ]
INFO: [ template_filter ] --END-- [ RunTime:-0.005075s ]
INFO: Run Behavior\ParseTemplateBehavior [ RunTime:0.001372s ]
INFO: [ view_parse ] --END-- [ RunTime:-0.000866s ]
INFO: [ view_filter ] --START--
INFO: Run Behavior\WriteHtmlCacheBehavior [ RunTime:0.000008s ]
INFO: [ view_filter ] --END-- [ RunTime:-0.002129s ]
SQL: SELECT * FROM `z_post` ORDER BY ctime desc LIMIT 5   [ RunTime:0.0001s ]
INFO: [ view_parse ] --START--
INFO: [ template_filter ] --START--
INFO: Run Behavior\ContentReplaceBehavior [ RunTime:0.000018s ]
INFO: [ template_filter ] --END-- [ RunTime:-0.006854s ]
INFO: Run Behavior\ParseTemplateBehavior [ RunTime:0.001332s ]
INFO: [ view_parse ] --END-- [ RunTime:-0.002641s ]
INFO: [ view_filter ] --START--
INFO: Run Behavior\WriteHtmlCacheBehavior [ RunTime:0.000008s ]
INFO: [ view_filter ] --END-- [ RunTime:-0.003865s ]
SQL: SHOW COLUMNS FROM `z_comment` [ RunTime:0.0004s ]
SQL: SELECT * FROM `z_comment` WHERE `status` = 1 ORDER BY id desc LIMIT 5   [ RunTime:0.0001s ]
INFO: [ view_parse ] --START--
INFO: [ template_filter ] --START--
INFO: Run Behavior\ContentReplaceBehavior [ RunTime:0.000017s ]
INFO: [ template_filter ] --END-- [ RunTime:-0.009048s ]
INFO: Run Behavior\ParseTemplateBehavior [ RunTime:0.001322s ]
INFO: [ view_parse ] --END-- [ RunTime:-0.004850s ]
INFO: [ view_filter ] --START--
INFO: Run Behavior\WriteHtmlCacheBehavior [ RunTime:0.000008s ]
INFO: [ view_filter ] --END-- [ RunTime:-0.006062s ]
INFO: [ view_parse ] --START--
INFO: [ template_filter ] --START--
INFO: Run Behavior\ContentReplaceBehavior [ RunTime:0.000019s ]
INFO: [ template_filter ] --END-- [ RunTime:-0.010118s ]
INFO: Run Behavior\ParseTemplateBehavior [ RunTime:0.000854s ]
INFO: [ view_parse ] --END-- [ RunTime:-0.006315s ]
INFO: [ view_filter ] --START--
INFO: Run Behavior\WriteHtmlCacheBehavior [ RunTime:0.000008s ]
INFO: [ view_filter ] --END-- [ RunTime:-0.007059s ]
INFO: Run Behavior\ParseTemplateBehavior [ RunTime:0.000951s ]
INFO: [ view_parse ] --END-- [ RunTime:-0.006315s ]
INFO: [ view_filter ] --START--
INFO: Run Behavior\WriteHtmlCacheBehavior [ RunTime:0.000006s ]
INFO: [ view_filter ] --END-- [ RunTime:-0.007150s ]
INFO: [ app_end ] --START--
INFO: Run Behavior\ShowPageTraceBehavior [ RunTime:0.000361s ]
INFO: [ app_end ] --END-- [ RunTime:0.000399s ]

[ 2017-10-03T00:21:31+08:00 ] 151.61.167.141 /
INFO: [ app_init ] --START--
INFO: Run Behavior\BuildLiteBehavior [ RunTime:0.000013s ]
INFO: [ app_init ] --END-- [ RunTime:0.000261s ]
INFO: [ app_begin ] --START--
INFO: Run Behavior\ReadHtmlCacheBehavior [ RunTime:0.000398s ]
INFO: [ app_begin ] --END-- [ RunTime:0.000448s ]
NOTIC: [8] A session had already been started - ignoring session_start() /data/wwwroot/blog/ThinkPHP/Common/functions.php 第 1263 行.
SQL: SHOW COLUMNS FROM `z_post` [ RunTime:0.0007s ]
SQL: SHOW COLUMNS FROM `z_post` [ RunTime:0.0004s ]
SQL: SELECT * FROM `z_post` WHERE `category` = '说说' ORDER BY id desc LIMIT 1   [ RunTime:0.0001s ]
SQL: SELECT COUNT(*) AS tp_count FROM `z_post` WHERE `status` = 1 LIMIT 1   [ RunTime:0.0001s ]
SQL: SELECT * FROM `z_post` WHERE `status` = 1 ORDER BY ctime desc LIMIT 0,10   [ RunTime:0.0001s ]
INFO: [ view_parse ] --START--
INFO: [ template_filter ] --START--
INFO: Run Behavior\ContentReplaceBehavior [ RunTime:0.000042s ]
INFO: [ template_filter ] --END-- [ RunTime:0.000098s ]
NOTIC: [8] Undefined variable: detail /data/wwwroot/blog/Application/Runtime/Cache/Home/2a94b8bda04ff446dcedd42276fc99ee.php 第 12 行.
NOTIC: [8] Undefined variable: detail /data/wwwroot/blog/Application/Runtime/Cache/Home/2a94b8bda04ff446dcedd42276fc99ee.php 第 13 行.
NOTIC: [8] Undefined variable: archive_current /data/wwwroot/blog/Application/Runtime/Cache/Home/2a94b8bda04ff446dcedd42276fc99ee.php 第 34 行.
NOTIC: [8] Undefined variable: about_current /data/wwwroot/blog/Application/Runtime/Cache/Home/2a94b8bda04ff446dcedd42276fc99ee.php 第 36 行.
SQL: SHOW COLUMNS FROM `z_category` [ RunTime:0.0005s ]
SQL: SELECT * FROM `z_category`  [ RunTime:0.0001s ]
INFO: [ view_parse ] --START--
INFO: [ template_filter ] --START--
INFO: Run Behavior\ContentReplaceBehavior [ RunTime:0.000019s ]
INFO: [ template_filter ] --END-- [ RunTime:-0.003228s ]
INFO: Run Behavior\ParseTemplateBehavior [ RunTime:0.001530s ]
INFO: [ view_parse ] --END-- [ RunTime:0.001569s ]
INFO: [ view_filter ] --START--
INFO: Run Behavior\WriteHtmlCacheBehavior [ RunTime:0.000118s ]
INFO: [ view_filter ] --END-- [ RunTime:0.000150s ]
SQL: SHOW COLUMNS FROM `z_tag` [ RunTime:0.0003s ]
SQL: SELECT * FROM `z_tag`  [ RunTime:0.0001s ]
INFO: [ view_parse ] --START--
INFO: [ template_filter ] --START--
INFO: Run Behavior\ContentReplaceBehavior [ RunTime:0.000032s ]
INFO: [ template_filter ] --END-- [ RunTime:-0.005503s ]
INFO: Run Behavior\ParseTemplateBehavior [ RunTime:0.001472s ]
INFO: [ view_parse ] --END-- [ RunTime:-0.000844s ]
INFO: [ view_filter ] --START--
INFO: Run Behavior\WriteHtmlCacheBehavior [ RunTime:0.000008s ]
INFO: [ view_filter ] --END-- [ RunTime:-0.002199s ]
SQL: SELECT * FROM `z_post` ORDER BY ctime desc LIMIT 5   [ RunTime:0.0001s ]
INFO: [ view_parse ] --START--
INFO: [ template_filter ] --START--
INFO: Run Behavior\ContentReplaceBehavior [ RunTime:0.000021s ]
INFO: [ template_filter ] --END-- [ RunTime:-0.007496s ]
INFO: Run Behavior\ParseTemplateBehavior [ RunTime:0.001524s ]
INFO: [ view_parse ] --END-- [ RunTime:-0.002727s ]
INFO: [ view_filter ] --START--
INFO: Run Behavior\WriteHtmlCacheBehavior [ RunTime:0.000008s ]
INFO: [ view_filter ] --END-- [ RunTime:-0.004141s ]
SQL: SHOW COLUMNS FROM `z_comment` [ RunTime:0.0004s ]
SQL: SELECT * FROM `z_comment` WHERE `status` = 1 ORDER BY id desc LIMIT 5   [ RunTime:0.0001s ]
INFO: [ view_parse ] --START--
INFO: [ template_filter ] --START--
INFO: Run Behavior\ContentReplaceBehavior [ RunTime:0.000029s ]
INFO: [ template_filter ] --END-- [ RunTime:-0.010185s ]
INFO: Run Behavior\ParseTemplateBehavior [ RunTime:0.001699s ]
INFO: [ view_parse ] --END-- [ RunTime:-0.005273s ]
INFO: [ view_filter ] --START--
INFO: Run Behavior\WriteHtmlCacheBehavior [ RunTime:0.000008s ]
INFO: [ view_filter ] --END-- [ RunTime:-0.006874s ]
INFO: [ view_parse ] --START--
INFO: [ template_filter ] --START--
INFO: Run Behavior\ContentReplaceBehavior [ RunTime:0.000020s ]
INFO: [ template_filter ] --END-- [ RunTime:-0.011396s ]
INFO: Run Behavior\ParseTemplateBehavior [ RunTime:0.000939s ]
INFO: [ view_parse ] --END-- [ RunTime:-0.007155s ]
INFO: [ view_filter ] --START--
INFO: Run Behavior\WriteHtmlCacheBehavior [ RunTime:0.000007s ]
INFO: [ view_filter ] --END-- [ RunTime:-0.007976s ]
INFO: Run Behavior\ParseTemplateBehavior [ RunTime:0.001038s ]
INFO: [ view_parse ] --END-- [ RunTime:-0.007155s ]
INFO: [ view_filter ] --START--
INFO: Run Behavior\WriteHtmlCacheBehavior [ RunTime:0.000006s ]
INFO: [ view_filter ] --END-- [ RunTime:-0.008070s ]
INFO: [ app_end ] --START--
INFO: Run Behavior\ShowPageTraceBehavior [ RunTime:0.000456s ]
INFO: [ app_end ] --END-- [ RunTime:0.000502s ]

[ 2017-10-03T00:23:00+08:00 ] 91.121.144.97 /
INFO: [ app_init ] --START--
INFO: Run Behavior\BuildLiteBehavior [ RunTime:0.000012s ]
INFO: [ app_init ] --END-- [ RunTime:0.000244s ]
INFO: [ app_begin ] --START--
INFO: Run Behavior\ReadHtmlCacheBehavior [ RunTime:0.000353s ]
INFO: [ app_begin ] --END-- [ RunTime:0.000392s ]
NOTIC: [8] A session had already been started - ignoring session_start() /data/wwwroot/blog/ThinkPHP/Common/functions.php 第 1263 行.
SQL: SHOW COLUMNS FROM `z_post` [ RunTime:0.0006s ]
SQL: SHOW COLUMNS FROM `z_post` [ RunTime:0.0004s ]
SQL: SELECT * FROM `z_post` WHERE `category` = '说说' ORDER BY id desc LIMIT 1   [ RunTime:0.0001s ]
SQL: SELECT COUNT(*) AS tp_count FROM `z_post` WHERE `status` = 1 LIMIT 1   [ RunTime:0.0001s ]
SQL: SELECT * FROM `z_post` WHERE `status` = 1 ORDER BY ctime desc LIMIT 0,10   [ RunTime:0.0001s ]
INFO: [ view_parse ] --START--
INFO: [ template_filter ] --START--
INFO: Run Behavior\ContentReplaceBehavior [ RunTime:0.000040s ]
INFO: [ template_filter ] --END-- [ RunTime:0.000094s ]
NOTIC: [8] Undefined variable: detail /data/wwwroot/blog/Application/Runtime/Cache/Home/2a94b8bda04ff446dcedd42276fc99ee.php 第 12 行.
NOTIC: [8] Undefined variable: detail /data/wwwroot/blog/Application/Runtime/Cache/Home/2a94b8bda04ff446dcedd42276fc99ee.php 第 13 行.
NOTIC: [8] Undefined variable: archive_current /data/wwwroot/blog/Application/Runtime/Cache/Home/2a94b8bda04ff446dcedd42276fc99ee.php 第 34 行.
NOTIC: [8] Undefined variable: about_current /data/wwwroot/blog/Application/Runtime/Cache/Home/2a94b8bda04ff446dcedd42276fc99ee.php 第 36 行.
SQL: SHOW COLUMNS FROM `z_category` [ RunTime:0.0005s ]
SQL: SELECT * FROM `z_category`  [ RunTime:0.0001s ]
INFO: [ view_parse ] --START--
INFO: [ template_filter ] --START--
INFO: Run Behavior\ContentReplaceBehavior [ RunTime:0.000025s ]
INFO: [ template_filter ] --END-- [ RunTime:-0.003171s ]
INFO: Run Behavior\ParseTemplateBehavior [ RunTime:0.001532s ]
INFO: [ view_parse ] --END-- [ RunTime:0.001569s ]
INFO: [ view_filter ] --START--
INFO: Run Behavior\WriteHtmlCacheBehavior [ RunTime:0.000116s ]
INFO: [ view_filter ] --END-- [ RunTime:0.000147s ]
SQL: SHOW COLUMNS FROM `z_tag` [ RunTime:0.0003s ]
SQL: SELECT * FROM `z_tag`  [ RunTime:0.0001s ]
INFO: [ view_parse ] --START--
INFO: [ template_filter ] --START--
INFO: Run Behavior\ContentReplaceBehavior [ RunTime:0.000018s ]
INFO: [ template_filter ] --END-- [ RunTime:-0.005543s ]
INFO: Run Behavior\ParseTemplateBehavior [ RunTime:0.001423s ]
INFO: [ view_parse ] --END-- [ RunTime:-0.000897s ]
INFO: [ view_filter ] --START--
INFO: Run Behavior\WriteHtmlCacheBehavior [ RunTime:0.000008s ]
INFO: [ view_filter ] --END-- [ RunTime:-0.002205s ]
SQL: SELECT * FROM `z_post` ORDER BY ctime desc LIMIT 5   [ RunTime:0.0001s ]
INFO: [ view_parse ] --START--
INFO: [ template_filter ] --START--
INFO: Run Behavior\ContentReplaceBehavior [ RunTime:0.000018s ]
INFO: [ template_filter ] --END-- [ RunTime:-0.007326s ]
INFO: Run Behavior\ParseTemplateBehavior [ RunTime:0.001313s ]
INFO: [ view_parse ] --END-- [ RunTime:-0.002746s ]
INFO: [ view_filter ] --START--
INFO: Run Behavior\WriteHtmlCacheBehavior [ RunTime:0.000007s ]
INFO: [ view_filter ] --END-- [ RunTime:-0.003943s ]
SQL: SHOW COLUMNS FROM `z_comment` [ RunTime:0.0004s ]
SQL: SELECT * FROM `z_comment` WHERE `status` = 1 ORDER BY id desc LIMIT 5   [ RunTime:0.0001s ]
INFO: [ view_parse ] --START--
INFO: [ template_filter ] --START--
INFO: Run Behavior\ContentReplaceBehavior [ RunTime:0.000018s ]
INFO: [ template_filter ] --END-- [ RunTime:-0.009572s ]
INFO: Run Behavior\ParseTemplateBehavior [ RunTime:0.001350s ]
INFO: [ view_parse ] --END-- [ RunTime:-0.004957s ]
INFO: [ view_filter ] --START--
INFO: Run Behavior\WriteHtmlCacheBehavior [ RunTime:0.000008s ]
INFO: [ view_filter ] --END-- [ RunTime:-0.006192s ]
INFO: [ view_parse ] --START--
INFO: [ template_filter ] --START--
INFO: Run Behavior\ContentReplaceBehavior [ RunTime:0.000019s ]
INFO: [ template_filter ] --END-- [ RunTime:-0.010648s ]
INFO: Run Behavior\ParseTemplateBehavior [ RunTime:0.000855s ]
INFO: [ view_parse ] --END-- [ RunTime:-0.006453s ]
INFO: [ view_filter ] --START--
INFO: Run Behavior\WriteHtmlCacheBehavior [ RunTime:0.000007s ]
INFO: [ view_filter ] --END-- [ RunTime:-0.007195s ]
INFO: Run Behavior\ParseTemplateBehavior [ RunTime:0.000953s ]
INFO: [ view_parse ] --END-- [ RunTime:-0.006453s ]
INFO: [ view_filter ] --START--
INFO: Run Behavior\WriteHtmlCacheBehavior [ RunTime:0.000011s ]
INFO: [ view_filter ] --END-- [ RunTime:-0.007302s ]
INFO: [ app_end ] --START--
INFO: Run Behavior\ShowPageTraceBehavior [ RunTime:0.000390s ]
INFO: [ app_end ] --END-- [ RunTime:0.000434s ]

[ 2017-10-03T00:25:36+08:00 ] 197.234.219.35 /
INFO: [ app_init ] --START--
INFO: Run Behavior\BuildLiteBehavior [ RunTime:0.000019s ]
INFO: [ app_init ] --END-- [ RunTime:0.000311s ]
INFO: [ app_begin ] --START--
INFO: Run Behavior\ReadHtmlCacheBehavior [ RunTime:0.000391s ]
INFO: [ app_begin ] --END-- [ RunTime:0.000439s ]
NOTIC: [8] A session had already been started - ignoring session_start() /data/wwwroot/blog/ThinkPHP/Common/functions.php 第 1263 行.
SQL: SHOW COLUMNS FROM `z_post` [ RunTime:0.0006s ]
SQL: SHOW COLUMNS FROM `z_post` [ RunTime:0.0010s ]
SQL: SELECT * FROM `z_post` WHERE `category` = '说说' ORDER BY id desc LIMIT 1   [ RunTime:0.0001s ]
SQL: SELECT COUNT(*) AS tp_count FROM `z_post` WHERE `status` = 1 LIMIT 1   [ RunTime:0.0001s ]
SQL: SELECT * FROM `z_post` WHERE `status` = 1 ORDER BY ctime desc LIMIT 0,10   [ RunTime:0.0001s ]
INFO: [ view_parse ] --START--
INFO: [ template_filter ] --START--
INFO: Run Behavior\ContentReplaceBehavior [ RunTime:0.000037s ]
INFO: [ template_filter ] --END-- [ RunTime:0.000079s ]
NOTIC: [8] Undefined variable: detail /data/wwwroot/blog/Application/Runtime/Cache/Home/2a94b8bda04ff446dcedd42276fc99ee.php 第 12 行.
NOTIC: [8] Undefined variable: detail /data/wwwroot/blog/Application/Runtime/Cache/Home/2a94b8bda04ff446dcedd42276fc99ee.php 第 13 行.
NOTIC: [8] Undefined variable: archive_current /data/wwwroot/blog/Application/Runtime/Cache/Home/2a94b8bda04ff446dcedd42276fc99ee.php 第 34 行.
NOTIC: [8] Undefined variable: about_current /data/wwwroot/blog/Application/Runtime/Cache/Home/2a94b8bda04ff446dcedd42276fc99ee.php 第 36 行.
SQL: SHOW COLUMNS FROM `z_category` [ RunTime:0.0004s ]
SQL: SELECT * FROM `z_category`  [ RunTime:0.0001s ]
INFO: [ view_parse ] --START--
INFO: [ template_filter ] --START--
INFO: Run Behavior\ContentReplaceBehavior [ RunTime:0.000017s ]
INFO: [ template_filter ] --END-- [ RunTime:-0.002984s ]
INFO: Run Behavior\ParseTemplateBehavior [ RunTime:0.001521s ]
INFO: [ view_parse ] --END-- [ RunTime:0.001559s ]
INFO: [ view_filter ] --START--
INFO: Run Behavior\WriteHtmlCacheBehavior [ RunTime:0.000114s ]
INFO: [ view_filter ] --END-- [ RunTime:0.000146s ]
SQL: SHOW COLUMNS FROM `z_tag` [ RunTime:0.0003s ]
SQL: SELECT * FROM `z_tag`  [ RunTime:0.0001s ]
INFO: [ view_parse ] --START--
INFO: [ template_filter ] --START--
INFO: Run Behavior\ContentReplaceBehavior [ RunTime:0.000018s ]
INFO: [ template_filter ] --END-- [ RunTime:-0.005268s ]
INFO: Run Behavior\ParseTemplateBehavior [ RunTime:0.001326s ]
INFO: [ view_parse ] --END-- [ RunTime:-0.000880s ]
INFO: [ view_filter ] --START--
INFO: Run Behavior\WriteHtmlCacheBehavior [ RunTime:0.000008s ]
INFO: [ view_filter ] --END-- [ RunTime:-0.002092s ]
SQL: SELECT * FROM `z_post` ORDER BY ctime desc LIMIT 5   [ RunTime:0.0001s ]
INFO: [ view_parse ] --START--
INFO: [ template_filter ] --START--
INFO: Run Behavior\ContentReplaceBehavior [ RunTime:0.000017s ]
INFO: [ template_filter ] --END-- [ RunTime:-0.006979s ]
INFO: Run Behavior\ParseTemplateBehavior [ RunTime:0.001371s ]
INFO: [ view_parse ] --END-- [ RunTime:-0.002573s ]
INFO: [ view_filter ] --START--
INFO: Run Behavior\WriteHtmlCacheBehavior [ RunTime:0.000007s ]
INFO: [ view_filter ] --END-- [ RunTime:-0.003833s ]
SQL: SHOW COLUMNS FROM `z_comment` [ RunTime:0.0004s ]
SQL: SELECT * FROM `z_comment` WHERE `status` = 1 ORDER BY id desc LIMIT 5   [ RunTime:0.0001s ]
INFO: [ view_parse ] --START--
INFO: [ template_filter ] --START--
INFO: Run Behavior\ContentReplaceBehavior [ RunTime:0.000018s ]
INFO: [ template_filter ] --END-- [ RunTime:-0.009263s ]
INFO: Run Behavior\ParseTemplateBehavior [ RunTime:0.001353s ]
INFO: [ view_parse ] --END-- [ RunTime:-0.004825s ]
INFO: [ view_filter ] --START--
INFO: Run Behavior\WriteHtmlCacheBehavior [ RunTime:0.000008s ]
INFO: [ view_filter ] --END-- [ RunTime:-0.006064s ]
INFO: [ view_parse ] --START--
INFO: [ template_filter ] --START--
INFO: Run Behavior\ContentReplaceBehavior [ RunTime:0.000019s ]
INFO: [ template_filter ] --END-- [ RunTime:-0.010392s ]
INFO: Run Behavior\ParseTemplateBehavior [ RunTime:0.000900s ]
INFO: [ view_parse ] --END-- [ RunTime:-0.006327s ]
INFO: [ view_filter ] --START--
INFO: Run Behavior\WriteHtmlCacheBehavior [ RunTime:0.000007s ]
INFO: [ view_filter ] --END-- [ RunTime:-0.007117s ]
INFO: Run Behavior\ParseTemplateBehavior [ RunTime:0.001004s ]
INFO: [ view_parse ] --END-- [ RunTime:-0.006327s ]
INFO: [ view_filter ] --START--
INFO: Run Behavior\WriteHtmlCacheBehavior [ RunTime:0.000006s ]
INFO: [ view_filter ] --END-- [ RunTime:-0.007210s ]
INFO: [ app_end ] --START--
INFO: Run Behavior\ShowPageTraceBehavior [ RunTime:0.000399s ]
INFO: [ app_end ] --END-- [ RunTime:0.000438s ]

[ 2017-10-03T00:34:58+08:00 ] 106.11.155.169 /blog/tag/%E6%9E%B6%E6%9E%84/
INFO: [ app_init ] --START--
INFO: Run Behavior\BuildLiteBehavior [ RunTime:0.000013s ]
INFO: [ app_init ] --END-- [ RunTime:0.000285s ]
INFO: [ app_begin ] --START--
INFO: Run Behavior\ReadHtmlCacheBehavior [ RunTime:0.000353s ]
INFO: [ app_begin ] --END-- [ RunTime:0.000392s ]
NOTIC: [8] A session had already been started - ignoring session_start() /data/wwwroot/blog/ThinkPHP/Common/functions.php 第 1263 行.
SQL: SHOW COLUMNS FROM `z_post` [ RunTime:0.0006s ]
SQL: SHOW COLUMNS FROM `z_post` [ RunTime:0.0004s ]
SQL: SELECT * FROM `z_post` WHERE `category` = '说说' ORDER BY id desc LIMIT 1   [ RunTime:0.0001s ]
SQL: SELECT COUNT(*) AS tp_count FROM `z_post` WHERE `tag` = '架构' AND `status` = 1 LIMIT 1   [ RunTime:0.0004s ]
SQL: SELECT * FROM `z_post` WHERE `tag` = '架构' AND `status` = 1 ORDER BY ctime desc LIMIT 0,10   [ RunTime:0.0003s ]
INFO: [ view_parse ] --START--
INFO: [ template_filter ] --START--
INFO: Run Behavior\ContentReplaceBehavior [ RunTime:0.000030s ]
INFO: [ template_filter ] --END-- [ RunTime:0.000066s ]
NOTIC: [8] Undefined variable: detail /data/wwwroot/blog/Application/Runtime/Cache/Home/ade7d4477fc643e9340d31bf3970044f.php 第 12 行.
NOTIC: [8] Undefined variable: detail /data/wwwroot/blog/Application/Runtime/Cache/Home/ade7d4477fc643e9340d31bf3970044f.php 第 13 行.
NOTIC: [8] Undefined variable: index_current /data/wwwroot/blog/Application/Runtime/Cache/Home/ade7d4477fc643e9340d31bf3970044f.php 第 32 行.
NOTIC: [8] Undefined variable: about_current /data/wwwroot/blog/Application/Runtime/Cache/Home/ade7d4477fc643e9340d31bf3970044f.php 第 36 行.
SQL: SHOW COLUMNS FROM `z_category` [ RunTime:0.0003s ]
SQL: SELECT * FROM `z_category`  [ RunTime:0.0001s ]
INFO: [ view_parse ] --START--
INFO: [ template_filter ] --START--
INFO: Run Behavior\ContentReplaceBehavior [ RunTime:0.000018s ]
INFO: [ template_filter ] --END-- [ RunTime:-0.002687s ]
INFO: Run Behavior\ParseTemplateBehavior [ RunTime:0.001489s ]
INFO: [ view_parse ] --END-- [ RunTime:0.001525s ]
INFO: [ view_filter ] --START--
INFO: Run Behavior\WriteHtmlCacheBehavior [ RunTime:0.000110s ]
INFO: [ view_filter ] --END-- [ RunTime:0.000141s ]
SQL: SHOW COLUMNS FROM `z_tag` [ RunTime:0.0003s ]
SQL: SELECT * FROM `z_tag`  [ RunTime:0.0001s ]
INFO: [ view_parse ] --START--
INFO: [ template_filter ] --START--
INFO: Run Behavior\ContentReplaceBehavior [ RunTime:0.000018s ]
INFO: [ template_filter ] --END-- [ RunTime:-0.004922s ]
INFO: Run Behavior\ParseTemplateBehavior [ RunTime:0.001365s ]
INFO: [ view_parse ] --END-- [ RunTime:-0.000867s ]
INFO: [ view_filter ] --START--
INFO: Run Behavior\WriteHtmlCacheBehavior [ RunTime:0.000008s ]
INFO: [ view_filter ] --END-- [ RunTime:-0.002083s ]
SQL: SELECT * FROM `z_post` ORDER BY ctime desc LIMIT 5   [ RunTime:0.0001s ]
INFO: [ view_parse ] --START--
INFO: [ template_filter ] --START--
INFO: Run Behavior\ContentReplaceBehavior [ RunTime:0.000018s ]
INFO: [ template_filter ] --END-- [ RunTime:-0.006711s ]
INFO: Run Behavior\ParseTemplateBehavior [ RunTime:0.001336s ]
INFO: [ view_parse ] --END-- [ RunTime:-0.002606s ]
INFO: [ view_filter ] --START--
INFO: Run Behavior\WriteHtmlCacheBehavior [ RunTime:0.000011s ]
INFO: [ view_filter ] --END-- [ RunTime:-0.003789s ]
SQL: SHOW COLUMNS FROM `z_comment` [ RunTime:0.0004s ]
SQL: SELECT * FROM `z_comment` WHERE `status` = 1 ORDER BY id desc LIMIT 5   [ RunTime:0.0001s ]
INFO: [ view_parse ] --START--
INFO: [ template_filter ] --START--
INFO: Run Behavior\ContentReplaceBehavior [ RunTime:0.000018s ]
INFO: [ template_filter ] --END-- [ RunTime:-0.009005s ]
INFO: Run Behavior\ParseTemplateBehavior [ RunTime:0.001464s ]
INFO: [ view_parse ] --END-- [ RunTime:-0.004814s ]
INFO: [ view_filter ] --START--
INFO: Run Behavior\WriteHtmlCacheBehavior [ RunTime:0.000008s ]
INFO: [ view_filter ] --END-- [ RunTime:-0.006124s ]
INFO: [ view_parse ] --START--
INFO: [ template_filter ] --START--
INFO: Run Behavior\ContentReplaceBehavior [ RunTime:0.000020s ]
INFO: [ template_filter ] --END-- [ RunTime:-0.010083s ]
INFO: Run Behavior\ParseTemplateBehavior [ RunTime:0.000852s ]
INFO: [ view_parse ] --END-- [ RunTime:-0.006423s ]
INFO: [ view_filter ] --START--
INFO: Run Behavior\WriteHtmlCacheBehavior [ RunTime:0.000008s ]
INFO: [ view_filter ] --END-- [ RunTime:-0.007119s ]
INFO: Run Behavior\ParseTemplateBehavior [ RunTime:0.000949s ]
INFO: [ view_parse ] --END-- [ RunTime:-0.006423s ]
INFO: [ view_filter ] --START--
INFO: Run Behavior\WriteHtmlCacheBehavior [ RunTime:0.000010s ]
INFO: [ view_filter ] --END-- [ RunTime:-0.007211s ]
INFO: [ app_end ] --START--
INFO: Run Behavior\ShowPageTraceBehavior [ RunTime:0.000313s ]
INFO: [ app_end ] --END-- [ RunTime:0.000350s ]

[ 2017-10-03T00:49:10+08:00 ] 66.249.64.27 /blog/tag/%E5%88%86%E4%BA%AB/
INFO: [ app_init ] --START--
INFO: Run Behavior\BuildLiteBehavior [ RunTime:0.000013s ]
INFO: [ app_init ] --END-- [ RunTime:0.000242s ]
INFO: [ app_begin ] --START--
INFO: Run Behavior\ReadHtmlCacheBehavior [ RunTime:0.000316s ]
INFO: [ app_begin ] --END-- [ RunTime:0.000363s ]
NOTIC: [8] A session had already been started - ignoring session_start() /data/wwwroot/blog/ThinkPHP/Common/functions.php 第 1263 行.
SQL: SHOW COLUMNS FROM `z_post` [ RunTime:0.0006s ]
SQL: SHOW COLUMNS FROM `z_post` [ RunTime:0.0003s ]
SQL: SELECT * FROM `z_post` WHERE `category` = '说说' ORDER BY id desc LIMIT 1   [ RunTime:0.0001s ]
SQL: SELECT COUNT(*) AS tp_count FROM `z_post` WHERE `tag` = '分享' AND `status` = 1 LIMIT 1   [ RunTime:0.0003s ]
SQL: SELECT * FROM `z_post` WHERE `tag` = '分享' AND `status` = 1 ORDER BY ctime desc LIMIT 0,10   [ RunTime:0.0003s ]
INFO: [ view_parse ] --START--
INFO: [ template_filter ] --START--
INFO: Run Behavior\ContentReplaceBehavior [ RunTime:0.000029s ]
INFO: [ template_filter ] --END-- [ RunTime:0.000067s ]
NOTIC: [8] Undefined variable: detail /data/wwwroot/blog/Application/Runtime/Cache/Home/ade7d4477fc643e9340d31bf3970044f.php 第 12 行.
NOTIC: [8] Undefined variable: detail /data/wwwroot/blog/Application/Runtime/Cache/Home/ade7d4477fc643e9340d31bf3970044f.php 第 13 行.
NOTIC: [8] Undefined variable: index_current /data/wwwroot/blog/Application/Runtime/Cache/Home/ade7d4477fc643e9340d31bf3970044f.php 第 32 行.
NOTIC: [8] Undefined variable: about_current /data/wwwroot/blog/Application/Runtime/Cache/Home/ade7d4477fc643e9340d31bf3970044f.php 第 36 行.
SQL: SHOW COLUMNS FROM `z_category` [ RunTime:0.0003s ]
SQL: SELECT * FROM `z_category`  [ RunTime:0.0001s ]
INFO: [ view_parse ] --START--
INFO: [ template_filter ] --START--
INFO: Run Behavior\ContentReplaceBehavior [ RunTime:0.000018s ]
INFO: [ template_filter ] --END-- [ RunTime:-0.002687s ]
INFO: Run Behavior\ParseTemplateBehavior [ RunTime:0.001448s ]
INFO: [ view_parse ] --END-- [ RunTime:0.001484s ]
INFO: [ view_filter ] --START--
INFO: Run Behavior\WriteHtmlCacheBehavior [ RunTime:0.000106s ]
INFO: [ view_filter ] --END-- [ RunTime:0.000138s ]
SQL: SHOW COLUMNS FROM `z_tag` [ RunTime:0.0003s ]
SQL: SELECT * FROM `z_tag`  [ RunTime:0.0001s ]
INFO: [ view_parse ] --START--
INFO: [ template_filter ] --START--
INFO: Run Behavior\ContentReplaceBehavior [ RunTime:0.000017s ]
INFO: [ template_filter ] --END-- [ RunTime:-0.004888s ]
INFO: Run Behavior\ParseTemplateBehavior [ RunTime:0.001308s ]
INFO: [ view_parse ] --END-- [ RunTime:-0.000864s ]
INFO: [ view_filter ] --START--
INFO: Run Behavior\WriteHtmlCacheBehavior [ RunTime:0.000008s ]
INFO: [ view_filter ] --END-- [ RunTime:-0.002069s ]
SQL: SELECT * FROM `z_post` ORDER BY ctime desc LIMIT 5   [ RunTime:0.0001s ]
INFO: [ view_parse ] --START--
INFO: [ template_filter ] --START--
INFO: Run Behavior\ContentReplaceBehavior [ RunTime:0.000018s ]
INFO: [ template_filter ] --END-- [ RunTime:-0.006656s ]
INFO: Run Behavior\ParseTemplateBehavior [ RunTime:0.001400s ]
INFO: [ view_parse ] --END-- [ RunTime:-0.002584s ]
INFO: [ view_filter ] --START--
INFO: Run Behavior\WriteHtmlCacheBehavior [ RunTime:0.000008s ]
INFO: [ view_filter ] --END-- [ RunTime:-0.003878s ]
SQL: SHOW COLUMNS FROM `z_comment` [ RunTime:0.0004s ]
SQL: SELECT * FROM `z_comment` WHERE `status` = 1 ORDER BY id desc LIMIT 5   [ RunTime:0.0001s ]
INFO: [ view_parse ] --START--
INFO: [ template_filter ] --START--
INFO: Run Behavior\ContentReplaceBehavior [ RunTime:0.000018s ]
INFO: [ template_filter ] --END-- [ RunTime:-0.008941s ]
INFO: Run Behavior\ParseTemplateBehavior [ RunTime:0.001340s ]
INFO: [ view_parse ] --END-- [ RunTime:-0.004858s ]
INFO: [ view_filter ] --START--
INFO: Run Behavior\WriteHtmlCacheBehavior [ RunTime:0.000007s ]
INFO: [ view_filter ] --END-- [ RunTime:-0.006092s ]
INFO: [ view_parse ] --START--
INFO: [ template_filter ] --START--
INFO: Run Behavior\ContentReplaceBehavior [ RunTime:0.000018s ]
INFO: [ template_filter ] --END-- [ RunTime:-0.010008s ]
INFO: Run Behavior\ParseTemplateBehavior [ RunTime:0.000848s ]
INFO: [ view_parse ] --END-- [ RunTime:-0.006342s ]
INFO: [ view_filter ] --START--
INFO: Run Behavior\WriteHtmlCacheBehavior [ RunTime:0.000007s ]
INFO: [ view_filter ] --END-- [ RunTime:-0.007083s ]
INFO: Run Behavior\ParseTemplateBehavior [ RunTime:0.000946s ]
INFO: [ view_parse ] --END-- [ RunTime:-0.006342s ]
INFO: [ view_filter ] --START--
INFO: Run Behavior\WriteHtmlCacheBehavior [ RunTime:0.000006s ]
INFO: [ view_filter ] --END-- [ RunTime:-0.007175s ]
INFO: [ app_end ] --START--
INFO: Run Behavior\ShowPageTraceBehavior [ RunTime:0.000315s ]
INFO: [ app_end ] --END-- [ RunTime:0.000352s ]

[ 2017-10-03T00:54:37+08:00 ] 106.11.155.169 /blog/160.html
INFO: [ app_init ] --START--
INFO: Run Behavior\BuildLiteBehavior [ RunTime:0.000012s ]
INFO: [ app_init ] --END-- [ RunTime:0.000242s ]
INFO: [ app_begin ] --START--
INFO: Run Behavior\ReadHtmlCacheBehavior [ RunTime:0.000308s ]
INFO: [ app_begin ] --END-- [ RunTime:0.000346s ]
NOTIC: [8] A session had already been started - ignoring session_start() /data/wwwroot/blog/ThinkPHP/Common/functions.php 第 1263 行.
SQL: SHOW COLUMNS FROM `z_post` [ RunTime:0.0006s ]
SQL: SHOW COLUMNS FROM `z_post` [ RunTime:0.0003s ]
SQL: SELECT * FROM `z_post` WHERE `category` = '说说' ORDER BY id desc LIMIT 1   [ RunTime:0.0001s ]
NOTIC: [8] Undefined index: userinfo /data/wwwroot/blog/Application/Home/Controller/IndexController.class.php 第 93 行.
SQL: UPDATE `z_post` SET `pv`=pv+1 WHERE `id` = 160 [ RunTime:0.0004s ]
SQL: SELECT * FROM `z_post` WHERE `id` = 160 LIMIT 1   [ RunTime:0.0002s ]
SQL: SELECT * FROM `z_post` WHERE ( id < 160 ) LIMIT 1   [ RunTime:0.0002s ]
SQL: SELECT * FROM `z_post` WHERE ( id > 160 ) LIMIT 1   [ RunTime:0.0002s ]
SQL: SHOW COLUMNS FROM `z_comment` [ RunTime:0.0005s ]
SQL: SELECT * FROM `z_comment` WHERE `postid` = 160 AND `status` = 1  [ RunTime:0.0001s ]
SQL: SELECT COUNT(*) AS tp_count FROM `z_comment` WHERE `postid` = 160 AND `status` = 1 LIMIT 1   [ RunTime:0.0000s ]
INFO: [ view_parse ] --START--
INFO: [ template_filter ] --START--
INFO: Run Behavior\ContentReplaceBehavior [ RunTime:0.000046s ]
INFO: [ template_filter ] --END-- [ RunTime:0.000085s ]
NOTIC: [8] Undefined variable: archive_current /data/wwwroot/blog/Application/Runtime/Cache/Home/1223f42a89e823bf89547594651162de.php 第 79 行.
NOTIC: [8] Undefined variable: about_current /data/wwwroot/blog/Application/Runtime/Cache/Home/1223f42a89e823bf89547594651162de.php 第 81 行.
NOTIC: [8] Undefined variable: userinfo /data/wwwroot/blog/Application/Runtime/Cache/Home/1223f42a89e823bf89547594651162de.php 第 115 行.
SQL: SHOW COLUMNS FROM `z_category` [ RunTime:0.0003s ]
SQL: SELECT * FROM `z_category`  [ RunTime:0.0001s ]
INFO: [ view_parse ] --START--
INFO: [ template_filter ] --START--
INFO: Run Behavior\ContentReplaceBehavior [ RunTime:0.000018s ]
INFO: [ template_filter ] --END-- [ RunTime:-0.003887s ]
INFO: Run Behavior\ParseTemplateBehavior [ RunTime:0.001424s ]
INFO: [ view_parse ] --END-- [ RunTime:0.001513s ]
INFO: [ view_filter ] --START--
INFO: Run Behavior\WriteHtmlCacheBehavior [ RunTime:0.000109s ]
INFO: [ view_filter ] --END-- [ RunTime:0.000142s ]
SQL: SHOW COLUMNS FROM `z_tag` [ RunTime:0.0003s ]
SQL: SELECT * FROM `z_tag`  [ RunTime:0.0001s ]
INFO: [ view_parse ] --START--
INFO: [ template_filter ] --START--
INFO: Run Behavior\ContentReplaceBehavior [ RunTime:0.000017s ]
INFO: [ template_filter ] --END-- [ RunTime:-0.006101s ]
INFO: Run Behavior\ParseTemplateBehavior [ RunTime:0.001363s ]
INFO: [ view_parse ] --END-- [ RunTime:-0.000826s ]
INFO: [ view_filter ] --START--
INFO: Run Behavior\WriteHtmlCacheBehavior [ RunTime:0.000007s ]
INFO: [ view_filter ] --END-- [ RunTime:-0.002073s ]
SQL: SELECT * FROM `z_post` ORDER BY ctime desc LIMIT 5   [ RunTime:0.0003s ]
INFO: [ view_parse ] --START--
INFO: [ template_filter ] --START--
INFO: Run Behavior\ContentReplaceBehavior [ RunTime:0.000018s ]
INFO: [ template_filter ] --END-- [ RunTime:-0.008098s ]
INFO: Run Behavior\ParseTemplateBehavior [ RunTime:0.001368s ]
INFO: [ view_parse ] --END-- [ RunTime:-0.002787s ]
INFO: [ view_filter ] --START--
INFO: Run Behavior\WriteHtmlCacheBehavior [ RunTime:0.000008s ]
INFO: [ view_filter ] --END-- [ RunTime:-0.004040s ]
SQL: SELECT * FROM `z_comment` WHERE `status` = 1 ORDER BY id desc LIMIT 5   [ RunTime:0.0001s ]
INFO: [ view_parse ] --START--
INFO: [ template_filter ] --START--
INFO: Run Behavior\ContentReplaceBehavior [ RunTime:0.000018s ]
INFO: [ template_filter ] --END-- [ RunTime:-0.009832s ]
INFO: Run Behavior\ParseTemplateBehavior [ RunTime:0.001312s ]
INFO: [ view_parse ] --END-- [ RunTime:-0.004522s ]
INFO: [ view_filter ] --START--
INFO: Run Behavior\WriteHtmlCacheBehavior [ RunTime:0.000008s ]
INFO: [ view_filter ] --END-- [ RunTime:-0.005717s ]
INFO: [ view_parse ] --START--
INFO: [ template_filter ] --START--
INFO: Run Behavior\ContentReplaceBehavior [ RunTime:0.000019s ]
INFO: [ template_filter ] --END-- [ RunTime:-0.010900s ]
INFO: Run Behavior\ParseTemplateBehavior [ RunTime:0.000809s ]
INFO: [ view_parse ] --END-- [ RunTime:-0.006025s ]
INFO: [ view_filter ] --START--
INFO: Run Behavior\WriteHtmlCacheBehavior [ RunTime:0.000008s ]
INFO: [ view_filter ] --END-- [ RunTime:-0.006717s ]
INFO: Run Behavior\ParseTemplateBehavior [ RunTime:0.000951s ]
INFO: [ view_parse ] --END-- [ RunTime:-0.006025s ]
INFO: [ view_filter ] --START--
INFO: Run Behavior\WriteHtmlCacheBehavior [ RunTime:0.000007s ]
INFO: [ view_filter ] --END-- [ RunTime:-0.006858s ]
INFO: [ app_end ] --START--
INFO: Run Behavior\ShowPageTraceBehavior [ RunTime:0.000320s ]
INFO: [ app_end ] --END-- [ RunTime:0.000357s ]

[ 2017-10-03T01:02:09+08:00 ] 68.180.228.160 /blog/tag/linux/
INFO: [ app_init ] --START--
INFO: Run Behavior\BuildLiteBehavior [ RunTime:0.000012s ]
INFO: [ app_init ] --END-- [ RunTime:0.000245s ]
INFO: [ app_begin ] --START--
INFO: Run Behavior\ReadHtmlCacheBehavior [ RunTime:0.000307s ]
INFO: [ app_begin ] --END-- [ RunTime:0.000347s ]
NOTIC: [8] A session had already been started - ignoring session_start() /data/wwwroot/blog/ThinkPHP/Common/functions.php 第 1263 行.
SQL: SHOW COLUMNS FROM `z_post` [ RunTime:0.0009s ]
SQL: SHOW COLUMNS FROM `z_post` [ RunTime:0.0005s ]
SQL: SELECT * FROM `z_post` WHERE `category` = '说说' ORDER BY id desc LIMIT 1   [ RunTime:0.0004s ]
SQL: SELECT COUNT(*) AS tp_count FROM `z_post` WHERE `tag` = 'linux' AND `status` = 1 LIMIT 1   [ RunTime:0.0003s ]
SQL: SELECT * FROM `z_post` WHERE `tag` = 'linux' AND `status` = 1 ORDER BY ctime desc LIMIT 0,10   [ RunTime:0.0003s ]
INFO: [ view_parse ] --START--
INFO: [ template_filter ] --START--
INFO: Run Behavior\ContentReplaceBehavior [ RunTime:0.000035s ]
INFO: [ template_filter ] --END-- [ RunTime:0.000081s ]
NOTIC: [8] Undefined variable: detail /data/wwwroot/blog/Application/Runtime/Cache/Home/ade7d4477fc643e9340d31bf3970044f.php 第 12 行.
NOTIC: [8] Undefined variable: detail /data/wwwroot/blog/Application/Runtime/Cache/Home/ade7d4477fc643e9340d31bf3970044f.php 第 13 行.
NOTIC: [8] Undefined variable: index_current /data/wwwroot/blog/Application/Runtime/Cache/Home/ade7d4477fc643e9340d31bf3970044f.php 第 32 行.
NOTIC: [8] Undefined variable: about_current /data/wwwroot/blog/Application/Runtime/Cache/Home/ade7d4477fc643e9340d31bf3970044f.php 第 36 行.
SQL: SHOW COLUMNS FROM `z_category` [ RunTime:0.0004s ]
SQL: SELECT * FROM `z_category`  [ RunTime:0.0001s ]
INFO: [ view_parse ] --START--
INFO: [ template_filter ] --START--
INFO: Run Behavior\ContentReplaceBehavior [ RunTime:0.000018s ]
INFO: [ template_filter ] --END-- [ RunTime:-0.003006s ]
INFO: Run Behavior\ParseTemplateBehavior [ RunTime:0.001463s ]
INFO: [ view_parse ] --END-- [ RunTime:0.001501s ]
INFO: [ view_filter ] --START--
INFO: Run Behavior\WriteHtmlCacheBehavior [ RunTime:0.000153s ]
INFO: [ view_filter ] --END-- [ RunTime:0.000186s ]
SQL: SHOW COLUMNS FROM `z_tag` [ RunTime:0.0003s ]
SQL: SELECT * FROM `z_tag`  [ RunTime:0.0001s ]
INFO: [ view_parse ] --START--
INFO: [ template_filter ] --START--
INFO: Run Behavior\ContentReplaceBehavior [ RunTime:0.000017s ]
INFO: [ template_filter ] --END-- [ RunTime:-0.005316s ]
INFO: Run Behavior\ParseTemplateBehavior [ RunTime:0.001428s ]
INFO: [ view_parse ] --END-- [ RunTime:-0.000908s ]
INFO: [ view_filter ] --START--
INFO: Run Behavior\WriteHtmlCacheBehavior [ RunTime:0.000008s ]
INFO: [ view_filter ] --END-- [ RunTime:-0.002187s ]
SQL: SELECT * FROM `z_post` ORDER BY ctime desc LIMIT 5   [ RunTime:0.0001s ]
INFO: [ view_parse ] --START--
INFO: [ template_filter ] --START--
INFO: Run Behavior\ContentReplaceBehavior [ RunTime:0.000018s ]
INFO: [ template_filter ] --END-- [ RunTime:-0.007191s ]
INFO: Run Behavior\ParseTemplateBehavior [ RunTime:0.001424s ]
INFO: [ view_parse ] --END-- [ RunTime:-0.002745s ]
INFO: [ view_filter ] --START--
INFO: Run Behavior\WriteHtmlCacheBehavior [ RunTime:0.000008s ]
INFO: [ view_filter ] --END-- [ RunTime:-0.004016s ]
SQL: SHOW COLUMNS FROM `z_comment` [ RunTime:0.0004s ]
SQL: SELECT * FROM `z_comment` WHERE `status` = 1 ORDER BY id desc LIMIT 5   [ RunTime:0.0001s ]
INFO: [ view_parse ] --START--
INFO: [ template_filter ] --START--
INFO: Run Behavior\ContentReplaceBehavior [ RunTime:0.000044s ]
INFO: [ template_filter ] --END-- [ RunTime:-0.009471s ]
INFO: Run Behavior\ParseTemplateBehavior [ RunTime:0.001428s ]
INFO: [ view_parse ] --END-- [ RunTime:-0.005037s ]
INFO: [ view_filter ] --START--
INFO: Run Behavior\WriteHtmlCacheBehavior [ RunTime:0.000008s ]
INFO: [ view_filter ] --END-- [ RunTime:-0.006312s ]
INFO: [ view_parse ] --START--
INFO: [ template_filter ] --START--
INFO: Run Behavior\ContentReplaceBehavior [ RunTime:0.000019s ]
INFO: [ template_filter ] --END-- [ RunTime:-0.010636s ]
INFO: Run Behavior\ParseTemplateBehavior [ RunTime:0.000896s ]
INFO: [ view_parse ] --END-- [ RunTime:-0.006612s ]
INFO: [ view_filter ] --START--
INFO: Run Behavior\WriteHtmlCacheBehavior [ RunTime:0.000007s ]
INFO: [ view_filter ] --END-- [ RunTime:-0.007352s ]
INFO: Run Behavior\ParseTemplateBehavior [ RunTime:0.000993s ]
INFO: [ view_parse ] --END-- [ RunTime:-0.006612s ]
INFO: [ view_filter ] --START--
INFO: Run Behavior\WriteHtmlCacheBehavior [ RunTime:0.000006s ]
INFO: [ view_filter ] --END-- [ RunTime:-0.007445s ]
INFO: [ app_end ] --START--
INFO: Run Behavior\ShowPageTraceBehavior [ RunTime:0.000400s ]
INFO: [ app_end ] --END-- [ RunTime:0.000439s ]

[ 2017-10-03T01:09:11+08:00 ] 84.124.131.203 /
INFO: [ app_init ] --START--
INFO: Run Behavior\BuildLiteBehavior [ RunTime:0.000016s ]
INFO: [ app_init ] --END-- [ RunTime:0.000268s ]
INFO: [ app_begin ] --START--
INFO: Run Behavior\ReadHtmlCacheBehavior [ RunTime:0.000315s ]
INFO: [ app_begin ] --END-- [ RunTime:0.000354s ]
NOTIC: [8] A session had already been started - ignoring session_start() /data/wwwroot/blog/ThinkPHP/Common/functions.php 第 1263 行.
SQL: SHOW COLUMNS FROM `z_post` [ RunTime:0.0006s ]
SQL: SHOW COLUMNS FROM `z_post` [ RunTime:0.0006s ]
SQL: SELECT * FROM `z_post` WHERE `category` = '说说' ORDER BY id desc LIMIT 1   [ RunTime:0.0001s ]
SQL: SELECT COUNT(*) AS tp_count FROM `z_post` WHERE `status` = 1 LIMIT 1   [ RunTime:0.0004s ]
SQL: SELECT * FROM `z_post` WHERE `status` = 1 ORDER BY ctime desc LIMIT 0,10   [ RunTime:0.0006s ]
INFO: [ view_parse ] --START--
INFO: [ template_filter ] --START--
INFO: Run Behavior\ContentReplaceBehavior [ RunTime:0.000038s ]
INFO: [ template_filter ] --END-- [ RunTime:0.000076s ]
NOTIC: [8] Undefined variable: detail /data/wwwroot/blog/Application/Runtime/Cache/Home/2a94b8bda04ff446dcedd42276fc99ee.php 第 12 行.
NOTIC: [8] Undefined variable: detail /data/wwwroot/blog/Application/Runtime/Cache/Home/2a94b8bda04ff446dcedd42276fc99ee.php 第 13 行.
NOTIC: [8] Undefined variable: archive_current /data/wwwroot/blog/Application/Runtime/Cache/Home/2a94b8bda04ff446dcedd42276fc99ee.php 第 34 行.
NOTIC: [8] Undefined variable: about_current /data/wwwroot/blog/Application/Runtime/Cache/Home/2a94b8bda04ff446dcedd42276fc99ee.php 第 36 行.
SQL: SHOW COLUMNS FROM `z_category` [ RunTime:0.0004s ]
SQL: SELECT * FROM `z_category`  [ RunTime:0.0001s ]
INFO: [ view_parse ] --START--
INFO: [ template_filter ] --START--
INFO: Run Behavior\ContentReplaceBehavior [ RunTime:0.000018s ]
INFO: [ template_filter ] --END-- [ RunTime:-0.002973s ]
INFO: Run Behavior\ParseTemplateBehavior [ RunTime:0.001458s ]
INFO: [ view_parse ] --END-- [ RunTime:0.001495s ]
INFO: [ view_filter ] --START--
INFO: Run Behavior\WriteHtmlCacheBehavior [ RunTime:0.000114s ]
INFO: [ view_filter ] --END-- [ RunTime:0.000146s ]
SQL: SHOW COLUMNS FROM `z_tag` [ RunTime:0.0003s ]
SQL: SELECT * FROM `z_tag`  [ RunTime:0.0001s ]
INFO: [ view_parse ] --START--
INFO: [ template_filter ] --START--
INFO: Run Behavior\ContentReplaceBehavior [ RunTime:0.000018s ]
INFO: [ template_filter ] --END-- [ RunTime:-0.005204s ]
INFO: Run Behavior\ParseTemplateBehavior [ RunTime:0.001319s ]
INFO: [ view_parse ] --END-- [ RunTime:-0.000887s ]
INFO: [ view_filter ] --START--
INFO: Run Behavior\WriteHtmlCacheBehavior [ RunTime:0.000007s ]
INFO: [ view_filter ] --END-- [ RunTime:-0.002091s ]
SQL: SELECT * FROM `z_post` ORDER BY ctime desc LIMIT 5   [ RunTime:0.0001s ]
INFO: [ view_parse ] --START--
INFO: [ template_filter ] --START--
INFO: Run Behavior\ContentReplaceBehavior [ RunTime:0.000018s ]
INFO: [ template_filter ] --END-- [ RunTime:-0.006962s ]
INFO: Run Behavior\ParseTemplateBehavior [ RunTime:0.001311s ]
INFO: [ view_parse ] --END-- [ RunTime:-0.002624s ]
INFO: [ view_filter ] --START--
INFO: Run Behavior\WriteHtmlCacheBehavior [ RunTime:0.000008s ]
INFO: [ view_filter ] --END-- [ RunTime:-0.003821s ]
SQL: SHOW COLUMNS FROM `z_comment` [ RunTime:0.0004s ]
SQL: SELECT * FROM `z_comment` WHERE `status` = 1 ORDER BY id desc LIMIT 5   [ RunTime:0.0001s ]
INFO: [ view_parse ] --START--
INFO: [ template_filter ] --START--
INFO: Run Behavior\ContentReplaceBehavior [ RunTime:0.000017s ]
INFO: [ template_filter ] --END-- [ RunTime:-0.009202s ]
INFO: Run Behavior\ParseTemplateBehavior [ RunTime:0.001341s ]
INFO: [ view_parse ] --END-- [ RunTime:-0.004829s ]
INFO: [ view_filter ] --START--
INFO: Run Behavior\WriteHtmlCacheBehavior [ RunTime:0.000008s ]
INFO: [ view_filter ] --END-- [ RunTime:-0.006056s ]
INFO: [ view_parse ] --START--
INFO: [ template_filter ] --START--
INFO: Run Behavior\ContentReplaceBehavior [ RunTime:0.000018s ]
INFO: [ template_filter ] --END-- [ RunTime:-0.010268s ]
INFO: Run Behavior\ParseTemplateBehavior [ RunTime:0.000848s ]
INFO: [ view_parse ] --END-- [ RunTime:-0.006316s ]
INFO: [ view_filter ] --START--
INFO: Run Behavior\WriteHtmlCacheBehavior [ RunTime:0.000007s ]
INFO: [ view_filter ] --END-- [ RunTime:-0.007048s ]
INFO: Run Behavior\ParseTemplateBehavior [ RunTime:0.000946s ]
INFO: [ view_parse ] --END-- [ RunTime:-0.006316s ]
INFO: [ view_filter ] --START--
INFO: Run Behavior\WriteHtmlCacheBehavior [ RunTime:0.000006s ]
INFO: [ view_filter ] --END-- [ RunTime:-0.007141s ]
INFO: [ app_end ] --START--
INFO: Run Behavior\ShowPageTraceBehavior [ RunTime:0.000359s ]
INFO: [ app_end ] --END-- [ RunTime:0.000398s ]

[ 2017-10-03T01:20:19+08:00 ] 107.152.196.93 /
INFO: [ app_init ] --START--
INFO: Run Behavior\BuildLiteBehavior [ RunTime:0.000013s ]
INFO: [ app_init ] --END-- [ RunTime:0.000292s ]
INFO: [ app_begin ] --START--
INFO: Run Behavior\ReadHtmlCacheBehavior [ RunTime:0.000308s ]
INFO: [ app_begin ] --END-- [ RunTime:0.000347s ]
NOTIC: [8] A session had already been started - ignoring session_start() /data/wwwroot/blog/ThinkPHP/Common/functions.php 第 1263 行.
SQL: SHOW COLUMNS FROM `z_post` [ RunTime:0.0006s ]
SQL: SHOW COLUMNS FROM `z_post` [ RunTime:0.0004s ]
SQL: SELECT * FROM `z_post` WHERE `category` = '说说' ORDER BY id desc LIMIT 1   [ RunTime:0.0001s ]
SQL: SELECT COUNT(*) AS tp_count FROM `z_post` WHERE `status` = 1 LIMIT 1   [ RunTime:0.0001s ]
SQL: SELECT * FROM `z_post` WHERE `status` = 1 ORDER BY ctime desc LIMIT 0,10   [ RunTime:0.0001s ]
INFO: [ view_parse ] --START--
INFO: [ template_filter ] --START--
INFO: Run Behavior\ContentReplaceBehavior [ RunTime:0.000034s ]
INFO: [ template_filter ] --END-- [ RunTime:0.000088s ]
NOTIC: [8] Undefined variable: detail /data/wwwroot/blog/Application/Runtime/Cache/Home/2a94b8bda04ff446dcedd42276fc99ee.php 第 12 行.
NOTIC: [8] Undefined variable: detail /data/wwwroot/blog/Application/Runtime/Cache/Home/2a94b8bda04ff446dcedd42276fc99ee.php 第 13 行.
NOTIC: [8] Undefined variable: archive_current /data/wwwroot/blog/Application/Runtime/Cache/Home/2a94b8bda04ff446dcedd42276fc99ee.php 第 34 行.
NOTIC: [8] Undefined variable: about_current /data/wwwroot/blog/Application/Runtime/Cache/Home/2a94b8bda04ff446dcedd42276fc99ee.php 第 36 行.
SQL: SHOW COLUMNS FROM `z_category` [ RunTime:0.0003s ]
SQL: SELECT * FROM `z_category`  [ RunTime:0.0001s ]
INFO: [ view_parse ] --START--
INFO: [ template_filter ] --START--
INFO: Run Behavior\ContentReplaceBehavior [ RunTime:0.000018s ]
INFO: [ template_filter ] --END-- [ RunTime:-0.002791s ]
INFO: Run Behavior\ParseTemplateBehavior [ RunTime:0.001510s ]
INFO: [ view_parse ] --END-- [ RunTime:0.001547s ]
INFO: [ view_filter ] --START--
INFO: Run Behavior\WriteHtmlCacheBehavior [ RunTime:0.000114s ]
INFO: [ view_filter ] --END-- [ RunTime:0.000145s ]
SQL: SHOW COLUMNS FROM `z_tag` [ RunTime:0.0003s ]
SQL: SELECT * FROM `z_tag`  [ RunTime:0.0001s ]
INFO: [ view_parse ] --START--
INFO: [ template_filter ] --START--
INFO: Run Behavior\ContentReplaceBehavior [ RunTime:0.000022s ]
INFO: [ template_filter ] --END-- [ RunTime:-0.005055s ]
INFO: Run Behavior\ParseTemplateBehavior [ RunTime:0.001328s ]
INFO: [ view_parse ] --END-- [ RunTime:-0.000880s ]
INFO: [ view_filter ] --START--
INFO: Run Behavior\WriteHtmlCacheBehavior [ RunTime:0.000008s ]
INFO: [ view_filter ] --END-- [ RunTime:-0.002098s ]
SQL: SELECT * FROM `z_post` ORDER BY ctime desc LIMIT 5   [ RunTime:0.0001s ]
INFO: [ view_parse ] --START--
INFO: [ template_filter ] --START--
INFO: Run Behavior\ContentReplaceBehavior [ RunTime:0.000017s ]
INFO: [ template_filter ] --END-- [ RunTime:-0.006777s ]
INFO: Run Behavior\ParseTemplateBehavior [ RunTime:0.001630s ]
INFO: [ view_parse ] --END-- [ RunTime:-0.002580s ]
INFO: [ view_filter ] --START--
INFO: Run Behavior\WriteHtmlCacheBehavior [ RunTime:0.000008s ]
INFO: [ view_filter ] --END-- [ RunTime:-0.004098s ]
SQL: SHOW COLUMNS FROM `z_comment` [ RunTime:0.0004s ]
SQL: SELECT * FROM `z_comment` WHERE `status` = 1 ORDER BY id desc LIMIT 5   [ RunTime:0.0001s ]
INFO: [ view_parse ] --START--
INFO: [ template_filter ] --START--
INFO: Run Behavior\ContentReplaceBehavior [ RunTime:0.000020s ]
INFO: [ template_filter ] --END-- [ RunTime:-0.009339s ]
INFO: Run Behavior\ParseTemplateBehavior [ RunTime:0.001355s ]
INFO: [ view_parse ] --END-- [ RunTime:-0.005098s ]
INFO: [ view_filter ] --START--
INFO: Run Behavior\WriteHtmlCacheBehavior [ RunTime:0.000008s ]
INFO: [ view_filter ] --END-- [ RunTime:-0.006339s ]
INFO: [ view_parse ] --START--
INFO: [ template_filter ] --START--
INFO: Run Behavior\ContentReplaceBehavior [ RunTime:0.000020s ]
INFO: [ template_filter ] --END-- [ RunTime:-0.010620s ]
INFO: Run Behavior\ParseTemplateBehavior [ RunTime:0.001061s ]
INFO: [ view_parse ] --END-- [ RunTime:-0.006596s ]
INFO: [ view_filter ] --START--
INFO: Run Behavior\WriteHtmlCacheBehavior [ RunTime:0.000008s ]
INFO: [ view_filter ] --END-- [ RunTime:-0.007544s ]
INFO: Run Behavior\ParseTemplateBehavior [ RunTime:0.001159s ]
INFO: [ view_parse ] --END-- [ RunTime:-0.006596s ]
INFO: [ view_filter ] --START--
INFO: Run Behavior\WriteHtmlCacheBehavior [ RunTime:0.000007s ]
INFO: [ view_filter ] --END-- [ RunTime:-0.007681s ]
INFO: [ app_end ] --START--
INFO: Run Behavior\ShowPageTraceBehavior [ RunTime:0.000323s ]
INFO: [ app_end ] --END-- [ RunTime:0.000361s ]

[ 2017-10-03T01:26:07+08:00 ] 188.51.7.167 /
INFO: [ app_init ] --START--
INFO: Run Behavior\BuildLiteBehavior [ RunTime:0.000013s ]
INFO: [ app_init ] --END-- [ RunTime:0.000285s ]
INFO: [ app_begin ] --START--
INFO: Run Behavior\ReadHtmlCacheBehavior [ RunTime:0.000302s ]
INFO: [ app_begin ] --END-- [ RunTime:0.000340s ]
NOTIC: [8] A session had already been started - ignoring session_start() /data/wwwroot/blog/ThinkPHP/Common/functions.php 第 1263 行.
SQL: SHOW COLUMNS FROM `z_post` [ RunTime:0.0006s ]
SQL: SHOW COLUMNS FROM `z_post` [ RunTime:0.0003s ]
SQL: SELECT * FROM `z_post` WHERE `category` = '说说' ORDER BY id desc LIMIT 1   [ RunTime:0.0001s ]
SQL: SELECT COUNT(*) AS tp_count FROM `z_post` WHERE `status` = 1 LIMIT 1   [ RunTime:0.0001s ]
SQL: SELECT * FROM `z_post` WHERE `status` = 1 ORDER BY ctime desc LIMIT 0,10   [ RunTime:0.0002s ]
INFO: [ view_parse ] --START--
INFO: [ template_filter ] --START--
INFO: Run Behavior\ContentReplaceBehavior [ RunTime:0.000047s ]
INFO: [ template_filter ] --END-- [ RunTime:0.000085s ]
NOTIC: [8] Undefined variable: detail /data/wwwroot/blog/Application/Runtime/Cache/Home/2a94b8bda04ff446dcedd42276fc99ee.php 第 12 行.
NOTIC: [8] Undefined variable: detail /data/wwwroot/blog/Application/Runtime/Cache/Home/2a94b8bda04ff446dcedd42276fc99ee.php 第 13 行.
NOTIC: [8] Undefined variable: archive_current /data/wwwroot/blog/Application/Runtime/Cache/Home/2a94b8bda04ff446dcedd42276fc99ee.php 第 34 行.
NOTIC: [8] Undefined variable: about_current /data/wwwroot/blog/Application/Runtime/Cache/Home/2a94b8bda04ff446dcedd42276fc99ee.php 第 36 行.
SQL: SHOW COLUMNS FROM `z_category` [ RunTime:0.0003s ]
SQL: SELECT * FROM `z_category`  [ RunTime:0.0001s ]
INFO: [ view_parse ] --START--
INFO: [ template_filter ] --START--
INFO: Run Behavior\ContentReplaceBehavior [ RunTime:0.000018s ]
INFO: [ template_filter ] --END-- [ RunTime:-0.002741s ]
INFO: Run Behavior\ParseTemplateBehavior [ RunTime:0.001489s ]
INFO: [ view_parse ] --END-- [ RunTime:0.001526s ]
INFO: [ view_filter ] --START--
INFO: Run Behavior\WriteHtmlCacheBehavior [ RunTime:0.000143s ]
INFO: [ view_filter ] --END-- [ RunTime:0.000177s ]
SQL: SHOW COLUMNS FROM `z_tag` [ RunTime:0.0003s ]
SQL: SELECT * FROM `z_tag`  [ RunTime:0.0001s ]
INFO: [ view_parse ] --START--
INFO: [ template_filter ] --START--
INFO: Run Behavior\ContentReplaceBehavior [ RunTime:0.000017s ]
INFO: [ template_filter ] --END-- [ RunTime:-0.005023s ]
INFO: Run Behavior\ParseTemplateBehavior [ RunTime:0.001320s ]
INFO: [ view_parse ] --END-- [ RunTime:-0.000903s ]
INFO: [ view_filter ] --START--
INFO: Run Behavior\WriteHtmlCacheBehavior [ RunTime:0.000008s ]
INFO: [ view_filter ] --END-- [ RunTime:-0.002080s ]
SQL: SELECT * FROM `z_post` ORDER BY ctime desc LIMIT 5   [ RunTime:0.0001s ]
INFO: [ view_parse ] --START--
INFO: [ template_filter ] --START--
INFO: Run Behavior\ContentReplaceBehavior [ RunTime:0.000018s ]
INFO: [ template_filter ] --END-- [ RunTime:-0.006793s ]
INFO: Run Behavior\ParseTemplateBehavior [ RunTime:0.001367s ]
INFO: [ view_parse ] --END-- [ RunTime:-0.002633s ]
INFO: [ view_filter ] --START--
INFO: Run Behavior\WriteHtmlCacheBehavior [ RunTime:0.000008s ]
INFO: [ view_filter ] --END-- [ RunTime:-0.003858s ]
SQL: SHOW COLUMNS FROM `z_comment` [ RunTime:0.0004s ]
SQL: SELECT * FROM `z_comment` WHERE `status` = 1 ORDER BY id desc LIMIT 5   [ RunTime:0.0001s ]
INFO: [ view_parse ] --START--
INFO: [ template_filter ] --START--
INFO: Run Behavior\ContentReplaceBehavior [ RunTime:0.000018s ]
INFO: [ template_filter ] --END-- [ RunTime:-0.009115s ]
INFO: Run Behavior\ParseTemplateBehavior [ RunTime:0.001393s ]
INFO: [ view_parse ] --END-- [ RunTime:-0.004880s ]
INFO: [ view_filter ] --START--
INFO: Run Behavior\WriteHtmlCacheBehavior [ RunTime:0.000008s ]
INFO: [ view_filter ] --END-- [ RunTime:-0.006128s ]
INFO: [ view_parse ] --START--
INFO: [ template_filter ] --START--
INFO: Run Behavior\ContentReplaceBehavior [ RunTime:0.000019s ]
INFO: [ template_filter ] --END-- [ RunTime:-0.010183s ]
INFO: Run Behavior\ParseTemplateBehavior [ RunTime:0.000857s ]
INFO: [ view_parse ] --END-- [ RunTime:-0.006417s ]
INFO: [ view_filter ] --START--
INFO: Run Behavior\WriteHtmlCacheBehavior [ RunTime:0.000008s ]
INFO: [ view_filter ] --END-- [ RunTime:-0.007127s ]
INFO: Run Behavior\ParseTemplateBehavior [ RunTime:0.000954s ]
INFO: [ view_parse ] --END-- [ RunTime:-0.006417s ]
INFO: [ view_filter ] --START--
INFO: Run Behavior\WriteHtmlCacheBehavior [ RunTime:0.000007s ]
INFO: [ view_filter ] --END-- [ RunTime:-0.007219s ]
INFO: [ app_end ] --START--
INFO: Run Behavior\ShowPageTraceBehavior [ RunTime:0.000378s ]
INFO: [ app_end ] --END-- [ RunTime:0.000416s ]

[ 2017-10-03T01:31:25+08:00 ] 66.249.64.26 /blog/tag/%E4%B8%8A%E6%8B%89%E5%8A%A0%E8%BD%BD/
INFO: [ app_init ] --START--
INFO: Run Behavior\BuildLiteBehavior [ RunTime:0.000013s ]
INFO: [ app_init ] --END-- [ RunTime:0.000360s ]
INFO: [ app_begin ] --START--
INFO: Run Behavior\ReadHtmlCacheBehavior [ RunTime:0.000414s ]
INFO: [ app_begin ] --END-- [ RunTime:0.000456s ]
NOTIC: [8] A session had already been started - ignoring session_start() /data/wwwroot/blog/ThinkPHP/Common/functions.php 第 1263 行.
SQL: SHOW COLUMNS FROM `z_post` [ RunTime:0.0007s ]
SQL: SHOW COLUMNS FROM `z_post` [ RunTime:0.0004s ]
SQL: SELECT * FROM `z_post` WHERE `category` = '说说' ORDER BY id desc LIMIT 1   [ RunTime:0.0001s ]
SQL: SELECT COUNT(*) AS tp_count FROM `z_post` WHERE `tag` = '上拉加载' AND `status` = 1 LIMIT 1   [ RunTime:0.0003s ]
SQL: SELECT * FROM `z_post` WHERE `tag` = '上拉加载' AND `status` = 1 ORDER BY ctime desc LIMIT 0,10   [ RunTime:0.0003s ]
INFO: [ view_parse ] --START--
INFO: [ template_filter ] --START--
INFO: Run Behavior\ContentReplaceBehavior [ RunTime:0.000050s ]
INFO: [ template_filter ] --END-- [ RunTime:0.000090s ]
NOTIC: [8] Undefined variable: detail /data/wwwroot/blog/Application/Runtime/Cache/Home/ade7d4477fc643e9340d31bf3970044f.php 第 12 行.
NOTIC: [8] Undefined variable: detail /data/wwwroot/blog/Application/Runtime/Cache/Home/ade7d4477fc643e9340d31bf3970044f.php 第 13 行.
NOTIC: [8] Undefined variable: index_current /data/wwwroot/blog/Application/Runtime/Cache/Home/ade7d4477fc643e9340d31bf3970044f.php 第 32 行.
NOTIC: [8] Undefined variable: about_current /data/wwwroot/blog/Application/Runtime/Cache/Home/ade7d4477fc643e9340d31bf3970044f.php 第 36 行.
SQL: SHOW COLUMNS FROM `z_category` [ RunTime:0.0003s ]
SQL: SELECT * FROM `z_category`  [ RunTime:0.0001s ]
INFO: [ view_parse ] --START--
INFO: [ template_filter ] --START--
INFO: Run Behavior\ContentReplaceBehavior [ RunTime:0.000018s ]
INFO: [ template_filter ] --END-- [ RunTime:-0.002755s ]
INFO: Run Behavior\ParseTemplateBehavior [ RunTime:0.001547s ]
INFO: [ view_parse ] --END-- [ RunTime:0.001584s ]
INFO: [ view_filter ] --START--
INFO: Run Behavior\WriteHtmlCacheBehavior [ RunTime:0.000111s ]
INFO: [ view_filter ] --END-- [ RunTime:0.000142s ]
SQL: SHOW COLUMNS FROM `z_tag` [ RunTime:0.0003s ]
SQL: SELECT * FROM `z_tag`  [ RunTime:0.0001s ]
INFO: [ view_parse ] --START--
INFO: [ template_filter ] --START--
INFO: Run Behavior\ContentReplaceBehavior [ RunTime:0.000029s ]
INFO: [ template_filter ] --END-- [ RunTime:-0.005085s ]
INFO: Run Behavior\ParseTemplateBehavior [ RunTime:0.001334s ]
INFO: [ view_parse ] --END-- [ RunTime:-0.000909s ]
INFO: [ view_filter ] --START--
INFO: Run Behavior\WriteHtmlCacheBehavior [ RunTime:0.000008s ]
INFO: [ view_filter ] --END-- [ RunTime:-0.002138s ]
SQL: SELECT * FROM `z_post` ORDER BY ctime desc LIMIT 5   [ RunTime:0.0001s ]
INFO: [ view_parse ] --START--
INFO: [ template_filter ] --START--
INFO: Run Behavior\ContentReplaceBehavior [ RunTime:0.000018s ]
INFO: [ template_filter ] --END-- [ RunTime:-0.006888s ]
INFO: Run Behavior\ParseTemplateBehavior [ RunTime:0.001419s ]
INFO: [ view_parse ] --END-- [ RunTime:-0.002623s ]
INFO: [ view_filter ] --START--
INFO: Run Behavior\WriteHtmlCacheBehavior [ RunTime:0.000013s ]
INFO: [ view_filter ] --END-- [ RunTime:-0.003940s ]
SQL: SHOW COLUMNS FROM `z_comment` [ RunTime:0.0004s ]
SQL: SELECT * FROM `z_comment` WHERE `status` = 1 ORDER BY id desc LIMIT 5   [ RunTime:0.0001s ]
INFO: [ view_parse ] --START--
INFO: [ template_filter ] --START--
INFO: Run Behavior\ContentReplaceBehavior [ RunTime:0.000018s ]
INFO: [ template_filter ] --END-- [ RunTime:-0.009212s ]
INFO: Run Behavior\ParseTemplateBehavior [ RunTime:0.001376s ]
INFO: [ view_parse ] --END-- [ RunTime:-0.004954s ]
INFO: [ view_filter ] --START--
INFO: Run Behavior\WriteHtmlCacheBehavior [ RunTime:0.000008s ]
INFO: [ view_filter ] --END-- [ RunTime:-0.006221s ]
INFO: [ view_parse ] --START--
INFO: [ template_filter ] --START--
INFO: Run Behavior\ContentReplaceBehavior [ RunTime:0.000019s ]
INFO: [ template_filter ] --END-- [ RunTime:-0.010305s ]
INFO: Run Behavior\ParseTemplateBehavior [ RunTime:0.000864s ]
INFO: [ view_parse ] --END-- [ RunTime:-0.006477s ]
INFO: [ view_filter ] --START--
INFO: Run Behavior\WriteHtmlCacheBehavior [ RunTime:0.000008s ]
INFO: [ view_filter ] --END-- [ RunTime:-0.007241s ]
INFO: Run Behavior\ParseTemplateBehavior [ RunTime:0.000974s ]
INFO: [ view_parse ] --END-- [ RunTime:-0.006477s ]
INFO: [ view_filter ] --START--
INFO: Run Behavior\WriteHtmlCacheBehavior [ RunTime:0.000006s ]
INFO: [ view_filter ] --END-- [ RunTime:-0.007334s ]
INFO: [ app_end ] --START--
INFO: Run Behavior\ShowPageTraceBehavior [ RunTime:0.000382s ]
INFO: [ app_end ] --END-- [ RunTime:0.000420s ]

[ 2017-10-03T01:36:35+08:00 ] 66.249.64.204 /blog/tag/zolframework/
INFO: [ app_init ] --START--
INFO: Run Behavior\BuildLiteBehavior [ RunTime:0.000012s ]
INFO: [ app_init ] --END-- [ RunTime:0.000244s ]
INFO: [ app_begin ] --START--
INFO: Run Behavior\ReadHtmlCacheBehavior [ RunTime:0.000307s ]
INFO: [ app_begin ] --END-- [ RunTime:0.000347s ]
NOTIC: [8] A session had already been started - ignoring session_start() /data/wwwroot/blog/ThinkPHP/Common/functions.php 第 1263 行.
SQL: SHOW COLUMNS FROM `z_post` [ RunTime:0.0006s ]
SQL: SHOW COLUMNS FROM `z_post` [ RunTime:0.0004s ]
SQL: SELECT * FROM `z_post` WHERE `category` = '说说' ORDER BY id desc LIMIT 1   [ RunTime:0.0001s ]
SQL: SELECT COUNT(*) AS tp_count FROM `z_post` WHERE `tag` = 'zolframework' AND `status` = 1 LIMIT 1   [ RunTime:0.0004s ]
SQL: SELECT * FROM `z_post` WHERE `tag` = 'zolframework' AND `status` = 1 ORDER BY ctime desc LIMIT 0,10   [ RunTime:0.0003s ]
INFO: [ view_parse ] --START--
INFO: [ template_filter ] --START--
INFO: Run Behavior\ContentReplaceBehavior [ RunTime:0.000042s ]
INFO: [ template_filter ] --END-- [ RunTime:0.000100s ]
NOTIC: [8] Undefined variable: detail /data/wwwroot/blog/Application/Runtime/Cache/Home/ade7d4477fc643e9340d31bf3970044f.php 第 12 行.
NOTIC: [8] Undefined variable: detail /data/wwwroot/blog/Application/Runtime/Cache/Home/ade7d4477fc643e9340d31bf3970044f.php 第 13 行.
NOTIC: [8] Undefined variable: index_current /data/wwwroot/blog/Application/Runtime/Cache/Home/ade7d4477fc643e9340d31bf3970044f.php 第 32 行.
NOTIC: [8] Undefined variable: about_current /data/wwwroot/blog/Application/Runtime/Cache/Home/ade7d4477fc643e9340d31bf3970044f.php 第 36 行.
SQL: SHOW COLUMNS FROM `z_category` [ RunTime:0.0006s ]
SQL: SELECT * FROM `z_category`  [ RunTime:0.0001s ]
INFO: [ view_parse ] --START--
INFO: [ template_filter ] --START--
INFO: Run Behavior\ContentReplaceBehavior [ RunTime:0.000018s ]
INFO: [ template_filter ] --END-- [ RunTime:-0.003364s ]
INFO: Run Behavior\ParseTemplateBehavior [ RunTime:0.001610s ]
INFO: [ view_parse ] --END-- [ RunTime:0.001648s ]
INFO: [ view_filter ] --START--
INFO: Run Behavior\WriteHtmlCacheBehavior [ RunTime:0.000119s ]
INFO: [ view_filter ] --END-- [ RunTime:0.000150s ]
SQL: SHOW COLUMNS FROM `z_tag` [ RunTime:0.0003s ]
SQL: SELECT * FROM `z_tag`  [ RunTime:0.0001s ]
INFO: [ view_parse ] --START--
INFO: [ template_filter ] --START--
INFO: Run Behavior\ContentReplaceBehavior [ RunTime:0.000018s ]
INFO: [ template_filter ] --END-- [ RunTime:-0.005633s ]
INFO: Run Behavior\ParseTemplateBehavior [ RunTime:0.001319s ]
INFO: [ view_parse ] --END-- [ RunTime:-0.000889s ]
INFO: [ view_filter ] --START--
INFO: Run Behavior\WriteHtmlCacheBehavior [ RunTime:0.000008s ]
INFO: [ view_filter ] --END-- [ RunTime:-0.002096s ]
SQL: SELECT * FROM `z_post` ORDER BY ctime desc LIMIT 5   [ RunTime:0.0001s ]
INFO: [ view_parse ] --START--
INFO: [ template_filter ] --START--
INFO: Run Behavior\ContentReplaceBehavior [ RunTime:0.000017s ]
INFO: [ template_filter ] --END-- [ RunTime:-0.007407s ]
INFO: Run Behavior\ParseTemplateBehavior [ RunTime:0.001458s ]
INFO: [ view_parse ] --END-- [ RunTime:-0.002595s ]
INFO: [ view_filter ] --START--
INFO: Run Behavior\WriteHtmlCacheBehavior [ RunTime:0.000008s ]
INFO: [ view_filter ] --END-- [ RunTime:-0.003955s ]
SQL: SHOW COLUMNS FROM `z_comment` [ RunTime:0.0004s ]
SQL: SELECT * FROM `z_comment` WHERE `status` = 1 ORDER BY id desc LIMIT 5   [ RunTime:0.0001s ]
INFO: [ view_parse ] --START--
INFO: [ template_filter ] --START--
INFO: Run Behavior\ContentReplaceBehavior [ RunTime:0.000018s ]
INFO: [ template_filter ] --END-- [ RunTime:-0.010033s ]
INFO: Run Behavior\ParseTemplateBehavior [ RunTime:0.001516s ]
INFO: [ view_parse ] --END-- [ RunTime:-0.005076s ]
INFO: [ view_filter ] --START--
INFO: Run Behavior\WriteHtmlCacheBehavior [ RunTime:0.000008s ]
INFO: [ view_filter ] --END-- [ RunTime:-0.006475s ]
INFO: [ view_parse ] --START--
INFO: [ template_filter ] --START--
INFO: Run Behavior\ContentReplaceBehavior [ RunTime:0.000020s ]
INFO: [ template_filter ] --END-- [ RunTime:-0.011267s ]
INFO: Run Behavior\ParseTemplateBehavior [ RunTime:0.001074s ]
INFO: [ view_parse ] --END-- [ RunTime:-0.006737s ]
INFO: [ view_filter ] --START--
INFO: Run Behavior\WriteHtmlCacheBehavior [ RunTime:0.000008s ]
INFO: [ view_filter ] --END-- [ RunTime:-0.007694s ]
INFO: Run Behavior\ParseTemplateBehavior [ RunTime:0.001175s ]
INFO: [ view_parse ] --END-- [ RunTime:-0.006737s ]
INFO: [ view_filter ] --START--
INFO: Run Behavior\WriteHtmlCacheBehavior [ RunTime:0.000007s ]
INFO: [ view_filter ] --END-- [ RunTime:-0.007789s ]
INFO: [ app_end ] --START--
INFO: Run Behavior\ShowPageTraceBehavior [ RunTime:0.000417s ]
INFO: [ app_end ] --END-- [ RunTime:0.000455s ]

[ 2017-10-03T01:38:57+08:00 ] 41.212.68.138 /
INFO: [ app_init ] --START--
INFO: Run Behavior\BuildLiteBehavior [ RunTime:0.000013s ]
INFO: [ app_init ] --END-- [ RunTime:0.000251s ]
INFO: [ app_begin ] --START--
INFO: Run Behavior\ReadHtmlCacheBehavior [ RunTime:0.000311s ]
INFO: [ app_begin ] --END-- [ RunTime:0.000359s ]
NOTIC: [8] A session had already been started - ignoring session_start() /data/wwwroot/blog/ThinkPHP/Common/functions.php 第 1263 行.
SQL: SHOW COLUMNS FROM `z_post` [ RunTime:0.0006s ]
SQL: SHOW COLUMNS FROM `z_post` [ RunTime:0.0004s ]
SQL: SELECT * FROM `z_post` WHERE `category` = '说说' ORDER BY id desc LIMIT 1   [ RunTime:0.0001s ]
SQL: SELECT COUNT(*) AS tp_count FROM `z_post` WHERE `status` = 1 LIMIT 1   [ RunTime:0.0001s ]
SQL: SELECT * FROM `z_post` WHERE `status` = 1 ORDER BY ctime desc LIMIT 0,10   [ RunTime:0.0001s ]
INFO: [ view_parse ] --START--
INFO: [ template_filter ] --START--
INFO: Run Behavior\ContentReplaceBehavior [ RunTime:0.000033s ]
INFO: [ template_filter ] --END-- [ RunTime:0.000075s ]
NOTIC: [8] Undefined variable: detail /data/wwwroot/blog/Application/Runtime/Cache/Home/2a94b8bda04ff446dcedd42276fc99ee.php 第 12 行.
NOTIC: [8] Undefined variable: detail /data/wwwroot/blog/Application/Runtime/Cache/Home/2a94b8bda04ff446dcedd42276fc99ee.php 第 13 行.
NOTIC: [8] Undefined variable: archive_current /data/wwwroot/blog/Application/Runtime/Cache/Home/2a94b8bda04ff446dcedd42276fc99ee.php 第 34 行.
NOTIC: [8] Undefined variable: about_current /data/wwwroot/blog/Application/Runtime/Cache/Home/2a94b8bda04ff446dcedd42276fc99ee.php 第 36 行.
SQL: SHOW COLUMNS FROM `z_category` [ RunTime:0.0003s ]
SQL: SELECT * FROM `z_category`  [ RunTime:0.0001s ]
INFO: [ view_parse ] --START--
INFO: [ template_filter ] --START--
INFO: Run Behavior\ContentReplaceBehavior [ RunTime:0.000019s ]
INFO: [ template_filter ] --END-- [ RunTime:-0.002871s ]
INFO: Run Behavior\ParseTemplateBehavior [ RunTime:0.001472s ]
INFO: [ view_parse ] --END-- [ RunTime:0.001509s ]
INFO: [ view_filter ] --START--
INFO: Run Behavior\WriteHtmlCacheBehavior [ RunTime:0.000112s ]
INFO: [ view_filter ] --END-- [ RunTime:0.000143s ]
SQL: SHOW COLUMNS FROM `z_tag` [ RunTime:0.0003s ]
SQL: SELECT * FROM `z_tag`  [ RunTime:0.0001s ]
INFO: [ view_parse ] --START--
INFO: [ template_filter ] --START--
INFO: Run Behavior\ContentReplaceBehavior [ RunTime:0.000018s ]
INFO: [ template_filter ] --END-- [ RunTime:-0.005106s ]
INFO: Run Behavior\ParseTemplateBehavior [ RunTime:0.001362s ]
INFO: [ view_parse ] --END-- [ RunTime:-0.000880s ]
INFO: [ view_filter ] --START--
INFO: Run Behavior\WriteHtmlCacheBehavior [ RunTime:0.000008s ]
INFO: [ view_filter ] --END-- [ RunTime:-0.002132s ]
SQL: SELECT * FROM `z_post` ORDER BY ctime desc LIMIT 5   [ RunTime:0.0001s ]
INFO: [ view_parse ] --START--
INFO: [ template_filter ] --START--
INFO: Run Behavior\ContentReplaceBehavior [ RunTime:0.000018s ]
INFO: [ template_filter ] --END-- [ RunTime:-0.006844s ]
INFO: Run Behavior\ParseTemplateBehavior [ RunTime:0.001310s ]
INFO: [ view_parse ] --END-- [ RunTime:-0.002605s ]
INFO: [ view_filter ] --START--
INFO: Run Behavior\WriteHtmlCacheBehavior [ RunTime:0.000008s ]
INFO: [ view_filter ] --END-- [ RunTime:-0.003803s ]
SQL: SHOW COLUMNS FROM `z_comment` [ RunTime:0.0004s ]
SQL: SELECT * FROM `z_comment` WHERE `status` = 1 ORDER BY id desc LIMIT 5   [ RunTime:0.0001s ]
INFO: [ view_parse ] --START--
INFO: [ template_filter ] --START--
INFO: Run Behavior\ContentReplaceBehavior [ RunTime:0.000018s ]
INFO: [ template_filter ] --END-- [ RunTime:-0.009098s ]
INFO: Run Behavior\ParseTemplateBehavior [ RunTime:0.001372s ]
INFO: [ view_parse ] --END-- [ RunTime:-0.004793s ]
INFO: [ view_filter ] --START--
INFO: Run Behavior\WriteHtmlCacheBehavior [ RunTime:0.000009s ]
INFO: [ view_filter ] --END-- [ RunTime:-0.006094s ]
INFO: [ view_parse ] --START--
INFO: [ template_filter ] --START--
INFO: Run Behavior\ContentReplaceBehavior [ RunTime:0.000018s ]
INFO: [ template_filter ] --END-- [ RunTime:-0.010208s ]
INFO: Run Behavior\ParseTemplateBehavior [ RunTime:0.000898s ]
INFO: [ view_parse ] --END-- [ RunTime:-0.006352s ]
INFO: [ view_filter ] --START--
INFO: Run Behavior\WriteHtmlCacheBehavior [ RunTime:0.000008s ]
INFO: [ view_filter ] --END-- [ RunTime:-0.007137s ]
INFO: Run Behavior\ParseTemplateBehavior [ RunTime:0.000995s ]
INFO: [ view_parse ] --END-- [ RunTime:-0.006352s ]
INFO: [ view_filter ] --START--
INFO: Run Behavior\WriteHtmlCacheBehavior [ RunTime:0.000006s ]
INFO: [ view_filter ] --END-- [ RunTime:-0.007229s ]
INFO: [ app_end ] --START--
INFO: Run Behavior\ShowPageTraceBehavior [ RunTime:0.000364s ]
INFO: [ app_end ] --END-- [ RunTime:0.000401s ]

[ 2017-10-03T01:42:17+08:00 ] 66.249.64.204 /blog/20.html
INFO: [ app_init ] --START--
INFO: Run Behavior\BuildLiteBehavior [ RunTime:0.000013s ]
INFO: [ app_init ] --END-- [ RunTime:0.000256s ]
INFO: [ app_begin ] --START--
INFO: Run Behavior\ReadHtmlCacheBehavior [ RunTime:0.000309s ]
INFO: [ app_begin ] --END-- [ RunTime:0.000348s ]
NOTIC: [8] A session had already been started - ignoring session_start() /data/wwwroot/blog/ThinkPHP/Common/functions.php 第 1263 行.
SQL: SHOW COLUMNS FROM `z_post` [ RunTime:0.0006s ]
SQL: SHOW COLUMNS FROM `z_post` [ RunTime:0.0004s ]
SQL: SELECT * FROM `z_post` WHERE `category` = '说说' ORDER BY id desc LIMIT 1   [ RunTime:0.0001s ]
NOTIC: [8] Undefined index: userinfo /data/wwwroot/blog/Application/Home/Controller/IndexController.class.php 第 93 行.
SQL: UPDATE `z_post` SET `pv`=pv+1 WHERE `id` = 20 [ RunTime:0.0004s ]
SQL: SELECT * FROM `z_post` WHERE `id` = 20 LIMIT 1   [ RunTime:0.0002s ]
SQL: SELECT * FROM `z_post` WHERE ( id < 20 ) LIMIT 1   [ RunTime:0.0002s ]
SQL: SELECT * FROM `z_post` WHERE ( id > 20 ) LIMIT 1   [ RunTime:0.0002s ]
SQL: SHOW COLUMNS FROM `z_comment` [ RunTime:0.0004s ]
SQL: SELECT * FROM `z_comment` WHERE `postid` = 20 AND `status` = 1  [ RunTime:0.0001s ]
SQL: SELECT COUNT(*) AS tp_count FROM `z_comment` WHERE `postid` = 20 AND `status` = 1 LIMIT 1   [ RunTime:0.0001s ]
INFO: [ view_parse ] --START--
INFO: [ template_filter ] --START--
INFO: Run Behavior\ContentReplaceBehavior [ RunTime:0.000081s ]
INFO: [ template_filter ] --END-- [ RunTime:0.000145s ]
NOTIC: [8] Undefined variable: archive_current /data/wwwroot/blog/Application/Runtime/Cache/Home/1223f42a89e823bf89547594651162de.php 第 79 行.
NOTIC: [8] Undefined variable: about_current /data/wwwroot/blog/Application/Runtime/Cache/Home/1223f42a89e823bf89547594651162de.php 第 81 行.
NOTIC: [8] Undefined variable: userinfo /data/wwwroot/blog/Application/Runtime/Cache/Home/1223f42a89e823bf89547594651162de.php 第 115 行.
SQL: SHOW COLUMNS FROM `z_category` [ RunTime:0.0006s ]
SQL: SELECT * FROM `z_category`  [ RunTime:0.0001s ]
INFO: [ view_parse ] --START--
INFO: [ template_filter ] --START--
INFO: Run Behavior\ContentReplaceBehavior [ RunTime:0.000025s ]
INFO: [ template_filter ] --END-- [ RunTime:-0.005615s ]
INFO: Run Behavior\ParseTemplateBehavior [ RunTime:0.001749s ]
INFO: [ view_parse ] --END-- [ RunTime:0.001790s ]
INFO: [ view_filter ] --START--
INFO: Run Behavior\WriteHtmlCacheBehavior [ RunTime:0.000135s ]
INFO: [ view_filter ] --END-- [ RunTime:0.000166s ]
SQL: SHOW COLUMNS FROM `z_tag` [ RunTime:0.0004s ]
SQL: SELECT * FROM `z_tag`  [ RunTime:0.0001s ]
INFO: [ view_parse ] --START--
INFO: [ template_filter ] --START--
INFO: Run Behavior\ContentReplaceBehavior [ RunTime:0.000018s ]
INFO: [ template_filter ] --END-- [ RunTime:-0.008173s ]
INFO: Run Behavior\ParseTemplateBehavior [ RunTime:0.001319s ]
INFO: [ view_parse ] --END-- [ RunTime:-0.001071s ]
INFO: [ view_filter ] --START--
INFO: Run Behavior\WriteHtmlCacheBehavior [ RunTime:0.000007s ]
INFO: [ view_filter ] --END-- [ RunTime:-0.002254s ]
SQL: SELECT * FROM `z_post` ORDER BY ctime desc LIMIT 5   [ RunTime:0.0005s ]
INFO: [ view_parse ] --START--
INFO: [ template_filter ] --START--
INFO: Run Behavior\ContentReplaceBehavior [ RunTime:0.000022s ]
INFO: [ template_filter ] --END-- [ RunTime:-0.010454s ]
INFO: Run Behavior\ParseTemplateBehavior [ RunTime:0.001564s ]
INFO: [ view_parse ] --END-- [ RunTime:-0.003137s ]
INFO: [ view_filter ] --START--
INFO: Run Behavior\WriteHtmlCacheBehavior [ RunTime:0.000010s ]
INFO: [ view_filter ] --END-- [ RunTime:-0.004566s ]
SQL: SELECT * FROM `z_comment` WHERE `status` = 1 ORDER BY id desc LIMIT 5   [ RunTime:0.0001s ]
INFO: [ view_parse ] --START--
INFO: [ template_filter ] --START--
INFO: Run Behavior\ContentReplaceBehavior [ RunTime:0.000018s ]
INFO: [ template_filter ] --END-- [ RunTime:-0.012545s ]
INFO: Run Behavior\ParseTemplateBehavior [ RunTime:0.001499s ]
INFO: [ view_parse ] --END-- [ RunTime:-0.005221s ]
INFO: [ view_filter ] --START--
INFO: Run Behavior\WriteHtmlCacheBehavior [ RunTime:0.000008s ]
INFO: [ view_filter ] --END-- [ RunTime:-0.006582s ]
INFO: [ view_parse ] --START--
INFO: [ template_filter ] --START--
INFO: Run Behavior\ContentReplaceBehavior [ RunTime:0.000018s ]
INFO: [ template_filter ] --END-- [ RunTime:-0.013662s ]
INFO: Run Behavior\ParseTemplateBehavior [ RunTime:0.000892s ]
INFO: [ view_parse ] --END-- [ RunTime:-0.006871s ]
INFO: [ view_filter ] --START--
INFO: Run Behavior\WriteHtmlCacheBehavior [ RunTime:0.000007s ]
INFO: [ view_filter ] --END-- [ RunTime:-0.007623s ]
INFO: Run Behavior\ParseTemplateBehavior [ RunTime:0.000998s ]
INFO: [ view_parse ] --END-- [ RunTime:-0.006871s ]
INFO: [ view_filter ] --START--
INFO: Run Behavior\WriteHtmlCacheBehavior [ RunTime:0.000007s ]
INFO: [ view_filter ] --END-- [ RunTime:-0.007772s ]
INFO: [ app_end ] --START--
INFO: Run Behavior\ShowPageTraceBehavior [ RunTime:0.000397s ]
INFO: [ app_end ] --END-- [ RunTime:0.000450s ]

[ 2017-10-03T01:53:00+08:00 ] 146.185.223.221 /
INFO: [ app_init ] --START--
INFO: Run Behavior\BuildLiteBehavior [ RunTime:0.000016s ]
INFO: [ app_init ] --END-- [ RunTime:0.000315s ]
INFO: [ app_begin ] --START--
INFO: Run Behavior\ReadHtmlCacheBehavior [ RunTime:0.000388s ]
INFO: [ app_begin ] --END-- [ RunTime:0.000427s ]
NOTIC: [8] A session had already been started - ignoring session_start() /data/wwwroot/blog/ThinkPHP/Common/functions.php 第 1263 行.
SQL: SHOW COLUMNS FROM `z_post` [ RunTime:0.0006s ]
SQL: SHOW COLUMNS FROM `z_post` [ RunTime:0.0004s ]
SQL: SELECT * FROM `z_post` WHERE `category` = '说说' ORDER BY id desc LIMIT 1   [ RunTime:0.0003s ]
SQL: SELECT COUNT(*) AS tp_count FROM `z_post` WHERE `status` = 1 LIMIT 1   [ RunTime:0.0002s ]
SQL: SELECT * FROM `z_post` WHERE `status` = 1 ORDER BY ctime desc LIMIT 0,10   [ RunTime:0.0004s ]
INFO: [ view_parse ] --START--
INFO: [ template_filter ] --START--
INFO: Run Behavior\ContentReplaceBehavior [ RunTime:0.000036s ]
INFO: [ template_filter ] --END-- [ RunTime:0.000073s ]
NOTIC: [8] Undefined variable: detail /data/wwwroot/blog/Application/Runtime/Cache/Home/2a94b8bda04ff446dcedd42276fc99ee.php 第 12 行.
NOTIC: [8] Undefined variable: detail /data/wwwroot/blog/Application/Runtime/Cache/Home/2a94b8bda04ff446dcedd42276fc99ee.php 第 13 行.
NOTIC: [8] Undefined variable: archive_current /data/wwwroot/blog/Application/Runtime/Cache/Home/2a94b8bda04ff446dcedd42276fc99ee.php 第 34 行.
NOTIC: [8] Undefined variable: about_current /data/wwwroot/blog/Application/Runtime/Cache/Home/2a94b8bda04ff446dcedd42276fc99ee.php 第 36 行.
SQL: SHOW COLUMNS FROM `z_category` [ RunTime:0.0003s ]
SQL: SELECT * FROM `z_category`  [ RunTime:0.0001s ]
INFO: [ view_parse ] --START--
INFO: [ template_filter ] --START--
INFO: Run Behavior\ContentReplaceBehavior [ RunTime:0.000019s ]
INFO: [ template_filter ] --END-- [ RunTime:-0.002800s ]
INFO: Run Behavior\ParseTemplateBehavior [ RunTime:0.001495s ]
INFO: [ view_parse ] --END-- [ RunTime:0.001532s ]
INFO: [ view_filter ] --START--
INFO: Run Behavior\WriteHtmlCacheBehavior [ RunTime:0.000113s ]
INFO: [ view_filter ] --END-- [ RunTime:0.000144s ]
SQL: SHOW COLUMNS FROM `z_tag` [ RunTime:0.0003s ]
SQL: SELECT * FROM `z_tag`  [ RunTime:0.0001s ]
INFO: [ view_parse ] --START--
INFO: [ template_filter ] --START--
INFO: Run Behavior\ContentReplaceBehavior [ RunTime:0.000018s ]
INFO: [ template_filter ] --END-- [ RunTime:-0.005018s ]
INFO: Run Behavior\ParseTemplateBehavior [ RunTime:0.001299s ]
INFO: [ view_parse ] --END-- [ RunTime:-0.000869s ]
INFO: [ view_filter ] --START--
INFO: Run Behavior\WriteHtmlCacheBehavior [ RunTime:0.000008s ]
INFO: [ view_filter ] --END-- [ RunTime:-0.002056s ]
SQL: SELECT * FROM `z_post` ORDER BY ctime desc LIMIT 5   [ RunTime:0.0001s ]
INFO: [ view_parse ] --START--
INFO: [ template_filter ] --START--
INFO: Run Behavior\ContentReplaceBehavior [ RunTime:0.000018s ]
INFO: [ template_filter ] --END-- [ RunTime:-0.006751s ]
INFO: Run Behavior\ParseTemplateBehavior [ RunTime:0.001298s ]
INFO: [ view_parse ] --END-- [ RunTime:-0.002572s ]
INFO: [ view_filter ] --START--
INFO: Run Behavior\WriteHtmlCacheBehavior [ RunTime:0.000008s ]
INFO: [ view_filter ] --END-- [ RunTime:-0.003758s ]
SQL: SHOW COLUMNS FROM `z_comment` [ RunTime:0.0004s ]
SQL: SELECT * FROM `z_comment` WHERE `status` = 1 ORDER BY id desc LIMIT 5   [ RunTime:0.0001s ]
INFO: [ view_parse ] --START--
INFO: [ template_filter ] --START--
INFO: Run Behavior\ContentReplaceBehavior [ RunTime:0.000017s ]
INFO: [ template_filter ] --END-- [ RunTime:-0.008963s ]
INFO: Run Behavior\ParseTemplateBehavior [ RunTime:0.001375s ]
INFO: [ view_parse ] --END-- [ RunTime:-0.004761s ]
INFO: [ view_filter ] --START--
INFO: Run Behavior\WriteHtmlCacheBehavior [ RunTime:0.000008s ]
INFO: [ view_filter ] --END-- [ RunTime:-0.006024s ]
INFO: [ view_parse ] --START--
INFO: [ template_filter ] --START--
INFO: Run Behavior\ContentReplaceBehavior [ RunTime:0.000019s ]
INFO: [ template_filter ] --END-- [ RunTime:-0.010097s ]
INFO: Run Behavior\ParseTemplateBehavior [ RunTime:0.000870s ]
INFO: [ view_parse ] --END-- [ RunTime:-0.006280s ]
INFO: [ view_filter ] --START--
INFO: Run Behavior\WriteHtmlCacheBehavior [ RunTime:0.000008s ]
INFO: [ view_filter ] --END-- [ RunTime:-0.007037s ]
INFO: Run Behavior\ParseTemplateBehavior [ RunTime:0.000967s ]
INFO: [ view_parse ] --END-- [ RunTime:-0.006280s ]
INFO: [ view_filter ] --START--
INFO: Run Behavior\WriteHtmlCacheBehavior [ RunTime:0.000007s ]
INFO: [ view_filter ] --END-- [ RunTime:-0.007129s ]
INFO: [ app_end ] --START--
INFO: Run Behavior\ShowPageTraceBehavior [ RunTime:0.000372s ]
INFO: [ app_end ] --END-- [ RunTime:0.000412s ]

