[ 2016-11-24T00:03:16+08:00 ] 93.179.89.126 /index.php/Show/addcomment
INFO: [ app_init ] --START--
INFO: Run Behavior\BuildLiteBehavior [ RunTime:0.000012s ]
INFO: [ app_init ] --END-- [ RunTime:0.000243s ]
ERR: 无法加载模块:Show

[ 2016-11-24T00:11:08+08:00 ] 146.185.200.46 /index.php/Show/addcomment
INFO: [ app_init ] --START--
INFO: Run Behavior\BuildLiteBehavior [ RunTime:0.000022s ]
INFO: [ app_init ] --END-- [ RunTime:0.000313s ]
ERR: 无法加载模块:Show

[ 2016-11-24T00:15:00+08:00 ] 146.185.201.6 /index.php/Show/addcomment
INFO: [ app_init ] --START--
INFO: Run Behavior\BuildLiteBehavior [ RunTime:0.000012s ]
INFO: [ app_init ] --END-- [ RunTime:0.000287s ]
ERR: 无法加载模块:Show

[ 2016-11-24T00:15:06+08:00 ] 79.110.25.183 /index.php/Show/addcomment
INFO: [ app_init ] --START--
INFO: Run Behavior\BuildLiteBehavior [ RunTime:0.000012s ]
INFO: [ app_init ] --END-- [ RunTime:0.000247s ]
ERR: 无法加载模块:Show

[ 2016-11-24T00:18:57+08:00 ] 5.101.222.18 /index.php/Show/addcomment
INFO: [ app_init ] --START--
INFO: Run Behavior\BuildLiteBehavior [ RunTime:0.000012s ]
INFO: [ app_init ] --END-- [ RunTime:0.000302s ]
ERR: 无法加载模块:Show

[ 2016-11-24T00:34:36+08:00 ] 185.14.195.248 /index.php/Show/addcomment
INFO: [ app_init ] --START--
INFO: Run Behavior\BuildLiteBehavior [ RunTime:0.000012s ]
INFO: [ app_init ] --END-- [ RunTime:0.000285s ]
ERR: 无法加载模块:Show

[ 2016-11-24T00:54:29+08:00 ] 5.101.222.27 /index.php/Show/addcomment
INFO: [ app_init ] --START--
INFO: Run Behavior\BuildLiteBehavior [ RunTime:0.000012s ]
INFO: [ app_init ] --END-- [ RunTime:0.000283s ]
ERR: 无法加载模块:Show

[ 2016-11-24T00:58:26+08:00 ] 5.101.222.39 /index.php/Show/addcomment
INFO: [ app_init ] --START--
INFO: Run Behavior\BuildLiteBehavior [ RunTime:0.000013s ]
INFO: [ app_init ] --END-- [ RunTime:0.000249s ]
ERR: 无法加载模块:Show

[ 2016-11-24T01:06:21+08:00 ] 5.101.217.94 /index.php/Show/addcomment
INFO: [ app_init ] --START--
INFO: Run Behavior\BuildLiteBehavior [ RunTime:0.000012s ]
INFO: [ app_init ] --END-- [ RunTime:0.000243s ]
ERR: 无法加载模块:Show

[ 2016-11-24T01:22:05+08:00 ] 46.161.62.60 /index.php/Show/addcomment
INFO: [ app_init ] --START--
INFO: Run Behavior\BuildLiteBehavior [ RunTime:0.000012s ]
INFO: [ app_init ] --END-- [ RunTime:0.000243s ]
ERR: 无法加载模块:Show

[ 2016-11-24T01:22:09+08:00 ] 5.101.222.101 /index.php/Show/addcomment
INFO: [ app_init ] --START--
INFO: Run Behavior\BuildLiteBehavior [ RunTime:0.000011s ]
INFO: [ app_init ] --END-- [ RunTime:0.000249s ]
ERR: 无法加载模块:Show

[ 2016-11-24T01:26:00+08:00 ] 185.14.195.201 /index.php/Show/addcomment
INFO: [ app_init ] --START--
INFO: Run Behavior\BuildLiteBehavior [ RunTime:0.000012s ]
INFO: [ app_init ] --END-- [ RunTime:0.000243s ]
ERR: 无法加载模块:Show

[ 2016-11-24T01:26:03+08:00 ] 146.185.201.61 /index.php/Show/addcomment
INFO: [ app_init ] --START--
INFO: Run Behavior\BuildLiteBehavior [ RunTime:0.000012s ]
INFO: [ app_init ] --END-- [ RunTime:0.000294s ]
ERR: 无法加载模块:Show

[ 2016-11-24T01:29:59+08:00 ] 46.161.62.52 /index.php/Show/addcomment
INFO: [ app_init ] --START--
INFO: Run Behavior\BuildLiteBehavior [ RunTime:0.000012s ]
INFO: [ app_init ] --END-- [ RunTime:0.000240s ]
ERR: 无法加载模块:Show

[ 2016-11-24T01:37:54+08:00 ] 46.148.31.49 /index.php/Show/addcomment
INFO: [ app_init ] --START--
INFO: Run Behavior\BuildLiteBehavior [ RunTime:0.000012s ]
INFO: [ app_init ] --END-- [ RunTime:0.000250s ]
ERR: 无法加载模块:Show

[ 2016-11-24T01:41:48+08:00 ] 93.179.89.42 /index.php/Show/addcomment
INFO: [ app_init ] --START--
INFO: Run Behavior\BuildLiteBehavior [ RunTime:0.000012s ]
INFO: [ app_init ] --END-- [ RunTime:0.000301s ]
ERR: 无法加载模块:Show

[ 2016-11-24T01:49:46+08:00 ] 5.101.217.100 /index.php/Show/addcomment
INFO: [ app_init ] --START--
INFO: Run Behavior\BuildLiteBehavior [ RunTime:0.000012s ]
INFO: [ app_init ] --END-- [ RunTime:0.000243s ]
ERR: 无法加载模块:Show

[ 2016-11-24T01:53:40+08:00 ] 46.161.63.120 /index.php/Show/addcomment
INFO: [ app_init ] --START--
INFO: Run Behavior\BuildLiteBehavior [ RunTime:0.000013s ]
INFO: [ app_init ] --END-- [ RunTime:0.000254s ]
ERR: 无法加载模块:Show

[ 2016-11-24T01:53:42+08:00 ] 5.101.222.109 /index.php/Show/addcomment
INFO: [ app_init ] --START--
INFO: Run Behavior\BuildLiteBehavior [ RunTime:0.000011s ]
INFO: [ app_init ] --END-- [ RunTime:0.000246s ]
ERR: 无法加载模块:Show

[ 2016-11-24T01:57:41+08:00 ] 91.238.114.6 /index.php/Show/addcomment
INFO: [ app_init ] --START--
INFO: Run Behavior\BuildLiteBehavior [ RunTime:0.000011s ]
INFO: [ app_init ] --END-- [ RunTime:0.000243s ]
ERR: 无法加载模块:Show

[ 2016-11-24T02:05:28+08:00 ] 185.14.195.208 /index.php/Show/addcomment
INFO: [ app_init ] --START--
INFO: Run Behavior\BuildLiteBehavior [ RunTime:0.000012s ]
INFO: [ app_init ] --END-- [ RunTime:0.000242s ]
ERR: 无法加载模块:Show

[ 2016-11-24T02:05:29+08:00 ] 5.101.222.87 /index.php/Show/addcomment
INFO: [ app_init ] --START--
INFO: Run Behavior\BuildLiteBehavior [ RunTime:0.000012s ]
INFO: [ app_init ] --END-- [ RunTime:0.000241s ]
ERR: 无法加载模块:Show

[ 2016-11-24T02:05:32+08:00 ] 185.14.195.224 /index.php/Show/addcomment
INFO: [ app_init ] --START--
INFO: Run Behavior\BuildLiteBehavior [ RunTime:0.000012s ]
INFO: [ app_init ] --END-- [ RunTime:0.000244s ]
ERR: 无法加载模块:Show

[ 2016-11-24T02:21:02+08:00 ] 146.185.200.58 /index.php/Show/addcomment
INFO: [ app_init ] --START--
INFO: Run Behavior\BuildLiteBehavior [ RunTime:0.000012s ]
INFO: [ app_init ] --END-- [ RunTime:0.000242s ]
ERR: 无法加载模块:Show

[ 2016-11-24T02:24:51+08:00 ] 5.101.217.66 /index.php/Show/addcomment
INFO: [ app_init ] --START--
INFO: Run Behavior\BuildLiteBehavior [ RunTime:0.000016s ]
INFO: [ app_init ] --END-- [ RunTime:0.000443s ]
ERR: 无法加载模块:Show

[ 2016-11-24T02:39:58+08:00 ] 5.8.37.223 /index.php/Show/addcomment
INFO: [ app_init ] --START--
INFO: Run Behavior\BuildLiteBehavior [ RunTime:0.000012s ]
INFO: [ app_init ] --END-- [ RunTime:0.000293s ]
ERR: 无法加载模块:Show

[ 2016-11-24T02:43:44+08:00 ] 5.101.222.71 /index.php/Show/addcomment
INFO: [ app_init ] --START--
INFO: Run Behavior\BuildLiteBehavior [ RunTime:0.000014s ]
INFO: [ app_init ] --END-- [ RunTime:0.000258s ]
ERR: 无法加载模块:Show

[ 2016-11-24T02:51:22+08:00 ] 146.185.201.6 /index.php/Show/addcomment
INFO: [ app_init ] --START--
INFO: Run Behavior\BuildLiteBehavior [ RunTime:0.000318s ]
INFO: [ app_init ] --END-- [ RunTime:0.000554s ]
ERR: 无法加载模块:Show

[ 2016-11-24T02:55:03+08:00 ] 46.148.31.22 /index.php/Show/addcomment
INFO: [ app_init ] --START--
INFO: Run Behavior\BuildLiteBehavior [ RunTime:0.000012s ]
INFO: [ app_init ] --END-- [ RunTime:0.000246s ]
ERR: 无法加载模块:Show

[ 2016-11-24T02:55:04+08:00 ] 146.185.201.95 /index.php/Show/addcomment
INFO: [ app_init ] --START--
INFO: Run Behavior\BuildLiteBehavior [ RunTime:0.000011s ]
INFO: [ app_init ] --END-- [ RunTime:0.000246s ]
ERR: 无法加载模块:Show

[ 2016-11-24T02:58:56+08:00 ] 146.185.201.83 /index.php/Show/addcomment
INFO: [ app_init ] --START--
INFO: Run Behavior\BuildLiteBehavior [ RunTime:0.000013s ]
INFO: [ app_init ] --END-- [ RunTime:0.000287s ]
ERR: 无法加载模块:Show

[ 2016-11-24T03:06:26+08:00 ] 79.110.25.195 /index.php/Show/addcomment
INFO: [ app_init ] --START--
INFO: Run Behavior\BuildLiteBehavior [ RunTime:0.000011s ]
INFO: [ app_init ] --END-- [ RunTime:0.000251s ]
ERR: 无法加载模块:Show

[ 2016-11-24T03:06:29+08:00 ] 93.179.89.111 /index.php/Show/addcomment
INFO: [ app_init ] --START--
INFO: Run Behavior\BuildLiteBehavior [ RunTime:0.000013s ]
INFO: [ app_init ] --END-- [ RunTime:0.000247s ]
ERR: 无法加载模块:Show

[ 2016-11-24T03:06:31+08:00 ] 5.101.217.11 /index.php/Show/addcomment
INFO: [ app_init ] --START--
INFO: Run Behavior\BuildLiteBehavior [ RunTime:0.000015s ]
INFO: [ app_init ] --END-- [ RunTime:0.000251s ]
ERR: 无法加载模块:Show

[ 2016-11-24T03:10:15+08:00 ] 79.110.25.189 /index.php/Show/addcomment
INFO: [ app_init ] --START--
INFO: Run Behavior\BuildLiteBehavior [ RunTime:0.000012s ]
INFO: [ app_init ] --END-- [ RunTime:0.000241s ]
ERR: 无法加载模块:Show

[ 2016-11-24T03:13:58+08:00 ] 93.179.89.19 /index.php/Show/addcomment
INFO: [ app_init ] --START--
INFO: Run Behavior\BuildLiteBehavior [ RunTime:0.000013s ]
INFO: [ app_init ] --END-- [ RunTime:0.000247s ]
ERR: 无法加载模块:Show

[ 2016-11-24T03:14:02+08:00 ] 146.185.200.98 /index.php/Show/addcomment
INFO: [ app_init ] --START--
INFO: Run Behavior\BuildLiteBehavior [ RunTime:0.000012s ]
INFO: [ app_init ] --END-- [ RunTime:0.000246s ]
ERR: 无法加载模块:Show

[ 2016-11-24T03:25:18+08:00 ] 79.110.25.213 /index.php/Show/addcomment
INFO: [ app_init ] --START--
INFO: Run Behavior\BuildLiteBehavior [ RunTime:0.000012s ]
INFO: [ app_init ] --END-- [ RunTime:0.000251s ]
ERR: 无法加载模块:Show

[ 2016-11-24T03:32:55+08:00 ] 93.179.89.34 /index.php/Show/addcomment
INFO: [ app_init ] --START--
INFO: Run Behavior\BuildLiteBehavior [ RunTime:0.000012s ]
INFO: [ app_init ] --END-- [ RunTime:0.000243s ]
ERR: 无法加载模块:Show

[ 2016-11-24T03:36:41+08:00 ] 146.185.201.8 /index.php/Show/addcomment
INFO: [ app_init ] --START--
INFO: Run Behavior\BuildLiteBehavior [ RunTime:0.000012s ]
INFO: [ app_init ] --END-- [ RunTime:0.000243s ]
ERR: 无法加载模块:Show

[ 2016-11-24T03:40:35+08:00 ] 46.148.30.95 /index.php/Show/addcomment
INFO: [ app_init ] --START--
INFO: Run Behavior\BuildLiteBehavior [ RunTime:0.000012s ]
INFO: [ app_init ] --END-- [ RunTime:0.000243s ]
ERR: 无法加载模块:Show

[ 2016-11-24T03:44:11+08:00 ] 46.161.62.30 /index.php/Show/addcomment
INFO: [ app_init ] --START--
INFO: Run Behavior\BuildLiteBehavior [ RunTime:0.000012s ]
INFO: [ app_init ] --END-- [ RunTime:0.000243s ]
ERR: 无法加载模块:Show

[ 2016-11-24T03:44:11+08:00 ] 46.161.63.83 /index.php/Show/addcomment
INFO: [ app_init ] --START--
INFO: Run Behavior\BuildLiteBehavior [ RunTime:0.000017s ]
INFO: [ app_init ] --END-- [ RunTime:0.000467s ]
ERR: 无法加载模块:Show

[ 2016-11-24T03:44:14+08:00 ] 79.110.25.172 /index.php/Show/addcomment
INFO: [ app_init ] --START--
INFO: Run Behavior\BuildLiteBehavior [ RunTime:0.000013s ]
INFO: [ app_init ] --END-- [ RunTime:0.000304s ]
ERR: 无法加载模块:Show

[ 2016-11-24T03:44:15+08:00 ] 93.179.89.126 /index.php/Show/addcomment
INFO: [ app_init ] --START--
INFO: Run Behavior\BuildLiteBehavior [ RunTime:0.000012s ]
INFO: [ app_init ] --END-- [ RunTime:0.000248s ]
ERR: 无法加载模块:Show

[ 2016-11-24T03:47:55+08:00 ] 91.238.114.3 /index.php/Show/addcomment
INFO: [ app_init ] --START--
INFO: Run Behavior\BuildLiteBehavior [ RunTime:0.000014s ]
INFO: [ app_init ] --END-- [ RunTime:0.000256s ]
ERR: 无法加载模块:Show

[ 2016-11-24T03:47:56+08:00 ] 5.8.37.250 /index.php/Show/addcomment
INFO: [ app_init ] --START--
INFO: Run Behavior\BuildLiteBehavior [ RunTime:0.000016s ]
INFO: [ app_init ] --END-- [ RunTime:0.000305s ]
ERR: 无法加载模块:Show

[ 2016-11-24T03:47:58+08:00 ] 146.185.200.77 /index.php/Show/addcomment
INFO: [ app_init ] --START--
INFO: Run Behavior\BuildLiteBehavior [ RunTime:0.000011s ]
INFO: [ app_init ] --END-- [ RunTime:0.000244s ]
ERR: 无法加载模块:Show

[ 2016-11-24T03:59:33+08:00 ] 146.185.201.80 /index.php/Show/addcomment
INFO: [ app_init ] --START--
INFO: Run Behavior\BuildLiteBehavior [ RunTime:0.000012s ]
INFO: [ app_init ] --END-- [ RunTime:0.000242s ]
ERR: 无法加载模块:Show

[ 2016-11-24T04:03:19+08:00 ] 79.110.25.239 /index.php/Show/addcomment
INFO: [ app_init ] --START--
INFO: Run Behavior\BuildLiteBehavior [ RunTime:0.000013s ]
INFO: [ app_init ] --END-- [ RunTime:0.000289s ]
ERR: 无法加载模块:Show

[ 2016-11-24T04:03:22+08:00 ] 5.101.217.79 /index.php/Show/addcomment
INFO: [ app_init ] --START--
INFO: Run Behavior\BuildLiteBehavior [ RunTime:0.000024s ]
INFO: [ app_init ] --END-- [ RunTime:0.000464s ]
ERR: 无法加载模块:Show

[ 2016-11-24T04:07:08+08:00 ] 46.161.62.76 /index.php/Show/addcomment
INFO: [ app_init ] --START--
INFO: Run Behavior\BuildLiteBehavior [ RunTime:0.000012s ]
INFO: [ app_init ] --END-- [ RunTime:0.000241s ]
ERR: 无法加载模块:Show

[ 2016-11-24T04:10:56+08:00 ] 46.161.62.114 /index.php/Show/addcomment
INFO: [ app_init ] --START--
INFO: Run Behavior\BuildLiteBehavior [ RunTime:0.000012s ]
INFO: [ app_init ] --END-- [ RunTime:0.000245s ]
ERR: 无法加载模块:Show

[ 2016-11-24T04:14:38+08:00 ] 146.185.200.58 /index.php/Show/addcomment
INFO: [ app_init ] --START--
INFO: Run Behavior\BuildLiteBehavior [ RunTime:0.000012s ]
INFO: [ app_init ] --END-- [ RunTime:0.000241s ]
ERR: 无法加载模块:Show

[ 2016-11-24T04:14:39+08:00 ] 46.148.30.26 /index.php/Show/addcomment
INFO: [ app_init ] --START--
INFO: Run Behavior\BuildLiteBehavior [ RunTime:0.000013s ]
INFO: [ app_init ] --END-- [ RunTime:0.000255s ]
ERR: 无法加载模块:Show

[ 2016-11-24T04:18:29+08:00 ] 5.101.217.66 /index.php/Show/addcomment
INFO: [ app_init ] --START--
INFO: Run Behavior\BuildLiteBehavior [ RunTime:0.000011s ]
INFO: [ app_init ] --END-- [ RunTime:0.000242s ]
ERR: 无法加载模块:Show

[ 2016-11-24T04:22:14+08:00 ] 5.101.217.118 /index.php/Show/addcomment
INFO: [ app_init ] --START--
INFO: Run Behavior\BuildLiteBehavior [ RunTime:0.000012s ]
INFO: [ app_init ] --END-- [ RunTime:0.000241s ]
ERR: 无法加载模块:Show

[ 2016-11-24T04:22:15+08:00 ] 146.185.201.69 /index.php/Show/addcomment
INFO: [ app_init ] --START--
INFO: Run Behavior\BuildLiteBehavior [ RunTime:0.000012s ]
INFO: [ app_init ] --END-- [ RunTime:0.000243s ]
ERR: 无法加载模块:Show

[ 2016-11-24T04:26:00+08:00 ] 5.101.217.78 /index.php/Show/addcomment
INFO: [ app_init ] --START--
INFO: Run Behavior\BuildLiteBehavior [ RunTime:0.000012s ]
INFO: [ app_init ] --END-- [ RunTime:0.000249s ]
ERR: 无法加载模块:Show

[ 2016-11-24T04:29:42+08:00 ] 91.238.114.4 /index.php/Show/addcomment
INFO: [ app_init ] --START--
INFO: Run Behavior\BuildLiteBehavior [ RunTime:0.000012s ]
INFO: [ app_init ] --END-- [ RunTime:0.000245s ]
ERR: 无法加载模块:Show

[ 2016-11-24T04:29:43+08:00 ] 5.101.222.87 /index.php/Show/addcomment
INFO: [ app_init ] --START--
INFO: Run Behavior\BuildLiteBehavior [ RunTime:0.000012s ]
INFO: [ app_init ] --END-- [ RunTime:0.000246s ]
ERR: 无法加载模块:Show

[ 2016-11-24T04:44:29+08:00 ] 93.179.89.113 /index.php/Show/addcomment
INFO: [ app_init ] --START--
INFO: Run Behavior\BuildLiteBehavior [ RunTime:0.000013s ]
INFO: [ app_init ] --END-- [ RunTime:0.000256s ]
ERR: 无法加载模块:Show

[ 2016-11-24T04:52:12+08:00 ] 146.185.201.25 /index.php/Show/addcomment
INFO: [ app_init ] --START--
INFO: Run Behavior\BuildLiteBehavior [ RunTime:0.000013s ]
INFO: [ app_init ] --END-- [ RunTime:0.000288s ]
ERR: 无法加载模块:Show

[ 2016-11-24T04:52:14+08:00 ] 5.101.222.23 /index.php/Show/addcomment
INFO: [ app_init ] --START--
INFO: Run Behavior\BuildLiteBehavior [ RunTime:0.000012s ]
INFO: [ app_init ] --END-- [ RunTime:0.000245s ]
ERR: 无法加载模块:Show

[ 2016-11-24T05:03:30+08:00 ] 46.161.62.88 /index.php/Show/addcomment
INFO: [ app_init ] --START--
INFO: Run Behavior\BuildLiteBehavior [ RunTime:0.000012s ]
INFO: [ app_init ] --END-- [ RunTime:0.000292s ]
ERR: 无法加载模块:Show

[ 2016-11-24T05:11:01+08:00 ] 46.148.31.56 /index.php/Show/addcomment
INFO: [ app_init ] --START--
INFO: Run Behavior\BuildLiteBehavior [ RunTime:0.000071s ]
INFO: [ app_init ] --END-- [ RunTime:0.000413s ]
ERR: 无法加载模块:Show

[ 2016-11-24T05:18:36+08:00 ] 185.14.195.181 /index.php/Show/addcomment
INFO: [ app_init ] --START--
INFO: Run Behavior\BuildLiteBehavior [ RunTime:0.000012s ]
INFO: [ app_init ] --END-- [ RunTime:0.000240s ]
ERR: 无法加载模块:Show

[ 2016-11-24T05:22:22+08:00 ] 5.101.222.62 /index.php/Show/addcomment
INFO: [ app_init ] --START--
INFO: Run Behavior\BuildLiteBehavior [ RunTime:0.000012s ]
INFO: [ app_init ] --END-- [ RunTime:0.000245s ]
ERR: 无法加载模块:Show

[ 2016-11-24T05:22:23+08:00 ] 185.14.195.188 /index.php/Show/addcomment
INFO: [ app_init ] --START--
INFO: Run Behavior\BuildLiteBehavior [ RunTime:0.000012s ]
INFO: [ app_init ] --END-- [ RunTime:0.000247s ]
ERR: 无法加载模块:Show

[ 2016-11-24T05:26:11+08:00 ] 146.185.200.3 /index.php/Show/addcomment
INFO: [ app_init ] --START--
INFO: Run Behavior\BuildLiteBehavior [ RunTime:0.000012s ]
INFO: [ app_init ] --END-- [ RunTime:0.000242s ]
ERR: 无法加载模块:Show

[ 2016-11-24T05:33:44+08:00 ] 46.148.31.80 /index.php/Show/addcomment
INFO: [ app_init ] --START--
INFO: Run Behavior\BuildLiteBehavior [ RunTime:0.000011s ]
INFO: [ app_init ] --END-- [ RunTime:0.000244s ]
ERR: 无法加载模块:Show

[ 2016-11-24T05:48:49+08:00 ] 46.148.31.101 /index.php/Show/addcomment
INFO: [ app_init ] --START--
INFO: Run Behavior\BuildLiteBehavior [ RunTime:0.000012s ]
INFO: [ app_init ] --END-- [ RunTime:0.000283s ]
ERR: 无法加载模块:Show

[ 2016-11-24T05:56:18+08:00 ] 93.179.89.93 /index.php/Show/addcomment
INFO: [ app_init ] --START--
INFO: Run Behavior\BuildLiteBehavior [ RunTime:0.000012s ]
INFO: [ app_init ] --END-- [ RunTime:0.000280s ]
ERR: 无法加载模块:Show

[ 2016-11-24T06:00:05+08:00 ] 46.161.63.32 /index.php/Show/addcomment
INFO: [ app_init ] --START--
INFO: Run Behavior\BuildLiteBehavior [ RunTime:0.000011s ]
INFO: [ app_init ] --END-- [ RunTime:0.000287s ]
ERR: 无法加载模块:Show

[ 2016-11-24T06:03:43+08:00 ] 146.185.200.8 /index.php/Show/addcomment
INFO: [ app_init ] --START--
INFO: Run Behavior\BuildLiteBehavior [ RunTime:0.000013s ]
INFO: [ app_init ] --END-- [ RunTime:0.000261s ]
ERR: 无法加载模块:Show

[ 2016-11-24T06:03:47+08:00 ] 46.161.62.68 /index.php/Show/addcomment
INFO: [ app_init ] --START--
INFO: Run Behavior\BuildLiteBehavior [ RunTime:0.000012s ]
INFO: [ app_init ] --END-- [ RunTime:0.000248s ]
ERR: 无法加载模块:Show

[ 2016-11-24T06:07:29+08:00 ] 46.161.62.111 /index.php/Show/addcomment
INFO: [ app_init ] --START--
INFO: Run Behavior\BuildLiteBehavior [ RunTime:0.000011s ]
INFO: [ app_init ] --END-- [ RunTime:0.000366s ]
ERR: 无法加载模块:Show

[ 2016-11-24T06:11:14+08:00 ] 146.185.201.77 /index.php/Show/addcomment
INFO: [ app_init ] --START--
INFO: Run Behavior\BuildLiteBehavior [ RunTime:0.000011s ]
INFO: [ app_init ] --END-- [ RunTime:0.000274s ]
ERR: 无法加载模块:Show

[ 2016-11-24T06:11:18+08:00 ] 5.101.222.97 /index.php/Show/addcomment
INFO: [ app_init ] --START--
INFO: Run Behavior\BuildLiteBehavior [ RunTime:0.000012s ]
INFO: [ app_init ] --END-- [ RunTime:0.000284s ]
ERR: 无法加载模块:Show

[ 2016-11-24T06:15:01+08:00 ] 146.185.200.63 /index.php/Show/addcomment
INFO: [ app_init ] --START--
INFO: Run Behavior\BuildLiteBehavior [ RunTime:0.000012s ]
INFO: [ app_init ] --END-- [ RunTime:0.000295s ]
ERR: 无法加载模块:Show

[ 2016-11-24T06:18:51+08:00 ] 146.185.200.3 /index.php/Show/addcomment
INFO: [ app_init ] --START--
INFO: Run Behavior\BuildLiteBehavior [ RunTime:0.000020s ]
INFO: [ app_init ] --END-- [ RunTime:0.000477s ]
ERR: 无法加载模块:Show

[ 2016-11-24T06:22:32+08:00 ] 185.14.195.197 /index.php/Show/addcomment
INFO: [ app_init ] --START--
INFO: Run Behavior\BuildLiteBehavior [ RunTime:0.000012s ]
INFO: [ app_init ] --END-- [ RunTime:0.000247s ]
ERR: 无法加载模块:Show

[ 2016-11-24T06:30:12+08:00 ] 46.161.62.49 /index.php/Show/addcomment
INFO: [ app_init ] --START--
INFO: Run Behavior\BuildLiteBehavior [ RunTime:0.000019s ]
INFO: [ app_init ] --END-- [ RunTime:0.000369s ]
ERR: 无法加载模块:Show

[ 2016-11-24T06:30:13+08:00 ] 185.14.195.152 /index.php/Show/addcomment
INFO: [ app_init ] --START--
INFO: Run Behavior\BuildLiteBehavior [ RunTime:0.000013s ]
INFO: [ app_init ] --END-- [ RunTime:0.000250s ]
ERR: 无法加载模块:Show

[ 2016-11-24T06:33:58+08:00 ] 46.148.30.44 /index.php/Show/addcomment
INFO: [ app_init ] --START--
INFO: Run Behavior\BuildLiteBehavior [ RunTime:0.000013s ]
INFO: [ app_init ] --END-- [ RunTime:0.000367s ]
ERR: 无法加载模块:Show

[ 2016-11-24T06:37:45+08:00 ] 46.161.62.111 /index.php/Show/addcomment
INFO: [ app_init ] --START--
INFO: Run Behavior\BuildLiteBehavior [ RunTime:0.000012s ]
INFO: [ app_init ] --END-- [ RunTime:0.000247s ]
ERR: 无法加载模块:Show

[ 2016-11-24T06:41:26+08:00 ] 5.101.222.109 /index.php/Show/addcomment
INFO: [ app_init ] --START--
INFO: Run Behavior\BuildLiteBehavior [ RunTime:0.000012s ]
INFO: [ app_init ] --END-- [ RunTime:0.000247s ]
ERR: 无法加载模块:Show

[ 2016-11-24T06:45:12+08:00 ] 5.101.217.79 /index.php/Show/addcomment
INFO: [ app_init ] --START--
INFO: Run Behavior\BuildLiteBehavior [ RunTime:0.000011s ]
INFO: [ app_init ] --END-- [ RunTime:0.000239s ]
ERR: 无法加载模块:Show

[ 2016-11-24T06:52:37+08:00 ] 46.148.30.26 /index.php/Show/addcomment
INFO: [ app_init ] --START--
INFO: Run Behavior\BuildLiteBehavior [ RunTime:0.000012s ]
INFO: [ app_init ] --END-- [ RunTime:0.000244s ]
ERR: 无法加载模块:Show

[ 2016-11-24T06:52:38+08:00 ] 185.14.195.224 /index.php/Show/addcomment
INFO: [ app_init ] --START--
INFO: Run Behavior\BuildLiteBehavior [ RunTime:0.000012s ]
INFO: [ app_init ] --END-- [ RunTime:0.000248s ]
ERR: 无法加载模块:Show

[ 2016-11-24T06:56:29+08:00 ] 46.161.62.29 /index.php/Show/addcomment
INFO: [ app_init ] --START--
INFO: Run Behavior\BuildLiteBehavior [ RunTime:0.000012s ]
INFO: [ app_init ] --END-- [ RunTime:0.000242s ]
ERR: 无法加载模块:Show

[ 2016-11-24T06:56:31+08:00 ] 5.101.222.87 /index.php/Show/addcomment
INFO: [ app_init ] --START--
INFO: Run Behavior\BuildLiteBehavior [ RunTime:0.000013s ]
INFO: [ app_init ] --END-- [ RunTime:0.000253s ]
ERR: 无法加载模块:Show

[ 2016-11-24T07:00:14+08:00 ] 146.185.201.116 /index.php/Show/addcomment
INFO: [ app_init ] --START--
INFO: Run Behavior\BuildLiteBehavior [ RunTime:0.000014s ]
INFO: [ app_init ] --END-- [ RunTime:0.000284s ]
ERR: 无法加载模块:Show

[ 2016-11-24T07:04:07+08:00 ] 5.101.222.23 /index.php/Show/addcomment
INFO: [ app_init ] --START--
INFO: Run Behavior\BuildLiteBehavior [ RunTime:0.000013s ]
INFO: [ app_init ] --END-- [ RunTime:0.000250s ]
ERR: 无法加载模块:Show

[ 2016-11-24T07:07:58+08:00 ] 46.161.63.105 /index.php/Show/addcomment
INFO: [ app_init ] --START--
INFO: Run Behavior\BuildLiteBehavior [ RunTime:0.000012s ]
INFO: [ app_init ] --END-- [ RunTime:0.000243s ]
ERR: 无法加载模块:Show

[ 2016-11-24T07:11:48+08:00 ] 146.185.201.46 /index.php/Show/addcomment
INFO: [ app_init ] --START--
INFO: Run Behavior\BuildLiteBehavior [ RunTime:0.000012s ]
INFO: [ app_init ] --END-- [ RunTime:0.000248s ]
ERR: 无法加载模块:Show

[ 2016-11-24T07:11:50+08:00 ] 79.110.25.150 /index.php/Show/addcomment
INFO: [ app_init ] --START--
INFO: Run Behavior\BuildLiteBehavior [ RunTime:0.000014s ]
INFO: [ app_init ] --END-- [ RunTime:0.000288s ]
ERR: 无法加载模块:Show

[ 2016-11-24T07:11:52+08:00 ] 91.238.114.6 /index.php/Show/addcomment
INFO: [ app_init ] --START--
INFO: Run Behavior\BuildLiteBehavior [ RunTime:0.000012s ]
INFO: [ app_init ] --END-- [ RunTime:0.000296s ]
ERR: 无法加载模块:Show

[ 2016-11-24T07:19:32+08:00 ] 185.14.195.224 /index.php/Show/addcomment
INFO: [ app_init ] --START--
INFO: Run Behavior\BuildLiteBehavior [ RunTime:0.000015s ]
INFO: [ app_init ] --END-- [ RunTime:0.000342s ]
ERR: 无法加载模块:Show

[ 2016-11-24T07:27:07+08:00 ] 146.185.200.100 /index.php/Show/addcomment
INFO: [ app_init ] --START--
INFO: Run Behavior\BuildLiteBehavior [ RunTime:0.000011s ]
INFO: [ app_init ] --END-- [ RunTime:0.000238s ]
ERR: 无法加载模块:Show

[ 2016-11-24T07:38:49+08:00 ] 146.185.201.117 /index.php/Show/addcomment
INFO: [ app_init ] --START--
INFO: Run Behavior\BuildLiteBehavior [ RunTime:0.000013s ]
INFO: [ app_init ] --END-- [ RunTime:0.000285s ]
ERR: 无法加载模块:Show

[ 2016-11-24T07:50:05+08:00 ] 5.101.222.23 /index.php/Show/addcomment
INFO: [ app_init ] --START--
INFO: Run Behavior\BuildLiteBehavior [ RunTime:0.000013s ]
INFO: [ app_init ] --END-- [ RunTime:0.000303s ]
ERR: 无法加载模块:Show

[ 2016-11-24T07:50:06+08:00 ] 46.161.63.29 /index.php/Show/addcomment
INFO: [ app_init ] --START--
INFO: Run Behavior\BuildLiteBehavior [ RunTime:0.000013s ]
INFO: [ app_init ] --END-- [ RunTime:0.000250s ]
ERR: 无法加载模块:Show

[ 2016-11-24T07:53:59+08:00 ] 5.101.217.72 /index.php/Show/addcomment
INFO: [ app_init ] --START--
INFO: Run Behavior\BuildLiteBehavior [ RunTime:0.000012s ]
INFO: [ app_init ] --END-- [ RunTime:0.000291s ]
ERR: 无法加载模块:Show

[ 2016-11-24T07:57:54+08:00 ] 146.185.201.125 /index.php/Show/addcomment
INFO: [ app_init ] --START--
INFO: Run Behavior\BuildLiteBehavior [ RunTime:0.000012s ]
INFO: [ app_init ] --END-- [ RunTime:0.000240s ]
ERR: 无法加载模块:Show

[ 2016-11-24T07:57:56+08:00 ] 93.179.89.62 /index.php/Show/addcomment
INFO: [ app_init ] --START--
INFO: Run Behavior\BuildLiteBehavior [ RunTime:0.000012s ]
INFO: [ app_init ] --END-- [ RunTime:0.000245s ]
ERR: 无法加载模块:Show

[ 2016-11-24T08:05:28+08:00 ] 5.101.222.61 /index.php/Show/addcomment
INFO: [ app_init ] --START--
INFO: Run Behavior\BuildLiteBehavior [ RunTime:0.000012s ]
INFO: [ app_init ] --END-- [ RunTime:0.000245s ]
ERR: 无法加载模块:Show

[ 2016-11-24T08:20:29+08:00 ] 5.101.222.11 /index.php/Show/addcomment
INFO: [ app_init ] --START--
INFO: Run Behavior\BuildLiteBehavior [ RunTime:0.000012s ]
INFO: [ app_init ] --END-- [ RunTime:0.000276s ]
ERR: 无法加载模块:Show

[ 2016-11-24T08:20:31+08:00 ] 5.101.217.125 /index.php/Show/addcomment
INFO: [ app_init ] --START--
INFO: Run Behavior\BuildLiteBehavior [ RunTime:0.000012s ]
INFO: [ app_init ] --END-- [ RunTime:0.000243s ]
ERR: 无法加载模块:Show

[ 2016-11-24T08:20:33+08:00 ] 79.110.25.212 /index.php/Show/addcomment
INFO: [ app_init ] --START--
INFO: Run Behavior\BuildLiteBehavior [ RunTime:0.000013s ]
INFO: [ app_init ] --END-- [ RunTime:0.000300s ]
ERR: 无法加载模块:Show

[ 2016-11-24T08:24:16+08:00 ] 5.101.222.97 /index.php/Show/addcomment
INFO: [ app_init ] --START--
INFO: Run Behavior\BuildLiteBehavior [ RunTime:0.000012s ]
INFO: [ app_init ] --END-- [ RunTime:0.000244s ]
ERR: 无法加载模块:Show

[ 2016-11-24T08:24:20+08:00 ] 46.148.30.69 /index.php/Show/addcomment
INFO: [ app_init ] --START--
INFO: Run Behavior\BuildLiteBehavior [ RunTime:0.000012s ]
INFO: [ app_init ] --END-- [ RunTime:0.000252s ]
ERR: 无法加载模块:Show

[ 2016-11-24T08:28:03+08:00 ] 185.14.195.139 /index.php/Show/addcomment
INFO: [ app_init ] --START--
INFO: Run Behavior\BuildLiteBehavior [ RunTime:0.000012s ]
INFO: [ app_init ] --END-- [ RunTime:0.000243s ]
ERR: 无法加载模块:Show

[ 2016-11-24T08:35:38+08:00 ] 185.14.195.197 /index.php/Show/addcomment
INFO: [ app_init ] --START--
INFO: Run Behavior\BuildLiteBehavior [ RunTime:0.000013s ]
INFO: [ app_init ] --END-- [ RunTime:0.000252s ]
ERR: 无法加载模块:Show

[ 2016-11-24T08:35:42+08:00 ] 185.14.195.201 /index.php/Show/addcomment
INFO: [ app_init ] --START--
INFO: Run Behavior\BuildLiteBehavior [ RunTime:0.000011s ]
INFO: [ app_init ] --END-- [ RunTime:0.000250s ]
ERR: 无法加载模块:Show

[ 2016-11-24T08:39:35+08:00 ] 46.161.62.83 /index.php/Show/addcomment
INFO: [ app_init ] --START--
INFO: Run Behavior\BuildLiteBehavior [ RunTime:0.000012s ]
INFO: [ app_init ] --END-- [ RunTime:0.000244s ]
ERR: 无法加载模块:Show

[ 2016-11-24T08:43:17+08:00 ] 46.161.63.37 /index.php/Show/addcomment
INFO: [ app_init ] --START--
INFO: Run Behavior\BuildLiteBehavior [ RunTime:0.000012s ]
INFO: [ app_init ] --END-- [ RunTime:0.000266s ]
ERR: 无法加载模块:Show

[ 2016-11-24T08:47:07+08:00 ] 185.14.195.135 /index.php/Show/addcomment
INFO: [ app_init ] --START--
INFO: Run Behavior\BuildLiteBehavior [ RunTime:0.000012s ]
INFO: [ app_init ] --END-- [ RunTime:0.000242s ]
ERR: 无法加载模块:Show

[ 2016-11-24T08:50:54+08:00 ] 5.101.217.31 /index.php/Show/addcomment
INFO: [ app_init ] --START--
INFO: Run Behavior\BuildLiteBehavior [ RunTime:0.000012s ]
INFO: [ app_init ] --END-- [ RunTime:0.000243s ]
ERR: 无法加载模块:Show

[ 2016-11-24T08:54:39+08:00 ] 5.8.37.242 /index.php/Show/addcomment
INFO: [ app_init ] --START--
INFO: Run Behavior\BuildLiteBehavior [ RunTime:0.000013s ]
INFO: [ app_init ] --END-- [ RunTime:0.000250s ]
ERR: 无法加载模块:Show

[ 2016-11-24T09:02:12+08:00 ] 146.185.200.61 /index.php/Show/addcomment
INFO: [ app_init ] --START--
INFO: Run Behavior\BuildLiteBehavior [ RunTime:0.000012s ]
INFO: [ app_init ] --END-- [ RunTime:0.000242s ]
ERR: 无法加载模块:Show

[ 2016-11-24T09:05:55+08:00 ] 46.148.31.40 /index.php/Show/addcomment
INFO: [ app_init ] --START--
INFO: Run Behavior\BuildLiteBehavior [ RunTime:0.000012s ]
INFO: [ app_init ] --END-- [ RunTime:0.000243s ]
ERR: 无法加载模块:Show

[ 2016-11-24T09:09:51+08:00 ] 146.185.201.15 /index.php/Show/addcomment
INFO: [ app_init ] --START--
INFO: Run Behavior\BuildLiteBehavior [ RunTime:0.000015s ]
INFO: [ app_init ] --END-- [ RunTime:0.000314s ]
ERR: 无法加载模块:Show

[ 2016-11-24T09:13:45+08:00 ] 79.110.25.159 /index.php/Show/addcomment
INFO: [ app_init ] --START--
INFO: Run Behavior\BuildLiteBehavior [ RunTime:0.000013s ]
INFO: [ app_init ] --END-- [ RunTime:0.000246s ]
ERR: 无法加载模块:Show

[ 2016-11-24T09:13:47+08:00 ] 146.185.201.91 /index.php/Show/addcomment
INFO: [ app_init ] --START--
INFO: Run Behavior\BuildLiteBehavior [ RunTime:0.000012s ]
INFO: [ app_init ] --END-- [ RunTime:0.000249s ]
ERR: 无法加载模块:Show

[ 2016-11-24T09:21:43+08:00 ] 146.185.200.76 /index.php/Show/addcomment
INFO: [ app_init ] --START--
INFO: Run Behavior\BuildLiteBehavior [ RunTime:0.000016s ]
INFO: [ app_init ] --END-- [ RunTime:0.000315s ]
ERR: 无法加载模块:Show

[ 2016-11-24T09:25:42+08:00 ] 146.185.201.91 /index.php/Show/addcomment
INFO: [ app_init ] --START--
INFO: Run Behavior\BuildLiteBehavior [ RunTime:0.000012s ]
INFO: [ app_init ] --END-- [ RunTime:0.000237s ]
ERR: 无法加载模块:Show

[ 2016-11-24T09:29:37+08:00 ] 146.185.200.73 /index.php/Show/addcomment
INFO: [ app_init ] --START--
INFO: Run Behavior\BuildLiteBehavior [ RunTime:0.000012s ]
INFO: [ app_init ] --END-- [ RunTime:0.000304s ]
ERR: 无法加载模块:Show

[ 2016-11-24T09:33:37+08:00 ] 5.101.222.35 /index.php/Show/addcomment
INFO: [ app_init ] --START--
INFO: Run Behavior\BuildLiteBehavior [ RunTime:0.000012s ]
INFO: [ app_init ] --END-- [ RunTime:0.000372s ]
ERR: 无法加载模块:Show

[ 2016-11-24T09:41:29+08:00 ] 185.14.195.197 /index.php/Show/addcomment
INFO: [ app_init ] --START--
INFO: Run Behavior\BuildLiteBehavior [ RunTime:0.000016s ]
INFO: [ app_init ] --END-- [ RunTime:0.000362s ]
ERR: 无法加载模块:Show

[ 2016-11-24T09:49:16+08:00 ] 79.110.25.179 /index.php/Show/addcomment
INFO: [ app_init ] --START--
INFO: Run Behavior\BuildLiteBehavior [ RunTime:0.000012s ]
INFO: [ app_init ] --END-- [ RunTime:0.000237s ]
ERR: 无法加载模块:Show

[ 2016-11-24T09:53:10+08:00 ] 46.148.31.80 /index.php/Show/addcomment
INFO: [ app_init ] --START--
INFO: Run Behavior\BuildLiteBehavior [ RunTime:0.000012s ]
INFO: [ app_init ] --END-- [ RunTime:0.000242s ]
ERR: 无法加载模块:Show

[ 2016-11-24T10:01:07+08:00 ] 5.8.37.231 /index.php/Show/addcomment
INFO: [ app_init ] --START--
INFO: Run Behavior\BuildLiteBehavior [ RunTime:0.000011s ]
INFO: [ app_init ] --END-- [ RunTime:0.000286s ]
ERR: 无法加载模块:Show

[ 2016-11-24T10:05:04+08:00 ] 146.185.200.97 /index.php/Show/addcomment
INFO: [ app_init ] --START--
INFO: Run Behavior\BuildLiteBehavior [ RunTime:0.000012s ]
INFO: [ app_init ] --END-- [ RunTime:0.000255s ]
ERR: 无法加载模块:Show

[ 2016-11-24T10:05:09+08:00 ] 146.185.200.51 /index.php/Show/addcomment
INFO: [ app_init ] --START--
INFO: Run Behavior\BuildLiteBehavior [ RunTime:0.000012s ]
INFO: [ app_init ] --END-- [ RunTime:0.000248s ]
ERR: 无法加载模块:Show

[ 2016-11-24T10:09:10+08:00 ] 146.185.201.62 /index.php/Show/addcomment
INFO: [ app_init ] --START--
INFO: Run Behavior\BuildLiteBehavior [ RunTime:0.000012s ]
INFO: [ app_init ] --END-- [ RunTime:0.000257s ]
ERR: 无法加载模块:Show

[ 2016-11-24T10:13:07+08:00 ] 79.110.25.206 /index.php/Show/addcomment
INFO: [ app_init ] --START--
INFO: Run Behavior\BuildLiteBehavior [ RunTime:0.000012s ]
INFO: [ app_init ] --END-- [ RunTime:0.000243s ]
ERR: 无法加载模块:Show

[ 2016-11-24T10:13:10+08:00 ] 79.110.25.212 /index.php/Show/addcomment
INFO: [ app_init ] --START--
INFO: Run Behavior\BuildLiteBehavior [ RunTime:0.000012s ]
INFO: [ app_init ] --END-- [ RunTime:0.000242s ]
ERR: 无法加载模块:Show

[ 2016-11-24T10:24:58+08:00 ] 93.179.89.25 /index.php/Show/addcomment
INFO: [ app_init ] --START--
INFO: Run Behavior\BuildLiteBehavior [ RunTime:0.000011s ]
INFO: [ app_init ] --END-- [ RunTime:0.000286s ]
ERR: 无法加载模块:Show

[ 2016-11-24T10:36:49+08:00 ] 146.185.201.66 /index.php/Show/addcomment
INFO: [ app_init ] --START--
INFO: Run Behavior\BuildLiteBehavior [ RunTime:0.000011s ]
INFO: [ app_init ] --END-- [ RunTime:0.000239s ]
ERR: 无法加载模块:Show

[ 2016-11-24T10:40:52+08:00 ] 46.148.31.18 /index.php/Show/addcomment
INFO: [ app_init ] --START--
INFO: Run Behavior\BuildLiteBehavior [ RunTime:0.000011s ]
INFO: [ app_init ] --END-- [ RunTime:0.000245s ]
ERR: 无法加载模块:Show

[ 2016-11-24T10:48:41+08:00 ] 5.101.217.79 /index.php/Show/addcomment
INFO: [ app_init ] --START--
INFO: Run Behavior\BuildLiteBehavior [ RunTime:0.000014s ]
INFO: [ app_init ] --END-- [ RunTime:0.000256s ]
ERR: 无法加载模块:Show

[ 2016-11-24T11:00:48+08:00 ] 46.161.62.19 /index.php/Show/addcomment
INFO: [ app_init ] --START--
INFO: Run Behavior\BuildLiteBehavior [ RunTime:0.000012s ]
INFO: [ app_init ] --END-- [ RunTime:0.000246s ]
ERR: 无法加载模块:Show

[ 2016-11-24T11:16:32+08:00 ] 146.185.201.116 /index.php/Show/addcomment
INFO: [ app_init ] --START--
INFO: Run Behavior\BuildLiteBehavior [ RunTime:0.000012s ]
INFO: [ app_init ] --END-- [ RunTime:0.000248s ]
ERR: 无法加载模块:Show

[ 2016-11-24T11:20:29+08:00 ] 185.14.195.192 /index.php/Show/addcomment
INFO: [ app_init ] --START--
INFO: Run Behavior\BuildLiteBehavior [ RunTime:0.000012s ]
INFO: [ app_init ] --END-- [ RunTime:0.000246s ]
ERR: 无法加载模块:Show

[ 2016-11-24T11:20:33+08:00 ] 146.185.201.25 /index.php/Show/addcomment
INFO: [ app_init ] --START--
INFO: Run Behavior\BuildLiteBehavior [ RunTime:0.000012s ]
INFO: [ app_init ] --END-- [ RunTime:0.000247s ]
ERR: 无法加载模块:Show

[ 2016-11-24T11:20:35+08:00 ] 46.161.62.96 /index.php/Show/addcomment
INFO: [ app_init ] --START--
INFO: Run Behavior\BuildLiteBehavior [ RunTime:0.000012s ]
INFO: [ app_init ] --END-- [ RunTime:0.000249s ]
ERR: 无法加载模块:Show

[ 2016-11-24T11:24:26+08:00 ] 5.101.222.51 /index.php/Show/addcomment
INFO: [ app_init ] --START--
INFO: Run Behavior\BuildLiteBehavior [ RunTime:0.000013s ]
INFO: [ app_init ] --END-- [ RunTime:0.000243s ]
ERR: 无法加载模块:Show

[ 2016-11-24T11:35:54+08:00 ] 93.179.89.63 /index.php/Show/addcomment
INFO: [ app_init ] --START--
INFO: Run Behavior\BuildLiteBehavior [ RunTime:0.000012s ]
INFO: [ app_init ] --END-- [ RunTime:0.000247s ]
ERR: 无法加载模块:Show

[ 2016-11-24T11:35:57+08:00 ] 79.110.25.142 /index.php/Show/addcomment
INFO: [ app_init ] --START--
INFO: Run Behavior\BuildLiteBehavior [ RunTime:0.000012s ]
INFO: [ app_init ] --END-- [ RunTime:0.000293s ]
ERR: 无法加载模块:Show

[ 2016-11-24T11:47:50+08:00 ] 146.185.201.46 /index.php/Show/addcomment
INFO: [ app_init ] --START--
INFO: Run Behavior\BuildLiteBehavior [ RunTime:0.000011s ]
INFO: [ app_init ] --END-- [ RunTime:0.000249s ]
ERR: 无法加载模块:Show

[ 2016-11-24T11:51:49+08:00 ] 46.161.62.68 /index.php/Show/addcomment
INFO: [ app_init ] --START--
INFO: Run Behavior\BuildLiteBehavior [ RunTime:0.000013s ]
INFO: [ app_init ] --END-- [ RunTime:0.000249s ]
ERR: 无法加载模块:Show

[ 2016-11-24T12:03:37+08:00 ] 46.161.63.43 /index.php/Show/addcomment
INFO: [ app_init ] --START--
INFO: Run Behavior\BuildLiteBehavior [ RunTime:0.000012s ]
INFO: [ app_init ] --END-- [ RunTime:0.000245s ]
ERR: 无法加载模块:Show

[ 2016-11-24T12:03:38+08:00 ] 46.161.63.31 /index.php/Show/addcomment
INFO: [ app_init ] --START--
INFO: Run Behavior\BuildLiteBehavior [ RunTime:0.000011s ]
INFO: [ app_init ] --END-- [ RunTime:0.000246s ]
ERR: 无法加载模块:Show

[ 2016-11-24T12:03:39+08:00 ] 5.101.222.51 /index.php/Show/addcomment
INFO: [ app_init ] --START--
INFO: Run Behavior\BuildLiteBehavior [ RunTime:0.000012s ]
INFO: [ app_init ] --END-- [ RunTime:0.000248s ]
ERR: 无法加载模块:Show

[ 2016-11-24T12:07:24+08:00 ] 146.185.201.8 /index.php/Show/addcomment
INFO: [ app_init ] --START--
INFO: Run Behavior\BuildLiteBehavior [ RunTime:0.000013s ]
INFO: [ app_init ] --END-- [ RunTime:0.000296s ]
ERR: 无法加载模块:Show

[ 2016-11-24T12:07:25+08:00 ] 5.101.217.112 /index.php/Show/addcomment
INFO: [ app_init ] --START--
INFO: Run Behavior\BuildLiteBehavior [ RunTime:0.000012s ]
INFO: [ app_init ] --END-- [ RunTime:0.000246s ]
ERR: 无法加载模块:Show

[ 2016-11-24T12:11:24+08:00 ] 146.185.201.117 /index.php/Show/addcomment
INFO: [ app_init ] --START--
INFO: Run Behavior\BuildLiteBehavior [ RunTime:0.000013s ]
INFO: [ app_init ] --END-- [ RunTime:0.000302s ]
ERR: 无法加载模块:Show

[ 2016-11-24T12:30:41+08:00 ] 5.8.37.250 /index.php/Show/addcomment
INFO: [ app_init ] --START--
INFO: Run Behavior\BuildLiteBehavior [ RunTime:0.000012s ]
INFO: [ app_init ] --END-- [ RunTime:0.000244s ]
ERR: 无法加载模块:Show

[ 2016-11-24T12:38:40+08:00 ] 146.185.201.63 /index.php/Show/addcomment
INFO: [ app_init ] --START--
INFO: Run Behavior\BuildLiteBehavior [ RunTime:0.000012s ]
INFO: [ app_init ] --END-- [ RunTime:0.000273s ]
ERR: 无法加载模块:Show

[ 2016-11-24T12:46:42+08:00 ] 46.161.63.124 /index.php/Show/addcomment
INFO: [ app_init ] --START--
INFO: Run Behavior\BuildLiteBehavior [ RunTime:0.000012s ]
INFO: [ app_init ] --END-- [ RunTime:0.000289s ]
ERR: 无法加载模块:Show

[ 2016-11-24T12:47:33+08:00 ] 146.185.200.123 /index.php/Show/addcomment
INFO: [ app_init ] --START--
INFO: Run Behavior\BuildLiteBehavior [ RunTime:0.000012s ]
INFO: [ app_init ] --END-- [ RunTime:0.000248s ]
ERR: 无法加载模块:Show

[ 2016-11-24T12:50:28+08:00 ] 5.101.217.60 /index.php/Show/addcomment
INFO: [ app_init ] --START--
INFO: Run Behavior\BuildLiteBehavior [ RunTime:0.000013s ]
INFO: [ app_init ] --END-- [ RunTime:0.000293s ]
ERR: 无法加载模块:Show

[ 2016-11-24T12:58:27+08:00 ] 5.101.222.35 /index.php/Show/addcomment
INFO: [ app_init ] --START--
INFO: Run Behavior\BuildLiteBehavior [ RunTime:0.000012s ]
INFO: [ app_init ] --END-- [ RunTime:0.000294s ]
ERR: 无法加载模块:Show

[ 2016-11-24T13:02:17+08:00 ] 46.148.31.98 /index.php/Show/addcomment
INFO: [ app_init ] --START--
INFO: Run Behavior\BuildLiteBehavior [ RunTime:0.000012s ]
INFO: [ app_init ] --END-- [ RunTime:0.000241s ]
ERR: 无法加载模块:Show

[ 2016-11-24T13:06:10+08:00 ] 46.148.31.54 /index.php/Show/addcomment
INFO: [ app_init ] --START--
INFO: Run Behavior\BuildLiteBehavior [ RunTime:0.000013s ]
INFO: [ app_init ] --END-- [ RunTime:0.000257s ]
ERR: 无法加载模块:Show

[ 2016-11-24T13:10:05+08:00 ] 46.161.62.90 /index.php/Show/addcomment
INFO: [ app_init ] --START--
INFO: Run Behavior\BuildLiteBehavior [ RunTime:0.000012s ]
INFO: [ app_init ] --END-- [ RunTime:0.000247s ]
ERR: 无法加载模块:Show

[ 2016-11-24T13:10:06+08:00 ] 5.8.37.250 /index.php/Show/addcomment
INFO: [ app_init ] --START--
INFO: Run Behavior\BuildLiteBehavior [ RunTime:0.000012s ]
INFO: [ app_init ] --END-- [ RunTime:0.000264s ]
ERR: 无法加载模块:Show

[ 2016-11-24T13:14:01+08:00 ] 146.185.200.112 /index.php/Show/addcomment
INFO: [ app_init ] --START--
INFO: Run Behavior\BuildLiteBehavior [ RunTime:0.000011s ]
INFO: [ app_init ] --END-- [ RunTime:0.000287s ]
ERR: 无法加载模块:Show

[ 2016-11-24T13:17:52+08:00 ] 5.101.217.81 /index.php/Show/addcomment
INFO: [ app_init ] --START--
INFO: Run Behavior\BuildLiteBehavior [ RunTime:0.000012s ]
INFO: [ app_init ] --END-- [ RunTime:0.000285s ]
ERR: 无法加载模块:Show

[ 2016-11-24T13:17:57+08:00 ] 46.161.62.13 /index.php/Show/addcomment
INFO: [ app_init ] --START--
INFO: Run Behavior\BuildLiteBehavior [ RunTime:0.000012s ]
INFO: [ app_init ] --END-- [ RunTime:0.000306s ]
ERR: 无法加载模块:Show

[ 2016-11-24T13:21:36+08:00 ] 146.185.201.8 /index.php/Show/addcomment
INFO: [ app_init ] --START--
INFO: Run Behavior\BuildLiteBehavior [ RunTime:0.000012s ]
INFO: [ app_init ] --END-- [ RunTime:0.000238s ]
ERR: 无法加载模块:Show

[ 2016-11-24T13:25:22+08:00 ] 146.185.201.15 /index.php/Show/addcomment
INFO: [ app_init ] --START--
INFO: Run Behavior\BuildLiteBehavior [ RunTime:0.000013s ]
INFO: [ app_init ] --END-- [ RunTime:0.000251s ]
ERR: 无法加载模块:Show

[ 2016-11-24T13:33:04+08:00 ] 79.110.25.183 /index.php/Show/addcomment
INFO: [ app_init ] --START--
INFO: Run Behavior\BuildLiteBehavior [ RunTime:0.000012s ]
INFO: [ app_init ] --END-- [ RunTime:0.000280s ]
ERR: 无法加载模块:Show

[ 2016-11-24T13:33:08+08:00 ] 5.101.217.97 /index.php/Show/addcomment
INFO: [ app_init ] --START--
INFO: Run Behavior\BuildLiteBehavior [ RunTime:0.000012s ]
INFO: [ app_init ] --END-- [ RunTime:0.000242s ]
ERR: 无法加载模块:Show

[ 2016-11-24T13:40:46+08:00 ] 46.148.30.80 /index.php/Show/addcomment
INFO: [ app_init ] --START--
INFO: Run Behavior\BuildLiteBehavior [ RunTime:0.000012s ]
INFO: [ app_init ] --END-- [ RunTime:0.000244s ]
ERR: 无法加载模块:Show

[ 2016-11-24T13:40:48+08:00 ] 46.148.30.14 /index.php/Show/addcomment
INFO: [ app_init ] --START--
INFO: Run Behavior\BuildLiteBehavior [ RunTime:0.000013s ]
INFO: [ app_init ] --END-- [ RunTime:0.000272s ]
ERR: 无法加载模块:Show

[ 2016-11-24T13:44:32+08:00 ] 185.14.195.152 /index.php/Show/addcomment
INFO: [ app_init ] --START--
INFO: Run Behavior\BuildLiteBehavior [ RunTime:0.000011s ]
INFO: [ app_init ] --END-- [ RunTime:0.000243s ]
ERR: 无法加载模块:Show

[ 2016-11-24T13:44:35+08:00 ] 79.110.25.189 /index.php/Show/addcomment
INFO: [ app_init ] --START--
INFO: Run Behavior\BuildLiteBehavior [ RunTime:0.000012s ]
INFO: [ app_init ] --END-- [ RunTime:0.000249s ]
ERR: 无法加载模块:Show

[ 2016-11-24T13:48:24+08:00 ] 146.185.201.49 /index.php/Show/addcomment
INFO: [ app_init ] --START--
INFO: Run Behavior\BuildLiteBehavior [ RunTime:0.000017s ]
INFO: [ app_init ] --END-- [ RunTime:0.000335s ]
ERR: 无法加载模块:Show

[ 2016-11-24T14:15:34+08:00 ] 93.179.89.120 /index.php/Show/addcomment
INFO: [ app_init ] --START--
INFO: Run Behavior\BuildLiteBehavior [ RunTime:0.000012s ]
INFO: [ app_init ] --END-- [ RunTime:0.000249s ]
ERR: 无法加载模块:Show

[ 2016-11-24T14:19:17+08:00 ] 79.110.25.168 /index.php/Show/addcomment
INFO: [ app_init ] --START--
INFO: Run Behavior\BuildLiteBehavior [ RunTime:0.000014s ]
INFO: [ app_init ] --END-- [ RunTime:0.000278s ]
ERR: 无法加载模块:Show

[ 2016-11-24T14:23:17+08:00 ] 5.8.37.240 /index.php/Show/addcomment
INFO: [ app_init ] --START--
INFO: Run Behavior\BuildLiteBehavior [ RunTime:0.000013s ]
INFO: [ app_init ] --END-- [ RunTime:0.000243s ]
ERR: 无法加载模块:Show

[ 2016-11-24T14:31:07+08:00 ] 146.185.201.114 /index.php/Show/addcomment
INFO: [ app_init ] --START--
INFO: Run Behavior\BuildLiteBehavior [ RunTime:0.000013s ]
INFO: [ app_init ] --END-- [ RunTime:0.000247s ]
ERR: 无法加载模块:Show

[ 2016-11-24T14:31:08+08:00 ] 146.185.201.63 /index.php/Show/addcomment
INFO: [ app_init ] --START--
INFO: Run Behavior\BuildLiteBehavior [ RunTime:0.000016s ]
INFO: [ app_init ] --END-- [ RunTime:0.000304s ]
ERR: 无法加载模块:Show

[ 2016-11-24T14:39:04+08:00 ] 185.14.195.167 /index.php/Show/addcomment
INFO: [ app_init ] --START--
INFO: Run Behavior\BuildLiteBehavior [ RunTime:0.000014s ]
INFO: [ app_init ] --END-- [ RunTime:0.000335s ]
ERR: 无法加载模块:Show

[ 2016-11-24T14:43:00+08:00 ] 46.148.31.54 /index.php/Show/addcomment
INFO: [ app_init ] --START--
INFO: Run Behavior\BuildLiteBehavior [ RunTime:0.000012s ]
INFO: [ app_init ] --END-- [ RunTime:0.000249s ]
ERR: 无法加载模块:Show

[ 2016-11-24T14:43:02+08:00 ] 5.101.222.37 /index.php/Show/addcomment
INFO: [ app_init ] --START--
INFO: Run Behavior\BuildLiteBehavior [ RunTime:0.000015s ]
INFO: [ app_init ] --END-- [ RunTime:0.000260s ]
ERR: 无法加载模块:Show

[ 2016-11-24T14:46:55+08:00 ] 46.161.62.88 /index.php/Show/addcomment
INFO: [ app_init ] --START--
INFO: Run Behavior\BuildLiteBehavior [ RunTime:0.000012s ]
INFO: [ app_init ] --END-- [ RunTime:0.000241s ]
ERR: 无法加载模块:Show

[ 2016-11-24T14:54:40+08:00 ] 5.101.217.60 /index.php/Show/addcomment
INFO: [ app_init ] --START--
INFO: Run Behavior\BuildLiteBehavior [ RunTime:0.000012s ]
INFO: [ app_init ] --END-- [ RunTime:0.000242s ]
ERR: 无法加载模块:Show

[ 2016-11-24T14:58:41+08:00 ] 46.161.63.76 /index.php/Show/addcomment
INFO: [ app_init ] --START--
INFO: Run Behavior\BuildLiteBehavior [ RunTime:0.000012s ]
INFO: [ app_init ] --END-- [ RunTime:0.000244s ]
ERR: 无法加载模块:Show

[ 2016-11-24T15:02:36+08:00 ] 5.8.37.219 /index.php/Show/addcomment
INFO: [ app_init ] --START--
INFO: Run Behavior\BuildLiteBehavior [ RunTime:0.000012s ]
INFO: [ app_init ] --END-- [ RunTime:0.000251s ]
ERR: 无法加载模块:Show

[ 2016-11-24T15:02:37+08:00 ] 46.161.63.105 /index.php/Show/addcomment
INFO: [ app_init ] --START--
INFO: Run Behavior\BuildLiteBehavior [ RunTime:0.000012s ]
INFO: [ app_init ] --END-- [ RunTime:0.000297s ]
ERR: 无法加载模块:Show

[ 2016-11-24T15:10:34+08:00 ] 5.101.222.71 /index.php/Show/addcomment
INFO: [ app_init ] --START--
INFO: Run Behavior\BuildLiteBehavior [ RunTime:0.000012s ]
INFO: [ app_init ] --END-- [ RunTime:0.000243s ]
ERR: 无法加载模块:Show

[ 2016-11-24T15:10:35+08:00 ] 5.101.222.87 /index.php/Show/addcomment
INFO: [ app_init ] --START--
INFO: Run Behavior\BuildLiteBehavior [ RunTime:0.000012s ]
INFO: [ app_init ] --END-- [ RunTime:0.000254s ]
ERR: 无法加载模块:Show

[ 2016-11-24T15:14:30+08:00 ] 93.179.89.14 /index.php/Show/addcomment
INFO: [ app_init ] --START--
INFO: Run Behavior\BuildLiteBehavior [ RunTime:0.000012s ]
INFO: [ app_init ] --END-- [ RunTime:0.000272s ]
ERR: 无法加载模块:Show

[ 2016-11-24T15:30:23+08:00 ] 46.161.62.124 /index.php/Show/addcomment
INFO: [ app_init ] --START--
INFO: Run Behavior\BuildLiteBehavior [ RunTime:0.000013s ]
INFO: [ app_init ] --END-- [ RunTime:0.000282s ]
ERR: 无法加载模块:Show

[ 2016-11-24T15:34:15+08:00 ] 146.185.200.100 /index.php/Show/addcomment
INFO: [ app_init ] --START--
INFO: Run Behavior\BuildLiteBehavior [ RunTime:0.000012s ]
INFO: [ app_init ] --END-- [ RunTime:0.000245s ]
ERR: 无法加载模块:Show

[ 2016-11-24T15:50:15+08:00 ] 5.101.222.109 /index.php/Show/addcomment
INFO: [ app_init ] --START--
INFO: Run Behavior\BuildLiteBehavior [ RunTime:0.000012s ]
INFO: [ app_init ] --END-- [ RunTime:0.000237s ]
ERR: 无法加载模块:Show

[ 2016-11-24T15:58:09+08:00 ] 185.14.195.197 /index.php/Show/addcomment
INFO: [ app_init ] --START--
INFO: Run Behavior\BuildLiteBehavior [ RunTime:0.000012s ]
INFO: [ app_init ] --END-- [ RunTime:0.000248s ]
ERR: 无法加载模块:Show

[ 2016-11-24T16:05:56+08:00 ] 91.238.114.4 /index.php/Show/addcomment
INFO: [ app_init ] --START--
INFO: Run Behavior\BuildLiteBehavior [ RunTime:0.000011s ]
INFO: [ app_init ] --END-- [ RunTime:0.000249s ]
ERR: 无法加载模块:Show

[ 2016-11-24T16:09:52+08:00 ] 146.185.201.49 /index.php/Show/addcomment
INFO: [ app_init ] --START--
INFO: Run Behavior\BuildLiteBehavior [ RunTime:0.000013s ]
INFO: [ app_init ] --END-- [ RunTime:0.000253s ]
ERR: 无法加载模块:Show

[ 2016-11-24T16:09:53+08:00 ] 146.185.200.58 /index.php/Show/addcomment
INFO: [ app_init ] --START--
INFO: Run Behavior\BuildLiteBehavior [ RunTime:0.000013s ]
INFO: [ app_init ] --END-- [ RunTime:0.000260s ]
ERR: 无法加载模块:Show

[ 2016-11-24T16:13:56+08:00 ] 185.14.195.135 /index.php/Show/addcomment
INFO: [ app_init ] --START--
INFO: Run Behavior\BuildLiteBehavior [ RunTime:0.000012s ]
INFO: [ app_init ] --END-- [ RunTime:0.000240s ]
ERR: 无法加载模块:Show

[ 2016-11-24T16:17:49+08:00 ] 185.14.195.192 /index.php/Show/addcomment
INFO: [ app_init ] --START--
INFO: Run Behavior\BuildLiteBehavior [ RunTime:0.000012s ]
INFO: [ app_init ] --END-- [ RunTime:0.000243s ]
ERR: 无法加载模块:Show

[ 2016-11-24T16:33:42+08:00 ] 93.179.89.27 /index.php/Show/addcomment
INFO: [ app_init ] --START--
INFO: Run Behavior\BuildLiteBehavior [ RunTime:0.000018s ]
INFO: [ app_init ] --END-- [ RunTime:0.000317s ]
ERR: 无法加载模块:Show

[ 2016-11-24T16:33:45+08:00 ] 146.185.200.124 /index.php/Show/addcomment
INFO: [ app_init ] --START--
INFO: Run Behavior\BuildLiteBehavior [ RunTime:0.000013s ]
INFO: [ app_init ] --END-- [ RunTime:0.000248s ]
ERR: 无法加载模块:Show

[ 2016-11-24T16:37:38+08:00 ] 46.148.31.40 /index.php/Show/addcomment
INFO: [ app_init ] --START--
INFO: Run Behavior\BuildLiteBehavior [ RunTime:0.000012s ]
INFO: [ app_init ] --END-- [ RunTime:0.000247s ]
ERR: 无法加载模块:Show

[ 2016-11-24T16:53:26+08:00 ] 5.101.222.23 /index.php/Show/addcomment
INFO: [ app_init ] --START--
INFO: Run Behavior\BuildLiteBehavior [ RunTime:0.000012s ]
INFO: [ app_init ] --END-- [ RunTime:0.000242s ]
ERR: 无法加载模块:Show

[ 2016-11-24T16:57:38+08:00 ] 5.101.222.11 /index.php/Show/addcomment
INFO: [ app_init ] --START--
INFO: Run Behavior\BuildLiteBehavior [ RunTime:0.000011s ]
INFO: [ app_init ] --END-- [ RunTime:0.000286s ]
ERR: 无法加载模块:Show

[ 2016-11-24T16:58:26+08:00 ] 46.161.63.6 /index.php/Show/addcomment
INFO: [ app_init ] --START--
INFO: Run Behavior\BuildLiteBehavior [ RunTime:0.000012s ]
INFO: [ app_init ] --END-- [ RunTime:0.000240s ]
ERR: 无法加载模块:Show

[ 2016-11-24T17:14:12+08:00 ] 46.161.63.48 /index.php/Show/addcomment
INFO: [ app_init ] --START--
INFO: Run Behavior\BuildLiteBehavior [ RunTime:0.000012s ]
INFO: [ app_init ] --END-- [ RunTime:0.000287s ]
ERR: 无法加载模块:Show

[ 2016-11-24T17:25:09+08:00 ] 5.101.222.101 /index.php/Show/addcomment
INFO: [ app_init ] --START--
INFO: Run Behavior\BuildLiteBehavior [ RunTime:0.000017s ]
INFO: [ app_init ] --END-- [ RunTime:0.000284s ]
ERR: 无法加载模块:Show

[ 2016-11-24T17:25:40+08:00 ] 46.161.63.98 /index.php/Show/addcomment
INFO: [ app_init ] --START--
INFO: Run Behavior\BuildLiteBehavior [ RunTime:0.000012s ]
INFO: [ app_init ] --END-- [ RunTime:0.000250s ]
ERR: 无法加载模块:Show

[ 2016-11-24T17:29:15+08:00 ] 5.8.37.232 /index.php/Show/addcomment
INFO: [ app_init ] --START--
INFO: Run Behavior\BuildLiteBehavior [ RunTime:0.000012s ]
INFO: [ app_init ] --END-- [ RunTime:0.000284s ]
ERR: 无法加载模块:Show

[ 2016-11-24T17:37:07+08:00 ] 46.161.63.25 /index.php/Show/addcomment
INFO: [ app_init ] --START--
INFO: Run Behavior\BuildLiteBehavior [ RunTime:0.000016s ]
INFO: [ app_init ] --END-- [ RunTime:0.000298s ]
ERR: 无法加载模块:Show

[ 2016-11-24T17:45:01+08:00 ] 146.185.200.75 /index.php/Show/addcomment
INFO: [ app_init ] --START--
INFO: Run Behavior\BuildLiteBehavior [ RunTime:0.000012s ]
INFO: [ app_init ] --END-- [ RunTime:0.000263s ]
ERR: 无法加载模块:Show

[ 2016-11-24T18:01:21+08:00 ] 79.110.25.150 /index.php/Show/addcomment
INFO: [ app_init ] --START--
INFO: Run Behavior\BuildLiteBehavior [ RunTime:0.000012s ]
INFO: [ app_init ] --END-- [ RunTime:0.000288s ]
ERR: 无法加载模块:Show

[ 2016-11-24T18:08:52+08:00 ] 79.110.25.226 /index.php/Show/addcomment
INFO: [ app_init ] --START--
INFO: Run Behavior\BuildLiteBehavior [ RunTime:0.000012s ]
INFO: [ app_init ] --END-- [ RunTime:0.000246s ]
ERR: 无法加载模块:Show

[ 2016-11-24T18:12:59+08:00 ] 185.14.195.174 /index.php/Show/addcomment
INFO: [ app_init ] --START--
INFO: Run Behavior\BuildLiteBehavior [ RunTime:0.000017s ]
INFO: [ app_init ] --END-- [ RunTime:0.000368s ]
ERR: 无法加载模块:Show

[ 2016-11-24T18:32:33+08:00 ] 93.179.89.85 /index.php/Show/addcomment
INFO: [ app_init ] --START--
INFO: Run Behavior\BuildLiteBehavior [ RunTime:0.000013s ]
INFO: [ app_init ] --END-- [ RunTime:0.000243s ]
ERR: 无法加载模块:Show

[ 2016-11-24T18:40:28+08:00 ] 146.185.201.46 /index.php/Show/addcomment
INFO: [ app_init ] --START--
INFO: Run Behavior\BuildLiteBehavior [ RunTime:0.000016s ]
INFO: [ app_init ] --END-- [ RunTime:0.000282s ]
ERR: 无法加载模块:Show

[ 2016-11-24T18:48:59+08:00 ] 46.161.63.20 /index.php/Show/addcomment
INFO: [ app_init ] --START--
INFO: Run Behavior\BuildLiteBehavior [ RunTime:0.000012s ]
INFO: [ app_init ] --END-- [ RunTime:0.000256s ]
ERR: 无法加载模块:Show

[ 2016-11-24T19:01:13+08:00 ] 146.185.201.46 /index.php/Show/addcomment
INFO: [ app_init ] --START--
INFO: Run Behavior\BuildLiteBehavior [ RunTime:0.000012s ]
INFO: [ app_init ] --END-- [ RunTime:0.000239s ]
ERR: 无法加载模块:Show

[ 2016-11-24T19:13:17+08:00 ] 185.14.195.224 /index.php/Show/addcomment
INFO: [ app_init ] --START--
INFO: Run Behavior\BuildLiteBehavior [ RunTime:0.000012s ]
INFO: [ app_init ] --END-- [ RunTime:0.000238s ]
ERR: 无法加载模块:Show

[ 2016-11-24T19:21:03+08:00 ] 5.101.217.94 /index.php/Show/addcomment
INFO: [ app_init ] --START--
INFO: Run Behavior\BuildLiteBehavior [ RunTime:0.000011s ]
INFO: [ app_init ] --END-- [ RunTime:0.000258s ]
ERR: 无法加载模块:Show

[ 2016-11-24T19:25:32+08:00 ] 146.185.201.83 /index.php/Show/addcomment
INFO: [ app_init ] --START--
INFO: Run Behavior\BuildLiteBehavior [ RunTime:0.000012s ]
INFO: [ app_init ] --END-- [ RunTime:0.000242s ]
ERR: 无法加载模块:Show

[ 2016-11-24T19:49:33+08:00 ] 46.161.62.15 /index.php/Show/addcomment
INFO: [ app_init ] --START--
INFO: Run Behavior\BuildLiteBehavior [ RunTime:0.000013s ]
INFO: [ app_init ] --END-- [ RunTime:0.000270s ]
ERR: 无法加载模块:Show

[ 2016-11-24T20:05:16+08:00 ] 91.238.114.4 /index.php/Show/addcomment
INFO: [ app_init ] --START--
INFO: Run Behavior\BuildLiteBehavior [ RunTime:0.000012s ]
INFO: [ app_init ] --END-- [ RunTime:0.000251s ]
ERR: 无法加载模块:Show

[ 2016-11-24T21:23:38+08:00 ] 185.14.195.139 /index.php/Show/addcomment
INFO: [ app_init ] --START--
INFO: Run Behavior\BuildLiteBehavior [ RunTime:0.000013s ]
INFO: [ app_init ] --END-- [ RunTime:0.000304s ]
ERR: 无法加载模块:Show

[ 2016-11-24T21:27:30+08:00 ] 5.101.217.112 /index.php/Show/addcomment
INFO: [ app_init ] --START--
INFO: Run Behavior\BuildLiteBehavior [ RunTime:0.000016s ]
INFO: [ app_init ] --END-- [ RunTime:0.000293s ]
ERR: 无法加载模块:Show

[ 2016-11-24T21:59:26+08:00 ] 146.185.201.63 /index.php/Show/addcomment
INFO: [ app_init ] --START--
INFO: Run Behavior\BuildLiteBehavior [ RunTime:0.000012s ]
INFO: [ app_init ] --END-- [ RunTime:0.000252s ]
ERR: 无法加载模块:Show

[ 2016-11-24T22:03:31+08:00 ] 93.179.89.85 /index.php/Show/addcomment
INFO: [ app_init ] --START--
INFO: Run Behavior\BuildLiteBehavior [ RunTime:0.000012s ]
INFO: [ app_init ] --END-- [ RunTime:0.000267s ]
ERR: 无法加载模块:Show

[ 2016-11-24T22:03:57+08:00 ] 185.14.195.161 /index.php/Show/addcomment
INFO: [ app_init ] --START--
INFO: Run Behavior\BuildLiteBehavior [ RunTime:0.000014s ]
INFO: [ app_init ] --END-- [ RunTime:0.000306s ]
ERR: 无法加载模块:Show

[ 2016-11-24T22:07:25+08:00 ] 46.148.31.40 /index.php/Show/addcomment
INFO: [ app_init ] --START--
INFO: Run Behavior\BuildLiteBehavior [ RunTime:0.000012s ]
INFO: [ app_init ] --END-- [ RunTime:0.000295s ]
ERR: 无法加载模块:Show

[ 2016-11-24T22:11:25+08:00 ] 46.148.30.26 /index.php/Show/addcomment
INFO: [ app_init ] --START--
INFO: Run Behavior\BuildLiteBehavior [ RunTime:0.000012s ]
INFO: [ app_init ] --END-- [ RunTime:0.000241s ]
ERR: 无法加载模块:Show

[ 2016-11-24T23:51:31+08:00 ] 5.8.37.209 /index.php/Show/addcomment
INFO: [ app_init ] --START--
INFO: Run Behavior\BuildLiteBehavior [ RunTime:0.000012s ]
INFO: [ app_init ] --END-- [ RunTime:0.000289s ]
ERR: 无法加载模块:Show

