[ 2016-11-18T18:06:16+08:00 ] 203.130.43.155 /blog/25.html
INFO: [ app_init ] --START--
INFO: Run Behavior\BuildLiteBehavior [ RunTime:0.000012s ]
INFO: [ app_init ] --END-- [ RunTime:0.000248s ]
ERR: 无法加载模块:Blog

[ 2016-11-18T18:06:31+08:00 ] 203.130.43.155 /blog/25.html
INFO: [ app_init ] --START--
INFO: Run Behavior\BuildLiteBehavior [ RunTime:0.000013s ]
INFO: [ app_init ] --END-- [ RunTime:0.000259s ]
ERR: 无法加载模块:Blog

[ 2016-11-18T18:07:10+08:00 ] 107.172.225.105 /2016/01/js-page-cover.html
INFO: [ app_init ] --START--
INFO: Run Behavior\BuildLiteBehavior [ RunTime:0.000012s ]
INFO: [ app_init ] --END-- [ RunTime:0.000292s ]
ERR: 无法加载模块:2016

[ 2016-11-18T18:07:12+08:00 ] 107.172.225.105 /blog/25.html
INFO: [ app_init ] --START--
INFO: Run Behavior\BuildLiteBehavior [ RunTime:0.000013s ]
INFO: [ app_init ] --END-- [ RunTime:0.000251s ]
ERR: 无法加载模块:Blog

[ 2016-11-18T18:11:58+08:00 ] 146.185.201.98 /index.php/Show/addcomment
INFO: [ app_init ] --START--
INFO: Run Behavior\BuildLiteBehavior [ RunTime:0.000012s ]
INFO: [ app_init ] --END-- [ RunTime:0.000255s ]
ERR: 无法加载模块:Show

[ 2016-11-18T18:19:36+08:00 ] 5.101.222.11 /index.php/Show/addcomment
INFO: [ app_init ] --START--
INFO: Run Behavior\BuildLiteBehavior [ RunTime:0.000011s ]
INFO: [ app_init ] --END-- [ RunTime:0.000293s ]
ERR: 无法加载模块:Show

[ 2016-11-18T18:23:32+08:00 ] 46.148.31.26 /index.php/Show/addcomment
INFO: [ app_init ] --START--
INFO: Run Behavior\BuildLiteBehavior [ RunTime:0.000012s ]
INFO: [ app_init ] --END-- [ RunTime:0.000245s ]
ERR: 无法加载模块:Show

[ 2016-11-18T18:23:32+08:00 ] 91.238.114.3 /index.php/Show/addcomment
INFO: [ app_init ] --START--
INFO: Run Behavior\BuildLiteBehavior [ RunTime:0.000012s ]
INFO: [ app_init ] --END-- [ RunTime:0.000253s ]
ERR: 无法加载模块:Show

[ 2016-11-18T18:31:05+08:00 ] 5.101.222.23 /index.php/Show/addcomment
INFO: [ app_init ] --START--
INFO: Run Behavior\BuildLiteBehavior [ RunTime:0.000013s ]
INFO: [ app_init ] --END-- [ RunTime:0.000257s ]
ERR: 无法加载模块:Show

[ 2016-11-18T18:39:03+08:00 ] 46.148.30.95 /index.php/Show/addcomment
INFO: [ app_init ] --START--
INFO: Run Behavior\BuildLiteBehavior [ RunTime:0.000012s ]
INFO: [ app_init ] --END-- [ RunTime:0.000288s ]
ERR: 无法加载模块:Show

[ 2016-11-18T20:11:47+08:00 ] 5.8.37.223 /index.php/Show/addcomment
INFO: [ app_init ] --START--
INFO: Run Behavior\BuildLiteBehavior [ RunTime:0.000013s ]
INFO: [ app_init ] --END-- [ RunTime:0.000419s ]
ERR: 无法加载模块:Show

[ 2016-11-18T20:31:24+08:00 ] 5.8.37.212 /index.php/Show/addcomment
INFO: [ app_init ] --START--
INFO: Run Behavior\BuildLiteBehavior [ RunTime:0.000012s ]
INFO: [ app_init ] --END-- [ RunTime:0.000290s ]
ERR: 无法加载模块:Show

[ 2016-11-18T20:31:27+08:00 ] 5.101.217.97 /index.php/Show/addcomment
INFO: [ app_init ] --START--
INFO: Run Behavior\BuildLiteBehavior [ RunTime:0.000013s ]
INFO: [ app_init ] --END-- [ RunTime:0.000252s ]
ERR: 无法加载模块:Show

[ 2016-11-18T20:31:28+08:00 ] 5.8.37.225 /index.php/Show/addcomment
INFO: [ app_init ] --START--
INFO: Run Behavior\BuildLiteBehavior [ RunTime:0.000013s ]
INFO: [ app_init ] --END-- [ RunTime:0.000253s ]
ERR: 无法加载模块:Show

[ 2016-11-18T20:35:26+08:00 ] 46.161.62.19 /index.php/Show/addcomment
INFO: [ app_init ] --START--
INFO: Run Behavior\BuildLiteBehavior [ RunTime:0.000012s ]
INFO: [ app_init ] --END-- [ RunTime:0.000261s ]
ERR: 无法加载模块:Show

[ 2016-11-18T20:43:13+08:00 ] 5.101.217.16 /index.php/Show/addcomment
INFO: [ app_init ] --START--
INFO: Run Behavior\BuildLiteBehavior [ RunTime:0.000011s ]
INFO: [ app_init ] --END-- [ RunTime:0.000284s ]
ERR: 无法加载模块:Show

[ 2016-11-18T20:47:15+08:00 ] 185.14.195.204 /index.php/Show/addcomment
INFO: [ app_init ] --START--
INFO: Run Behavior\BuildLiteBehavior [ RunTime:0.000012s ]
INFO: [ app_init ] --END-- [ RunTime:0.000242s ]
ERR: 无法加载模块:Show

[ 2016-11-18T20:55:29+08:00 ] 5.8.37.242 /index.php/Show/addcomment
INFO: [ app_init ] --START--
INFO: Run Behavior\BuildLiteBehavior [ RunTime:0.000012s ]
INFO: [ app_init ] --END-- [ RunTime:0.000287s ]
ERR: 无法加载模块:Show

[ 2016-11-18T22:46:44+08:00 ] 79.110.25.223 /index.php/Show/addcomment
INFO: [ app_init ] --START--
INFO: Run Behavior\BuildLiteBehavior [ RunTime:0.000015s ]
INFO: [ app_init ] --END-- [ RunTime:0.000268s ]
ERR: 无法加载模块:Show

[ 2016-11-18T22:58:42+08:00 ] 46.161.62.61 /index.php/Show/addcomment
INFO: [ app_init ] --START--
INFO: Run Behavior\BuildLiteBehavior [ RunTime:0.000012s ]
INFO: [ app_init ] --END-- [ RunTime:0.000279s ]
ERR: 无法加载模块:Show

[ 2016-11-18T23:02:39+08:00 ] 146.185.201.61 /index.php/Show/addcomment
INFO: [ app_init ] --START--
INFO: Run Behavior\BuildLiteBehavior [ RunTime:0.000013s ]
INFO: [ app_init ] --END-- [ RunTime:0.000283s ]
ERR: 无法加载模块:Show

[ 2016-11-18T23:18:19+08:00 ] 46.161.63.48 /index.php/Show/addcomment
INFO: [ app_init ] --START--
INFO: Run Behavior\BuildLiteBehavior [ RunTime:0.000014s ]
INFO: [ app_init ] --END-- [ RunTime:0.000300s ]
ERR: 无法加载模块:Show

[ 2016-11-18T23:18:21+08:00 ] 46.161.62.83 /index.php/Show/addcomment
INFO: [ app_init ] --START--
INFO: Run Behavior\BuildLiteBehavior [ RunTime:0.000013s ]
INFO: [ app_init ] --END-- [ RunTime:0.000249s ]
ERR: 无法加载模块:Show

[ 2016-11-18T23:22:18+08:00 ] 46.161.62.30 /index.php/Show/addcomment
INFO: [ app_init ] --START--
INFO: Run Behavior\BuildLiteBehavior [ RunTime:0.000015s ]
INFO: [ app_init ] --END-- [ RunTime:0.000255s ]
ERR: 无法加载模块:Show

[ 2016-11-18T23:26:16+08:00 ] 46.148.31.97 /index.php/Show/addcomment
INFO: [ app_init ] --START--
INFO: Run Behavior\BuildLiteBehavior [ RunTime:0.000013s ]
INFO: [ app_init ] --END-- [ RunTime:0.000303s ]
ERR: 无法加载模块:Show

[ 2016-11-18T23:26:21+08:00 ] 46.148.31.7 /index.php/Show/addcomment
INFO: [ app_init ] --START--
INFO: Run Behavior\BuildLiteBehavior [ RunTime:0.000013s ]
INFO: [ app_init ] --END-- [ RunTime:0.000252s ]
ERR: 无法加载模块:Show

[ 2016-11-18T23:38:20+08:00 ] 46.161.63.51 /index.php/Show/addcomment
INFO: [ app_init ] --START--
INFO: Run Behavior\BuildLiteBehavior [ RunTime:0.000013s ]
INFO: [ app_init ] --END-- [ RunTime:0.000246s ]
ERR: 无法加载模块:Show

[ 2016-11-18T23:38:22+08:00 ] 146.185.200.8 /index.php/Show/addcomment
INFO: [ app_init ] --START--
INFO: Run Behavior\BuildLiteBehavior [ RunTime:0.000013s ]
INFO: [ app_init ] --END-- [ RunTime:0.000290s ]
ERR: 无法加载模块:Show

