[ 2016-12-11T00:00:25+08:00 ] 146.185.201.63 /index.php/Show/addcomment
INFO: [ app_init ] --START--
INFO: Run Behavior\BuildLiteBehavior [ RunTime:0.000012s ]
INFO: [ app_init ] --END-- [ RunTime:0.000250s ]
ERR: 无法加载模块:Show

[ 2016-12-11T00:08:04+08:00 ] 79.110.25.189 /index.php/Show/addcomment
INFO: [ app_init ] --START--
INFO: Run Behavior\BuildLiteBehavior [ RunTime:0.000012s ]
INFO: [ app_init ] --END-- [ RunTime:0.000252s ]
ERR: 无法加载模块:Show

[ 2016-12-11T00:43:45+08:00 ] 46.161.62.110 /index.php/Show/addcomment
INFO: [ app_init ] --START--
INFO: Run Behavior\BuildLiteBehavior [ RunTime:0.000012s ]
INFO: [ app_init ] --END-- [ RunTime:0.000243s ]
ERR: 无法加载模块:Show

[ 2016-12-11T00:51:32+08:00 ] 5.101.217.107 /index.php/Show/addcomment
INFO: [ app_init ] --START--
INFO: Run Behavior\BuildLiteBehavior [ RunTime:0.000012s ]
INFO: [ app_init ] --END-- [ RunTime:0.000246s ]
ERR: 无法加载模块:Show

[ 2016-12-11T01:03:51+08:00 ] 185.14.195.245 /index.php/Show/addcomment
INFO: [ app_init ] --START--
INFO: Run Behavior\BuildLiteBehavior [ RunTime:0.000012s ]
INFO: [ app_init ] --END-- [ RunTime:0.000242s ]
ERR: 无法加载模块:Show

[ 2016-12-11T02:08:38+08:00 ] 146.185.201.15 /index.php/Show/addcomment
INFO: [ app_init ] --START--
INFO: Run Behavior\BuildLiteBehavior [ RunTime:0.000013s ]
INFO: [ app_init ] --END-- [ RunTime:0.000245s ]
ERR: 无法加载模块:Show

[ 2016-12-11T02:49:23+08:00 ] 5.8.37.209 /index.php/Show/addcomment
INFO: [ app_init ] --START--
INFO: Run Behavior\BuildLiteBehavior [ RunTime:0.000012s ]
INFO: [ app_init ] --END-- [ RunTime:0.000242s ]
ERR: 无法加载模块:Show

[ 2016-12-11T02:49:29+08:00 ] 46.161.63.124 /index.php/Show/addcomment
INFO: [ app_init ] --START--
INFO: Run Behavior\BuildLiteBehavior [ RunTime:0.000013s ]
INFO: [ app_init ] --END-- [ RunTime:0.000355s ]
ERR: 无法加载模块:Show

[ 2016-12-11T03:01:15+08:00 ] 146.185.200.3 /index.php/Show/addcomment
INFO: [ app_init ] --START--
INFO: Run Behavior\BuildLiteBehavior [ RunTime:0.000013s ]
INFO: [ app_init ] --END-- [ RunTime:0.000299s ]
ERR: 无法加载模块:Show

[ 2016-12-11T03:05:12+08:00 ] 5.101.222.87 /index.php/Show/addcomment
INFO: [ app_init ] --START--
INFO: Run Behavior\BuildLiteBehavior [ RunTime:0.000012s ]
INFO: [ app_init ] --END-- [ RunTime:0.000307s ]
ERR: 无法加载模块:Show

[ 2016-12-11T03:05:16+08:00 ] 146.185.200.58 /index.php/Show/addcomment
INFO: [ app_init ] --START--
INFO: Run Behavior\BuildLiteBehavior [ RunTime:0.000013s ]
INFO: [ app_init ] --END-- [ RunTime:0.000250s ]
ERR: 无法加载模块:Show

[ 2016-12-11T03:17:49+08:00 ] 5.101.222.51 /index.php/Show/addcomment
INFO: [ app_init ] --START--
INFO: Run Behavior\BuildLiteBehavior [ RunTime:0.000012s ]
INFO: [ app_init ] --END-- [ RunTime:0.000257s ]
ERR: 无法加载模块:Show

[ 2016-12-11T03:21:06+08:00 ] 46.161.63.99 /index.php/Show/addcomment
INFO: [ app_init ] --START--
INFO: Run Behavior\BuildLiteBehavior [ RunTime:0.000013s ]
INFO: [ app_init ] --END-- [ RunTime:0.000263s ]
ERR: 无法加载模块:Show

[ 2016-12-11T05:32:14+08:00 ] 146.185.201.98 /index.php/Show/addcomment
INFO: [ app_init ] --START--
INFO: Run Behavior\BuildLiteBehavior [ RunTime:0.000012s ]
INFO: [ app_init ] --END-- [ RunTime:0.000298s ]
ERR: 无法加载模块:Show

[ 2016-12-11T05:32:15+08:00 ] 46.161.63.98 /index.php/Show/addcomment
INFO: [ app_init ] --START--
INFO: Run Behavior\BuildLiteBehavior [ RunTime:0.000012s ]
INFO: [ app_init ] --END-- [ RunTime:0.000260s ]
ERR: 无法加载模块:Show

[ 2016-12-11T05:40:22+08:00 ] 146.185.201.25 /index.php/Show/addcomment
INFO: [ app_init ] --START--
INFO: Run Behavior\BuildLiteBehavior [ RunTime:0.000015s ]
INFO: [ app_init ] --END-- [ RunTime:0.000333s ]
ERR: 无法加载模块:Show

[ 2016-12-11T05:52:41+08:00 ] 185.14.195.212 /index.php/Show/addcomment
INFO: [ app_init ] --START--
INFO: Run Behavior\BuildLiteBehavior [ RunTime:0.000012s ]
INFO: [ app_init ] --END-- [ RunTime:0.000311s ]
ERR: 无法加载模块:Show

[ 2016-12-11T06:00:39+08:00 ] 79.110.25.150 /index.php/Show/addcomment
INFO: [ app_init ] --START--
INFO: Run Behavior\BuildLiteBehavior [ RunTime:0.000014s ]
INFO: [ app_init ] --END-- [ RunTime:0.000263s ]
ERR: 无法加载模块:Show

[ 2016-12-11T06:04:37+08:00 ] 185.14.195.167 /index.php/Show/addcomment
INFO: [ app_init ] --START--
INFO: Run Behavior\BuildLiteBehavior [ RunTime:0.000012s ]
INFO: [ app_init ] --END-- [ RunTime:0.000247s ]
ERR: 无法加载模块:Show

[ 2016-12-11T06:04:47+08:00 ] 46.148.31.80 /index.php/Show/addcomment
INFO: [ app_init ] --START--
INFO: Run Behavior\BuildLiteBehavior [ RunTime:0.000012s ]
INFO: [ app_init ] --END-- [ RunTime:0.000288s ]
ERR: 无法加载模块:Show

[ 2016-12-11T06:08:43+08:00 ] 5.8.37.224 /index.php/Show/addcomment
INFO: [ app_init ] --START--
INFO: Run Behavior\BuildLiteBehavior [ RunTime:0.000013s ]
INFO: [ app_init ] --END-- [ RunTime:0.000245s ]
ERR: 无法加载模块:Show

[ 2016-12-11T06:20:57+08:00 ] 146.185.200.46 /index.php/Show/addcomment
INFO: [ app_init ] --START--
INFO: Run Behavior\BuildLiteBehavior [ RunTime:0.000012s ]
INFO: [ app_init ] --END-- [ RunTime:0.000274s ]
ERR: 无法加载模块:Show

[ 2016-12-11T06:25:01+08:00 ] 93.179.89.61 /index.php/Show/addcomment
INFO: [ app_init ] --START--
INFO: Run Behavior\BuildLiteBehavior [ RunTime:0.000012s ]
INFO: [ app_init ] --END-- [ RunTime:0.000263s ]
ERR: 无法加载模块:Show

[ 2016-12-11T06:25:05+08:00 ] 146.185.200.113 /index.php/Show/addcomment
INFO: [ app_init ] --START--
INFO: Run Behavior\BuildLiteBehavior [ RunTime:0.000014s ]
INFO: [ app_init ] --END-- [ RunTime:0.000318s ]
ERR: 无法加载模块:Show

[ 2016-12-11T07:40:56+08:00 ] 46.161.63.119 /index.php/Show/addcomment
INFO: [ app_init ] --START--
INFO: Run Behavior\BuildLiteBehavior [ RunTime:0.000012s ]
INFO: [ app_init ] --END-- [ RunTime:0.000341s ]
ERR: 无法加载模块:Show

[ 2016-12-11T08:01:28+08:00 ] 93.179.89.63 /index.php/Show/addcomment
INFO: [ app_init ] --START--
INFO: Run Behavior\BuildLiteBehavior [ RunTime:0.000016s ]
INFO: [ app_init ] --END-- [ RunTime:0.000289s ]
ERR: 无法加载模块:Show

[ 2016-12-11T08:05:58+08:00 ] 5.101.222.111 /index.php/Show/addcomment
INFO: [ app_init ] --START--
INFO: Run Behavior\BuildLiteBehavior [ RunTime:0.000013s ]
INFO: [ app_init ] --END-- [ RunTime:0.000252s ]
ERR: 无法加载模块:Show

[ 2016-12-11T08:06:04+08:00 ] 93.179.89.102 /index.php/Show/addcomment
INFO: [ app_init ] --START--
INFO: Run Behavior\BuildLiteBehavior [ RunTime:0.000012s ]
INFO: [ app_init ] --END-- [ RunTime:0.000243s ]
ERR: 无法加载模块:Show

[ 2016-12-11T08:09:36+08:00 ] 91.238.114.6 /index.php/Show/addcomment
INFO: [ app_init ] --START--
INFO: Run Behavior\BuildLiteBehavior [ RunTime:0.000016s ]
INFO: [ app_init ] --END-- [ RunTime:0.000368s ]
ERR: 无法加载模块:Show

[ 2016-12-11T08:29:59+08:00 ] 146.185.201.83 /index.php/Show/addcomment
INFO: [ app_init ] --START--
INFO: Run Behavior\BuildLiteBehavior [ RunTime:0.000012s ]
INFO: [ app_init ] --END-- [ RunTime:0.000247s ]
ERR: 无法加载模块:Show

[ 2016-12-11T08:38:12+08:00 ] 93.179.89.107 /index.php/Show/addcomment
INFO: [ app_init ] --START--
INFO: Run Behavior\BuildLiteBehavior [ RunTime:0.000013s ]
INFO: [ app_init ] --END-- [ RunTime:0.000257s ]
ERR: 无法加载模块:Show

[ 2016-12-11T08:58:44+08:00 ] 185.14.195.192 /index.php/Show/addcomment
INFO: [ app_init ] --START--
INFO: Run Behavior\BuildLiteBehavior [ RunTime:0.000016s ]
INFO: [ app_init ] --END-- [ RunTime:0.000334s ]
ERR: 无法加载模块:Show

[ 2016-12-11T09:02:16+08:00 ] 46.161.63.47 /index.php/Show/addcomment
INFO: [ app_init ] --START--
INFO: Run Behavior\BuildLiteBehavior [ RunTime:0.000016s ]
INFO: [ app_init ] --END-- [ RunTime:0.000298s ]
ERR: 无法加载模块:Show

[ 2016-12-11T09:14:24+08:00 ] 79.110.25.213 /index.php/Show/addcomment
INFO: [ app_init ] --START--
INFO: Run Behavior\BuildLiteBehavior [ RunTime:0.000038s ]
INFO: [ app_init ] --END-- [ RunTime:0.000285s ]
ERR: 无法加载模块:Show

[ 2016-12-11T09:14:35+08:00 ] 46.148.30.81 /index.php/Show/addcomment
INFO: [ app_init ] --START--
INFO: Run Behavior\BuildLiteBehavior [ RunTime:0.000012s ]
INFO: [ app_init ] --END-- [ RunTime:0.000294s ]
ERR: 无法加载模块:Show

[ 2016-12-11T09:18:41+08:00 ] 146.185.200.46 /index.php/Show/addcomment
INFO: [ app_init ] --START--
INFO: Run Behavior\BuildLiteBehavior [ RunTime:0.000012s ]
INFO: [ app_init ] --END-- [ RunTime:0.000287s ]
ERR: 无法加载模块:Show

[ 2016-12-11T09:22:26+08:00 ] 91.238.114.4 /index.php/Show/addcomment
INFO: [ app_init ] --START--
INFO: Run Behavior\BuildLiteBehavior [ RunTime:0.000012s ]
INFO: [ app_init ] --END-- [ RunTime:0.000247s ]
ERR: 无法加载模块:Show

[ 2016-12-11T13:52:12+08:00 ] 5.101.217.94 /index.php/Show/addcomment
INFO: [ app_init ] --START--
INFO: Run Behavior\BuildLiteBehavior [ RunTime:0.000012s ]
INFO: [ app_init ] --END-- [ RunTime:0.000245s ]
ERR: 无法加载模块:Show

[ 2016-12-11T13:56:12+08:00 ] 146.185.201.15 /index.php/Show/addcomment
INFO: [ app_init ] --START--
INFO: Run Behavior\BuildLiteBehavior [ RunTime:0.000012s ]
INFO: [ app_init ] --END-- [ RunTime:0.000252s ]
ERR: 无法加载模块:Show

[ 2016-12-11T14:00:27+08:00 ] 5.101.222.27 /index.php/Show/addcomment
INFO: [ app_init ] --START--
INFO: Run Behavior\BuildLiteBehavior [ RunTime:0.000012s ]
INFO: [ app_init ] --END-- [ RunTime:0.000244s ]
ERR: 无法加载模块:Show

[ 2016-12-11T14:03:53+08:00 ] 91.238.114.3 /index.php/Show/addcomment
INFO: [ app_init ] --START--
INFO: Run Behavior\BuildLiteBehavior [ RunTime:0.000012s ]
INFO: [ app_init ] --END-- [ RunTime:0.000286s ]
ERR: 无法加载模块:Show

[ 2016-12-11T14:15:52+08:00 ] 5.101.217.29 /index.php/Show/addcomment
INFO: [ app_init ] --START--
INFO: Run Behavior\BuildLiteBehavior [ RunTime:0.000014s ]
INFO: [ app_init ] --END-- [ RunTime:0.000298s ]
ERR: 无法加载模块:Show

