[ 2016-12-12T04:09:32+08:00 ] 46.148.30.26 /index.php/Show/addcomment
INFO: [ app_init ] --START--
INFO: Run Behavior\BuildLiteBehavior [ RunTime:0.000012s ]
INFO: [ app_init ] --END-- [ RunTime:0.000241s ]
ERR: 无法加载模块:Show

[ 2016-12-12T04:29:21+08:00 ] 5.101.217.126 /index.php/Show/addcomment
INFO: [ app_init ] --START--
INFO: Run Behavior\BuildLiteBehavior [ RunTime:0.000016s ]
INFO: [ app_init ] --END-- [ RunTime:0.000281s ]
ERR: 无法加载模块:Show

[ 2016-12-12T04:29:47+08:00 ] 5.101.222.18 /index.php/Show/addcomment
INFO: [ app_init ] --START--
INFO: Run Behavior\BuildLiteBehavior [ RunTime:0.000013s ]
INFO: [ app_init ] --END-- [ RunTime:0.000291s ]
ERR: 无法加载模块:Show

[ 2016-12-12T04:33:48+08:00 ] 93.179.89.113 /index.php/Show/addcomment
INFO: [ app_init ] --START--
INFO: Run Behavior\BuildLiteBehavior [ RunTime:0.000012s ]
INFO: [ app_init ] --END-- [ RunTime:0.000241s ]
ERR: 无法加载模块:Show

[ 2016-12-12T04:40:55+08:00 ] 46.148.31.97 /index.php/Show/addcomment
INFO: [ app_init ] --START--
INFO: Run Behavior\BuildLiteBehavior [ RunTime:0.000012s ]
INFO: [ app_init ] --END-- [ RunTime:0.000242s ]
ERR: 无法加载模块:Show

[ 2016-12-12T04:49:20+08:00 ] 185.14.195.161 /index.php/Show/addcomment
INFO: [ app_init ] --START--
INFO: Run Behavior\BuildLiteBehavior [ RunTime:0.000012s ]
INFO: [ app_init ] --END-- [ RunTime:0.000244s ]
ERR: 无法加载模块:Show

[ 2016-12-12T04:52:57+08:00 ] 146.185.200.77 /index.php/Show/addcomment
INFO: [ app_init ] --START--
INFO: Run Behavior\BuildLiteBehavior [ RunTime:0.000015s ]
INFO: [ app_init ] --END-- [ RunTime:0.000256s ]
ERR: 无法加载模块:Show

[ 2016-12-12T05:00:48+08:00 ] 5.101.222.37 /index.php/Show/addcomment
INFO: [ app_init ] --START--
INFO: Run Behavior\BuildLiteBehavior [ RunTime:0.000016s ]
INFO: [ app_init ] --END-- [ RunTime:0.000256s ]
ERR: 无法加载模块:Show

[ 2016-12-12T05:04:43+08:00 ] 185.14.195.161 /index.php/Show/addcomment
INFO: [ app_init ] --START--
INFO: Run Behavior\BuildLiteBehavior [ RunTime:0.000012s ]
INFO: [ app_init ] --END-- [ RunTime:0.000242s ]
ERR: 无法加载模块:Show

[ 2016-12-12T10:42:54+08:00 ] 5.101.222.71 /index.php/Show/addcomment
INFO: [ app_init ] --START--
INFO: Run Behavior\BuildLiteBehavior [ RunTime:0.000013s ]
INFO: [ app_init ] --END-- [ RunTime:0.000253s ]
ERR: 无法加载模块:Show

[ 2016-12-12T10:47:53+08:00 ] 46.161.63.67 /index.php/Show/addcomment
INFO: [ app_init ] --START--
INFO: Run Behavior\BuildLiteBehavior [ RunTime:0.000012s ]
INFO: [ app_init ] --END-- [ RunTime:0.000240s ]
ERR: 无法加载模块:Show

[ 2016-12-12T10:51:06+08:00 ] 91.238.114.3 /index.php/Show/addcomment
INFO: [ app_init ] --START--
INFO: Run Behavior\BuildLiteBehavior [ RunTime:0.000012s ]
INFO: [ app_init ] --END-- [ RunTime:0.000241s ]
ERR: 无法加载模块:Show

[ 2016-12-12T10:55:15+08:00 ] 146.185.201.47 /index.php/Show/addcomment
INFO: [ app_init ] --START--
INFO: Run Behavior\BuildLiteBehavior [ RunTime:0.000012s ]
INFO: [ app_init ] --END-- [ RunTime:0.000253s ]
ERR: 无法加载模块:Show

[ 2016-12-12T11:04:23+08:00 ] 46.161.62.15 /index.php/Show/addcomment
INFO: [ app_init ] --START--
INFO: Run Behavior\BuildLiteBehavior [ RunTime:0.000015s ]
INFO: [ app_init ] --END-- [ RunTime:0.000268s ]
ERR: 无法加载模块:Show

[ 2016-12-12T11:24:14+08:00 ] 79.110.25.241 /index.php/Show/addcomment
INFO: [ app_init ] --START--
INFO: Run Behavior\BuildLiteBehavior [ RunTime:0.000012s ]
INFO: [ app_init ] --END-- [ RunTime:0.000257s ]
ERR: 无法加载模块:Show

[ 2016-12-12T11:24:26+08:00 ] 46.161.62.60 /index.php/Show/addcomment
INFO: [ app_init ] --START--
INFO: Run Behavior\BuildLiteBehavior [ RunTime:0.000012s ]
INFO: [ app_init ] --END-- [ RunTime:0.000242s ]
ERR: 无法加载模块:Show

[ 2016-12-12T11:24:40+08:00 ] 46.161.63.43 /index.php/Show/addcomment
INFO: [ app_init ] --START--
INFO: Run Behavior\BuildLiteBehavior [ RunTime:0.000012s ]
INFO: [ app_init ] --END-- [ RunTime:0.000250s ]
ERR: 无法加载模块:Show

[ 2016-12-12T16:20:38+08:00 ] 46.148.30.33 /index.php/Show/addcomment
INFO: [ app_init ] --START--
INFO: Run Behavior\BuildLiteBehavior [ RunTime:0.000014s ]
INFO: [ app_init ] --END-- [ RunTime:0.000296s ]
ERR: 无法加载模块:Show

[ 2016-12-12T16:32:54+08:00 ] 91.238.114.3 /index.php/Show/addcomment
INFO: [ app_init ] --START--
INFO: Run Behavior\BuildLiteBehavior [ RunTime:0.000012s ]
INFO: [ app_init ] --END-- [ RunTime:0.000248s ]
ERR: 无法加载模块:Show

[ 2016-12-12T16:44:51+08:00 ] 46.148.31.13 /index.php/Show/addcomment
INFO: [ app_init ] --START--
INFO: Run Behavior\BuildLiteBehavior [ RunTime:0.000014s ]
INFO: [ app_init ] --END-- [ RunTime:0.000247s ]
ERR: 无法加载模块:Show

[ 2016-12-12T23:22:25+08:00 ] 5.8.37.232 /index.php/Show/addcomment
INFO: [ app_init ] --START--
INFO: Run Behavior\BuildLiteBehavior [ RunTime:0.000013s ]
INFO: [ app_init ] --END-- [ RunTime:0.000252s ]
ERR: 无法加载模块:Show

[ 2016-12-12T23:30:49+08:00 ] 79.110.25.168 /index.php/Show/addcomment
INFO: [ app_init ] --START--
INFO: Run Behavior\BuildLiteBehavior [ RunTime:0.000012s ]
INFO: [ app_init ] --END-- [ RunTime:0.000301s ]
ERR: 无法加载模块:Show

[ 2016-12-12T23:38:59+08:00 ] 46.161.63.32 /index.php/Show/addcomment
INFO: [ app_init ] --START--
INFO: Run Behavior\BuildLiteBehavior [ RunTime:0.000012s ]
INFO: [ app_init ] --END-- [ RunTime:0.000245s ]
ERR: 无法加载模块:Show

