[ 2016-12-24T00:07:07+08:00 ] 5.101.217.107 /index.php/Show/addcomment
INFO: [ app_init ] --START--
INFO: Run Behavior\BuildLiteBehavior [ RunTime:0.000012s ]
INFO: [ app_init ] --END-- [ RunTime:0.000289s ]
ERR: 无法加载模块:Show

[ 2016-12-24T00:34:04+08:00 ] 5.101.217.112 /index.php/Show/addcomment
INFO: [ app_init ] --START--
INFO: Run Behavior\BuildLiteBehavior [ RunTime:0.000013s ]
INFO: [ app_init ] --END-- [ RunTime:0.000288s ]
ERR: 无法加载模块:Show

[ 2016-12-24T00:58:49+08:00 ] 93.179.89.112 /index.php/Show/addcomment
INFO: [ app_init ] --START--
INFO: Run Behavior\BuildLiteBehavior [ RunTime:0.000012s ]
INFO: [ app_init ] --END-- [ RunTime:0.000289s ]
ERR: 无法加载模块:Show

[ 2016-12-24T01:20:14+08:00 ] 146.185.201.15 /index.php/Show/addcomment
INFO: [ app_init ] --START--
INFO: Run Behavior\BuildLiteBehavior [ RunTime:0.000012s ]
INFO: [ app_init ] --END-- [ RunTime:0.000287s ]
ERR: 无法加载模块:Show

[ 2016-12-24T02:13:25+08:00 ] 93.179.89.42 /index.php/Show/addcomment
INFO: [ app_init ] --START--
INFO: Run Behavior\BuildLiteBehavior [ RunTime:0.000014s ]
INFO: [ app_init ] --END-- [ RunTime:0.000260s ]
ERR: 无法加载模块:Show

[ 2016-12-24T02:15:55+08:00 ] 46.148.31.18 /index.php/Show/addcomment
INFO: [ app_init ] --START--
INFO: Run Behavior\BuildLiteBehavior [ RunTime:0.000016s ]
INFO: [ app_init ] --END-- [ RunTime:0.000248s ]
ERR: 无法加载模块:Show

[ 2016-12-24T02:39:54+08:00 ] 146.185.201.46 /index.php/Show/addcomment
INFO: [ app_init ] --START--
INFO: Run Behavior\BuildLiteBehavior [ RunTime:0.000014s ]
INFO: [ app_init ] --END-- [ RunTime:0.000273s ]
ERR: 无法加载模块:Show

[ 2016-12-24T02:39:55+08:00 ] 5.101.217.99 /index.php/Show/addcomment
INFO: [ app_init ] --START--
INFO: Run Behavior\BuildLiteBehavior [ RunTime:0.000012s ]
INFO: [ app_init ] --END-- [ RunTime:0.000301s ]
ERR: 无法加载模块:Show

[ 2016-12-24T03:04:59+08:00 ] 5.101.217.16 /index.php/Show/addcomment
INFO: [ app_init ] --START--
INFO: Run Behavior\BuildLiteBehavior [ RunTime:0.000012s ]
INFO: [ app_init ] --END-- [ RunTime:0.000260s ]
ERR: 无法加载模块:Show

[ 2016-12-24T03:30:07+08:00 ] 93.179.89.103 /index.php/Show/addcomment
INFO: [ app_init ] --START--
INFO: Run Behavior\BuildLiteBehavior [ RunTime:0.000015s ]
INFO: [ app_init ] --END-- [ RunTime:0.000309s ]
ERR: 无法加载模块:Show

[ 2016-12-24T03:54:30+08:00 ] 93.179.89.66 /index.php/Show/addcomment
INFO: [ app_init ] --START--
INFO: Run Behavior\BuildLiteBehavior [ RunTime:0.000012s ]
INFO: [ app_init ] --END-- [ RunTime:0.000243s ]
ERR: 无法加载模块:Show

[ 2016-12-24T03:54:31+08:00 ] 185.14.195.131 /index.php/Show/addcomment
INFO: [ app_init ] --START--
INFO: Run Behavior\BuildLiteBehavior [ RunTime:0.000012s ]
INFO: [ app_init ] --END-- [ RunTime:0.000246s ]
ERR: 无法加载模块:Show

[ 2016-12-24T04:51:00+08:00 ] 5.101.217.66 /index.php/Show/addcomment
INFO: [ app_init ] --START--
INFO: Run Behavior\BuildLiteBehavior [ RunTime:0.000012s ]
INFO: [ app_init ] --END-- [ RunTime:0.000244s ]
ERR: 无法加载模块:Show

[ 2016-12-24T05:21:24+08:00 ] 146.185.201.91 /index.php/Show/addcomment
INFO: [ app_init ] --START--
INFO: Run Behavior\BuildLiteBehavior [ RunTime:0.000012s ]
INFO: [ app_init ] --END-- [ RunTime:0.000245s ]
ERR: 无法加载模块:Show

[ 2016-12-24T05:53:37+08:00 ] 91.238.114.4 /index.php/Show/addcomment
INFO: [ app_init ] --START--
INFO: Run Behavior\BuildLiteBehavior [ RunTime:0.000012s ]
INFO: [ app_init ] --END-- [ RunTime:0.000288s ]
ERR: 无法加载模块:Show

[ 2016-12-24T05:53:39+08:00 ] 46.161.63.51 /index.php/Show/addcomment
INFO: [ app_init ] --START--
INFO: Run Behavior\BuildLiteBehavior [ RunTime:0.000012s ]
INFO: [ app_init ] --END-- [ RunTime:0.000246s ]
ERR: 无法加载模块:Show

[ 2016-12-24T06:09:26+08:00 ] 5.8.37.209 /index.php/Show/addcomment
INFO: [ app_init ] --START--
INFO: Run Behavior\BuildLiteBehavior [ RunTime:0.000013s ]
INFO: [ app_init ] --END-- [ RunTime:0.000243s ]
ERR: 无法加载模块:Show

[ 2016-12-24T06:17:21+08:00 ] 93.179.89.102 /index.php/Show/addcomment
INFO: [ app_init ] --START--
INFO: Run Behavior\BuildLiteBehavior [ RunTime:0.000015s ]
INFO: [ app_init ] --END-- [ RunTime:0.000270s ]
ERR: 无法加载模块:Show

[ 2016-12-24T06:17:25+08:00 ] 5.101.222.27 /index.php/Show/addcomment
INFO: [ app_init ] --START--
INFO: Run Behavior\BuildLiteBehavior [ RunTime:0.000012s ]
INFO: [ app_init ] --END-- [ RunTime:0.000260s ]
ERR: 无法加载模块:Show

[ 2016-12-24T06:25:08+08:00 ] 91.238.114.4 /index.php/Show/addcomment
INFO: [ app_init ] --START--
INFO: Run Behavior\BuildLiteBehavior [ RunTime:0.000012s ]
INFO: [ app_init ] --END-- [ RunTime:0.000244s ]
ERR: 无法加载模块:Show

[ 2016-12-24T06:25:10+08:00 ] 46.161.62.14 /index.php/Show/addcomment
INFO: [ app_init ] --START--
INFO: Run Behavior\BuildLiteBehavior [ RunTime:0.000012s ]
INFO: [ app_init ] --END-- [ RunTime:0.000245s ]
ERR: 无法加载模块:Show

[ 2016-12-24T06:25:11+08:00 ] 46.161.62.114 /index.php/Show/addcomment
INFO: [ app_init ] --START--
INFO: Run Behavior\BuildLiteBehavior [ RunTime:0.000013s ]
INFO: [ app_init ] --END-- [ RunTime:0.000251s ]
ERR: 无法加载模块:Show

[ 2016-12-24T06:29:03+08:00 ] 5.101.217.86 /index.php/Show/addcomment
INFO: [ app_init ] --START--
INFO: Run Behavior\BuildLiteBehavior [ RunTime:0.000012s ]
INFO: [ app_init ] --END-- [ RunTime:0.000245s ]
ERR: 无法加载模块:Show

[ 2016-12-24T06:32:57+08:00 ] 146.185.201.62 /index.php/Show/addcomment
INFO: [ app_init ] --START--
INFO: Run Behavior\BuildLiteBehavior [ RunTime:0.000012s ]
INFO: [ app_init ] --END-- [ RunTime:0.000252s ]
ERR: 无法加载模块:Show

[ 2016-12-24T06:40:30+08:00 ] 46.161.63.48 /index.php/Show/addcomment
INFO: [ app_init ] --START--
INFO: Run Behavior\BuildLiteBehavior [ RunTime:0.000012s ]
INFO: [ app_init ] --END-- [ RunTime:0.000243s ]
ERR: 无法加载模块:Show

[ 2016-12-24T06:40:31+08:00 ] 5.8.37.242 /index.php/Show/addcomment
INFO: [ app_init ] --START--
INFO: Run Behavior\BuildLiteBehavior [ RunTime:0.000012s ]
INFO: [ app_init ] --END-- [ RunTime:0.000250s ]
ERR: 无法加载模块:Show

[ 2016-12-24T06:44:13+08:00 ] 5.101.217.11 /index.php/Show/addcomment
INFO: [ app_init ] --START--
INFO: Run Behavior\BuildLiteBehavior [ RunTime:0.000012s ]
INFO: [ app_init ] --END-- [ RunTime:0.000284s ]
ERR: 无法加载模块:Show

[ 2016-12-24T06:44:15+08:00 ] 185.14.195.201 /index.php/Show/addcomment
INFO: [ app_init ] --START--
INFO: Run Behavior\BuildLiteBehavior [ RunTime:0.000012s ]
INFO: [ app_init ] --END-- [ RunTime:0.000248s ]
ERR: 无法加载模块:Show

[ 2016-12-24T06:51:46+08:00 ] 146.185.201.49 /index.php/Show/addcomment
INFO: [ app_init ] --START--
INFO: Run Behavior\BuildLiteBehavior [ RunTime:0.000013s ]
INFO: [ app_init ] --END-- [ RunTime:0.000242s ]
ERR: 无法加载模块:Show

[ 2016-12-24T06:55:30+08:00 ] 79.110.25.169 /index.php/Show/addcomment
INFO: [ app_init ] --START--
INFO: Run Behavior\BuildLiteBehavior [ RunTime:0.000013s ]
INFO: [ app_init ] --END-- [ RunTime:0.000283s ]
ERR: 无法加载模块:Show

[ 2016-12-24T06:59:21+08:00 ] 46.161.63.83 /index.php/Show/addcomment
INFO: [ app_init ] --START--
INFO: Run Behavior\BuildLiteBehavior [ RunTime:0.000017s ]
INFO: [ app_init ] --END-- [ RunTime:0.000367s ]
ERR: 无法加载模块:Show

[ 2016-12-24T07:23:43+08:00 ] 93.179.89.74 /index.php/Show/addcomment
INFO: [ app_init ] --START--
INFO: Run Behavior\BuildLiteBehavior [ RunTime:0.000013s ]
INFO: [ app_init ] --END-- [ RunTime:0.000248s ]
ERR: 无法加载模块:Show

[ 2016-12-24T07:23:44+08:00 ] 146.185.200.76 /index.php/Show/addcomment
INFO: [ app_init ] --START--
INFO: Run Behavior\BuildLiteBehavior [ RunTime:0.000012s ]
INFO: [ app_init ] --END-- [ RunTime:0.000249s ]
ERR: 无法加载模块:Show

[ 2016-12-24T07:23:44+08:00 ] 146.185.200.33 /index.php/Show/addcomment
INFO: [ app_init ] --START--
INFO: Run Behavior\BuildLiteBehavior [ RunTime:0.000012s ]
INFO: [ app_init ] --END-- [ RunTime:0.000248s ]
ERR: 无法加载模块:Show

[ 2016-12-24T07:54:21+08:00 ] 5.8.37.209 /index.php/Show/addcomment
INFO: [ app_init ] --START--
INFO: Run Behavior\BuildLiteBehavior [ RunTime:0.000013s ]
INFO: [ app_init ] --END-- [ RunTime:0.000290s ]
ERR: 无法加载模块:Show

[ 2016-12-24T07:54:23+08:00 ] 46.161.63.43 /index.php/Show/addcomment
INFO: [ app_init ] --START--
INFO: Run Behavior\BuildLiteBehavior [ RunTime:0.000013s ]
INFO: [ app_init ] --END-- [ RunTime:0.000297s ]
ERR: 无法加载模块:Show

[ 2016-12-24T07:54:23+08:00 ] 93.179.89.94 /index.php/Show/addcomment
INFO: [ app_init ] --START--
INFO: Run Behavior\BuildLiteBehavior [ RunTime:0.000012s ]
INFO: [ app_init ] --END-- [ RunTime:0.000248s ]
ERR: 无法加载模块:Show

[ 2016-12-24T08:30:08+08:00 ] 146.185.200.118 /index.php/Show/addcomment
INFO: [ app_init ] --START--
INFO: Run Behavior\BuildLiteBehavior [ RunTime:0.000015s ]
INFO: [ app_init ] --END-- [ RunTime:0.000256s ]
ERR: 无法加载模块:Show

[ 2016-12-24T08:30:10+08:00 ] 5.8.37.246 /index.php/Show/addcomment
INFO: [ app_init ] --START--
INFO: Run Behavior\BuildLiteBehavior [ RunTime:0.000018s ]
INFO: [ app_init ] --END-- [ RunTime:0.000413s ]
ERR: 无法加载模块:Show

[ 2016-12-24T08:58:05+08:00 ] 146.185.200.33 /index.php/Show/addcomment
INFO: [ app_init ] --START--
INFO: Run Behavior\BuildLiteBehavior [ RunTime:0.000012s ]
INFO: [ app_init ] --END-- [ RunTime:0.000253s ]
ERR: 无法加载模块:Show

[ 2016-12-24T08:58:06+08:00 ] 46.161.62.25 /index.php/Show/addcomment
INFO: [ app_init ] --START--
INFO: Run Behavior\BuildLiteBehavior [ RunTime:0.000013s ]
INFO: [ app_init ] --END-- [ RunTime:0.000245s ]
ERR: 无法加载模块:Show

[ 2016-12-24T10:02:33+08:00 ] 146.185.200.76 /index.php/Show/addcomment
INFO: [ app_init ] --START--
INFO: Run Behavior\BuildLiteBehavior [ RunTime:0.000012s ]
INFO: [ app_init ] --END-- [ RunTime:0.000246s ]
ERR: 无法加载模块:Show

[ 2016-12-24T10:02:34+08:00 ] 185.14.195.141 /index.php/Show/addcomment
INFO: [ app_init ] --START--
INFO: Run Behavior\BuildLiteBehavior [ RunTime:0.000012s ]
INFO: [ app_init ] --END-- [ RunTime:0.000249s ]
ERR: 无法加载模块:Show

[ 2016-12-24T10:02:35+08:00 ] 46.161.63.98 /index.php/Show/addcomment
INFO: [ app_init ] --START--
INFO: Run Behavior\BuildLiteBehavior [ RunTime:0.000012s ]
INFO: [ app_init ] --END-- [ RunTime:0.000244s ]
ERR: 无法加载模块:Show

[ 2016-12-24T10:34:30+08:00 ] 46.148.31.101 /index.php/Show/addcomment
INFO: [ app_init ] --START--
INFO: Run Behavior\BuildLiteBehavior [ RunTime:0.000012s ]
INFO: [ app_init ] --END-- [ RunTime:0.000287s ]
ERR: 无法加载模块:Show

[ 2016-12-24T11:37:37+08:00 ] 5.101.222.110 /index.php/Show/addcomment
INFO: [ app_init ] --START--
INFO: Run Behavior\BuildLiteBehavior [ RunTime:0.000012s ]
INFO: [ app_init ] --END-- [ RunTime:0.000267s ]
ERR: 无法加载模块:Show

[ 2016-12-24T12:05:59+08:00 ] 46.161.62.89 /index.php/Show/addcomment
INFO: [ app_init ] --START--
INFO: Run Behavior\BuildLiteBehavior [ RunTime:0.000012s ]
INFO: [ app_init ] --END-- [ RunTime:0.000242s ]
ERR: 无法加载模块:Show

[ 2016-12-24T12:06:00+08:00 ] 91.238.114.6 /index.php/Show/addcomment
INFO: [ app_init ] --START--
INFO: Run Behavior\BuildLiteBehavior [ RunTime:0.000012s ]
INFO: [ app_init ] --END-- [ RunTime:0.000256s ]
ERR: 无法加载模块:Show

[ 2016-12-24T12:38:45+08:00 ] 5.101.222.62 /index.php/Show/addcomment
INFO: [ app_init ] --START--
INFO: Run Behavior\BuildLiteBehavior [ RunTime:0.000012s ]
INFO: [ app_init ] --END-- [ RunTime:0.000243s ]
ERR: 无法加载模块:Show

[ 2016-12-24T12:38:47+08:00 ] 146.185.201.73 /index.php/Show/addcomment
INFO: [ app_init ] --START--
INFO: Run Behavior\BuildLiteBehavior [ RunTime:0.000012s ]
INFO: [ app_init ] --END-- [ RunTime:0.000243s ]
ERR: 无法加载模块:Show

[ 2016-12-24T12:38:47+08:00 ] 5.101.217.66 /index.php/Show/addcomment
INFO: [ app_init ] --START--
INFO: Run Behavior\BuildLiteBehavior [ RunTime:0.000056s ]
INFO: [ app_init ] --END-- [ RunTime:0.000308s ]
ERR: 无法加载模块:Show

[ 2016-12-24T13:10:04+08:00 ] 46.161.63.98 /index.php/Show/addcomment
INFO: [ app_init ] --START--
INFO: Run Behavior\BuildLiteBehavior [ RunTime:0.000012s ]
INFO: [ app_init ] --END-- [ RunTime:0.000246s ]
ERR: 无法加载模块:Show

[ 2016-12-24T13:10:05+08:00 ] 185.14.195.158 /index.php/Show/addcomment
INFO: [ app_init ] --START--
INFO: Run Behavior\BuildLiteBehavior [ RunTime:0.000012s ]
INFO: [ app_init ] --END-- [ RunTime:0.000246s ]
ERR: 无法加载模块:Show

[ 2016-12-24T13:10:06+08:00 ] 185.14.195.139 /index.php/Show/addcomment
INFO: [ app_init ] --START--
INFO: Run Behavior\BuildLiteBehavior [ RunTime:0.000014s ]
INFO: [ app_init ] --END-- [ RunTime:0.000296s ]
ERR: 无法加载模块:Show

[ 2016-12-24T13:37:29+08:00 ] 146.185.201.117 /index.php/Show/addcomment
INFO: [ app_init ] --START--
INFO: Run Behavior\BuildLiteBehavior [ RunTime:0.000012s ]
INFO: [ app_init ] --END-- [ RunTime:0.000241s ]
ERR: 无法加载模块:Show

[ 2016-12-24T14:09:11+08:00 ] 46.161.62.96 /index.php/Show/addcomment
INFO: [ app_init ] --START--
INFO: Run Behavior\BuildLiteBehavior [ RunTime:0.000014s ]
INFO: [ app_init ] --END-- [ RunTime:0.000304s ]
ERR: 无法加载模块:Show

[ 2016-12-24T14:09:13+08:00 ] 46.161.63.37 /index.php/Show/addcomment
INFO: [ app_init ] --START--
INFO: Run Behavior\BuildLiteBehavior [ RunTime:0.000013s ]
INFO: [ app_init ] --END-- [ RunTime:0.000250s ]
ERR: 无法加载模块:Show

[ 2016-12-24T14:09:14+08:00 ] 185.14.195.135 /index.php/Show/addcomment
INFO: [ app_init ] --START--
INFO: Run Behavior\BuildLiteBehavior [ RunTime:0.000012s ]
INFO: [ app_init ] --END-- [ RunTime:0.000248s ]
ERR: 无法加载模块:Show

[ 2016-12-24T16:55:38+08:00 ] 91.238.114.3 /index.php/Show/addcomment
INFO: [ app_init ] --START--
INFO: Run Behavior\BuildLiteBehavior [ RunTime:0.000012s ]
INFO: [ app_init ] --END-- [ RunTime:0.000246s ]
ERR: 无法加载模块:Show

[ 2016-12-24T17:07:33+08:00 ] 46.161.63.31 /index.php/Show/addcomment
INFO: [ app_init ] --START--
INFO: Run Behavior\BuildLiteBehavior [ RunTime:0.000012s ]
INFO: [ app_init ] --END-- [ RunTime:0.000250s ]
ERR: 无法加载模块:Show

[ 2016-12-24T17:07:36+08:00 ] 146.185.201.25 /index.php/Show/addcomment
INFO: [ app_init ] --START--
INFO: Run Behavior\BuildLiteBehavior [ RunTime:0.000012s ]
INFO: [ app_init ] --END-- [ RunTime:0.000290s ]
ERR: 无法加载模块:Show

[ 2016-12-24T17:11:24+08:00 ] 5.8.37.223 /index.php/Show/addcomment
INFO: [ app_init ] --START--
INFO: Run Behavior\BuildLiteBehavior [ RunTime:0.000013s ]
INFO: [ app_init ] --END-- [ RunTime:0.000246s ]
ERR: 无法加载模块:Show

[ 2016-12-24T17:19:01+08:00 ] 93.179.89.49 /index.php/Show/addcomment
INFO: [ app_init ] --START--
INFO: Run Behavior\BuildLiteBehavior [ RunTime:0.000013s ]
INFO: [ app_init ] --END-- [ RunTime:0.000251s ]
ERR: 无法加载模块:Show

[ 2016-12-24T17:22:50+08:00 ] 93.179.89.66 /index.php/Show/addcomment
INFO: [ app_init ] --START--
INFO: Run Behavior\BuildLiteBehavior [ RunTime:0.000013s ]
INFO: [ app_init ] --END-- [ RunTime:0.000258s ]
ERR: 无法加载模块:Show

[ 2016-12-24T17:22:52+08:00 ] 146.185.201.15 /index.php/Show/addcomment
INFO: [ app_init ] --START--
INFO: Run Behavior\BuildLiteBehavior [ RunTime:0.000038s ]
INFO: [ app_init ] --END-- [ RunTime:0.000292s ]
ERR: 无法加载模块:Show

[ 2016-12-24T17:22:55+08:00 ] 93.179.89.34 /index.php/Show/addcomment
INFO: [ app_init ] --START--
INFO: Run Behavior\BuildLiteBehavior [ RunTime:0.000013s ]
INFO: [ app_init ] --END-- [ RunTime:0.000252s ]
ERR: 无法加载模块:Show

[ 2016-12-24T17:26:40+08:00 ] 46.148.30.95 /index.php/Show/addcomment
INFO: [ app_init ] --START--
INFO: Run Behavior\BuildLiteBehavior [ RunTime:0.000011s ]
INFO: [ app_init ] --END-- [ RunTime:0.000245s ]
ERR: 无法加载模块:Show

[ 2016-12-24T17:26:41+08:00 ] 46.148.30.33 /index.php/Show/addcomment
INFO: [ app_init ] --START--
INFO: Run Behavior\BuildLiteBehavior [ RunTime:0.000012s ]
INFO: [ app_init ] --END-- [ RunTime:0.000248s ]
ERR: 无法加载模块:Show

[ 2016-12-24T17:30:33+08:00 ] 46.148.31.5 /index.php/Show/addcomment
INFO: [ app_init ] --START--
INFO: Run Behavior\BuildLiteBehavior [ RunTime:0.000012s ]
INFO: [ app_init ] --END-- [ RunTime:0.000287s ]
ERR: 无法加载模块:Show

[ 2016-12-24T17:30:34+08:00 ] 5.101.222.87 /index.php/Show/addcomment
INFO: [ app_init ] --START--
INFO: Run Behavior\BuildLiteBehavior [ RunTime:0.000012s ]
INFO: [ app_init ] --END-- [ RunTime:0.000248s ]
ERR: 无法加载模块:Show

[ 2016-12-24T17:34:15+08:00 ] 146.185.200.8 /index.php/Show/addcomment
INFO: [ app_init ] --START--
INFO: Run Behavior\BuildLiteBehavior [ RunTime:0.000012s ]
INFO: [ app_init ] --END-- [ RunTime:0.000316s ]
ERR: 无法加载模块:Show

[ 2016-12-24T17:34:17+08:00 ] 46.161.63.77 /index.php/Show/addcomment
INFO: [ app_init ] --START--
INFO: Run Behavior\BuildLiteBehavior [ RunTime:0.000014s ]
INFO: [ app_init ] --END-- [ RunTime:0.000260s ]
ERR: 无法加载模块:Show

[ 2016-12-24T17:42:06+08:00 ] 46.161.63.19 /index.php/Show/addcomment
INFO: [ app_init ] --START--
INFO: Run Behavior\BuildLiteBehavior [ RunTime:0.000012s ]
INFO: [ app_init ] --END-- [ RunTime:0.000241s ]
ERR: 无法加载模块:Show

[ 2016-12-24T17:42:06+08:00 ] 5.101.217.48 /index.php/Show/addcomment
INFO: [ app_init ] --START--
INFO: Run Behavior\BuildLiteBehavior [ RunTime:0.000012s ]
INFO: [ app_init ] --END-- [ RunTime:0.000254s ]
ERR: 无法加载模块:Show

[ 2016-12-24T17:45:58+08:00 ] 46.148.31.5 /index.php/Show/addcomment
INFO: [ app_init ] --START--
INFO: Run Behavior\BuildLiteBehavior [ RunTime:0.000013s ]
INFO: [ app_init ] --END-- [ RunTime:0.000244s ]
ERR: 无法加载模块:Show

[ 2016-12-24T18:15:15+08:00 ] 46.161.62.94 /index.php/Show/addcomment
INFO: [ app_init ] --START--
INFO: Run Behavior\BuildLiteBehavior [ RunTime:0.000012s ]
INFO: [ app_init ] --END-- [ RunTime:0.000242s ]
ERR: 无法加载模块:Show

[ 2016-12-24T18:15:16+08:00 ] 5.8.37.241 /index.php/Show/addcomment
INFO: [ app_init ] --START--
INFO: Run Behavior\BuildLiteBehavior [ RunTime:0.000012s ]
INFO: [ app_init ] --END-- [ RunTime:0.000249s ]
ERR: 无法加载模块:Show

[ 2016-12-24T18:46:06+08:00 ] 46.148.31.16 /index.php/Show/addcomment
INFO: [ app_init ] --START--
INFO: Run Behavior\BuildLiteBehavior [ RunTime:0.000012s ]
INFO: [ app_init ] --END-- [ RunTime:0.000289s ]
ERR: 无法加载模块:Show

[ 2016-12-24T19:16:07+08:00 ] 185.14.195.181 /index.php/Show/addcomment
INFO: [ app_init ] --START--
INFO: Run Behavior\BuildLiteBehavior [ RunTime:0.000012s ]
INFO: [ app_init ] --END-- [ RunTime:0.000249s ]
ERR: 无法加载模块:Show

[ 2016-12-24T19:16:07+08:00 ] 46.161.63.90 /index.php/Show/addcomment
INFO: [ app_init ] --START--
INFO: Run Behavior\BuildLiteBehavior [ RunTime:0.000012s ]
INFO: [ app_init ] --END-- [ RunTime:0.000240s ]
ERR: 无法加载模块:Show

[ 2016-12-24T19:16:08+08:00 ] 46.161.62.76 /index.php/Show/addcomment
INFO: [ app_init ] --START--
INFO: Run Behavior\BuildLiteBehavior [ RunTime:0.000012s ]
INFO: [ app_init ] --END-- [ RunTime:0.000246s ]
ERR: 无法加载模块:Show

[ 2016-12-24T19:16:08+08:00 ] 79.110.25.213 /index.php/Show/addcomment
INFO: [ app_init ] --START--
INFO: Run Behavior\BuildLiteBehavior [ RunTime:0.000012s ]
INFO: [ app_init ] --END-- [ RunTime:0.000288s ]
ERR: 无法加载模块:Show

[ 2016-12-24T19:16:09+08:00 ] 185.14.195.248 /index.php/Show/addcomment
INFO: [ app_init ] --START--
INFO: Run Behavior\BuildLiteBehavior [ RunTime:0.000013s ]
INFO: [ app_init ] --END-- [ RunTime:0.000248s ]
ERR: 无法加载模块:Show

[ 2016-12-24T19:49:23+08:00 ] 79.110.25.240 /index.php/Show/addcomment
INFO: [ app_init ] --START--
INFO: Run Behavior\BuildLiteBehavior [ RunTime:0.000012s ]
INFO: [ app_init ] --END-- [ RunTime:0.000243s ]
ERR: 无法加载模块:Show

[ 2016-12-24T19:50:15+08:00 ] 5.8.37.241 /index.php/Show/addcomment
INFO: [ app_init ] --START--
INFO: Run Behavior\BuildLiteBehavior [ RunTime:0.000012s ]
INFO: [ app_init ] --END-- [ RunTime:0.000244s ]
ERR: 无法加载模块:Show

[ 2016-12-24T20:54:46+08:00 ] 5.8.37.232 /index.php/Show/addcomment
INFO: [ app_init ] --START--
INFO: Run Behavior\BuildLiteBehavior [ RunTime:0.000012s ]
INFO: [ app_init ] --END-- [ RunTime:0.000248s ]
ERR: 无法加载模块:Show

[ 2016-12-24T21:54:34+08:00 ] 146.185.201.15 /index.php/Show/addcomment
INFO: [ app_init ] --START--
INFO: Run Behavior\BuildLiteBehavior [ RunTime:0.000012s ]
INFO: [ app_init ] --END-- [ RunTime:0.000285s ]
ERR: 无法加载模块:Show

[ 2016-12-24T22:28:21+08:00 ] 146.185.200.75 /index.php/Show/addcomment
INFO: [ app_init ] --START--
INFO: Run Behavior\BuildLiteBehavior [ RunTime:0.000012s ]
INFO: [ app_init ] --END-- [ RunTime:0.000261s ]
ERR: 无法加载模块:Show

[ 2016-12-24T22:58:46+08:00 ] 79.110.25.168 /index.php/Show/addcomment
INFO: [ app_init ] --START--
INFO: Run Behavior\BuildLiteBehavior [ RunTime:0.000012s ]
INFO: [ app_init ] --END-- [ RunTime:0.000254s ]
ERR: 无法加载模块:Show

[ 2016-12-24T22:58:49+08:00 ] 79.110.25.159 /index.php/Show/addcomment
INFO: [ app_init ] --START--
INFO: Run Behavior\BuildLiteBehavior [ RunTime:0.000012s ]
INFO: [ app_init ] --END-- [ RunTime:0.000258s ]
ERR: 无法加载模块:Show

