[ 2017-07-10T11:51:23+08:00 ] 140.205.225.199 /index.php?m=member&c=index&a=register&siteid=1
INFO: [ app_init ] --START--
INFO: Run Behavior\BuildLiteBehavior [ RunTime:0.000012s ]
INFO: [ app_init ] --END-- [ RunTime:0.000246s ]
ERR: 无法加载模块:Member

[ 2017-07-10T11:52:21+08:00 ] 140.205.225.199 /index.php?m=wap&a=index&siteid=1
INFO: [ app_init ] --START--
INFO: Run Behavior\BuildLiteBehavior [ RunTime:0.000013s ]
INFO: [ app_init ] --END-- [ RunTime:0.000249s ]
ERR: 无法加载模块:Wap

[ 2017-07-10T13:55:03+08:00 ] 140.205.225.190 /index.php?m=member&c=index&a=register&siteid=1
INFO: [ app_init ] --START--
INFO: Run Behavior\BuildLiteBehavior [ RunTime:0.000017s ]
INFO: [ app_init ] --END-- [ RunTime:0.000291s ]
ERR: 无法加载模块:Member

[ 2017-07-10T13:57:32+08:00 ] 140.205.225.190 /index.php?m=wap&a=index&siteid=1
INFO: [ app_init ] --START--
INFO: Run Behavior\BuildLiteBehavior [ RunTime:0.000013s ]
INFO: [ app_init ] --END-- [ RunTime:0.000289s ]
ERR: 无法加载模块:Wap

