[ 2016-09-30T00:29:41+08:00 ] 127.0.0.1 /admin.php/Post/add
INFO: [ app_init ] --START--
INFO: Run Behavior\BuildLiteBehavior [ RunTime:0.000016s ]
INFO: [ app_init ] --END-- [ RunTime:0.000724s ]
INFO: [ app_begin ] --START--
INFO: Run Behavior\ReadHtmlCacheBehavior [ RunTime:0.000786s ]
INFO: [ app_begin ] --END-- [ RunTime:0.000830s ]
INFO: [ view_parse ] --START--
INFO: [ template_filter ] --START--
INFO: Run Behavior\ContentReplaceBehavior [ RunTime:0.000242s ]
INFO: [ template_filter ] --END-- [ RunTime:0.000298s ]
NOTIC: [8] Undefined variable: userInfo /Applications/XAMPP/xamppfiles/htdocs/blog/Application/Runtime/Cache/Admin/db1ea2fedc255740be8194f6a5cec3ac.php 第 371 行.
NOTIC: [8] Undefined variable: Dashboard /Applications/XAMPP/xamppfiles/htdocs/blog/Application/Runtime/Cache/Admin/db1ea2fedc255740be8194f6a5cec3ac.php 第 391 行.
NOTIC: [8] Undefined variable: Dashboard /Applications/XAMPP/xamppfiles/htdocs/blog/Application/Runtime/Cache/Admin/db1ea2fedc255740be8194f6a5cec3ac.php 第 395 行.
NOTIC: [8] Undefined variable: Dashboard /Applications/XAMPP/xamppfiles/htdocs/blog/Application/Runtime/Cache/Admin/db1ea2fedc255740be8194f6a5cec3ac.php 第 397 行.
NOTIC: [8] Undefined variable: hospitalInfo /Applications/XAMPP/xamppfiles/htdocs/blog/Application/Runtime/Cache/Admin/db1ea2fedc255740be8194f6a5cec3ac.php 第 434 行.
NOTIC: [8] Undefined variable: hospitalInfo /Applications/XAMPP/xamppfiles/htdocs/blog/Application/Runtime/Cache/Admin/db1ea2fedc255740be8194f6a5cec3ac.php 第 441 行.
NOTIC: [8] Undefined variable: hospitalInfo /Applications/XAMPP/xamppfiles/htdocs/blog/Application/Runtime/Cache/Admin/db1ea2fedc255740be8194f6a5cec3ac.php 第 448 行.
NOTIC: [8] Undefined variable: hospitalInfo /Applications/XAMPP/xamppfiles/htdocs/blog/Application/Runtime/Cache/Admin/db1ea2fedc255740be8194f6a5cec3ac.php 第 455 行.
NOTIC: [8] Undefined variable: hospitalInfo /Applications/XAMPP/xamppfiles/htdocs/blog/Application/Runtime/Cache/Admin/db1ea2fedc255740be8194f6a5cec3ac.php 第 463 行.
NOTIC: [8] Undefined variable: hospitalInfo /Applications/XAMPP/xamppfiles/htdocs/blog/Application/Runtime/Cache/Admin/db1ea2fedc255740be8194f6a5cec3ac.php 第 469 行.
NOTIC: [8] Undefined variable: hospitalInfo /Applications/XAMPP/xamppfiles/htdocs/blog/Application/Runtime/Cache/Admin/db1ea2fedc255740be8194f6a5cec3ac.php 第 476 行.
NOTIC: [8] Undefined variable: hospitalInfo /Applications/XAMPP/xamppfiles/htdocs/blog/Application/Runtime/Cache/Admin/db1ea2fedc255740be8194f6a5cec3ac.php 第 485 行.
NOTIC: [8] Undefined variable: hospitalInfo /Applications/XAMPP/xamppfiles/htdocs/blog/Application/Runtime/Cache/Admin/db1ea2fedc255740be8194f6a5cec3ac.php 第 487 行.
NOTIC: [8] Undefined variable: hospitalInfo /Applications/XAMPP/xamppfiles/htdocs/blog/Application/Runtime/Cache/Admin/db1ea2fedc255740be8194f6a5cec3ac.php 第 494 行.
NOTIC: [8] Undefined variable: hospitalInfo /Applications/XAMPP/xamppfiles/htdocs/blog/Application/Runtime/Cache/Admin/db1ea2fedc255740be8194f6a5cec3ac.php 第 496 行.
NOTIC: [8] Undefined variable: random /Applications/XAMPP/xamppfiles/htdocs/blog/Application/Runtime/Cache/Admin/db1ea2fedc255740be8194f6a5cec3ac.php 第 567 行.
INFO: Run Behavior\ParseTemplateBehavior [ RunTime:0.022800s ]
INFO: [ view_parse ] --END-- [ RunTime:0.022877s ]
INFO: [ view_filter ] --START--
INFO: Run Behavior\WriteHtmlCacheBehavior [ RunTime:0.000361s ]
INFO: [ view_filter ] --END-- [ RunTime:0.000390s ]
INFO: [ app_end ] --START--
INFO: Run Behavior\ShowPageTraceBehavior [ RunTime:0.000869s ]
INFO: [ app_end ] --END-- [ RunTime:0.000924s ]

[ 2016-09-30T00:29:42+08:00 ] 127.0.0.1 /admin.php/Post/add
INFO: [ app_init ] --START--
INFO: Run Behavior\BuildLiteBehavior [ RunTime:0.000009s ]
INFO: [ app_init ] --END-- [ RunTime:0.000295s ]
INFO: [ app_begin ] --START--
INFO: Run Behavior\ReadHtmlCacheBehavior [ RunTime:0.000369s ]
INFO: [ app_begin ] --END-- [ RunTime:0.000396s ]
INFO: [ view_parse ] --START--
INFO: [ template_filter ] --START--
INFO: Run Behavior\ContentReplaceBehavior [ RunTime:0.000175s ]
INFO: [ template_filter ] --END-- [ RunTime:0.000210s ]
NOTIC: [8] Undefined variable: userInfo /Applications/XAMPP/xamppfiles/htdocs/blog/Application/Runtime/Cache/Admin/db1ea2fedc255740be8194f6a5cec3ac.php 第 371 行.
NOTIC: [8] Undefined variable: Dashboard /Applications/XAMPP/xamppfiles/htdocs/blog/Application/Runtime/Cache/Admin/db1ea2fedc255740be8194f6a5cec3ac.php 第 391 行.
NOTIC: [8] Undefined variable: Dashboard /Applications/XAMPP/xamppfiles/htdocs/blog/Application/Runtime/Cache/Admin/db1ea2fedc255740be8194f6a5cec3ac.php 第 395 行.
NOTIC: [8] Undefined variable: Dashboard /Applications/XAMPP/xamppfiles/htdocs/blog/Application/Runtime/Cache/Admin/db1ea2fedc255740be8194f6a5cec3ac.php 第 397 行.
NOTIC: [8] Undefined variable: hospitalInfo /Applications/XAMPP/xamppfiles/htdocs/blog/Application/Runtime/Cache/Admin/db1ea2fedc255740be8194f6a5cec3ac.php 第 434 行.
NOTIC: [8] Undefined variable: hospitalInfo /Applications/XAMPP/xamppfiles/htdocs/blog/Application/Runtime/Cache/Admin/db1ea2fedc255740be8194f6a5cec3ac.php 第 441 行.
NOTIC: [8] Undefined variable: hospitalInfo /Applications/XAMPP/xamppfiles/htdocs/blog/Application/Runtime/Cache/Admin/db1ea2fedc255740be8194f6a5cec3ac.php 第 448 行.
NOTIC: [8] Undefined variable: hospitalInfo /Applications/XAMPP/xamppfiles/htdocs/blog/Application/Runtime/Cache/Admin/db1ea2fedc255740be8194f6a5cec3ac.php 第 455 行.
NOTIC: [8] Undefined variable: hospitalInfo /Applications/XAMPP/xamppfiles/htdocs/blog/Application/Runtime/Cache/Admin/db1ea2fedc255740be8194f6a5cec3ac.php 第 463 行.
NOTIC: [8] Undefined variable: hospitalInfo /Applications/XAMPP/xamppfiles/htdocs/blog/Application/Runtime/Cache/Admin/db1ea2fedc255740be8194f6a5cec3ac.php 第 469 行.
NOTIC: [8] Undefined variable: hospitalInfo /Applications/XAMPP/xamppfiles/htdocs/blog/Application/Runtime/Cache/Admin/db1ea2fedc255740be8194f6a5cec3ac.php 第 476 行.
NOTIC: [8] Undefined variable: hospitalInfo /Applications/XAMPP/xamppfiles/htdocs/blog/Application/Runtime/Cache/Admin/db1ea2fedc255740be8194f6a5cec3ac.php 第 485 行.
NOTIC: [8] Undefined variable: hospitalInfo /Applications/XAMPP/xamppfiles/htdocs/blog/Application/Runtime/Cache/Admin/db1ea2fedc255740be8194f6a5cec3ac.php 第 487 行.
NOTIC: [8] Undefined variable: hospitalInfo /Applications/XAMPP/xamppfiles/htdocs/blog/Application/Runtime/Cache/Admin/db1ea2fedc255740be8194f6a5cec3ac.php 第 494 行.
NOTIC: [8] Undefined variable: hospitalInfo /Applications/XAMPP/xamppfiles/htdocs/blog/Application/Runtime/Cache/Admin/db1ea2fedc255740be8194f6a5cec3ac.php 第 496 行.
NOTIC: [8] Undefined variable: random /Applications/XAMPP/xamppfiles/htdocs/blog/Application/Runtime/Cache/Admin/db1ea2fedc255740be8194f6a5cec3ac.php 第 567 行.
INFO: Run Behavior\ParseTemplateBehavior [ RunTime:0.010525s ]
INFO: [ view_parse ] --END-- [ RunTime:0.010550s ]
INFO: [ view_filter ] --START--
INFO: Run Behavior\WriteHtmlCacheBehavior [ RunTime:0.000111s ]
INFO: [ view_filter ] --END-- [ RunTime:0.000128s ]
INFO: [ app_end ] --START--
INFO: Run Behavior\ShowPageTraceBehavior [ RunTime:0.000432s ]
INFO: [ app_end ] --END-- [ RunTime:0.000461s ]

[ 2016-09-30T00:34:01+08:00 ] 127.0.0.1 /admin.php/Post/add
INFO: [ app_init ] --START--
INFO: Run Behavior\BuildLiteBehavior [ RunTime:0.000025s ]
INFO: [ app_init ] --END-- [ RunTime:0.000935s ]
INFO: [ app_begin ] --START--
INFO: Run Behavior\ReadHtmlCacheBehavior [ RunTime:0.001096s ]
INFO: [ app_begin ] --END-- [ RunTime:0.001159s ]
INFO: [ view_parse ] --START--
INFO: [ template_filter ] --START--
INFO: Run Behavior\ContentReplaceBehavior [ RunTime:0.000280s ]
INFO: [ template_filter ] --END-- [ RunTime:0.000339s ]
NOTIC: [8] Undefined variable: userInfo /Applications/XAMPP/xamppfiles/htdocs/blog/Application/Runtime/Cache/Admin/db1ea2fedc255740be8194f6a5cec3ac.php 第 371 行.
NOTIC: [8] Undefined variable: Dashboard /Applications/XAMPP/xamppfiles/htdocs/blog/Application/Runtime/Cache/Admin/db1ea2fedc255740be8194f6a5cec3ac.php 第 391 行.
NOTIC: [8] Undefined variable: Dashboard /Applications/XAMPP/xamppfiles/htdocs/blog/Application/Runtime/Cache/Admin/db1ea2fedc255740be8194f6a5cec3ac.php 第 395 行.
NOTIC: [8] Undefined variable: Dashboard /Applications/XAMPP/xamppfiles/htdocs/blog/Application/Runtime/Cache/Admin/db1ea2fedc255740be8194f6a5cec3ac.php 第 397 行.
NOTIC: [8] Undefined variable: hospitalInfo /Applications/XAMPP/xamppfiles/htdocs/blog/Application/Runtime/Cache/Admin/db1ea2fedc255740be8194f6a5cec3ac.php 第 434 行.
NOTIC: [8] Undefined variable: hospitalInfo /Applications/XAMPP/xamppfiles/htdocs/blog/Application/Runtime/Cache/Admin/db1ea2fedc255740be8194f6a5cec3ac.php 第 441 行.
NOTIC: [8] Undefined variable: hospitalInfo /Applications/XAMPP/xamppfiles/htdocs/blog/Application/Runtime/Cache/Admin/db1ea2fedc255740be8194f6a5cec3ac.php 第 448 行.
NOTIC: [8] Undefined variable: hospitalInfo /Applications/XAMPP/xamppfiles/htdocs/blog/Application/Runtime/Cache/Admin/db1ea2fedc255740be8194f6a5cec3ac.php 第 455 行.
NOTIC: [8] Undefined variable: hospitalInfo /Applications/XAMPP/xamppfiles/htdocs/blog/Application/Runtime/Cache/Admin/db1ea2fedc255740be8194f6a5cec3ac.php 第 463 行.
NOTIC: [8] Undefined variable: hospitalInfo /Applications/XAMPP/xamppfiles/htdocs/blog/Application/Runtime/Cache/Admin/db1ea2fedc255740be8194f6a5cec3ac.php 第 469 行.
NOTIC: [8] Undefined variable: hospitalInfo /Applications/XAMPP/xamppfiles/htdocs/blog/Application/Runtime/Cache/Admin/db1ea2fedc255740be8194f6a5cec3ac.php 第 476 行.
NOTIC: [8] Undefined variable: hospitalInfo /Applications/XAMPP/xamppfiles/htdocs/blog/Application/Runtime/Cache/Admin/db1ea2fedc255740be8194f6a5cec3ac.php 第 485 行.
NOTIC: [8] Undefined variable: hospitalInfo /Applications/XAMPP/xamppfiles/htdocs/blog/Application/Runtime/Cache/Admin/db1ea2fedc255740be8194f6a5cec3ac.php 第 487 行.
NOTIC: [8] Undefined variable: hospitalInfo /Applications/XAMPP/xamppfiles/htdocs/blog/Application/Runtime/Cache/Admin/db1ea2fedc255740be8194f6a5cec3ac.php 第 494 行.
NOTIC: [8] Undefined variable: hospitalInfo /Applications/XAMPP/xamppfiles/htdocs/blog/Application/Runtime/Cache/Admin/db1ea2fedc255740be8194f6a5cec3ac.php 第 496 行.
NOTIC: [8] Undefined variable: random /Applications/XAMPP/xamppfiles/htdocs/blog/Application/Runtime/Cache/Admin/db1ea2fedc255740be8194f6a5cec3ac.php 第 568 行.
INFO: Run Behavior\ParseTemplateBehavior [ RunTime:0.019634s ]
INFO: [ view_parse ] --END-- [ RunTime:0.019679s ]
INFO: [ view_filter ] --START--
INFO: Run Behavior\WriteHtmlCacheBehavior [ RunTime:0.000516s ]
INFO: [ view_filter ] --END-- [ RunTime:0.000553s ]
INFO: [ app_end ] --START--
INFO: Run Behavior\ShowPageTraceBehavior [ RunTime:0.001136s ]
INFO: [ app_end ] --END-- [ RunTime:0.001214s ]

[ 2016-09-30T00:34:02+08:00 ] 127.0.0.1 /admin.php/Post/add
INFO: [ app_init ] --START--
INFO: Run Behavior\BuildLiteBehavior [ RunTime:0.000054s ]
INFO: [ app_init ] --END-- [ RunTime:0.000687s ]
INFO: [ app_begin ] --START--
INFO: Run Behavior\ReadHtmlCacheBehavior [ RunTime:0.000369s ]
INFO: [ app_begin ] --END-- [ RunTime:0.000404s ]
INFO: [ view_parse ] --START--
INFO: [ template_filter ] --START--
INFO: Run Behavior\ContentReplaceBehavior [ RunTime:0.000203s ]
INFO: [ template_filter ] --END-- [ RunTime:0.000248s ]
NOTIC: [8] Undefined variable: userInfo /Applications/XAMPP/xamppfiles/htdocs/blog/Application/Runtime/Cache/Admin/db1ea2fedc255740be8194f6a5cec3ac.php 第 371 行.
NOTIC: [8] Undefined variable: Dashboard /Applications/XAMPP/xamppfiles/htdocs/blog/Application/Runtime/Cache/Admin/db1ea2fedc255740be8194f6a5cec3ac.php 第 391 行.
NOTIC: [8] Undefined variable: Dashboard /Applications/XAMPP/xamppfiles/htdocs/blog/Application/Runtime/Cache/Admin/db1ea2fedc255740be8194f6a5cec3ac.php 第 395 行.
NOTIC: [8] Undefined variable: Dashboard /Applications/XAMPP/xamppfiles/htdocs/blog/Application/Runtime/Cache/Admin/db1ea2fedc255740be8194f6a5cec3ac.php 第 397 行.
NOTIC: [8] Undefined variable: hospitalInfo /Applications/XAMPP/xamppfiles/htdocs/blog/Application/Runtime/Cache/Admin/db1ea2fedc255740be8194f6a5cec3ac.php 第 434 行.
NOTIC: [8] Undefined variable: hospitalInfo /Applications/XAMPP/xamppfiles/htdocs/blog/Application/Runtime/Cache/Admin/db1ea2fedc255740be8194f6a5cec3ac.php 第 441 行.
NOTIC: [8] Undefined variable: hospitalInfo /Applications/XAMPP/xamppfiles/htdocs/blog/Application/Runtime/Cache/Admin/db1ea2fedc255740be8194f6a5cec3ac.php 第 448 行.
NOTIC: [8] Undefined variable: hospitalInfo /Applications/XAMPP/xamppfiles/htdocs/blog/Application/Runtime/Cache/Admin/db1ea2fedc255740be8194f6a5cec3ac.php 第 455 行.
NOTIC: [8] Undefined variable: hospitalInfo /Applications/XAMPP/xamppfiles/htdocs/blog/Application/Runtime/Cache/Admin/db1ea2fedc255740be8194f6a5cec3ac.php 第 463 行.
NOTIC: [8] Undefined variable: hospitalInfo /Applications/XAMPP/xamppfiles/htdocs/blog/Application/Runtime/Cache/Admin/db1ea2fedc255740be8194f6a5cec3ac.php 第 469 行.
NOTIC: [8] Undefined variable: hospitalInfo /Applications/XAMPP/xamppfiles/htdocs/blog/Application/Runtime/Cache/Admin/db1ea2fedc255740be8194f6a5cec3ac.php 第 476 行.
NOTIC: [8] Undefined variable: hospitalInfo /Applications/XAMPP/xamppfiles/htdocs/blog/Application/Runtime/Cache/Admin/db1ea2fedc255740be8194f6a5cec3ac.php 第 485 行.
NOTIC: [8] Undefined variable: hospitalInfo /Applications/XAMPP/xamppfiles/htdocs/blog/Application/Runtime/Cache/Admin/db1ea2fedc255740be8194f6a5cec3ac.php 第 487 行.
NOTIC: [8] Undefined variable: hospitalInfo /Applications/XAMPP/xamppfiles/htdocs/blog/Application/Runtime/Cache/Admin/db1ea2fedc255740be8194f6a5cec3ac.php 第 494 行.
NOTIC: [8] Undefined variable: hospitalInfo /Applications/XAMPP/xamppfiles/htdocs/blog/Application/Runtime/Cache/Admin/db1ea2fedc255740be8194f6a5cec3ac.php 第 496 行.
NOTIC: [8] Undefined variable: random /Applications/XAMPP/xamppfiles/htdocs/blog/Application/Runtime/Cache/Admin/db1ea2fedc255740be8194f6a5cec3ac.php 第 568 行.
INFO: Run Behavior\ParseTemplateBehavior [ RunTime:0.011258s ]
INFO: [ view_parse ] --END-- [ RunTime:0.011287s ]
INFO: [ view_filter ] --START--
INFO: Run Behavior\WriteHtmlCacheBehavior [ RunTime:0.000138s ]
INFO: [ view_filter ] --END-- [ RunTime:0.000156s ]
INFO: [ app_end ] --START--
INFO: Run Behavior\ShowPageTraceBehavior [ RunTime:0.000971s ]
INFO: [ app_end ] --END-- [ RunTime:0.001075s ]

[ 2016-09-30T00:36:38+08:00 ] 127.0.0.1 /admin.php/Post/add
INFO: [ app_init ] --START--
INFO: Run Behavior\BuildLiteBehavior [ RunTime:0.002047s ]
INFO: [ app_init ] --END-- [ RunTime:0.002718s ]
INFO: [ app_begin ] --START--
INFO: Run Behavior\ReadHtmlCacheBehavior [ RunTime:0.003048s ]
INFO: [ app_begin ] --END-- [ RunTime:0.003105s ]
INFO: [ view_parse ] --START--
INFO: [ template_filter ] --START--
INFO: Run Behavior\ContentReplaceBehavior [ RunTime:0.000243s ]
INFO: [ template_filter ] --END-- [ RunTime:0.000297s ]
NOTIC: [8] Undefined variable: userInfo /Applications/XAMPP/xamppfiles/htdocs/blog/Application/Runtime/Cache/Admin/db1ea2fedc255740be8194f6a5cec3ac.php 第 371 行.
NOTIC: [8] Undefined variable: Dashboard /Applications/XAMPP/xamppfiles/htdocs/blog/Application/Runtime/Cache/Admin/db1ea2fedc255740be8194f6a5cec3ac.php 第 391 行.
NOTIC: [8] Undefined variable: Dashboard /Applications/XAMPP/xamppfiles/htdocs/blog/Application/Runtime/Cache/Admin/db1ea2fedc255740be8194f6a5cec3ac.php 第 395 行.
NOTIC: [8] Undefined variable: Dashboard /Applications/XAMPP/xamppfiles/htdocs/blog/Application/Runtime/Cache/Admin/db1ea2fedc255740be8194f6a5cec3ac.php 第 397 行.
NOTIC: [8] Undefined variable: hospitalInfo /Applications/XAMPP/xamppfiles/htdocs/blog/Application/Runtime/Cache/Admin/db1ea2fedc255740be8194f6a5cec3ac.php 第 434 行.
NOTIC: [8] Undefined variable: hospitalInfo /Applications/XAMPP/xamppfiles/htdocs/blog/Application/Runtime/Cache/Admin/db1ea2fedc255740be8194f6a5cec3ac.php 第 441 行.
NOTIC: [8] Undefined variable: hospitalInfo /Applications/XAMPP/xamppfiles/htdocs/blog/Application/Runtime/Cache/Admin/db1ea2fedc255740be8194f6a5cec3ac.php 第 448 行.
NOTIC: [8] Undefined variable: hospitalInfo /Applications/XAMPP/xamppfiles/htdocs/blog/Application/Runtime/Cache/Admin/db1ea2fedc255740be8194f6a5cec3ac.php 第 455 行.
NOTIC: [8] Undefined variable: hospitalInfo /Applications/XAMPP/xamppfiles/htdocs/blog/Application/Runtime/Cache/Admin/db1ea2fedc255740be8194f6a5cec3ac.php 第 463 行.
NOTIC: [8] Undefined variable: hospitalInfo /Applications/XAMPP/xamppfiles/htdocs/blog/Application/Runtime/Cache/Admin/db1ea2fedc255740be8194f6a5cec3ac.php 第 469 行.
NOTIC: [8] Undefined variable: hospitalInfo /Applications/XAMPP/xamppfiles/htdocs/blog/Application/Runtime/Cache/Admin/db1ea2fedc255740be8194f6a5cec3ac.php 第 476 行.
NOTIC: [8] Undefined variable: hospitalInfo /Applications/XAMPP/xamppfiles/htdocs/blog/Application/Runtime/Cache/Admin/db1ea2fedc255740be8194f6a5cec3ac.php 第 485 行.
NOTIC: [8] Undefined variable: hospitalInfo /Applications/XAMPP/xamppfiles/htdocs/blog/Application/Runtime/Cache/Admin/db1ea2fedc255740be8194f6a5cec3ac.php 第 487 行.
NOTIC: [8] Undefined variable: hospitalInfo /Applications/XAMPP/xamppfiles/htdocs/blog/Application/Runtime/Cache/Admin/db1ea2fedc255740be8194f6a5cec3ac.php 第 494 行.
NOTIC: [8] Undefined variable: hospitalInfo /Applications/XAMPP/xamppfiles/htdocs/blog/Application/Runtime/Cache/Admin/db1ea2fedc255740be8194f6a5cec3ac.php 第 496 行.
NOTIC: [8] Undefined variable: random /Applications/XAMPP/xamppfiles/htdocs/blog/Application/Runtime/Cache/Admin/db1ea2fedc255740be8194f6a5cec3ac.php 第 568 行.
INFO: Run Behavior\ParseTemplateBehavior [ RunTime:0.014835s ]
INFO: [ view_parse ] --END-- [ RunTime:0.014875s ]
INFO: [ view_filter ] --START--
INFO: Run Behavior\WriteHtmlCacheBehavior [ RunTime:0.000781s ]
INFO: [ view_filter ] --END-- [ RunTime:0.000813s ]
INFO: [ app_end ] --START--
INFO: Run Behavior\ShowPageTraceBehavior [ RunTime:0.000771s ]
INFO: [ app_end ] --END-- [ RunTime:0.000870s ]

[ 2016-09-30T00:36:39+08:00 ] 127.0.0.1 /admin.php/Post/add
INFO: [ app_init ] --START--
INFO: Run Behavior\BuildLiteBehavior [ RunTime:0.000016s ]
INFO: [ app_init ] --END-- [ RunTime:0.000540s ]
INFO: [ app_begin ] --START--
INFO: Run Behavior\ReadHtmlCacheBehavior [ RunTime:0.000551s ]
INFO: [ app_begin ] --END-- [ RunTime:0.000601s ]
INFO: [ view_parse ] --START--
INFO: [ template_filter ] --START--
INFO: Run Behavior\ContentReplaceBehavior [ RunTime:0.000237s ]
INFO: [ template_filter ] --END-- [ RunTime:0.000312s ]
NOTIC: [8] Undefined variable: userInfo /Applications/XAMPP/xamppfiles/htdocs/blog/Application/Runtime/Cache/Admin/db1ea2fedc255740be8194f6a5cec3ac.php 第 371 行.
NOTIC: [8] Undefined variable: Dashboard /Applications/XAMPP/xamppfiles/htdocs/blog/Application/Runtime/Cache/Admin/db1ea2fedc255740be8194f6a5cec3ac.php 第 391 行.
NOTIC: [8] Undefined variable: Dashboard /Applications/XAMPP/xamppfiles/htdocs/blog/Application/Runtime/Cache/Admin/db1ea2fedc255740be8194f6a5cec3ac.php 第 395 行.
NOTIC: [8] Undefined variable: Dashboard /Applications/XAMPP/xamppfiles/htdocs/blog/Application/Runtime/Cache/Admin/db1ea2fedc255740be8194f6a5cec3ac.php 第 397 行.
NOTIC: [8] Undefined variable: hospitalInfo /Applications/XAMPP/xamppfiles/htdocs/blog/Application/Runtime/Cache/Admin/db1ea2fedc255740be8194f6a5cec3ac.php 第 434 行.
NOTIC: [8] Undefined variable: hospitalInfo /Applications/XAMPP/xamppfiles/htdocs/blog/Application/Runtime/Cache/Admin/db1ea2fedc255740be8194f6a5cec3ac.php 第 441 行.
NOTIC: [8] Undefined variable: hospitalInfo /Applications/XAMPP/xamppfiles/htdocs/blog/Application/Runtime/Cache/Admin/db1ea2fedc255740be8194f6a5cec3ac.php 第 448 行.
NOTIC: [8] Undefined variable: hospitalInfo /Applications/XAMPP/xamppfiles/htdocs/blog/Application/Runtime/Cache/Admin/db1ea2fedc255740be8194f6a5cec3ac.php 第 455 行.
NOTIC: [8] Undefined variable: hospitalInfo /Applications/XAMPP/xamppfiles/htdocs/blog/Application/Runtime/Cache/Admin/db1ea2fedc255740be8194f6a5cec3ac.php 第 463 行.
NOTIC: [8] Undefined variable: hospitalInfo /Applications/XAMPP/xamppfiles/htdocs/blog/Application/Runtime/Cache/Admin/db1ea2fedc255740be8194f6a5cec3ac.php 第 469 行.
NOTIC: [8] Undefined variable: hospitalInfo /Applications/XAMPP/xamppfiles/htdocs/blog/Application/Runtime/Cache/Admin/db1ea2fedc255740be8194f6a5cec3ac.php 第 476 行.
NOTIC: [8] Undefined variable: hospitalInfo /Applications/XAMPP/xamppfiles/htdocs/blog/Application/Runtime/Cache/Admin/db1ea2fedc255740be8194f6a5cec3ac.php 第 485 行.
NOTIC: [8] Undefined variable: hospitalInfo /Applications/XAMPP/xamppfiles/htdocs/blog/Application/Runtime/Cache/Admin/db1ea2fedc255740be8194f6a5cec3ac.php 第 487 行.
NOTIC: [8] Undefined variable: hospitalInfo /Applications/XAMPP/xamppfiles/htdocs/blog/Application/Runtime/Cache/Admin/db1ea2fedc255740be8194f6a5cec3ac.php 第 494 行.
NOTIC: [8] Undefined variable: hospitalInfo /Applications/XAMPP/xamppfiles/htdocs/blog/Application/Runtime/Cache/Admin/db1ea2fedc255740be8194f6a5cec3ac.php 第 496 行.
NOTIC: [8] Undefined variable: random /Applications/XAMPP/xamppfiles/htdocs/blog/Application/Runtime/Cache/Admin/db1ea2fedc255740be8194f6a5cec3ac.php 第 568 行.
INFO: Run Behavior\ParseTemplateBehavior [ RunTime:0.013113s ]
INFO: [ view_parse ] --END-- [ RunTime:0.013161s ]
INFO: [ view_filter ] --START--
INFO: Run Behavior\WriteHtmlCacheBehavior [ RunTime:0.000212s ]
INFO: [ view_filter ] --END-- [ RunTime:0.000242s ]
INFO: [ app_end ] --START--
INFO: Run Behavior\ShowPageTraceBehavior [ RunTime:0.000524s ]
INFO: [ app_end ] --END-- [ RunTime:0.000567s ]

[ 2016-09-30T00:37:23+08:00 ] 127.0.0.1 /admin.php/Post/add
INFO: [ app_init ] --START--
INFO: Run Behavior\BuildLiteBehavior [ RunTime:0.000024s ]
INFO: [ app_init ] --END-- [ RunTime:0.000983s ]
INFO: [ app_begin ] --START--
INFO: Run Behavior\ReadHtmlCacheBehavior [ RunTime:0.001060s ]
INFO: [ app_begin ] --END-- [ RunTime:0.001130s ]
INFO: [ view_parse ] --START--
INFO: [ template_filter ] --START--
INFO: Run Behavior\ContentReplaceBehavior [ RunTime:0.000237s ]
INFO: [ template_filter ] --END-- [ RunTime:0.000282s ]
NOTIC: [8] Undefined variable: userInfo /Applications/XAMPP/xamppfiles/htdocs/blog/Application/Runtime/Cache/Admin/db1ea2fedc255740be8194f6a5cec3ac.php 第 371 行.
NOTIC: [8] Undefined variable: Dashboard /Applications/XAMPP/xamppfiles/htdocs/blog/Application/Runtime/Cache/Admin/db1ea2fedc255740be8194f6a5cec3ac.php 第 391 行.
NOTIC: [8] Undefined variable: Dashboard /Applications/XAMPP/xamppfiles/htdocs/blog/Application/Runtime/Cache/Admin/db1ea2fedc255740be8194f6a5cec3ac.php 第 395 行.
NOTIC: [8] Undefined variable: Dashboard /Applications/XAMPP/xamppfiles/htdocs/blog/Application/Runtime/Cache/Admin/db1ea2fedc255740be8194f6a5cec3ac.php 第 397 行.
NOTIC: [8] Undefined variable: hospitalInfo /Applications/XAMPP/xamppfiles/htdocs/blog/Application/Runtime/Cache/Admin/db1ea2fedc255740be8194f6a5cec3ac.php 第 434 行.
NOTIC: [8] Undefined variable: hospitalInfo /Applications/XAMPP/xamppfiles/htdocs/blog/Application/Runtime/Cache/Admin/db1ea2fedc255740be8194f6a5cec3ac.php 第 441 行.
NOTIC: [8] Undefined variable: hospitalInfo /Applications/XAMPP/xamppfiles/htdocs/blog/Application/Runtime/Cache/Admin/db1ea2fedc255740be8194f6a5cec3ac.php 第 448 行.
NOTIC: [8] Undefined variable: hospitalInfo /Applications/XAMPP/xamppfiles/htdocs/blog/Application/Runtime/Cache/Admin/db1ea2fedc255740be8194f6a5cec3ac.php 第 455 行.
NOTIC: [8] Undefined variable: hospitalInfo /Applications/XAMPP/xamppfiles/htdocs/blog/Application/Runtime/Cache/Admin/db1ea2fedc255740be8194f6a5cec3ac.php 第 463 行.
NOTIC: [8] Undefined variable: hospitalInfo /Applications/XAMPP/xamppfiles/htdocs/blog/Application/Runtime/Cache/Admin/db1ea2fedc255740be8194f6a5cec3ac.php 第 469 行.
NOTIC: [8] Undefined variable: hospitalInfo /Applications/XAMPP/xamppfiles/htdocs/blog/Application/Runtime/Cache/Admin/db1ea2fedc255740be8194f6a5cec3ac.php 第 476 行.
NOTIC: [8] Undefined variable: hospitalInfo /Applications/XAMPP/xamppfiles/htdocs/blog/Application/Runtime/Cache/Admin/db1ea2fedc255740be8194f6a5cec3ac.php 第 485 行.
NOTIC: [8] Undefined variable: hospitalInfo /Applications/XAMPP/xamppfiles/htdocs/blog/Application/Runtime/Cache/Admin/db1ea2fedc255740be8194f6a5cec3ac.php 第 487 行.
NOTIC: [8] Undefined variable: hospitalInfo /Applications/XAMPP/xamppfiles/htdocs/blog/Application/Runtime/Cache/Admin/db1ea2fedc255740be8194f6a5cec3ac.php 第 494 行.
NOTIC: [8] Undefined variable: hospitalInfo /Applications/XAMPP/xamppfiles/htdocs/blog/Application/Runtime/Cache/Admin/db1ea2fedc255740be8194f6a5cec3ac.php 第 496 行.
NOTIC: [8] Undefined variable: random /Applications/XAMPP/xamppfiles/htdocs/blog/Application/Runtime/Cache/Admin/db1ea2fedc255740be8194f6a5cec3ac.php 第 568 行.
INFO: Run Behavior\ParseTemplateBehavior [ RunTime:0.017952s ]
INFO: [ view_parse ] --END-- [ RunTime:0.017995s ]
INFO: [ view_filter ] --START--
INFO: Run Behavior\WriteHtmlCacheBehavior [ RunTime:0.000452s ]
INFO: [ view_filter ] --END-- [ RunTime:0.000489s ]
INFO: [ app_end ] --START--
INFO: Run Behavior\ShowPageTraceBehavior [ RunTime:0.001074s ]
INFO: [ app_end ] --END-- [ RunTime:0.001157s ]

[ 2016-09-30T00:37:23+08:00 ] 127.0.0.1 /admin.php/Post/add
INFO: [ app_init ] --START--
INFO: Run Behavior\BuildLiteBehavior [ RunTime:0.000007s ]
INFO: [ app_init ] --END-- [ RunTime:0.000196s ]
INFO: [ app_begin ] --START--
INFO: Run Behavior\ReadHtmlCacheBehavior [ RunTime:0.000241s ]
INFO: [ app_begin ] --END-- [ RunTime:0.000263s ]
INFO: [ view_parse ] --START--
INFO: [ template_filter ] --START--
INFO: Run Behavior\ContentReplaceBehavior [ RunTime:0.000204s ]
INFO: [ template_filter ] --END-- [ RunTime:0.000267s ]
NOTIC: [8] Undefined variable: userInfo /Applications/XAMPP/xamppfiles/htdocs/blog/Application/Runtime/Cache/Admin/db1ea2fedc255740be8194f6a5cec3ac.php 第 371 行.
NOTIC: [8] Undefined variable: Dashboard /Applications/XAMPP/xamppfiles/htdocs/blog/Application/Runtime/Cache/Admin/db1ea2fedc255740be8194f6a5cec3ac.php 第 391 行.
NOTIC: [8] Undefined variable: Dashboard /Applications/XAMPP/xamppfiles/htdocs/blog/Application/Runtime/Cache/Admin/db1ea2fedc255740be8194f6a5cec3ac.php 第 395 行.
NOTIC: [8] Undefined variable: Dashboard /Applications/XAMPP/xamppfiles/htdocs/blog/Application/Runtime/Cache/Admin/db1ea2fedc255740be8194f6a5cec3ac.php 第 397 行.
NOTIC: [8] Undefined variable: hospitalInfo /Applications/XAMPP/xamppfiles/htdocs/blog/Application/Runtime/Cache/Admin/db1ea2fedc255740be8194f6a5cec3ac.php 第 434 行.
NOTIC: [8] Undefined variable: hospitalInfo /Applications/XAMPP/xamppfiles/htdocs/blog/Application/Runtime/Cache/Admin/db1ea2fedc255740be8194f6a5cec3ac.php 第 441 行.
NOTIC: [8] Undefined variable: hospitalInfo /Applications/XAMPP/xamppfiles/htdocs/blog/Application/Runtime/Cache/Admin/db1ea2fedc255740be8194f6a5cec3ac.php 第 448 行.
NOTIC: [8] Undefined variable: hospitalInfo /Applications/XAMPP/xamppfiles/htdocs/blog/Application/Runtime/Cache/Admin/db1ea2fedc255740be8194f6a5cec3ac.php 第 455 行.
NOTIC: [8] Undefined variable: hospitalInfo /Applications/XAMPP/xamppfiles/htdocs/blog/Application/Runtime/Cache/Admin/db1ea2fedc255740be8194f6a5cec3ac.php 第 463 行.
NOTIC: [8] Undefined variable: hospitalInfo /Applications/XAMPP/xamppfiles/htdocs/blog/Application/Runtime/Cache/Admin/db1ea2fedc255740be8194f6a5cec3ac.php 第 469 行.
NOTIC: [8] Undefined variable: hospitalInfo /Applications/XAMPP/xamppfiles/htdocs/blog/Application/Runtime/Cache/Admin/db1ea2fedc255740be8194f6a5cec3ac.php 第 476 行.
NOTIC: [8] Undefined variable: hospitalInfo /Applications/XAMPP/xamppfiles/htdocs/blog/Application/Runtime/Cache/Admin/db1ea2fedc255740be8194f6a5cec3ac.php 第 485 行.
NOTIC: [8] Undefined variable: hospitalInfo /Applications/XAMPP/xamppfiles/htdocs/blog/Application/Runtime/Cache/Admin/db1ea2fedc255740be8194f6a5cec3ac.php 第 487 行.
NOTIC: [8] Undefined variable: hospitalInfo /Applications/XAMPP/xamppfiles/htdocs/blog/Application/Runtime/Cache/Admin/db1ea2fedc255740be8194f6a5cec3ac.php 第 494 行.
NOTIC: [8] Undefined variable: hospitalInfo /Applications/XAMPP/xamppfiles/htdocs/blog/Application/Runtime/Cache/Admin/db1ea2fedc255740be8194f6a5cec3ac.php 第 496 行.
NOTIC: [8] Undefined variable: random /Applications/XAMPP/xamppfiles/htdocs/blog/Application/Runtime/Cache/Admin/db1ea2fedc255740be8194f6a5cec3ac.php 第 568 行.
INFO: Run Behavior\ParseTemplateBehavior [ RunTime:0.006996s ]
INFO: [ view_parse ] --END-- [ RunTime:0.007015s ]
INFO: [ view_filter ] --START--
INFO: Run Behavior\WriteHtmlCacheBehavior [ RunTime:0.000118s ]
INFO: [ view_filter ] --END-- [ RunTime:0.000134s ]
INFO: [ app_end ] --START--
INFO: Run Behavior\ShowPageTraceBehavior [ RunTime:0.000645s ]
INFO: [ app_end ] --END-- [ RunTime:0.000693s ]

[ 2016-09-30T00:37:38+08:00 ] 127.0.0.1 /admin.php/Post/add
INFO: [ app_init ] --START--
INFO: Run Behavior\BuildLiteBehavior [ RunTime:0.000020s ]
INFO: [ app_init ] --END-- [ RunTime:0.000808s ]
INFO: [ app_begin ] --START--
INFO: Run Behavior\ReadHtmlCacheBehavior [ RunTime:0.001024s ]
INFO: [ app_begin ] --END-- [ RunTime:0.001092s ]
INFO: [ view_parse ] --START--
INFO: [ template_filter ] --START--
INFO: Run Behavior\ContentReplaceBehavior [ RunTime:0.000253s ]
INFO: [ template_filter ] --END-- [ RunTime:0.000298s ]
NOTIC: [8] Undefined variable: userInfo /Applications/XAMPP/xamppfiles/htdocs/blog/Application/Runtime/Cache/Admin/db1ea2fedc255740be8194f6a5cec3ac.php 第 371 行.
NOTIC: [8] Undefined variable: Dashboard /Applications/XAMPP/xamppfiles/htdocs/blog/Application/Runtime/Cache/Admin/db1ea2fedc255740be8194f6a5cec3ac.php 第 391 行.
NOTIC: [8] Undefined variable: Dashboard /Applications/XAMPP/xamppfiles/htdocs/blog/Application/Runtime/Cache/Admin/db1ea2fedc255740be8194f6a5cec3ac.php 第 395 行.
NOTIC: [8] Undefined variable: Dashboard /Applications/XAMPP/xamppfiles/htdocs/blog/Application/Runtime/Cache/Admin/db1ea2fedc255740be8194f6a5cec3ac.php 第 397 行.
NOTIC: [8] Undefined variable: hospitalInfo /Applications/XAMPP/xamppfiles/htdocs/blog/Application/Runtime/Cache/Admin/db1ea2fedc255740be8194f6a5cec3ac.php 第 434 行.
NOTIC: [8] Undefined variable: hospitalInfo /Applications/XAMPP/xamppfiles/htdocs/blog/Application/Runtime/Cache/Admin/db1ea2fedc255740be8194f6a5cec3ac.php 第 441 行.
NOTIC: [8] Undefined variable: hospitalInfo /Applications/XAMPP/xamppfiles/htdocs/blog/Application/Runtime/Cache/Admin/db1ea2fedc255740be8194f6a5cec3ac.php 第 448 行.
NOTIC: [8] Undefined variable: hospitalInfo /Applications/XAMPP/xamppfiles/htdocs/blog/Application/Runtime/Cache/Admin/db1ea2fedc255740be8194f6a5cec3ac.php 第 455 行.
NOTIC: [8] Undefined variable: hospitalInfo /Applications/XAMPP/xamppfiles/htdocs/blog/Application/Runtime/Cache/Admin/db1ea2fedc255740be8194f6a5cec3ac.php 第 463 行.
NOTIC: [8] Undefined variable: hospitalInfo /Applications/XAMPP/xamppfiles/htdocs/blog/Application/Runtime/Cache/Admin/db1ea2fedc255740be8194f6a5cec3ac.php 第 469 行.
NOTIC: [8] Undefined variable: hospitalInfo /Applications/XAMPP/xamppfiles/htdocs/blog/Application/Runtime/Cache/Admin/db1ea2fedc255740be8194f6a5cec3ac.php 第 476 行.
NOTIC: [8] Undefined variable: hospitalInfo /Applications/XAMPP/xamppfiles/htdocs/blog/Application/Runtime/Cache/Admin/db1ea2fedc255740be8194f6a5cec3ac.php 第 485 行.
NOTIC: [8] Undefined variable: hospitalInfo /Applications/XAMPP/xamppfiles/htdocs/blog/Application/Runtime/Cache/Admin/db1ea2fedc255740be8194f6a5cec3ac.php 第 487 行.
NOTIC: [8] Undefined variable: hospitalInfo /Applications/XAMPP/xamppfiles/htdocs/blog/Application/Runtime/Cache/Admin/db1ea2fedc255740be8194f6a5cec3ac.php 第 494 行.
NOTIC: [8] Undefined variable: hospitalInfo /Applications/XAMPP/xamppfiles/htdocs/blog/Application/Runtime/Cache/Admin/db1ea2fedc255740be8194f6a5cec3ac.php 第 496 行.
NOTIC: [8] Undefined variable: random /Applications/XAMPP/xamppfiles/htdocs/blog/Application/Runtime/Cache/Admin/db1ea2fedc255740be8194f6a5cec3ac.php 第 568 行.
INFO: Run Behavior\ParseTemplateBehavior [ RunTime:0.016250s ]
INFO: [ view_parse ] --END-- [ RunTime:0.016291s ]
INFO: [ view_filter ] --START--
INFO: Run Behavior\WriteHtmlCacheBehavior [ RunTime:0.000480s ]
INFO: [ view_filter ] --END-- [ RunTime:0.000508s ]
INFO: [ app_end ] --START--
INFO: Run Behavior\ShowPageTraceBehavior [ RunTime:0.000654s ]
INFO: [ app_end ] --END-- [ RunTime:0.000692s ]

[ 2016-09-30T00:37:39+08:00 ] 127.0.0.1 /admin.php/Post/add
INFO: [ app_init ] --START--
INFO: Run Behavior\BuildLiteBehavior [ RunTime:0.000013s ]
INFO: [ app_init ] --END-- [ RunTime:0.000305s ]
INFO: [ app_begin ] --START--
INFO: Run Behavior\ReadHtmlCacheBehavior [ RunTime:0.000320s ]
INFO: [ app_begin ] --END-- [ RunTime:0.000346s ]
INFO: [ view_parse ] --START--
INFO: [ template_filter ] --START--
INFO: Run Behavior\ContentReplaceBehavior [ RunTime:0.000201s ]
INFO: [ template_filter ] --END-- [ RunTime:0.000239s ]
NOTIC: [8] Undefined variable: userInfo /Applications/XAMPP/xamppfiles/htdocs/blog/Application/Runtime/Cache/Admin/db1ea2fedc255740be8194f6a5cec3ac.php 第 371 行.
NOTIC: [8] Undefined variable: Dashboard /Applications/XAMPP/xamppfiles/htdocs/blog/Application/Runtime/Cache/Admin/db1ea2fedc255740be8194f6a5cec3ac.php 第 391 行.
NOTIC: [8] Undefined variable: Dashboard /Applications/XAMPP/xamppfiles/htdocs/blog/Application/Runtime/Cache/Admin/db1ea2fedc255740be8194f6a5cec3ac.php 第 395 行.
NOTIC: [8] Undefined variable: Dashboard /Applications/XAMPP/xamppfiles/htdocs/blog/Application/Runtime/Cache/Admin/db1ea2fedc255740be8194f6a5cec3ac.php 第 397 行.
NOTIC: [8] Undefined variable: hospitalInfo /Applications/XAMPP/xamppfiles/htdocs/blog/Application/Runtime/Cache/Admin/db1ea2fedc255740be8194f6a5cec3ac.php 第 434 行.
NOTIC: [8] Undefined variable: hospitalInfo /Applications/XAMPP/xamppfiles/htdocs/blog/Application/Runtime/Cache/Admin/db1ea2fedc255740be8194f6a5cec3ac.php 第 441 行.
NOTIC: [8] Undefined variable: hospitalInfo /Applications/XAMPP/xamppfiles/htdocs/blog/Application/Runtime/Cache/Admin/db1ea2fedc255740be8194f6a5cec3ac.php 第 448 行.
NOTIC: [8] Undefined variable: hospitalInfo /Applications/XAMPP/xamppfiles/htdocs/blog/Application/Runtime/Cache/Admin/db1ea2fedc255740be8194f6a5cec3ac.php 第 455 行.
NOTIC: [8] Undefined variable: hospitalInfo /Applications/XAMPP/xamppfiles/htdocs/blog/Application/Runtime/Cache/Admin/db1ea2fedc255740be8194f6a5cec3ac.php 第 463 行.
NOTIC: [8] Undefined variable: hospitalInfo /Applications/XAMPP/xamppfiles/htdocs/blog/Application/Runtime/Cache/Admin/db1ea2fedc255740be8194f6a5cec3ac.php 第 469 行.
NOTIC: [8] Undefined variable: hospitalInfo /Applications/XAMPP/xamppfiles/htdocs/blog/Application/Runtime/Cache/Admin/db1ea2fedc255740be8194f6a5cec3ac.php 第 476 行.
NOTIC: [8] Undefined variable: hospitalInfo /Applications/XAMPP/xamppfiles/htdocs/blog/Application/Runtime/Cache/Admin/db1ea2fedc255740be8194f6a5cec3ac.php 第 485 行.
NOTIC: [8] Undefined variable: hospitalInfo /Applications/XAMPP/xamppfiles/htdocs/blog/Application/Runtime/Cache/Admin/db1ea2fedc255740be8194f6a5cec3ac.php 第 487 行.
NOTIC: [8] Undefined variable: hospitalInfo /Applications/XAMPP/xamppfiles/htdocs/blog/Application/Runtime/Cache/Admin/db1ea2fedc255740be8194f6a5cec3ac.php 第 494 行.
NOTIC: [8] Undefined variable: hospitalInfo /Applications/XAMPP/xamppfiles/htdocs/blog/Application/Runtime/Cache/Admin/db1ea2fedc255740be8194f6a5cec3ac.php 第 496 行.
NOTIC: [8] Undefined variable: random /Applications/XAMPP/xamppfiles/htdocs/blog/Application/Runtime/Cache/Admin/db1ea2fedc255740be8194f6a5cec3ac.php 第 568 行.
INFO: Run Behavior\ParseTemplateBehavior [ RunTime:0.009502s ]
INFO: [ view_parse ] --END-- [ RunTime:0.009528s ]
INFO: [ view_filter ] --START--
INFO: Run Behavior\WriteHtmlCacheBehavior [ RunTime:0.000130s ]
INFO: [ view_filter ] --END-- [ RunTime:0.000147s ]
INFO: [ app_end ] --START--
INFO: Run Behavior\ShowPageTraceBehavior [ RunTime:0.000495s ]
INFO: [ app_end ] --END-- [ RunTime:0.000542s ]

[ 2016-09-30T00:38:40+08:00 ] 127.0.0.1 /admin.php/Post/add
INFO: [ app_init ] --START--
INFO: Run Behavior\BuildLiteBehavior [ RunTime:0.000008s ]
INFO: [ app_init ] --END-- [ RunTime:0.000259s ]
INFO: [ app_begin ] --START--
INFO: Run Behavior\ReadHtmlCacheBehavior [ RunTime:0.000736s ]
INFO: [ app_begin ] --END-- [ RunTime:0.000793s ]
INFO: [ view_parse ] --START--
INFO: [ template_filter ] --START--
INFO: Run Behavior\ContentReplaceBehavior [ RunTime:0.000235s ]
INFO: [ template_filter ] --END-- [ RunTime:0.000276s ]
NOTIC: [8] Undefined variable: userInfo /Applications/XAMPP/xamppfiles/htdocs/blog/Application/Runtime/Cache/Admin/db1ea2fedc255740be8194f6a5cec3ac.php 第 371 行.
NOTIC: [8] Undefined variable: Dashboard /Applications/XAMPP/xamppfiles/htdocs/blog/Application/Runtime/Cache/Admin/db1ea2fedc255740be8194f6a5cec3ac.php 第 391 行.
NOTIC: [8] Undefined variable: Dashboard /Applications/XAMPP/xamppfiles/htdocs/blog/Application/Runtime/Cache/Admin/db1ea2fedc255740be8194f6a5cec3ac.php 第 395 行.
NOTIC: [8] Undefined variable: Dashboard /Applications/XAMPP/xamppfiles/htdocs/blog/Application/Runtime/Cache/Admin/db1ea2fedc255740be8194f6a5cec3ac.php 第 397 行.
NOTIC: [8] Undefined variable: hospitalInfo /Applications/XAMPP/xamppfiles/htdocs/blog/Application/Runtime/Cache/Admin/db1ea2fedc255740be8194f6a5cec3ac.php 第 434 行.
NOTIC: [8] Undefined variable: hospitalInfo /Applications/XAMPP/xamppfiles/htdocs/blog/Application/Runtime/Cache/Admin/db1ea2fedc255740be8194f6a5cec3ac.php 第 441 行.
NOTIC: [8] Undefined variable: hospitalInfo /Applications/XAMPP/xamppfiles/htdocs/blog/Application/Runtime/Cache/Admin/db1ea2fedc255740be8194f6a5cec3ac.php 第 448 行.
NOTIC: [8] Undefined variable: hospitalInfo /Applications/XAMPP/xamppfiles/htdocs/blog/Application/Runtime/Cache/Admin/db1ea2fedc255740be8194f6a5cec3ac.php 第 455 行.
NOTIC: [8] Undefined variable: hospitalInfo /Applications/XAMPP/xamppfiles/htdocs/blog/Application/Runtime/Cache/Admin/db1ea2fedc255740be8194f6a5cec3ac.php 第 463 行.
NOTIC: [8] Undefined variable: hospitalInfo /Applications/XAMPP/xamppfiles/htdocs/blog/Application/Runtime/Cache/Admin/db1ea2fedc255740be8194f6a5cec3ac.php 第 469 行.
NOTIC: [8] Undefined variable: hospitalInfo /Applications/XAMPP/xamppfiles/htdocs/blog/Application/Runtime/Cache/Admin/db1ea2fedc255740be8194f6a5cec3ac.php 第 476 行.
NOTIC: [8] Undefined variable: hospitalInfo /Applications/XAMPP/xamppfiles/htdocs/blog/Application/Runtime/Cache/Admin/db1ea2fedc255740be8194f6a5cec3ac.php 第 485 行.
NOTIC: [8] Undefined variable: hospitalInfo /Applications/XAMPP/xamppfiles/htdocs/blog/Application/Runtime/Cache/Admin/db1ea2fedc255740be8194f6a5cec3ac.php 第 487 行.
NOTIC: [8] Undefined variable: hospitalInfo /Applications/XAMPP/xamppfiles/htdocs/blog/Application/Runtime/Cache/Admin/db1ea2fedc255740be8194f6a5cec3ac.php 第 494 行.
NOTIC: [8] Undefined variable: hospitalInfo /Applications/XAMPP/xamppfiles/htdocs/blog/Application/Runtime/Cache/Admin/db1ea2fedc255740be8194f6a5cec3ac.php 第 496 行.
NOTIC: [8] Undefined variable: random /Applications/XAMPP/xamppfiles/htdocs/blog/Application/Runtime/Cache/Admin/db1ea2fedc255740be8194f6a5cec3ac.php 第 568 行.
INFO: Run Behavior\ParseTemplateBehavior [ RunTime:0.018317s ]
INFO: [ view_parse ] --END-- [ RunTime:0.018369s ]
INFO: [ view_filter ] --START--
INFO: Run Behavior\WriteHtmlCacheBehavior [ RunTime:0.000529s ]
INFO: [ view_filter ] --END-- [ RunTime:0.000572s ]
INFO: [ app_end ] --START--
INFO: Run Behavior\ShowPageTraceBehavior [ RunTime:0.001035s ]
INFO: [ app_end ] --END-- [ RunTime:0.001083s ]

[ 2016-09-30T00:42:09+08:00 ] 127.0.0.1 /admin.php/Post/add
INFO: [ app_init ] --START--
INFO: Run Behavior\BuildLiteBehavior [ RunTime:0.000021s ]
INFO: [ app_init ] --END-- [ RunTime:0.000891s ]
INFO: [ app_begin ] --START--
INFO: Run Behavior\ReadHtmlCacheBehavior [ RunTime:0.000948s ]
INFO: [ app_begin ] --END-- [ RunTime:0.001010s ]
INFO: [ view_parse ] --START--
INFO: [ template_filter ] --START--
INFO: Run Behavior\ContentReplaceBehavior [ RunTime:0.000359s ]
INFO: [ template_filter ] --END-- [ RunTime:0.000435s ]
NOTIC: [8] Undefined variable: userInfo /Applications/XAMPP/xamppfiles/htdocs/blog/Application/Runtime/Cache/Admin/db1ea2fedc255740be8194f6a5cec3ac.php 第 371 行.
NOTIC: [8] Undefined variable: Dashboard /Applications/XAMPP/xamppfiles/htdocs/blog/Application/Runtime/Cache/Admin/db1ea2fedc255740be8194f6a5cec3ac.php 第 391 行.
NOTIC: [8] Undefined variable: Dashboard /Applications/XAMPP/xamppfiles/htdocs/blog/Application/Runtime/Cache/Admin/db1ea2fedc255740be8194f6a5cec3ac.php 第 395 行.
NOTIC: [8] Undefined variable: Dashboard /Applications/XAMPP/xamppfiles/htdocs/blog/Application/Runtime/Cache/Admin/db1ea2fedc255740be8194f6a5cec3ac.php 第 397 行.
NOTIC: [8] Undefined variable: hospitalInfo /Applications/XAMPP/xamppfiles/htdocs/blog/Application/Runtime/Cache/Admin/db1ea2fedc255740be8194f6a5cec3ac.php 第 434 行.
NOTIC: [8] Undefined variable: hospitalInfo /Applications/XAMPP/xamppfiles/htdocs/blog/Application/Runtime/Cache/Admin/db1ea2fedc255740be8194f6a5cec3ac.php 第 441 行.
NOTIC: [8] Undefined variable: hospitalInfo /Applications/XAMPP/xamppfiles/htdocs/blog/Application/Runtime/Cache/Admin/db1ea2fedc255740be8194f6a5cec3ac.php 第 448 行.
NOTIC: [8] Undefined variable: hospitalInfo /Applications/XAMPP/xamppfiles/htdocs/blog/Application/Runtime/Cache/Admin/db1ea2fedc255740be8194f6a5cec3ac.php 第 455 行.
NOTIC: [8] Undefined variable: hospitalInfo /Applications/XAMPP/xamppfiles/htdocs/blog/Application/Runtime/Cache/Admin/db1ea2fedc255740be8194f6a5cec3ac.php 第 463 行.
NOTIC: [8] Undefined variable: hospitalInfo /Applications/XAMPP/xamppfiles/htdocs/blog/Application/Runtime/Cache/Admin/db1ea2fedc255740be8194f6a5cec3ac.php 第 469 行.
NOTIC: [8] Undefined variable: hospitalInfo /Applications/XAMPP/xamppfiles/htdocs/blog/Application/Runtime/Cache/Admin/db1ea2fedc255740be8194f6a5cec3ac.php 第 476 行.
NOTIC: [8] Undefined variable: hospitalInfo /Applications/XAMPP/xamppfiles/htdocs/blog/Application/Runtime/Cache/Admin/db1ea2fedc255740be8194f6a5cec3ac.php 第 485 行.
NOTIC: [8] Undefined variable: hospitalInfo /Applications/XAMPP/xamppfiles/htdocs/blog/Application/Runtime/Cache/Admin/db1ea2fedc255740be8194f6a5cec3ac.php 第 487 行.
NOTIC: [8] Undefined variable: hospitalInfo /Applications/XAMPP/xamppfiles/htdocs/blog/Application/Runtime/Cache/Admin/db1ea2fedc255740be8194f6a5cec3ac.php 第 494 行.
NOTIC: [8] Undefined variable: hospitalInfo /Applications/XAMPP/xamppfiles/htdocs/blog/Application/Runtime/Cache/Admin/db1ea2fedc255740be8194f6a5cec3ac.php 第 496 行.
NOTIC: [8] Undefined variable: random /Applications/XAMPP/xamppfiles/htdocs/blog/Application/Runtime/Cache/Admin/db1ea2fedc255740be8194f6a5cec3ac.php 第 568 行.
INFO: Run Behavior\ParseTemplateBehavior [ RunTime:0.020232s ]
INFO: [ view_parse ] --END-- [ RunTime:0.020278s ]
INFO: [ view_filter ] --START--
INFO: Run Behavior\WriteHtmlCacheBehavior [ RunTime:0.000458s ]
INFO: [ view_filter ] --END-- [ RunTime:0.000494s ]
INFO: [ app_end ] --START--
INFO: Run Behavior\ShowPageTraceBehavior [ RunTime:0.001063s ]
INFO: [ app_end ] --END-- [ RunTime:0.001111s ]

[ 2016-09-30T00:43:50+08:00 ] 127.0.0.1 /admin.php/Post/add
INFO: [ app_init ] --START--
INFO: Run Behavior\BuildLiteBehavior [ RunTime:0.000016s ]
INFO: [ app_init ] --END-- [ RunTime:0.000900s ]
INFO: [ app_begin ] --START--
INFO: Run Behavior\ReadHtmlCacheBehavior [ RunTime:0.001100s ]
INFO: [ app_begin ] --END-- [ RunTime:0.001167s ]
INFO: [ view_parse ] --START--
INFO: [ template_filter ] --START--
INFO: Run Behavior\ContentReplaceBehavior [ RunTime:0.000247s ]
INFO: [ template_filter ] --END-- [ RunTime:0.000299s ]
NOTIC: [8] Undefined variable: userInfo /Applications/XAMPP/xamppfiles/htdocs/blog/Application/Runtime/Cache/Admin/db1ea2fedc255740be8194f6a5cec3ac.php 第 371 行.
NOTIC: [8] Undefined variable: Dashboard /Applications/XAMPP/xamppfiles/htdocs/blog/Application/Runtime/Cache/Admin/db1ea2fedc255740be8194f6a5cec3ac.php 第 391 行.
NOTIC: [8] Undefined variable: Dashboard /Applications/XAMPP/xamppfiles/htdocs/blog/Application/Runtime/Cache/Admin/db1ea2fedc255740be8194f6a5cec3ac.php 第 395 行.
NOTIC: [8] Undefined variable: Dashboard /Applications/XAMPP/xamppfiles/htdocs/blog/Application/Runtime/Cache/Admin/db1ea2fedc255740be8194f6a5cec3ac.php 第 397 行.
NOTIC: [8] Undefined variable: hospitalInfo /Applications/XAMPP/xamppfiles/htdocs/blog/Application/Runtime/Cache/Admin/db1ea2fedc255740be8194f6a5cec3ac.php 第 434 行.
NOTIC: [8] Undefined variable: hospitalInfo /Applications/XAMPP/xamppfiles/htdocs/blog/Application/Runtime/Cache/Admin/db1ea2fedc255740be8194f6a5cec3ac.php 第 441 行.
NOTIC: [8] Undefined variable: hospitalInfo /Applications/XAMPP/xamppfiles/htdocs/blog/Application/Runtime/Cache/Admin/db1ea2fedc255740be8194f6a5cec3ac.php 第 448 行.
NOTIC: [8] Undefined variable: hospitalInfo /Applications/XAMPP/xamppfiles/htdocs/blog/Application/Runtime/Cache/Admin/db1ea2fedc255740be8194f6a5cec3ac.php 第 455 行.
NOTIC: [8] Undefined variable: hospitalInfo /Applications/XAMPP/xamppfiles/htdocs/blog/Application/Runtime/Cache/Admin/db1ea2fedc255740be8194f6a5cec3ac.php 第 463 行.
NOTIC: [8] Undefined variable: hospitalInfo /Applications/XAMPP/xamppfiles/htdocs/blog/Application/Runtime/Cache/Admin/db1ea2fedc255740be8194f6a5cec3ac.php 第 469 行.
NOTIC: [8] Undefined variable: hospitalInfo /Applications/XAMPP/xamppfiles/htdocs/blog/Application/Runtime/Cache/Admin/db1ea2fedc255740be8194f6a5cec3ac.php 第 476 行.
NOTIC: [8] Undefined variable: hospitalInfo /Applications/XAMPP/xamppfiles/htdocs/blog/Application/Runtime/Cache/Admin/db1ea2fedc255740be8194f6a5cec3ac.php 第 485 行.
NOTIC: [8] Undefined variable: hospitalInfo /Applications/XAMPP/xamppfiles/htdocs/blog/Application/Runtime/Cache/Admin/db1ea2fedc255740be8194f6a5cec3ac.php 第 487 行.
NOTIC: [8] Undefined variable: hospitalInfo /Applications/XAMPP/xamppfiles/htdocs/blog/Application/Runtime/Cache/Admin/db1ea2fedc255740be8194f6a5cec3ac.php 第 494 行.
NOTIC: [8] Undefined variable: hospitalInfo /Applications/XAMPP/xamppfiles/htdocs/blog/Application/Runtime/Cache/Admin/db1ea2fedc255740be8194f6a5cec3ac.php 第 496 行.
NOTIC: [8] Undefined variable: random /Applications/XAMPP/xamppfiles/htdocs/blog/Application/Runtime/Cache/Admin/db1ea2fedc255740be8194f6a5cec3ac.php 第 569 行.
INFO: Run Behavior\ParseTemplateBehavior [ RunTime:0.019386s ]
INFO: [ view_parse ] --END-- [ RunTime:0.019474s ]
INFO: [ view_filter ] --START--
INFO: Run Behavior\WriteHtmlCacheBehavior [ RunTime:0.000500s ]
INFO: [ view_filter ] --END-- [ RunTime:0.000539s ]
INFO: [ app_end ] --START--
INFO: Run Behavior\ShowPageTraceBehavior [ RunTime:0.000955s ]
INFO: [ app_end ] --END-- [ RunTime:0.001027s ]

[ 2016-09-30T00:43:52+08:00 ] 127.0.0.1 /admin.php/Post/add
INFO: [ app_init ] --START--
INFO: Run Behavior\BuildLiteBehavior [ RunTime:0.000007s ]
INFO: [ app_init ] --END-- [ RunTime:0.000222s ]
INFO: [ app_begin ] --START--
INFO: Run Behavior\ReadHtmlCacheBehavior [ RunTime:0.000299s ]
INFO: [ app_begin ] --END-- [ RunTime:0.000322s ]
INFO: [ view_parse ] --START--
INFO: [ template_filter ] --START--
INFO: Run Behavior\ContentReplaceBehavior [ RunTime:0.000220s ]
INFO: [ template_filter ] --END-- [ RunTime:0.000270s ]
NOTIC: [8] Undefined variable: userInfo /Applications/XAMPP/xamppfiles/htdocs/blog/Application/Runtime/Cache/Admin/db1ea2fedc255740be8194f6a5cec3ac.php 第 371 行.
NOTIC: [8] Undefined variable: Dashboard /Applications/XAMPP/xamppfiles/htdocs/blog/Application/Runtime/Cache/Admin/db1ea2fedc255740be8194f6a5cec3ac.php 第 391 行.
NOTIC: [8] Undefined variable: Dashboard /Applications/XAMPP/xamppfiles/htdocs/blog/Application/Runtime/Cache/Admin/db1ea2fedc255740be8194f6a5cec3ac.php 第 395 行.
NOTIC: [8] Undefined variable: Dashboard /Applications/XAMPP/xamppfiles/htdocs/blog/Application/Runtime/Cache/Admin/db1ea2fedc255740be8194f6a5cec3ac.php 第 397 行.
NOTIC: [8] Undefined variable: hospitalInfo /Applications/XAMPP/xamppfiles/htdocs/blog/Application/Runtime/Cache/Admin/db1ea2fedc255740be8194f6a5cec3ac.php 第 434 行.
NOTIC: [8] Undefined variable: hospitalInfo /Applications/XAMPP/xamppfiles/htdocs/blog/Application/Runtime/Cache/Admin/db1ea2fedc255740be8194f6a5cec3ac.php 第 441 行.
NOTIC: [8] Undefined variable: hospitalInfo /Applications/XAMPP/xamppfiles/htdocs/blog/Application/Runtime/Cache/Admin/db1ea2fedc255740be8194f6a5cec3ac.php 第 448 行.
NOTIC: [8] Undefined variable: hospitalInfo /Applications/XAMPP/xamppfiles/htdocs/blog/Application/Runtime/Cache/Admin/db1ea2fedc255740be8194f6a5cec3ac.php 第 455 行.
NOTIC: [8] Undefined variable: hospitalInfo /Applications/XAMPP/xamppfiles/htdocs/blog/Application/Runtime/Cache/Admin/db1ea2fedc255740be8194f6a5cec3ac.php 第 463 行.
NOTIC: [8] Undefined variable: hospitalInfo /Applications/XAMPP/xamppfiles/htdocs/blog/Application/Runtime/Cache/Admin/db1ea2fedc255740be8194f6a5cec3ac.php 第 469 行.
NOTIC: [8] Undefined variable: hospitalInfo /Applications/XAMPP/xamppfiles/htdocs/blog/Application/Runtime/Cache/Admin/db1ea2fedc255740be8194f6a5cec3ac.php 第 476 行.
NOTIC: [8] Undefined variable: hospitalInfo /Applications/XAMPP/xamppfiles/htdocs/blog/Application/Runtime/Cache/Admin/db1ea2fedc255740be8194f6a5cec3ac.php 第 485 行.
NOTIC: [8] Undefined variable: hospitalInfo /Applications/XAMPP/xamppfiles/htdocs/blog/Application/Runtime/Cache/Admin/db1ea2fedc255740be8194f6a5cec3ac.php 第 487 行.
NOTIC: [8] Undefined variable: hospitalInfo /Applications/XAMPP/xamppfiles/htdocs/blog/Application/Runtime/Cache/Admin/db1ea2fedc255740be8194f6a5cec3ac.php 第 494 行.
NOTIC: [8] Undefined variable: hospitalInfo /Applications/XAMPP/xamppfiles/htdocs/blog/Application/Runtime/Cache/Admin/db1ea2fedc255740be8194f6a5cec3ac.php 第 496 行.
NOTIC: [8] Undefined variable: random /Applications/XAMPP/xamppfiles/htdocs/blog/Application/Runtime/Cache/Admin/db1ea2fedc255740be8194f6a5cec3ac.php 第 569 行.
INFO: Run Behavior\ParseTemplateBehavior [ RunTime:0.010224s ]
INFO: [ view_parse ] --END-- [ RunTime:0.010352s ]
INFO: [ view_filter ] --START--
INFO: Run Behavior\WriteHtmlCacheBehavior [ RunTime:0.000337s ]
INFO: [ view_filter ] --END-- [ RunTime:0.000385s ]
INFO: [ app_end ] --START--
INFO: Run Behavior\ShowPageTraceBehavior [ RunTime:0.000633s ]
INFO: [ app_end ] --END-- [ RunTime:0.000680s ]

[ 2016-09-30T00:45:45+08:00 ] 127.0.0.1 /admin.php/Post/add
INFO: [ app_init ] --START--
INFO: Run Behavior\BuildLiteBehavior [ RunTime:0.000023s ]
INFO: [ app_init ] --END-- [ RunTime:0.000839s ]
INFO: [ app_begin ] --START--
INFO: Run Behavior\ReadHtmlCacheBehavior [ RunTime:0.000958s ]
INFO: [ app_begin ] --END-- [ RunTime:0.001025s ]
INFO: [ view_parse ] --START--
INFO: [ template_filter ] --START--
INFO: Run Behavior\ContentReplaceBehavior [ RunTime:0.000232s ]
INFO: [ template_filter ] --END-- [ RunTime:0.000274s ]
NOTIC: [8] Undefined variable: userInfo /Applications/XAMPP/xamppfiles/htdocs/blog/Application/Runtime/Cache/Admin/db1ea2fedc255740be8194f6a5cec3ac.php 第 371 行.
NOTIC: [8] Undefined variable: Dashboard /Applications/XAMPP/xamppfiles/htdocs/blog/Application/Runtime/Cache/Admin/db1ea2fedc255740be8194f6a5cec3ac.php 第 391 行.
NOTIC: [8] Undefined variable: Dashboard /Applications/XAMPP/xamppfiles/htdocs/blog/Application/Runtime/Cache/Admin/db1ea2fedc255740be8194f6a5cec3ac.php 第 395 行.
NOTIC: [8] Undefined variable: Dashboard /Applications/XAMPP/xamppfiles/htdocs/blog/Application/Runtime/Cache/Admin/db1ea2fedc255740be8194f6a5cec3ac.php 第 397 行.
NOTIC: [8] Undefined variable: hospitalInfo /Applications/XAMPP/xamppfiles/htdocs/blog/Application/Runtime/Cache/Admin/db1ea2fedc255740be8194f6a5cec3ac.php 第 434 行.
NOTIC: [8] Undefined variable: hospitalInfo /Applications/XAMPP/xamppfiles/htdocs/blog/Application/Runtime/Cache/Admin/db1ea2fedc255740be8194f6a5cec3ac.php 第 441 行.
NOTIC: [8] Undefined variable: hospitalInfo /Applications/XAMPP/xamppfiles/htdocs/blog/Application/Runtime/Cache/Admin/db1ea2fedc255740be8194f6a5cec3ac.php 第 448 行.
NOTIC: [8] Undefined variable: hospitalInfo /Applications/XAMPP/xamppfiles/htdocs/blog/Application/Runtime/Cache/Admin/db1ea2fedc255740be8194f6a5cec3ac.php 第 455 行.
NOTIC: [8] Undefined variable: hospitalInfo /Applications/XAMPP/xamppfiles/htdocs/blog/Application/Runtime/Cache/Admin/db1ea2fedc255740be8194f6a5cec3ac.php 第 463 行.
NOTIC: [8] Undefined variable: hospitalInfo /Applications/XAMPP/xamppfiles/htdocs/blog/Application/Runtime/Cache/Admin/db1ea2fedc255740be8194f6a5cec3ac.php 第 469 行.
NOTIC: [8] Undefined variable: hospitalInfo /Applications/XAMPP/xamppfiles/htdocs/blog/Application/Runtime/Cache/Admin/db1ea2fedc255740be8194f6a5cec3ac.php 第 476 行.
NOTIC: [8] Undefined variable: hospitalInfo /Applications/XAMPP/xamppfiles/htdocs/blog/Application/Runtime/Cache/Admin/db1ea2fedc255740be8194f6a5cec3ac.php 第 485 行.
NOTIC: [8] Undefined variable: hospitalInfo /Applications/XAMPP/xamppfiles/htdocs/blog/Application/Runtime/Cache/Admin/db1ea2fedc255740be8194f6a5cec3ac.php 第 487 行.
NOTIC: [8] Undefined variable: hospitalInfo /Applications/XAMPP/xamppfiles/htdocs/blog/Application/Runtime/Cache/Admin/db1ea2fedc255740be8194f6a5cec3ac.php 第 494 行.
NOTIC: [8] Undefined variable: hospitalInfo /Applications/XAMPP/xamppfiles/htdocs/blog/Application/Runtime/Cache/Admin/db1ea2fedc255740be8194f6a5cec3ac.php 第 496 行.
NOTIC: [8] Undefined variable: random /Applications/XAMPP/xamppfiles/htdocs/blog/Application/Runtime/Cache/Admin/db1ea2fedc255740be8194f6a5cec3ac.php 第 569 行.
INFO: Run Behavior\ParseTemplateBehavior [ RunTime:0.018085s ]
INFO: [ view_parse ] --END-- [ RunTime:0.018138s ]
INFO: [ view_filter ] --START--
INFO: Run Behavior\WriteHtmlCacheBehavior [ RunTime:0.000471s ]
INFO: [ view_filter ] --END-- [ RunTime:0.000509s ]
INFO: [ app_end ] --START--
INFO: Run Behavior\ShowPageTraceBehavior [ RunTime:0.000993s ]
INFO: [ app_end ] --END-- [ RunTime:0.001076s ]

[ 2016-09-30T00:45:46+08:00 ] 127.0.0.1 /admin.php/Post/add
INFO: [ app_init ] --START--
INFO: Run Behavior\BuildLiteBehavior [ RunTime:0.000017s ]
INFO: [ app_init ] --END-- [ RunTime:0.000482s ]
INFO: [ app_begin ] --START--
INFO: Run Behavior\ReadHtmlCacheBehavior [ RunTime:0.000695s ]
INFO: [ app_begin ] --END-- [ RunTime:0.000749s ]
INFO: [ view_parse ] --START--
INFO: [ template_filter ] --START--
INFO: Run Behavior\ContentReplaceBehavior [ RunTime:0.000242s ]
INFO: [ template_filter ] --END-- [ RunTime:0.000301s ]
NOTIC: [8] Undefined variable: userInfo /Applications/XAMPP/xamppfiles/htdocs/blog/Application/Runtime/Cache/Admin/db1ea2fedc255740be8194f6a5cec3ac.php 第 371 行.
NOTIC: [8] Undefined variable: Dashboard /Applications/XAMPP/xamppfiles/htdocs/blog/Application/Runtime/Cache/Admin/db1ea2fedc255740be8194f6a5cec3ac.php 第 391 行.
NOTIC: [8] Undefined variable: Dashboard /Applications/XAMPP/xamppfiles/htdocs/blog/Application/Runtime/Cache/Admin/db1ea2fedc255740be8194f6a5cec3ac.php 第 395 行.
NOTIC: [8] Undefined variable: Dashboard /Applications/XAMPP/xamppfiles/htdocs/blog/Application/Runtime/Cache/Admin/db1ea2fedc255740be8194f6a5cec3ac.php 第 397 行.
NOTIC: [8] Undefined variable: hospitalInfo /Applications/XAMPP/xamppfiles/htdocs/blog/Application/Runtime/Cache/Admin/db1ea2fedc255740be8194f6a5cec3ac.php 第 434 行.
NOTIC: [8] Undefined variable: hospitalInfo /Applications/XAMPP/xamppfiles/htdocs/blog/Application/Runtime/Cache/Admin/db1ea2fedc255740be8194f6a5cec3ac.php 第 441 行.
NOTIC: [8] Undefined variable: hospitalInfo /Applications/XAMPP/xamppfiles/htdocs/blog/Application/Runtime/Cache/Admin/db1ea2fedc255740be8194f6a5cec3ac.php 第 448 行.
NOTIC: [8] Undefined variable: hospitalInfo /Applications/XAMPP/xamppfiles/htdocs/blog/Application/Runtime/Cache/Admin/db1ea2fedc255740be8194f6a5cec3ac.php 第 455 行.
NOTIC: [8] Undefined variable: hospitalInfo /Applications/XAMPP/xamppfiles/htdocs/blog/Application/Runtime/Cache/Admin/db1ea2fedc255740be8194f6a5cec3ac.php 第 463 行.
NOTIC: [8] Undefined variable: hospitalInfo /Applications/XAMPP/xamppfiles/htdocs/blog/Application/Runtime/Cache/Admin/db1ea2fedc255740be8194f6a5cec3ac.php 第 469 行.
NOTIC: [8] Undefined variable: hospitalInfo /Applications/XAMPP/xamppfiles/htdocs/blog/Application/Runtime/Cache/Admin/db1ea2fedc255740be8194f6a5cec3ac.php 第 476 行.
NOTIC: [8] Undefined variable: hospitalInfo /Applications/XAMPP/xamppfiles/htdocs/blog/Application/Runtime/Cache/Admin/db1ea2fedc255740be8194f6a5cec3ac.php 第 485 行.
NOTIC: [8] Undefined variable: hospitalInfo /Applications/XAMPP/xamppfiles/htdocs/blog/Application/Runtime/Cache/Admin/db1ea2fedc255740be8194f6a5cec3ac.php 第 487 行.
NOTIC: [8] Undefined variable: hospitalInfo /Applications/XAMPP/xamppfiles/htdocs/blog/Application/Runtime/Cache/Admin/db1ea2fedc255740be8194f6a5cec3ac.php 第 494 行.
NOTIC: [8] Undefined variable: hospitalInfo /Applications/XAMPP/xamppfiles/htdocs/blog/Application/Runtime/Cache/Admin/db1ea2fedc255740be8194f6a5cec3ac.php 第 496 行.
NOTIC: [8] Undefined variable: random /Applications/XAMPP/xamppfiles/htdocs/blog/Application/Runtime/Cache/Admin/db1ea2fedc255740be8194f6a5cec3ac.php 第 569 行.
INFO: Run Behavior\ParseTemplateBehavior [ RunTime:0.021603s ]
INFO: [ view_parse ] --END-- [ RunTime:0.022316s ]
INFO: [ view_filter ] --START--
INFO: Run Behavior\WriteHtmlCacheBehavior [ RunTime:0.000185s ]
INFO: [ view_filter ] --END-- [ RunTime:0.000210s ]
INFO: [ app_end ] --START--
INFO: Run Behavior\ShowPageTraceBehavior [ RunTime:0.000591s ]
INFO: [ app_end ] --END-- [ RunTime:0.000638s ]

[ 2016-09-30T00:46:05+08:00 ] 127.0.0.1 /admin.php/Post/add
INFO: [ app_init ] --START--
INFO: Run Behavior\BuildLiteBehavior [ RunTime:0.000024s ]
INFO: [ app_init ] --END-- [ RunTime:0.001097s ]
INFO: [ app_begin ] --START--
INFO: Run Behavior\ReadHtmlCacheBehavior [ RunTime:0.001150s ]
INFO: [ app_begin ] --END-- [ RunTime:0.001215s ]
INFO: [ view_parse ] --START--
INFO: [ template_filter ] --START--
INFO: Run Behavior\ContentReplaceBehavior [ RunTime:0.000178s ]
INFO: [ template_filter ] --END-- [ RunTime:0.000212s ]
NOTIC: [8] Undefined variable: userInfo /Applications/XAMPP/xamppfiles/htdocs/blog/Application/Runtime/Cache/Admin/db1ea2fedc255740be8194f6a5cec3ac.php 第 371 行.
NOTIC: [8] Undefined variable: Dashboard /Applications/XAMPP/xamppfiles/htdocs/blog/Application/Runtime/Cache/Admin/db1ea2fedc255740be8194f6a5cec3ac.php 第 391 行.
NOTIC: [8] Undefined variable: Dashboard /Applications/XAMPP/xamppfiles/htdocs/blog/Application/Runtime/Cache/Admin/db1ea2fedc255740be8194f6a5cec3ac.php 第 395 行.
NOTIC: [8] Undefined variable: Dashboard /Applications/XAMPP/xamppfiles/htdocs/blog/Application/Runtime/Cache/Admin/db1ea2fedc255740be8194f6a5cec3ac.php 第 397 行.
NOTIC: [8] Undefined variable: hospitalInfo /Applications/XAMPP/xamppfiles/htdocs/blog/Application/Runtime/Cache/Admin/db1ea2fedc255740be8194f6a5cec3ac.php 第 434 行.
NOTIC: [8] Undefined variable: hospitalInfo /Applications/XAMPP/xamppfiles/htdocs/blog/Application/Runtime/Cache/Admin/db1ea2fedc255740be8194f6a5cec3ac.php 第 441 行.
NOTIC: [8] Undefined variable: hospitalInfo /Applications/XAMPP/xamppfiles/htdocs/blog/Application/Runtime/Cache/Admin/db1ea2fedc255740be8194f6a5cec3ac.php 第 448 行.
NOTIC: [8] Undefined variable: hospitalInfo /Applications/XAMPP/xamppfiles/htdocs/blog/Application/Runtime/Cache/Admin/db1ea2fedc255740be8194f6a5cec3ac.php 第 455 行.
NOTIC: [8] Undefined variable: hospitalInfo /Applications/XAMPP/xamppfiles/htdocs/blog/Application/Runtime/Cache/Admin/db1ea2fedc255740be8194f6a5cec3ac.php 第 463 行.
NOTIC: [8] Undefined variable: hospitalInfo /Applications/XAMPP/xamppfiles/htdocs/blog/Application/Runtime/Cache/Admin/db1ea2fedc255740be8194f6a5cec3ac.php 第 469 行.
NOTIC: [8] Undefined variable: hospitalInfo /Applications/XAMPP/xamppfiles/htdocs/blog/Application/Runtime/Cache/Admin/db1ea2fedc255740be8194f6a5cec3ac.php 第 476 行.
NOTIC: [8] Undefined variable: hospitalInfo /Applications/XAMPP/xamppfiles/htdocs/blog/Application/Runtime/Cache/Admin/db1ea2fedc255740be8194f6a5cec3ac.php 第 485 行.
NOTIC: [8] Undefined variable: hospitalInfo /Applications/XAMPP/xamppfiles/htdocs/blog/Application/Runtime/Cache/Admin/db1ea2fedc255740be8194f6a5cec3ac.php 第 487 行.
NOTIC: [8] Undefined variable: hospitalInfo /Applications/XAMPP/xamppfiles/htdocs/blog/Application/Runtime/Cache/Admin/db1ea2fedc255740be8194f6a5cec3ac.php 第 494 行.
NOTIC: [8] Undefined variable: hospitalInfo /Applications/XAMPP/xamppfiles/htdocs/blog/Application/Runtime/Cache/Admin/db1ea2fedc255740be8194f6a5cec3ac.php 第 496 行.
NOTIC: [8] Undefined variable: random /Applications/XAMPP/xamppfiles/htdocs/blog/Application/Runtime/Cache/Admin/db1ea2fedc255740be8194f6a5cec3ac.php 第 569 行.
INFO: Run Behavior\ParseTemplateBehavior [ RunTime:0.016578s ]
INFO: [ view_parse ] --END-- [ RunTime:0.016609s ]
INFO: [ view_filter ] --START--
INFO: Run Behavior\WriteHtmlCacheBehavior [ RunTime:0.000437s ]
INFO: [ view_filter ] --END-- [ RunTime:0.000464s ]
INFO: [ app_end ] --START--
INFO: Run Behavior\ShowPageTraceBehavior [ RunTime:0.000794s ]
INFO: [ app_end ] --END-- [ RunTime:0.000831s ]

