[ 2016-10-02T00:01:58+08:00 ] 127.0.0.1 /admin.php/Post/add
INFO: [ app_init ] --START--
INFO: Run Behavior\BuildLiteBehavior [ RunTime:0.000021s ]
INFO: [ app_init ] --END-- [ RunTime:0.000729s ]
INFO: [ app_begin ] --START--
INFO: Run Behavior\ReadHtmlCacheBehavior [ RunTime:0.000954s ]
INFO: [ app_begin ] --END-- [ RunTime:0.001018s ]
INFO: [ view_parse ] --START--
INFO: [ template_filter ] --START--
INFO: Run Behavior\ContentReplaceBehavior [ RunTime:0.000249s ]
INFO: [ template_filter ] --END-- [ RunTime:0.000322s ]
NOTIC: [8] Undefined variable: userInfo /Applications/XAMPP/xamppfiles/htdocs/blog/Application/Runtime/Cache/Admin/db1ea2fedc255740be8194f6a5cec3ac.php 第 371 行.
NOTIC: [8] Undefined variable: hospitalInfo /Applications/XAMPP/xamppfiles/htdocs/blog/Application/Runtime/Cache/Admin/db1ea2fedc255740be8194f6a5cec3ac.php 第 434 行.
NOTIC: [8] Undefined variable: hospitalInfo /Applications/XAMPP/xamppfiles/htdocs/blog/Application/Runtime/Cache/Admin/db1ea2fedc255740be8194f6a5cec3ac.php 第 441 行.
NOTIC: [8] Undefined variable: hospitalInfo /Applications/XAMPP/xamppfiles/htdocs/blog/Application/Runtime/Cache/Admin/db1ea2fedc255740be8194f6a5cec3ac.php 第 448 行.
NOTIC: [8] Undefined variable: hospitalInfo /Applications/XAMPP/xamppfiles/htdocs/blog/Application/Runtime/Cache/Admin/db1ea2fedc255740be8194f6a5cec3ac.php 第 455 行.
NOTIC: [8] Undefined variable: hospitalInfo /Applications/XAMPP/xamppfiles/htdocs/blog/Application/Runtime/Cache/Admin/db1ea2fedc255740be8194f6a5cec3ac.php 第 463 行.
NOTIC: [8] Undefined variable: hospitalInfo /Applications/XAMPP/xamppfiles/htdocs/blog/Application/Runtime/Cache/Admin/db1ea2fedc255740be8194f6a5cec3ac.php 第 469 行.
NOTIC: [8] Undefined variable: hospitalInfo /Applications/XAMPP/xamppfiles/htdocs/blog/Application/Runtime/Cache/Admin/db1ea2fedc255740be8194f6a5cec3ac.php 第 476 行.
NOTIC: [8] Undefined variable: hospitalInfo /Applications/XAMPP/xamppfiles/htdocs/blog/Application/Runtime/Cache/Admin/db1ea2fedc255740be8194f6a5cec3ac.php 第 485 行.
NOTIC: [8] Undefined variable: hospitalInfo /Applications/XAMPP/xamppfiles/htdocs/blog/Application/Runtime/Cache/Admin/db1ea2fedc255740be8194f6a5cec3ac.php 第 487 行.
NOTIC: [8] Undefined variable: hospitalInfo /Applications/XAMPP/xamppfiles/htdocs/blog/Application/Runtime/Cache/Admin/db1ea2fedc255740be8194f6a5cec3ac.php 第 494 行.
NOTIC: [8] Undefined variable: hospitalInfo /Applications/XAMPP/xamppfiles/htdocs/blog/Application/Runtime/Cache/Admin/db1ea2fedc255740be8194f6a5cec3ac.php 第 496 行.
NOTIC: [8] Undefined variable: random /Applications/XAMPP/xamppfiles/htdocs/blog/Application/Runtime/Cache/Admin/db1ea2fedc255740be8194f6a5cec3ac.php 第 569 行.
INFO: Run Behavior\ParseTemplateBehavior [ RunTime:0.028123s ]
INFO: [ view_parse ] --END-- [ RunTime:0.028173s ]
INFO: [ view_filter ] --START--
INFO: Run Behavior\WriteHtmlCacheBehavior [ RunTime:0.000482s ]
INFO: [ view_filter ] --END-- [ RunTime:0.000519s ]
INFO: [ app_end ] --START--
INFO: Run Behavior\ShowPageTraceBehavior [ RunTime:0.000862s ]
INFO: [ app_end ] --END-- [ RunTime:0.000932s ]

[ 2016-10-02T00:02:02+08:00 ] 127.0.0.1 /admin.php/Post/add
INFO: [ app_init ] --START--
INFO: Run Behavior\BuildLiteBehavior [ RunTime:0.000009s ]
INFO: [ app_init ] --END-- [ RunTime:0.000307s ]
INFO: [ app_begin ] --START--
INFO: Run Behavior\ReadHtmlCacheBehavior [ RunTime:0.000368s ]
INFO: [ app_begin ] --END-- [ RunTime:0.000400s ]
INFO: [ view_parse ] --START--
INFO: [ template_filter ] --START--
INFO: Run Behavior\ContentReplaceBehavior [ RunTime:0.000153s ]
INFO: [ template_filter ] --END-- [ RunTime:0.000177s ]
NOTIC: [8] Undefined variable: userInfo /Applications/XAMPP/xamppfiles/htdocs/blog/Application/Runtime/Cache/Admin/db1ea2fedc255740be8194f6a5cec3ac.php 第 371 行.
NOTIC: [8] Undefined variable: hospitalInfo /Applications/XAMPP/xamppfiles/htdocs/blog/Application/Runtime/Cache/Admin/db1ea2fedc255740be8194f6a5cec3ac.php 第 434 行.
NOTIC: [8] Undefined variable: hospitalInfo /Applications/XAMPP/xamppfiles/htdocs/blog/Application/Runtime/Cache/Admin/db1ea2fedc255740be8194f6a5cec3ac.php 第 441 行.
NOTIC: [8] Undefined variable: hospitalInfo /Applications/XAMPP/xamppfiles/htdocs/blog/Application/Runtime/Cache/Admin/db1ea2fedc255740be8194f6a5cec3ac.php 第 448 行.
NOTIC: [8] Undefined variable: hospitalInfo /Applications/XAMPP/xamppfiles/htdocs/blog/Application/Runtime/Cache/Admin/db1ea2fedc255740be8194f6a5cec3ac.php 第 455 行.
NOTIC: [8] Undefined variable: hospitalInfo /Applications/XAMPP/xamppfiles/htdocs/blog/Application/Runtime/Cache/Admin/db1ea2fedc255740be8194f6a5cec3ac.php 第 463 行.
NOTIC: [8] Undefined variable: hospitalInfo /Applications/XAMPP/xamppfiles/htdocs/blog/Application/Runtime/Cache/Admin/db1ea2fedc255740be8194f6a5cec3ac.php 第 469 行.
NOTIC: [8] Undefined variable: hospitalInfo /Applications/XAMPP/xamppfiles/htdocs/blog/Application/Runtime/Cache/Admin/db1ea2fedc255740be8194f6a5cec3ac.php 第 476 行.
NOTIC: [8] Undefined variable: hospitalInfo /Applications/XAMPP/xamppfiles/htdocs/blog/Application/Runtime/Cache/Admin/db1ea2fedc255740be8194f6a5cec3ac.php 第 485 行.
NOTIC: [8] Undefined variable: hospitalInfo /Applications/XAMPP/xamppfiles/htdocs/blog/Application/Runtime/Cache/Admin/db1ea2fedc255740be8194f6a5cec3ac.php 第 487 行.
NOTIC: [8] Undefined variable: hospitalInfo /Applications/XAMPP/xamppfiles/htdocs/blog/Application/Runtime/Cache/Admin/db1ea2fedc255740be8194f6a5cec3ac.php 第 494 行.
NOTIC: [8] Undefined variable: hospitalInfo /Applications/XAMPP/xamppfiles/htdocs/blog/Application/Runtime/Cache/Admin/db1ea2fedc255740be8194f6a5cec3ac.php 第 496 行.
NOTIC: [8] Undefined variable: random /Applications/XAMPP/xamppfiles/htdocs/blog/Application/Runtime/Cache/Admin/db1ea2fedc255740be8194f6a5cec3ac.php 第 569 行.
INFO: Run Behavior\ParseTemplateBehavior [ RunTime:0.015012s ]
INFO: [ view_parse ] --END-- [ RunTime:0.015048s ]
INFO: [ view_filter ] --START--
INFO: Run Behavior\WriteHtmlCacheBehavior [ RunTime:0.000228s ]
INFO: [ view_filter ] --END-- [ RunTime:0.000259s ]
INFO: [ app_end ] --START--
INFO: Run Behavior\ShowPageTraceBehavior [ RunTime:0.000789s ]
INFO: [ app_end ] --END-- [ RunTime:0.000843s ]

[ 2016-10-02T00:02:03+08:00 ] 127.0.0.1 /admin.php/Post/add
INFO: [ app_init ] --START--
INFO: Run Behavior\BuildLiteBehavior [ RunTime:0.000018s ]
INFO: [ app_init ] --END-- [ RunTime:0.000538s ]
INFO: [ app_begin ] --START--
INFO: Run Behavior\ReadHtmlCacheBehavior [ RunTime:0.000471s ]
INFO: [ app_begin ] --END-- [ RunTime:0.000519s ]
INFO: [ view_parse ] --START--
INFO: [ template_filter ] --START--
INFO: Run Behavior\ContentReplaceBehavior [ RunTime:0.000206s ]
INFO: [ template_filter ] --END-- [ RunTime:0.000268s ]
NOTIC: [8] Undefined variable: userInfo /Applications/XAMPP/xamppfiles/htdocs/blog/Application/Runtime/Cache/Admin/db1ea2fedc255740be8194f6a5cec3ac.php 第 371 行.
NOTIC: [8] Undefined variable: hospitalInfo /Applications/XAMPP/xamppfiles/htdocs/blog/Application/Runtime/Cache/Admin/db1ea2fedc255740be8194f6a5cec3ac.php 第 434 行.
NOTIC: [8] Undefined variable: hospitalInfo /Applications/XAMPP/xamppfiles/htdocs/blog/Application/Runtime/Cache/Admin/db1ea2fedc255740be8194f6a5cec3ac.php 第 441 行.
NOTIC: [8] Undefined variable: hospitalInfo /Applications/XAMPP/xamppfiles/htdocs/blog/Application/Runtime/Cache/Admin/db1ea2fedc255740be8194f6a5cec3ac.php 第 448 行.
NOTIC: [8] Undefined variable: hospitalInfo /Applications/XAMPP/xamppfiles/htdocs/blog/Application/Runtime/Cache/Admin/db1ea2fedc255740be8194f6a5cec3ac.php 第 455 行.
NOTIC: [8] Undefined variable: hospitalInfo /Applications/XAMPP/xamppfiles/htdocs/blog/Application/Runtime/Cache/Admin/db1ea2fedc255740be8194f6a5cec3ac.php 第 463 行.
NOTIC: [8] Undefined variable: hospitalInfo /Applications/XAMPP/xamppfiles/htdocs/blog/Application/Runtime/Cache/Admin/db1ea2fedc255740be8194f6a5cec3ac.php 第 469 行.
NOTIC: [8] Undefined variable: hospitalInfo /Applications/XAMPP/xamppfiles/htdocs/blog/Application/Runtime/Cache/Admin/db1ea2fedc255740be8194f6a5cec3ac.php 第 476 行.
NOTIC: [8] Undefined variable: hospitalInfo /Applications/XAMPP/xamppfiles/htdocs/blog/Application/Runtime/Cache/Admin/db1ea2fedc255740be8194f6a5cec3ac.php 第 485 行.
NOTIC: [8] Undefined variable: hospitalInfo /Applications/XAMPP/xamppfiles/htdocs/blog/Application/Runtime/Cache/Admin/db1ea2fedc255740be8194f6a5cec3ac.php 第 487 行.
NOTIC: [8] Undefined variable: hospitalInfo /Applications/XAMPP/xamppfiles/htdocs/blog/Application/Runtime/Cache/Admin/db1ea2fedc255740be8194f6a5cec3ac.php 第 494 行.
NOTIC: [8] Undefined variable: hospitalInfo /Applications/XAMPP/xamppfiles/htdocs/blog/Application/Runtime/Cache/Admin/db1ea2fedc255740be8194f6a5cec3ac.php 第 496 行.
NOTIC: [8] Undefined variable: random /Applications/XAMPP/xamppfiles/htdocs/blog/Application/Runtime/Cache/Admin/db1ea2fedc255740be8194f6a5cec3ac.php 第 569 行.
INFO: Run Behavior\ParseTemplateBehavior [ RunTime:0.018000s ]
INFO: [ view_parse ] --END-- [ RunTime:0.018041s ]
INFO: [ view_filter ] --START--
INFO: Run Behavior\WriteHtmlCacheBehavior [ RunTime:0.000209s ]
INFO: [ view_filter ] --END-- [ RunTime:0.000232s ]
INFO: [ app_end ] --START--
INFO: Run Behavior\ShowPageTraceBehavior [ RunTime:0.001241s ]
INFO: [ app_end ] --END-- [ RunTime:0.001292s ]

[ 2016-10-02T00:02:11+08:00 ] 127.0.0.1 /admin.php
INFO: [ app_init ] --START--
INFO: Run Behavior\BuildLiteBehavior [ RunTime:0.000018s ]
INFO: [ app_init ] --END-- [ RunTime:0.000488s ]
INFO: [ app_begin ] --START--
INFO: Run Behavior\ReadHtmlCacheBehavior [ RunTime:0.000299s ]
INFO: [ app_begin ] --END-- [ RunTime:0.000322s ]
SQL: SHOW COLUMNS FROM `z_category` [ RunTime:0.0039s ]
SQL: SELECT * FROM `z_category`  [ RunTime:0.0003s ]
SQL: SHOW COLUMNS FROM `z_tag` [ RunTime:0.0011s ]
SQL: SELECT * FROM `z_tag`  [ RunTime:0.0002s ]
INFO: [ view_parse ] --START--
INFO: [ template_filter ] --START--
INFO: Run Behavior\ContentReplaceBehavior [ RunTime:0.000225s ]
INFO: [ template_filter ] --END-- [ RunTime:0.000262s ]
NOTIC: [8] Undefined variable: userInfo /Applications/XAMPP/xamppfiles/htdocs/blog/Application/Runtime/Cache/Admin/b595b808c2ebeeeb0478ffc30bb4e87a.php 第 371 行.
NOTIC: [8] Undefined variable: hospitalInfo /Applications/XAMPP/xamppfiles/htdocs/blog/Application/Runtime/Cache/Admin/b595b808c2ebeeeb0478ffc30bb4e87a.php 第 434 行.
NOTIC: [8] Undefined variable: hospitalInfo /Applications/XAMPP/xamppfiles/htdocs/blog/Application/Runtime/Cache/Admin/b595b808c2ebeeeb0478ffc30bb4e87a.php 第 448 行.
INFO: Run Behavior\ParseTemplateBehavior [ RunTime:0.011495s ]
INFO: [ view_parse ] --END-- [ RunTime:0.011520s ]
INFO: [ view_filter ] --START--
INFO: Run Behavior\WriteHtmlCacheBehavior [ RunTime:0.000143s ]
INFO: [ view_filter ] --END-- [ RunTime:0.000178s ]
INFO: [ app_end ] --START--
INFO: Run Behavior\ShowPageTraceBehavior [ RunTime:0.000382s ]
INFO: [ app_end ] --END-- [ RunTime:0.000407s ]

[ 2016-10-02T00:02:12+08:00 ] 127.0.0.1 /admin.php
INFO: [ app_init ] --START--
INFO: Run Behavior\BuildLiteBehavior [ RunTime:0.000013s ]
INFO: [ app_init ] --END-- [ RunTime:0.000410s ]
INFO: [ app_begin ] --START--
INFO: Run Behavior\ReadHtmlCacheBehavior [ RunTime:0.000554s ]
INFO: [ app_begin ] --END-- [ RunTime:0.000594s ]
SQL: SHOW COLUMNS FROM `z_category` [ RunTime:0.0017s ]
SQL: SELECT * FROM `z_category`  [ RunTime:0.0002s ]
SQL: SHOW COLUMNS FROM `z_tag` [ RunTime:0.0016s ]
SQL: SELECT * FROM `z_tag`  [ RunTime:0.0002s ]
INFO: [ view_parse ] --START--
INFO: [ template_filter ] --START--
INFO: Run Behavior\ContentReplaceBehavior [ RunTime:0.000242s ]
INFO: [ template_filter ] --END-- [ RunTime:0.000311s ]
NOTIC: [8] Undefined variable: userInfo /Applications/XAMPP/xamppfiles/htdocs/blog/Application/Runtime/Cache/Admin/b595b808c2ebeeeb0478ffc30bb4e87a.php 第 371 行.
NOTIC: [8] Undefined variable: hospitalInfo /Applications/XAMPP/xamppfiles/htdocs/blog/Application/Runtime/Cache/Admin/b595b808c2ebeeeb0478ffc30bb4e87a.php 第 434 行.
NOTIC: [8] Undefined variable: hospitalInfo /Applications/XAMPP/xamppfiles/htdocs/blog/Application/Runtime/Cache/Admin/b595b808c2ebeeeb0478ffc30bb4e87a.php 第 448 行.
INFO: Run Behavior\ParseTemplateBehavior [ RunTime:0.011341s ]
INFO: [ view_parse ] --END-- [ RunTime:0.011398s ]
INFO: [ view_filter ] --START--
INFO: Run Behavior\WriteHtmlCacheBehavior [ RunTime:0.000209s ]
INFO: [ view_filter ] --END-- [ RunTime:0.000240s ]
INFO: [ app_end ] --START--
INFO: Run Behavior\ShowPageTraceBehavior [ RunTime:0.000637s ]
INFO: [ app_end ] --END-- [ RunTime:0.000683s ]

[ 2016-10-02T00:08:58+08:00 ] 127.0.0.1 /admin.php/Ajax/addNewPost
INFO: [ app_init ] --START--
INFO: Run Behavior\BuildLiteBehavior [ RunTime:0.000010s ]
INFO: [ app_init ] --END-- [ RunTime:0.000565s ]
INFO: [ app_begin ] --START--
INFO: Run Behavior\ReadHtmlCacheBehavior [ RunTime:0.000848s ]
INFO: [ app_begin ] --END-- [ RunTime:0.000898s ]
SQL: SHOW COLUMNS FROM `z_post` [ RunTime:0.0034s ]
SQL: INSERT INTO `z_post` (`title`,`category`,`tag`,`summary`,`content`,`pubtime`,`mtime`,`ctime`) VALUES ('python爬虫','python','爬虫','任何事物都可以看做一个对象。以对象方式来看待一个项目，并做合理的功能区间拆分，有
助于我们更好的理解与管理项目。','<h2>理论</h2><p>任何事物都可以看做一个对象。以对象方式来看待一个项目，并做合理的功能区间拆分，有
助于我们更好的理解与管理项目。</p><p>如果把爬虫看成一只真实存在的虫子，我们大体可以将之拆分为以下几个功能件：</p><ol class=\" list-paddingleft-2\"><li><p><a href=\"#controller\">调度器</a>：负责调度其他功能件一起协同完成任务</p></li><li><p><a href=\"#controller\">调度器</a>：负责调度其他功能件一起协同完成任务</p></li></ol>','1475338138','1475338138','1475338138') [ RunTime:0.0016s ]
SQL: SHOW COLUMNS FROM `z_category` [ RunTime:0.0013s ]
SQL: SELECT * FROM `z_category` WHERE `name` = 'python' LIMIT 1   [ RunTime:0.0003s ]
SQL: INSERT INTO `z_category` (`name`) VALUES ('python') [ RunTime:0.0027s ]
SQL: SHOW COLUMNS FROM `z_tag` [ RunTime:0.0025s ]
SQL: SELECT * FROM `z_tag` WHERE `name` = '爬虫' LIMIT 1   [ RunTime:0.0004s ]
SQL: INSERT INTO `z_tag` (`name`) VALUES ('爬虫') [ RunTime:0.0005s ]

