[ 2016-11-27T11:14:41+08:00 ] 110.229.26.47 /admin.php/Post/all
INFO: [ app_init ] --START--
INFO: Run Behavior\BuildLiteBehavior [ RunTime:0.000012s ]
INFO: [ app_init ] --END-- [ RunTime:0.000280s ]
INFO: [ app_begin ] --START--
INFO: Run Behavior\ReadHtmlCacheBehavior [ RunTime:0.000311s ]
INFO: [ app_begin ] --END-- [ RunTime:0.000349s ]
NOTIC: [8] A session had already been started - ignoring session_start() /data/wwwroot/blog/ThinkPHP/Common/functions.php 第 1263 行.
SQL: SHOW COLUMNS FROM `z_post` [ RunTime:0.0006s ]
SQL: SELECT COUNT(*) AS tp_count FROM `z_post` LIMIT 1   [ RunTime:0.0001s ]
SQL: SELECT * FROM `z_post` ORDER BY ctime desc LIMIT 0,20   [ RunTime:0.0004s ]
INFO: [ view_parse ] --START--
INFO: [ template_filter ] --START--
INFO: Run Behavior\ContentReplaceBehavior [ RunTime:0.000058s ]
INFO: [ template_filter ] --END-- [ RunTime:0.000098s ]
NOTIC: [8] Undefined variable: userInfo /data/wwwroot/blog/Application/Runtime/Cache/Admin/c171e2b85832ae9943251ee8295bfacb.php 第 361 行.
INFO: Run Behavior\ParseTemplateBehavior [ RunTime:0.012816s ]
INFO: [ view_parse ] --END-- [ RunTime:0.012853s ]
INFO: [ view_filter ] --START--
INFO: Run Behavior\WriteHtmlCacheBehavior [ RunTime:0.000113s ]
INFO: [ view_filter ] --END-- [ RunTime:0.000146s ]
INFO: [ app_end ] --START--
INFO: Run Behavior\ShowPageTraceBehavior [ RunTime:0.000323s ]
INFO: [ app_end ] --END-- [ RunTime:0.000361s ]

[ 2016-11-27T11:14:42+08:00 ] 110.229.26.47 /admin.php/Post/all
INFO: [ app_init ] --START--
INFO: Run Behavior\BuildLiteBehavior [ RunTime:0.000012s ]
INFO: [ app_init ] --END-- [ RunTime:0.000252s ]
INFO: [ app_begin ] --START--
INFO: Run Behavior\ReadHtmlCacheBehavior [ RunTime:0.000358s ]
INFO: [ app_begin ] --END-- [ RunTime:0.000396s ]
NOTIC: [8] A session had already been started - ignoring session_start() /data/wwwroot/blog/ThinkPHP/Common/functions.php 第 1263 行.
SQL: SHOW COLUMNS FROM `z_post` [ RunTime:0.0006s ]
SQL: SELECT COUNT(*) AS tp_count FROM `z_post` LIMIT 1   [ RunTime:0.0001s ]
SQL: SELECT * FROM `z_post` ORDER BY ctime desc LIMIT 0,20   [ RunTime:0.0001s ]
INFO: [ view_parse ] --START--
INFO: [ template_filter ] --START--
INFO: Run Behavior\ContentReplaceBehavior [ RunTime:0.000077s ]
INFO: [ template_filter ] --END-- [ RunTime:0.000122s ]
NOTIC: [8] Undefined variable: userInfo /data/wwwroot/blog/Application/Runtime/Cache/Admin/c171e2b85832ae9943251ee8295bfacb.php 第 361 行.
INFO: Run Behavior\ParseTemplateBehavior [ RunTime:0.013033s ]
INFO: [ view_parse ] --END-- [ RunTime:0.013072s ]
INFO: [ view_filter ] --START--
INFO: Run Behavior\WriteHtmlCacheBehavior [ RunTime:0.000119s ]
INFO: [ view_filter ] --END-- [ RunTime:0.000152s ]
INFO: [ app_end ] --START--
INFO: Run Behavior\ShowPageTraceBehavior [ RunTime:0.000333s ]
INFO: [ app_end ] --END-- [ RunTime:0.000371s ]

[ 2016-11-27T11:14:43+08:00 ] 110.229.26.47 /admin.php
INFO: [ app_init ] --START--
INFO: Run Behavior\BuildLiteBehavior [ RunTime:0.000054s ]
INFO: [ app_init ] --END-- [ RunTime:0.000298s ]
INFO: [ app_begin ] --START--
INFO: Run Behavior\ReadHtmlCacheBehavior [ RunTime:0.000310s ]
INFO: [ app_begin ] --END-- [ RunTime:0.000347s ]
NOTIC: [8] A session had already been started - ignoring session_start() /data/wwwroot/blog/ThinkPHP/Common/functions.php 第 1263 行.

[ 2016-11-27T11:14:43+08:00 ] 110.229.26.47 /admin.php/Login/login
INFO: [ app_init ] --START--
INFO: Run Behavior\BuildLiteBehavior [ RunTime:0.000012s ]
INFO: [ app_init ] --END-- [ RunTime:0.000250s ]
INFO: [ app_begin ] --START--
INFO: Run Behavior\ReadHtmlCacheBehavior [ RunTime:0.000352s ]
INFO: [ app_begin ] --END-- [ RunTime:0.000390s ]
NOTIC: [8] A session had already been started - ignoring session_start() /data/wwwroot/blog/ThinkPHP/Common/functions.php 第 1263 行.
INFO: [ view_parse ] --START--
INFO: [ template_filter ] --START--
INFO: Run Behavior\ContentReplaceBehavior [ RunTime:0.000040s ]
INFO: [ template_filter ] --END-- [ RunTime:0.000100s ]
INFO: Run Behavior\ParseTemplateBehavior [ RunTime:0.005059s ]
INFO: [ view_parse ] --END-- [ RunTime:0.005095s ]
INFO: [ view_filter ] --START--
INFO: Run Behavior\WriteHtmlCacheBehavior [ RunTime:0.000114s ]
INFO: [ view_filter ] --END-- [ RunTime:0.000145s ]
INFO: [ app_end ] --START--
INFO: Run Behavior\ShowPageTraceBehavior [ RunTime:0.000376s ]
INFO: [ app_end ] --END-- [ RunTime:0.000411s ]

[ 2016-11-27T11:14:46+08:00 ] 110.229.26.47 /admin.php/Login/login
INFO: [ app_init ] --START--
INFO: Run Behavior\BuildLiteBehavior [ RunTime:0.000016s ]
INFO: [ app_init ] --END-- [ RunTime:0.000333s ]
INFO: [ app_begin ] --START--
INFO: Run Behavior\ReadHtmlCacheBehavior [ RunTime:0.000401s ]
INFO: [ app_begin ] --END-- [ RunTime:0.000439s ]
NOTIC: [8] A session had already been started - ignoring session_start() /data/wwwroot/blog/ThinkPHP/Common/functions.php 第 1263 行.
INFO: [ view_parse ] --START--
INFO: [ template_filter ] --START--
INFO: Run Behavior\ContentReplaceBehavior [ RunTime:0.000034s ]
INFO: [ template_filter ] --END-- [ RunTime:0.000072s ]
INFO: Run Behavior\ParseTemplateBehavior [ RunTime:0.013137s ]
INFO: [ view_parse ] --END-- [ RunTime:0.013176s ]
INFO: [ view_filter ] --START--
INFO: Run Behavior\WriteHtmlCacheBehavior [ RunTime:0.000154s ]
INFO: [ view_filter ] --END-- [ RunTime:0.000185s ]
INFO: [ app_end ] --START--
INFO: Run Behavior\ShowPageTraceBehavior [ RunTime:0.000336s ]
INFO: [ app_end ] --END-- [ RunTime:0.000369s ]

[ 2016-11-27T11:14:48+08:00 ] 110.229.26.47 /admin.php/Ajax/login
INFO: [ app_init ] --START--
INFO: Run Behavior\BuildLiteBehavior [ RunTime:0.000014s ]
INFO: [ app_init ] --END-- [ RunTime:0.000305s ]
INFO: [ app_begin ] --START--
INFO: Run Behavior\ReadHtmlCacheBehavior [ RunTime:0.000313s ]
INFO: [ app_begin ] --END-- [ RunTime:0.000350s ]
NOTIC: [8] A session had already been started - ignoring session_start() /data/wwwroot/blog/ThinkPHP/Common/functions.php 第 1263 行.

[ 2016-11-27T11:14:48+08:00 ] 110.229.26.47 /admin.php
INFO: [ app_init ] --START--
INFO: Run Behavior\BuildLiteBehavior [ RunTime:0.000013s ]
INFO: [ app_init ] --END-- [ RunTime:0.000258s ]
INFO: [ app_begin ] --START--
INFO: Run Behavior\ReadHtmlCacheBehavior [ RunTime:0.000392s ]
INFO: [ app_begin ] --END-- [ RunTime:0.000446s ]
NOTIC: [8] A session had already been started - ignoring session_start() /data/wwwroot/blog/ThinkPHP/Common/functions.php 第 1263 行.
SQL: SHOW COLUMNS FROM `z_category` [ RunTime:0.0006s ]
SQL: SELECT * FROM `z_category`  [ RunTime:0.0001s ]
SQL: SHOW COLUMNS FROM `z_tag` [ RunTime:0.0003s ]
SQL: SELECT * FROM `z_tag`  [ RunTime:0.0001s ]
INFO: [ view_parse ] --START--
INFO: [ template_filter ] --START--
INFO: Run Behavior\ContentReplaceBehavior [ RunTime:0.000071s ]
INFO: [ template_filter ] --END-- [ RunTime:0.000147s ]
NOTIC: [8] Undefined variable: userInfo /data/wwwroot/blog/Application/Runtime/Cache/Admin/b595b808c2ebeeeb0478ffc30bb4e87a.php 第 361 行.
NOTIC: [8] Undefined variable: hospitalInfo /data/wwwroot/blog/Application/Runtime/Cache/Admin/b595b808c2ebeeeb0478ffc30bb4e87a.php 第 424 行.
NOTIC: [8] Undefined variable: hospitalInfo /data/wwwroot/blog/Application/Runtime/Cache/Admin/b595b808c2ebeeeb0478ffc30bb4e87a.php 第 438 行.
INFO: Run Behavior\ParseTemplateBehavior [ RunTime:0.013892s ]
INFO: [ view_parse ] --END-- [ RunTime:0.013929s ]
INFO: [ view_filter ] --START--
INFO: Run Behavior\WriteHtmlCacheBehavior [ RunTime:0.000117s ]
INFO: [ view_filter ] --END-- [ RunTime:0.000153s ]
INFO: [ app_end ] --START--
INFO: Run Behavior\ShowPageTraceBehavior [ RunTime:0.000333s ]
INFO: [ app_end ] --END-- [ RunTime:0.000372s ]

[ 2016-11-27T11:14:49+08:00 ] 110.229.26.47 /admin.php
INFO: [ app_init ] --START--
INFO: Run Behavior\BuildLiteBehavior [ RunTime:0.000012s ]
INFO: [ app_init ] --END-- [ RunTime:0.000291s ]
INFO: [ app_begin ] --START--
INFO: Run Behavior\ReadHtmlCacheBehavior [ RunTime:0.000311s ]
INFO: [ app_begin ] --END-- [ RunTime:0.000347s ]
NOTIC: [8] A session had already been started - ignoring session_start() /data/wwwroot/blog/ThinkPHP/Common/functions.php 第 1263 行.
SQL: SHOW COLUMNS FROM `z_category` [ RunTime:0.0006s ]
SQL: SELECT * FROM `z_category`  [ RunTime:0.0001s ]
SQL: SHOW COLUMNS FROM `z_tag` [ RunTime:0.0003s ]
SQL: SELECT * FROM `z_tag`  [ RunTime:0.0001s ]
INFO: [ view_parse ] --START--
INFO: [ template_filter ] --START--
INFO: Run Behavior\ContentReplaceBehavior [ RunTime:0.000064s ]
INFO: [ template_filter ] --END-- [ RunTime:0.000103s ]
NOTIC: [8] Undefined variable: userInfo /data/wwwroot/blog/Application/Runtime/Cache/Admin/b595b808c2ebeeeb0478ffc30bb4e87a.php 第 361 行.
NOTIC: [8] Undefined variable: hospitalInfo /data/wwwroot/blog/Application/Runtime/Cache/Admin/b595b808c2ebeeeb0478ffc30bb4e87a.php 第 424 行.
NOTIC: [8] Undefined variable: hospitalInfo /data/wwwroot/blog/Application/Runtime/Cache/Admin/b595b808c2ebeeeb0478ffc30bb4e87a.php 第 438 行.
INFO: Run Behavior\ParseTemplateBehavior [ RunTime:0.013153s ]
INFO: [ view_parse ] --END-- [ RunTime:0.013187s ]
INFO: [ view_filter ] --START--
INFO: Run Behavior\WriteHtmlCacheBehavior [ RunTime:0.000109s ]
INFO: [ view_filter ] --END-- [ RunTime:0.000141s ]
INFO: [ app_end ] --START--
INFO: Run Behavior\ShowPageTraceBehavior [ RunTime:0.000356s ]
INFO: [ app_end ] --END-- [ RunTime:0.000393s ]

[ 2016-11-27T14:32:03+08:00 ] 110.229.26.47 /admin.php/Ajax/addNewPost
INFO: [ app_init ] --START--
INFO: Run Behavior\BuildLiteBehavior [ RunTime:0.000013s ]
INFO: [ app_init ] --END-- [ RunTime:0.000292s ]
INFO: [ app_begin ] --START--
INFO: Run Behavior\ReadHtmlCacheBehavior [ RunTime:0.000306s ]
INFO: [ app_begin ] --END-- [ RunTime:0.000343s ]
NOTIC: [8] A session had already been started - ignoring session_start() /data/wwwroot/blog/ThinkPHP/Common/functions.php 第 1263 行.
NOTIC: [8] Undefined index: id /data/wwwroot/blog/Application/Admin/Controller/AjaxController.class.php 第 53 行.
SQL: SHOW COLUMNS FROM `z_post` [ RunTime:0.0006s ]
SQL: INSERT INTO `z_post` (`title`,`category`,`tag`,`summary`,`content`,`pubtime`,`mtime`,`ctime`) VALUES ('新员工拓展训练营总结','生活','分享','毫不夸张，这是一次足以让人受益终身的分享。虽说这次训练营是为新员工而发起，但是我觉得，这次分享对任何人都是极受用的。','<h3>题记</h3><p>毫不夸张，这是一次足以让人受益终身的分享。虽说这次训练营是为新员工而发起，但是我觉得，这次分享对任何人都是极受用的。</p><p>肖总的《企业发展史》，蔡总的《有一份工作叫做中关村在线》，老大的《小东成功心法》，板凳的《员工职业路径规划》，刘烨的《关键词解读》，沛哥的《数说ZOL》。这些分享，内容不同，但是分享的人都有一个共同点：正能量满满！</p><p>以下是我对这次分享的一些感悟，希望对读到它的人能有所帮助。</p><h3>企业发展史</h3><p>肖总讲企业发展史再合适不过了，因为他基本上见证了公司发展的各个时期。从1999年3月至今，这中间发生了很多故事，我摘其中几个印象比较深刻的说：<br/></p><p>1.2000年小东总加入公司。虽说职位是设计，但是什么都做，而且都做的很优秀。且不论他是如何做到把专业之外的工作做的很优秀，只这种愿意多做，勇于担当的精神足以让人信赖。第一年加入公司就全面接手公司，抛开一些时机因素，其他的也就没什么好奇怪的了。</p><p>2.大概是2002年，我记不太清楚了，公司实现初次盈利。这次盈利意义重大，它不单是挽救公司于倒闭的边缘，更是证明了互联网盈利模式的可行性。</p><p>3.2003年非典肆虐期间，所有的公司都歇业了，唯有我们ZOL人，冒着生命的危险前往一线采集行情。正是这种超越同行的智慧与勇气，让ZOL在当时众多的竞争对手当中脱颖而出，从此ZOL进入飞速发展时期。</p><p>4.大概是2013年，在CBSi对中国国情不了解，对ZOL的发展不太看好的情况下，老大筹措数亿元将ZOL从CBSi买了回来，这是一个企业家对梦想的坚持，是对数代ZOL人的负责！</p><h3>有一份工作叫做中关村在线</h3><p>我到现在还记得荣耀V8拍摄的地球画面，太震撼了。除了对这个创意的无比赞叹之外，我对这背后所体现的责任感也分外的认同。是的，传承与创新，传承的是精神，年轻就应该做些不一样的事情。我们要时刻的记住，我们不是在做一件主管或者经理交代的事情，我们是在客户负责，对客户的每一分钱负责，也是对自己的青春负责。</p><h3>小东成功心法</h3><ol class=\" list-paddingleft-2\" style=\"list-style-type: decimal;\"><li><p>如何在逆境中生存。</p></li></ol><p>&nbsp; &nbsp;&nbsp;&nbsp;&nbsp;小东总刚入社会时十分不顺利，辗转4个城市，换了几十份工作。后来好不容易在深圳一家知名的设计公司任职，工资是最低的不说，还不为老板认可。可是小东总并没有退缩，他谦卑为人，虚心请教，请客取经，团结同事最终得到同事和老板认可。</p><p>&nbsp; 2. 如何缩短自己和别人的差距。</p><p>&nbsp;&nbsp;&nbsp;&nbsp; &nbsp;向行业里最优秀的人学习，研究他们的长处，弥补自己的短处。凭借这一点，小东总那时候无论是在设计上还是在撰文上，都能做的比周围的人优秀。<br/></p><p>&nbsp; 3. 勤奋。</p><p>&nbsp;&nbsp;&nbsp;&nbsp; &nbsp;小东总十分谦虚，他在分享时说自己凭什么能获得成功？他说有些人是因为别的，而他是因为勤奋。可见勤奋对他的影响有多大，勤奋对一个人是多么重要。<br/></p><p>&nbsp; 4. 负责。</p><p>&nbsp;&nbsp;&nbsp;&nbsp; 小东总提到责任心这块就能挡住85%的人。确实，摸摸自己的良心，自己尽到自己最大的责任心了吗？在这个点上，小东总特别提到了女厕所的改造，和马桶品牌的选择。马桶比五星级酒店用的还好。而女厕的改造，因为大厦结构的原因，实施起来特别不容易，但是小东总仍然坚持做了。引用小东总的一句话：大的方面我们暂时比不过BAT，但是我们先从这些小的方面超越他们。他不希望女生上厕所总是要排队。这是一个企业家的责任心，也是一份善意。<br/></p><p>&nbsp; 5. 情商。</p><p>&nbsp;&nbsp;&nbsp;&nbsp;小东总说以前公司小的时候，经常要求人。现在公司大了，比好多客户还要大。但是小东总出去见客户总会提到三句话：您看我们那些方面做到不好的，给我们提个建议。您看有什么我们可以帮您的。还有一句记不得了，总之，要秉承利他原则。再就是要树立自己的品牌，朋友多了路好走。<br/></p><p>&nbsp; 6. 正能量。</p><p>&nbsp;&nbsp;&nbsp;&nbsp;要充满正能量。负能量会让朋友远离你，何必自己给自己挖坑呢？<br/></p><h3>职业路径规划</h3><p>罗总的分享特别实用。他从自身的发展过程来讲述了这四个阶段：</p><ol class=\" list-paddingleft-2\" style=\"list-style-type: decimal;\"><li><p>起步。</p><p>首先做好自己的本职工作，提高职业技能。</p></li><li><p>发展期。</p><p>从小事做起，让自己成为一个靠谱的人，被依赖的人。</p></li><li><p>拓展自己的接触面。</p><p>我做好了设计，可不可以尝试一下其他的方面呢？比如产品。</p></li><li><p>进一步拓展自己。</p><p>做了产品，可不可以参加产品的运营了？</p></li></ol><p>这其中，罗总还考了我们一道题：说是有一个banner图，怎么改造这个banner图，让它获得更多的用户点击。结果让人都非常惊讶，改造后的方案是：把这个banner图变成了一个实用的小工具。一下子点击率从万分之一飙升到百分之一。创意实在是太有力的东西！</p><p>总之就是，做好每一件简单的事情，让自己成为一个值得依赖的人，不给自己设限。</p><h3>关键词解读</h3><p>刘烨十分年轻，90后，来公司至今3年多。做的十分出色，2014，2015年的优秀员工都有他。他开始讲之前我一直很好奇，他是如何做到在三年内成为为数不多的资深编辑之一的。他分享完后，我就一点也不意外了。他阐述了12个关键词，我不能都记得了，但以下几个我印象深刻。</p><ol class=\" list-paddingleft-2\" style=\"list-style-type: decimal;\"><li><p>勇敢。</p><p>敢于做错，而不是粗心大意。</p></li><li><p>果敢。</p><p>敢于决断，有所为，而不是不把主管或者经理放在眼里。最近上映的《我不是潘金莲》传达了这样一个意思：不作为才是最大的腐败。确实，不作为不会做错，但是有什么值得称道的呢？</p></li><li><p>正直。</p><p>自己是否对的起自己的良心？</p><p>树立自己的品牌，走遍天下都不怕。</p><p></p></li></ol><h3>数说ZOL</h3><p>作为一个技术员，我对沛哥列举的这些数字十分敏感。</p><p>平均每秒3万次的请求，这对我们的网站架构和开发人员的技术要求都很高。<br/></p>','1480228323','1480228323','1480228323') [ RunTime:0.0084s ]
SQL: SHOW COLUMNS FROM `z_category` [ RunTime:0.0003s ]
SQL: SELECT * FROM `z_category` WHERE `name` = '生活' LIMIT 1   [ RunTime:0.0001s ]
SQL: SHOW COLUMNS FROM `z_tag` [ RunTime:0.0003s ]
SQL: SELECT * FROM `z_tag` WHERE `name` = '分享' LIMIT 1   [ RunTime:0.0002s ]
SQL: INSERT INTO `z_tag` (`name`) VALUES ('分享') [ RunTime:0.0002s ]

[ 2016-11-27T14:32:05+08:00 ] 110.229.26.47 /admin.php/Post/all
INFO: [ app_init ] --START--
INFO: Run Behavior\BuildLiteBehavior [ RunTime:0.000011s ]
INFO: [ app_init ] --END-- [ RunTime:0.000247s ]
INFO: [ app_begin ] --START--
INFO: Run Behavior\ReadHtmlCacheBehavior [ RunTime:0.000362s ]
INFO: [ app_begin ] --END-- [ RunTime:0.000402s ]
NOTIC: [8] A session had already been started - ignoring session_start() /data/wwwroot/blog/ThinkPHP/Common/functions.php 第 1263 行.
SQL: SHOW COLUMNS FROM `z_post` [ RunTime:0.0007s ]
SQL: SELECT COUNT(*) AS tp_count FROM `z_post` LIMIT 1   [ RunTime:0.0003s ]
SQL: SELECT * FROM `z_post` ORDER BY ctime desc LIMIT 0,20   [ RunTime:0.0005s ]
INFO: [ view_parse ] --START--
INFO: [ template_filter ] --START--
INFO: Run Behavior\ContentReplaceBehavior [ RunTime:0.000060s ]
INFO: [ template_filter ] --END-- [ RunTime:0.000114s ]
NOTIC: [8] Undefined variable: userInfo /data/wwwroot/blog/Application/Runtime/Cache/Admin/c171e2b85832ae9943251ee8295bfacb.php 第 361 行.
INFO: Run Behavior\ParseTemplateBehavior [ RunTime:0.013512s ]
INFO: [ view_parse ] --END-- [ RunTime:0.013550s ]
INFO: [ view_filter ] --START--
INFO: Run Behavior\WriteHtmlCacheBehavior [ RunTime:0.000113s ]
INFO: [ view_filter ] --END-- [ RunTime:0.000145s ]
INFO: [ app_end ] --START--
INFO: Run Behavior\ShowPageTraceBehavior [ RunTime:0.000339s ]
INFO: [ app_end ] --END-- [ RunTime:0.000375s ]

[ 2016-11-27T14:32:05+08:00 ] 110.229.26.47 /admin.php/Post/all
INFO: [ app_init ] --START--
INFO: Run Behavior\BuildLiteBehavior [ RunTime:0.000012s ]
INFO: [ app_init ] --END-- [ RunTime:0.000246s ]
INFO: [ app_begin ] --START--
INFO: Run Behavior\ReadHtmlCacheBehavior [ RunTime:0.000310s ]
INFO: [ app_begin ] --END-- [ RunTime:0.000345s ]
NOTIC: [8] A session had already been started - ignoring session_start() /data/wwwroot/blog/ThinkPHP/Common/functions.php 第 1263 行.
SQL: SHOW COLUMNS FROM `z_post` [ RunTime:0.0006s ]
SQL: SELECT COUNT(*) AS tp_count FROM `z_post` LIMIT 1   [ RunTime:0.0001s ]
SQL: SELECT * FROM `z_post` ORDER BY ctime desc LIMIT 0,20   [ RunTime:0.0001s ]
INFO: [ view_parse ] --START--
INFO: [ template_filter ] --START--
INFO: Run Behavior\ContentReplaceBehavior [ RunTime:0.000082s ]
INFO: [ template_filter ] --END-- [ RunTime:0.000143s ]
NOTIC: [8] Undefined variable: userInfo /data/wwwroot/blog/Application/Runtime/Cache/Admin/c171e2b85832ae9943251ee8295bfacb.php 第 361 行.
INFO: Run Behavior\ParseTemplateBehavior [ RunTime:0.014822s ]
INFO: [ view_parse ] --END-- [ RunTime:0.014860s ]
INFO: [ view_filter ] --START--
INFO: Run Behavior\WriteHtmlCacheBehavior [ RunTime:0.000115s ]
INFO: [ view_filter ] --END-- [ RunTime:0.000190s ]
INFO: [ app_end ] --START--
INFO: Run Behavior\ShowPageTraceBehavior [ RunTime:0.000317s ]
INFO: [ app_end ] --END-- [ RunTime:0.000355s ]

[ 2016-11-27T14:54:35+08:00 ] 110.229.26.47 /admin.php/Post/updatePost/id/40
INFO: [ app_init ] --START--
INFO: Run Behavior\BuildLiteBehavior [ RunTime:0.000013s ]
INFO: [ app_init ] --END-- [ RunTime:0.000373s ]
INFO: [ app_begin ] --START--
INFO: Run Behavior\ReadHtmlCacheBehavior [ RunTime:0.000311s ]
INFO: [ app_begin ] --END-- [ RunTime:0.000355s ]
NOTIC: [8] A session had already been started - ignoring session_start() /data/wwwroot/blog/ThinkPHP/Common/functions.php 第 1263 行.
SQL: SHOW COLUMNS FROM `z_post` [ RunTime:0.0006s ]
SQL: SELECT * FROM `z_post` WHERE `id` = 40 LIMIT 1   [ RunTime:0.0001s ]
SQL: SHOW COLUMNS FROM `z_category` [ RunTime:0.0003s ]
SQL: SELECT * FROM `z_category`  [ RunTime:0.0001s ]
SQL: SHOW COLUMNS FROM `z_tag` [ RunTime:0.0003s ]
SQL: SELECT * FROM `z_tag`  [ RunTime:0.0001s ]
INFO: [ view_parse ] --START--
INFO: [ template_filter ] --START--
INFO: Run Behavior\ContentReplaceBehavior [ RunTime:0.000080s ]
INFO: [ template_filter ] --END-- [ RunTime:0.000154s ]
NOTIC: [8] Undefined variable: userInfo /data/wwwroot/blog/Application/Runtime/Cache/Admin/b94d69ac1621e983387ec69783f12599.php 第 361 行.
INFO: Run Behavior\ParseTemplateBehavior [ RunTime:0.014212s ]
INFO: [ view_parse ] --END-- [ RunTime:0.014248s ]
INFO: [ view_filter ] --START--
INFO: Run Behavior\WriteHtmlCacheBehavior [ RunTime:0.000433s ]
INFO: [ view_filter ] --END-- [ RunTime:0.000465s ]
INFO: [ app_end ] --START--
INFO: Run Behavior\ShowPageTraceBehavior [ RunTime:0.000351s ]
INFO: [ app_end ] --END-- [ RunTime:0.000389s ]

[ 2016-11-27T14:54:35+08:00 ] 110.229.26.47 /admin.php/Post/updatePost/id/40
INFO: [ app_init ] --START--
INFO: Run Behavior\BuildLiteBehavior [ RunTime:0.000012s ]
INFO: [ app_init ] --END-- [ RunTime:0.000247s ]
INFO: [ app_begin ] --START--
INFO: Run Behavior\ReadHtmlCacheBehavior [ RunTime:0.000312s ]
INFO: [ app_begin ] --END-- [ RunTime:0.000349s ]
NOTIC: [8] A session had already been started - ignoring session_start() /data/wwwroot/blog/ThinkPHP/Common/functions.php 第 1263 行.
SQL: SHOW COLUMNS FROM `z_post` [ RunTime:0.0006s ]
SQL: SELECT * FROM `z_post` WHERE `id` = 40 LIMIT 1   [ RunTime:0.0001s ]
SQL: SHOW COLUMNS FROM `z_category` [ RunTime:0.0003s ]
SQL: SELECT * FROM `z_category`  [ RunTime:0.0001s ]
SQL: SHOW COLUMNS FROM `z_tag` [ RunTime:0.0003s ]
SQL: SELECT * FROM `z_tag`  [ RunTime:0.0001s ]
INFO: [ view_parse ] --START--
INFO: [ template_filter ] --START--
INFO: Run Behavior\ContentReplaceBehavior [ RunTime:0.000060s ]
INFO: [ template_filter ] --END-- [ RunTime:0.000099s ]
NOTIC: [8] Undefined variable: userInfo /data/wwwroot/blog/Application/Runtime/Cache/Admin/b94d69ac1621e983387ec69783f12599.php 第 361 行.
INFO: Run Behavior\ParseTemplateBehavior [ RunTime:0.013552s ]
INFO: [ view_parse ] --END-- [ RunTime:0.013588s ]
INFO: [ view_filter ] --START--
INFO: Run Behavior\WriteHtmlCacheBehavior [ RunTime:0.000111s ]
INFO: [ view_filter ] --END-- [ RunTime:0.000142s ]
INFO: [ app_end ] --START--
INFO: Run Behavior\ShowPageTraceBehavior [ RunTime:0.000313s ]
INFO: [ app_end ] --END-- [ RunTime:0.000349s ]

[ 2016-11-27T15:08:40+08:00 ] 110.229.26.47 /admin.php/Ajax/addNewPost
INFO: [ app_init ] --START--
INFO: Run Behavior\BuildLiteBehavior [ RunTime:0.000012s ]
INFO: [ app_init ] --END-- [ RunTime:0.000259s ]
INFO: [ app_begin ] --START--
INFO: Run Behavior\ReadHtmlCacheBehavior [ RunTime:0.000355s ]
INFO: [ app_begin ] --END-- [ RunTime:0.000394s ]
NOTIC: [8] A session had already been started - ignoring session_start() /data/wwwroot/blog/ThinkPHP/Common/functions.php 第 1263 行.
SQL: SHOW COLUMNS FROM `z_post` [ RunTime:0.0006s ]
SQL: UPDATE `z_post` SET `title`='新员工拓展训练营总结',`category`='生活',`tag`='分享',`summary`='毫不夸张，这是一次足以让人受益终身的分享。虽说这次训练营是为新员工而发起，但是我觉得，这次分享对任何人都是极受用的。',`content`='<p>								</p><h3>题记</h3><p>毫不夸张，这是一次足以让人受益终身的分享。虽说这次训练营是为新员工而发起，但是我觉得，这次分享对任何人都是极受用的。</p><p>肖总的《企业发展史》，蔡总的《有一份工作叫做中关村在线》，老大的《小东成功心法》，板凳的《员工职业路径规划》，刘烨的《关键词解读》，沛哥的《数说ZOL》。这些分享，内容不同，但是分享的人都有一个共同点：正能量满满！</p><p>以下是我对这次分享的一些感悟，希望对读到它的人能有所帮助。</p><h3>企业发展史</h3><p>肖总讲企业发展史再合适不过了，因为他基本上见证了公司发展的各个时期。从1999年3月至今，这中间发生了很多故事，我摘其中几个印象比较深刻的说：<br/></p><p>1.2000年小东总加入公司。虽说职位是设计，但是什么都做，而且都做的很优秀。且不论他是如何做到把专业之外的工作做的很优秀，只这种愿意多做，勇于担当的精神足以让人信赖。第一年加入公司就全面接手公司，抛开一些时机因素，其他的也就没什么好奇怪的了。</p><p>2.大概是2002年，我记不太清楚了，公司实现初次盈利。这次盈利意义重大，它不单是挽救公司于倒闭的边缘，更是证明了互联网盈利模式的可行性。</p><p>3.2003年非典肆虐期间，所有的公司都歇业了，唯有我们ZOL人，冒着生命的危险前往一线采集行情。正是这种超越同行的智慧与勇气，让ZOL在当时众多的竞争对手当中脱颖而出，从此ZOL进入飞速发展时期。</p><p>4.大概是2013年，在CBSi对中国国情不了解，对ZOL的发展不太看好的情况下，老大筹措数亿元将ZOL从CBSi买了回来，这是一个企业家对梦想的坚持，是对数代ZOL人的负责！</p><h3>有一份工作叫做中关村在线</h3><p>我到现在还记得荣耀V8拍摄的地球画面，太震撼了。原来我们能做到比自己想象的更多。</p><p>是的，传承与创新，传承的是精神，年轻就应该做些不一样的事情。</p><p>除了对这个创意的无比赞叹之外，我对这背后所体现的责任感也分外的认同。我们要时刻的记住，我们不是在做一件主管或者经理交代的事情，我们是在客户负责，对客户的每一分钱负责，也是对自己同事负责，对自己的青春负责。</p><p>再有就是团队的力量。这些奇思妙想，没有团队的合作，是不可能完成的。</p><h3>小东成功心法</h3><ol class=\" list-paddingleft-2\" style=\"list-style-type: decimal;\"><li><p>如何在逆境中生存。</p><p>小东总刚入社会时十分不顺利，辗转4个城市，换了几十份工作。后来好不容易在深圳一家知名的设计公司任职，工资是最低的不说，还不为老板认可。可是小东总并没有退缩，他谦卑为人，虚心请教，请客取经，团结同事最终得到同事和老板认可。</p></li><li><p>如何缩短自己和别人的差距。</p><p>向行业里最优秀的人学习，研究他们的长处，弥补自己的短处。凭借这一点，小东总那时候无论是在设计上还是在撰文上，都能做的比周围的人优秀。</p></li><li><p>勤奋。</p><p>小东总十分谦虚，他在分享时说自己凭什么能获得成功？他说有些人是因为别的，而他是因为勤奋。可见勤奋对他的影响有多大，勤奋对一个人是多么重要。</p></li><li><p>负责。</p><p>小东总提到责任心这块就能挡住85%的人。确实，摸摸自己的良心，自己尽到自己最大的责任心了吗？在这个点上，小东总特别提到了女厕所的改造，和马桶品牌的选择。马桶比五星级酒店用的还好。而女厕的改造，因为大厦结构的原因，实施起来特别不容易，但是小东总仍然坚持做了。引用小东总的一句话：大的方面我们暂时比不过BAT，但是我们先从这些小的方面超越他们。他不希望女生上厕所总是要排队。这是一个企业家的责任心，也是一份善意。</p></li><li><p>情商。</p><p>小东总说以前公司小的时候，经常要求人。现在公司大了，比好多客户还要大。但是小东总出去见客户总会提到三句话：您看我们那些方面做到不好的，给我们提个建议。您看有什么我们可以帮您的。还有一句记不得了，总之，要秉承利他原则。再就是要树立自己的品牌，朋友多了路好走。</p><p>一个人能走多远，不是由你的智商决定的，更多的由情商决定的。</p></li><li><p>正能量。</p><p>要充满正能量。负能量会让朋友远离你，何必自己给自己挖坑呢？</p></li><li><p>设定一个更高的目标。</p><p>没有一个更高的目标，怎么超越自己。</p></li><li><p>感恩。<br/></p></li></ol><h3>职业路径规划</h3><p>罗总的分享特别实用。他从自身的发展过程来讲述了这四个阶段：</p><ol class=\" list-paddingleft-2\" style=\"list-style-type: decimal;\"><li><p>起步。</p><p>首先做好自己的本职工作，提高职业技能。</p></li><li><p>发展期。</p><p>从小事做起，让自己成为一个靠谱的人，被依赖的人。</p></li><li><p>拓展自己的接触面。</p><p>我做好了设计，可不可以尝试一下其他的方面呢？比如产品。</p></li><li><p>进一步拓展自己。</p><p>做了产品，可不可以参加产品的运营了？</p></li></ol><p>这其中，罗总还考了我们一道题：说是有一个banner图，怎么改造这个banner图，让它获得更多的用户点击。结果让人都非常惊讶，改造后的方案是：把这个banner图变成了一个实用的小工具。一下子点击率从万分之一飙升到百分之一。创意实在是太有力的东西！</p><p>总之就是，做好每一件简单的事情，让自己成为一个值得依赖的人，不给自己设限。</p><h3>关键词解读</h3><p>刘烨十分年轻，90后，来公司至今3年多。做的十分出色，2014，2015年的优秀员工都有他。他开始讲之前我一直很好奇，他是如何做到在三年内成为为数不多的资深编辑之一的。他分享完后，我就一点也不意外了。他阐述了12个关键词，我不能都记得了，但以下几个我印象深刻。</p><ol class=\" list-paddingleft-2\" style=\"list-style-type: decimal;\"><li><p>勇敢。</p><p>敢于做错，而不是粗心大意。</p></li><li><p>果敢。</p><p>敢于决断，有所为，而不是不把主管或者经理放在眼里。最近上映的《我不是潘金莲》传达了这样一个意思：不作为才是最大的腐败。确实，不作为不会做错，但是有什么值得称道的呢？</p></li><li><p>正直。</p><p>自己是否对的起自己的良心？</p><p>树立自己的品牌，走遍天下都不怕。</p></li><li><p>正能量。</p><p>不要受负能量的影响，把注意力放在自己最应该关注的方面。</p></li></ol><h3>数说ZOL</h3><p>作为一个技术员，我对沛哥列举的这些数字十分敏感。</p><ol class=\" list-paddingleft-2\" style=\"list-style-type: decimal;\"><li><p>平均每秒3万次的请求。</p><p>这对我们的网站架构和开发人员的技术要求都很高。也是我的技术目标。希望自己将来能传承这些技术，并做出自己的贡献。<br/></p></li><li><p>500多条产品线，平均每天更新4000+的产品和数量巨大的报价等相关信息。</p><p>据说市面上的产品库都是从ZOL取经学习而来的，实在是太牛了。</p></li><li><p>ZOL的技术布局。</p><p>这让我了解到自己所在公司的哪一环，自我定位和奋斗目标更明确了。</p></li></ol><p>							</p>',`mtime`='1480230520' WHERE `id` = 40 [ RunTime:0.0136s ]
NOTIC: [8] Undefined variable: id /data/wwwroot/blog/Application/Admin/Controller/AjaxController.class.php 第 56 行.
SQL: SHOW COLUMNS FROM `z_category` [ RunTime:0.0003s ]
SQL: SELECT * FROM `z_category` WHERE `name` = '生活' LIMIT 1   [ RunTime:0.0001s ]
SQL: SHOW COLUMNS FROM `z_tag` [ RunTime:0.0003s ]
SQL: SELECT * FROM `z_tag` WHERE `name` = '分享' LIMIT 1   [ RunTime:0.0002s ]

[ 2016-11-27T15:08:42+08:00 ] 110.229.26.47 /admin.php/Post/all
INFO: [ app_init ] --START--
INFO: Run Behavior\BuildLiteBehavior [ RunTime:0.000012s ]
INFO: [ app_init ] --END-- [ RunTime:0.000246s ]
INFO: [ app_begin ] --START--
INFO: Run Behavior\ReadHtmlCacheBehavior [ RunTime:0.000353s ]
INFO: [ app_begin ] --END-- [ RunTime:0.000390s ]
NOTIC: [8] A session had already been started - ignoring session_start() /data/wwwroot/blog/ThinkPHP/Common/functions.php 第 1263 行.
SQL: SHOW COLUMNS FROM `z_post` [ RunTime:0.0006s ]
SQL: SELECT COUNT(*) AS tp_count FROM `z_post` LIMIT 1   [ RunTime:0.0002s ]
SQL: SELECT * FROM `z_post` ORDER BY ctime desc LIMIT 0,20   [ RunTime:0.0004s ]
INFO: [ view_parse ] --START--
INFO: [ template_filter ] --START--
INFO: Run Behavior\ContentReplaceBehavior [ RunTime:0.000068s ]
INFO: [ template_filter ] --END-- [ RunTime:0.000137s ]
NOTIC: [8] Undefined variable: userInfo /data/wwwroot/blog/Application/Runtime/Cache/Admin/c171e2b85832ae9943251ee8295bfacb.php 第 361 行.
INFO: Run Behavior\ParseTemplateBehavior [ RunTime:0.013803s ]
INFO: [ view_parse ] --END-- [ RunTime:0.013842s ]
INFO: [ view_filter ] --START--
INFO: Run Behavior\WriteHtmlCacheBehavior [ RunTime:0.000119s ]
INFO: [ view_filter ] --END-- [ RunTime:0.000150s ]
INFO: [ app_end ] --START--
INFO: Run Behavior\ShowPageTraceBehavior [ RunTime:0.000342s ]
INFO: [ app_end ] --END-- [ RunTime:0.000380s ]

[ 2016-11-27T15:08:42+08:00 ] 110.229.26.47 /admin.php/Post/all
INFO: [ app_init ] --START--
INFO: Run Behavior\BuildLiteBehavior [ RunTime:0.000012s ]
INFO: [ app_init ] --END-- [ RunTime:0.000260s ]
INFO: [ app_begin ] --START--
INFO: Run Behavior\ReadHtmlCacheBehavior [ RunTime:0.000365s ]
INFO: [ app_begin ] --END-- [ RunTime:0.000402s ]
NOTIC: [8] A session had already been started - ignoring session_start() /data/wwwroot/blog/ThinkPHP/Common/functions.php 第 1263 行.
SQL: SHOW COLUMNS FROM `z_post` [ RunTime:0.0006s ]
SQL: SELECT COUNT(*) AS tp_count FROM `z_post` LIMIT 1   [ RunTime:0.0001s ]
SQL: SELECT * FROM `z_post` ORDER BY ctime desc LIMIT 0,20   [ RunTime:0.0001s ]
INFO: [ view_parse ] --START--
INFO: [ template_filter ] --START--
INFO: Run Behavior\ContentReplaceBehavior [ RunTime:0.000061s ]
INFO: [ template_filter ] --END-- [ RunTime:0.000102s ]
NOTIC: [8] Undefined variable: userInfo /data/wwwroot/blog/Application/Runtime/Cache/Admin/c171e2b85832ae9943251ee8295bfacb.php 第 361 行.
INFO: Run Behavior\ParseTemplateBehavior [ RunTime:0.013108s ]
INFO: [ view_parse ] --END-- [ RunTime:0.013145s ]
INFO: [ view_filter ] --START--
INFO: Run Behavior\WriteHtmlCacheBehavior [ RunTime:0.000113s ]
INFO: [ view_filter ] --END-- [ RunTime:0.000146s ]
INFO: [ app_end ] --START--
INFO: Run Behavior\ShowPageTraceBehavior [ RunTime:0.000378s ]
INFO: [ app_end ] --END-- [ RunTime:0.000417s ]

[ 2016-11-27T15:12:40+08:00 ] 110.229.26.47 /admin.php/Post/updatePost/id/40
INFO: [ app_init ] --START--
INFO: Run Behavior\BuildLiteBehavior [ RunTime:0.000012s ]
INFO: [ app_init ] --END-- [ RunTime:0.000250s ]
INFO: [ app_begin ] --START--
INFO: Run Behavior\ReadHtmlCacheBehavior [ RunTime:0.000356s ]
INFO: [ app_begin ] --END-- [ RunTime:0.000393s ]
NOTIC: [8] A session had already been started - ignoring session_start() /data/wwwroot/blog/ThinkPHP/Common/functions.php 第 1263 行.
SQL: SHOW COLUMNS FROM `z_post` [ RunTime:0.0006s ]
SQL: SELECT * FROM `z_post` WHERE `id` = 40 LIMIT 1   [ RunTime:0.0001s ]
SQL: SHOW COLUMNS FROM `z_category` [ RunTime:0.0003s ]
SQL: SELECT * FROM `z_category`  [ RunTime:0.0001s ]
SQL: SHOW COLUMNS FROM `z_tag` [ RunTime:0.0003s ]
SQL: SELECT * FROM `z_tag`  [ RunTime:0.0001s ]
INFO: [ view_parse ] --START--
INFO: [ template_filter ] --START--
INFO: Run Behavior\ContentReplaceBehavior [ RunTime:0.000070s ]
INFO: [ template_filter ] --END-- [ RunTime:0.000125s ]
NOTIC: [8] Undefined variable: userInfo /data/wwwroot/blog/Application/Runtime/Cache/Admin/b94d69ac1621e983387ec69783f12599.php 第 361 行.
INFO: Run Behavior\ParseTemplateBehavior [ RunTime:0.015302s ]
INFO: [ view_parse ] --END-- [ RunTime:0.015338s ]
INFO: [ view_filter ] --START--
INFO: Run Behavior\WriteHtmlCacheBehavior [ RunTime:0.000117s ]
INFO: [ view_filter ] --END-- [ RunTime:0.000149s ]
INFO: [ app_end ] --START--
INFO: Run Behavior\ShowPageTraceBehavior [ RunTime:0.000480s ]
INFO: [ app_end ] --END-- [ RunTime:0.000531s ]

[ 2016-11-27T15:12:40+08:00 ] 110.229.26.47 /admin.php/Post/updatePost/id/40
INFO: [ app_init ] --START--
INFO: Run Behavior\BuildLiteBehavior [ RunTime:0.000011s ]
INFO: [ app_init ] --END-- [ RunTime:0.000295s ]
INFO: [ app_begin ] --START--
INFO: Run Behavior\ReadHtmlCacheBehavior [ RunTime:0.000309s ]
INFO: [ app_begin ] --END-- [ RunTime:0.000345s ]
NOTIC: [8] A session had already been started - ignoring session_start() /data/wwwroot/blog/ThinkPHP/Common/functions.php 第 1263 行.
SQL: SHOW COLUMNS FROM `z_post` [ RunTime:0.0006s ]
SQL: SELECT * FROM `z_post` WHERE `id` = 40 LIMIT 1   [ RunTime:0.0001s ]
SQL: SHOW COLUMNS FROM `z_category` [ RunTime:0.0003s ]
SQL: SELECT * FROM `z_category`  [ RunTime:0.0001s ]
SQL: SHOW COLUMNS FROM `z_tag` [ RunTime:0.0003s ]
SQL: SELECT * FROM `z_tag`  [ RunTime:0.0001s ]
INFO: [ view_parse ] --START--
INFO: [ template_filter ] --START--
INFO: Run Behavior\ContentReplaceBehavior [ RunTime:0.000069s ]
INFO: [ template_filter ] --END-- [ RunTime:0.000126s ]
NOTIC: [8] Undefined variable: userInfo /data/wwwroot/blog/Application/Runtime/Cache/Admin/b94d69ac1621e983387ec69783f12599.php 第 361 行.
INFO: Run Behavior\ParseTemplateBehavior [ RunTime:0.014456s ]
INFO: [ view_parse ] --END-- [ RunTime:0.014494s ]
INFO: [ view_filter ] --START--
INFO: Run Behavior\WriteHtmlCacheBehavior [ RunTime:0.000114s ]
INFO: [ view_filter ] --END-- [ RunTime:0.000145s ]
INFO: [ app_end ] --START--
INFO: Run Behavior\ShowPageTraceBehavior [ RunTime:0.000612s ]
INFO: [ app_end ] --END-- [ RunTime:0.000651s ]

[ 2016-11-27T15:19:09+08:00 ] 110.229.26.47 /admin.php/Ajax/addNewPost
INFO: [ app_init ] --START--
INFO: Run Behavior\BuildLiteBehavior [ RunTime:0.000015s ]
INFO: [ app_init ] --END-- [ RunTime:0.000302s ]
INFO: [ app_begin ] --START--
INFO: Run Behavior\ReadHtmlCacheBehavior [ RunTime:0.000314s ]
INFO: [ app_begin ] --END-- [ RunTime:0.000352s ]
NOTIC: [8] A session had already been started - ignoring session_start() /data/wwwroot/blog/ThinkPHP/Common/functions.php 第 1263 行.
SQL: SHOW COLUMNS FROM `z_post` [ RunTime:0.0006s ]
SQL: UPDATE `z_post` SET `title`='新员工拓展训练营总结',`category`='生活',`tag`='分享',`summary`='毫不夸张，这是一次足以让人受益终身的分享。虽说这次训练营是为新员工而发起，但是我觉得，这次分享对任何人都是极受用的。',`content`='<p>								</p><h3>题记<br/></h3><p>毫不夸张，这是一次足以让人受益终身的分享。虽说这次训练营是为新员工而发起，但是我觉得，这次分享对任何人都是极受用的。</p><p>肖总的《企业发展史》，蔡总的《有一份工作叫做中关村在线》，老大的《小东成功心法》，板凳的《员工职业路径规划》，刘烨的《关键词解读》，沛哥的《数说ZOL》。这些分享，内容不同，但是分享的人都有一个共同点：正能量满满！</p><p>以下是我对这次分享的一些感悟，希望对读到它的人能有所帮助。</p><h3>企业发展史</h3><p>肖总讲企业发展史再合适不过了，因为他基本上见证了公司发展的各个时期。从1999年3月至今，这中间发生了很多故事，我摘其中几个印象比较深刻的说：<br/></p><p>1.2000年小东总加入公司。虽说职位是设计，但是他什么都做，而且都做的很优秀。且不论他是如何做到把专业之外的工作做的很优秀，只这种愿意多做，勇于担当的精神足以让人信赖。第一年加入公司就全面接手公司，抛开一些时机因素，其他的也就没什么好奇怪的了。</p><p>2.大概是2002年，我记不太清楚了，公司实现初次盈利。这次盈利意义重大，它不单是挽救公司于倒闭的边缘，更是证明了互联网盈利模式的可行性。</p><p>3.2003年非典肆虐期间，所有的公司都歇业了，唯有我们ZOL人，冒着生命的危险前往一线采集行情。正是这种超越同行的智慧与勇气，让ZOL在当时众多的竞争对手当中脱颖而出，从此ZOL进入飞速发展时期。</p><p>4.大概是2013年，在CBSi对中国国情不了解，对ZOL的发展不太看好的情况下，老大筹措数亿元将ZOL从CBSi买了回来，这是一个企业家对梦想的坚持，是对数代ZOL人的负责！</p><h3>有一份工作叫做中关村在线</h3><ol class=\" list-paddingleft-2\" style=\"list-style-type: decimal;\"><li><p>创新。</p><p>我到现在还记得荣耀V8拍摄的地球画面，太震撼了。原来我们能做到比自己想象的更多。</p></li><li><p>传承与创新。</p><p>传承的是精神，年轻就应该做些不一样的事情。</p></li><li><p>责任心。</p><p>我们要时刻的记住，我们不是在做一件主管或者经理交代的事情，我们是在客户负责，对客户的每一分钱负责，也是对自己同事负责，对自己的青春负责。</p></li><li><p>团队的力量</p><p>这些奇思妙想，没有团队的合作，是不可能完成的。</p></li></ol><h3>小东成功心法</h3><ol class=\" list-paddingleft-2\" style=\"list-style-type: decimal;\"><li><p>如何在逆境中生存。</p><p>小东总刚入社会时十分不顺利，辗转4个城市，换了几十份工作。后来好不容易在深圳一家知名的设计公司任职，工资是最低的不说，还不为老板认可。可是小东总并没有退缩，他谦卑为人，虚心请教，自掏腰包请客取经，团结同事最终得到同事和老板认可。</p></li><li><p>如何缩短自己和别人的差距。</p><p>向行业里最优秀的人学习，研究他们的长处，弥补自己的短处。凭借这一点，小东总那时候无论是在设计上还是在撰文上，都能在最短的时间内做的比周围的人优秀。</p></li><li><p>勤奋。</p><p>小东总十分谦虚，他在分享时说自己凭什么能获得成功？他说有些人是因为别的，而他是因为勤奋。可见勤奋对他的影响有多大，勤奋对一个人是多么重要。</p></li><li><p>负责。</p><p>小东总提到责任心这块就能挡住85%的人。确实，摸摸自己的良心，自己尽到自己最大的责任心了吗？在这个点上，小东总特别提到了女厕所的改造，和马桶品牌的选择。马桶比五星级酒店用的还好。而女厕的改造，因为大厦结构的原因，实施起来特别不容易，但是小东总仍然坚持做了。引用小东总的一句话：大的方面我们暂时比不过BAT，但是我们先从这些小的方面超越他们。他不希望女生上厕所总是要排队。这是一个企业家的责任心，也是一份善意。</p></li><li><p>情商。</p><p>小东总说以前公司小的时候，经常要求人。现在公司大了，比好多客户还要大。但是小东总出去见客户仍然十分谦卑，他总会跟对方提到三句话：您看我们那些方面做到不好的，给我们提个建议。您看有什么我们可以帮您的。还有一句记不得了，总之，要秉承利他原则。再就是要树立自己的品牌，朋友多了路好走。</p><p>一个人能走多远，不是由你的智商决定的，更多的由情商决定的。</p></li><li><p>正能量。</p><p>要充满正能量。负能量会让朋友远离你，何必自己给自己挖坑呢？</p></li><li><p>设定一个更高的目标。</p><p>没有一个更高的目标，怎么超越自己。</p></li><li><p>感恩。<br/></p></li></ol><h3>职业路径规划</h3><p>罗总的分享特别实用。他从自身的发展过程来讲述了这四个阶段：</p><ol class=\" list-paddingleft-2\" style=\"list-style-type: decimal;\"><li><p>起步。</p><p>首先做好自己的本职工作，提高职业技能。</p></li><li><p>发展期。</p><p>从小事做起，让自己成为一个靠谱的人，被依赖的人。</p></li><li><p>拓展自己的接触面。</p><p>我做好了设计，可不可以尝试一下其他的方面呢？比如产品。</p></li><li><p>进一步拓展自己。</p><p>做了产品，可不可以参加产品的运营了？</p></li></ol><p>这其中，罗总还考了我们一道题：说是有一个banner图，怎么改造这个banner图，让它获得更多的用户点击。结果让人都非常惊讶，改造后的方案是：把这个banner图变成了一个实用的小工具。一下子点击率从万分之一飙升到百分之一。创意实在是太有力的东西！</p><p>总之就是，做好每一件简单的事情，让自己成为一个值得依赖的人，不给自己设限。</p><h3>关键词解读</h3><p>刘烨十分年轻，90后，来公司至今3年多。做的十分出色，2014，2015年的优秀员工都有他。他开始讲之前我一直很好奇，他是如何做到在三年内成为为数不多的资深编辑之一的。他分享完后，我就一点也不意外了。他阐述了12个关键词，我不能都记得了，但以下几个我印象深刻。</p><ol class=\" list-paddingleft-2\" style=\"list-style-type: decimal;\"><li><p>勇敢。</p><p>敢于做错，而不是粗心大意。</p></li><li><p>果敢。</p><p>敢于决断，有所为，而不是不把主管或者经理放在眼里。最近上映的《我不是潘金莲》传达了这样一个意思：不作为才是最大的腐败。确实，不作为不会做错，但是有什么值得称道的呢？</p></li><li><p>正直。</p><p>自己是否对的起自己的良心？</p><p>树立自己的品牌，走遍天下都不怕。</p></li><li><p>正能量。</p><p>不要受负能量的影响，把注意力放在自己最应该关注的方面。</p></li></ol><h3>数说ZOL</h3><p>作为一个技术员，我对沛哥列举的这些数字十分敏感。</p><ol class=\" list-paddingleft-2\" style=\"list-style-type: decimal;\"><li><p>平均每秒3万次的请求。</p><p>这对我们的网站架构和开发人员的技术要求都很高。也是我的技术目标。希望自己将来能传承这些技术，并做出自己的贡献。<br/></p></li><li><p>500多条产品线，平均每天更新4000+的产品和数量巨大的报价等相关信息。</p><p>据说市面上的产品库都是从ZOL取经学习而来的，实在是太牛了。</p></li><li><p>ZOL的技术布局。</p><p>这让我了解到自己所在公司的哪一环，自我定位和奋斗目标更明确了。</p></li></ol><p>以上这些都是我根据自己的记忆和感受所写，一来记录下来对自己是一个指引，而来希望能帮助到看到的人。如果有什么错误和纰漏，欢迎批评指正。</p><p>							</p>',`mtime`='1480231149' WHERE `id` = 40 [ RunTime:0.0289s ]
NOTIC: [8] Undefined variable: id /data/wwwroot/blog/Application/Admin/Controller/AjaxController.class.php 第 56 行.
SQL: SHOW COLUMNS FROM `z_category` [ RunTime:0.0005s ]
SQL: SELECT * FROM `z_category` WHERE `name` = '生活' LIMIT 1   [ RunTime:0.0001s ]
SQL: SHOW COLUMNS FROM `z_tag` [ RunTime:0.0003s ]
SQL: SELECT * FROM `z_tag` WHERE `name` = '分享' LIMIT 1   [ RunTime:0.0001s ]

[ 2016-11-27T15:19:11+08:00 ] 110.229.26.47 /admin.php/Post/all
INFO: [ app_init ] --START--
INFO: Run Behavior\BuildLiteBehavior [ RunTime:0.000012s ]
INFO: [ app_init ] --END-- [ RunTime:0.000301s ]
INFO: [ app_begin ] --START--
INFO: Run Behavior\ReadHtmlCacheBehavior [ RunTime:0.000306s ]
INFO: [ app_begin ] --END-- [ RunTime:0.000343s ]
NOTIC: [8] A session had already been started - ignoring session_start() /data/wwwroot/blog/ThinkPHP/Common/functions.php 第 1263 行.
SQL: SHOW COLUMNS FROM `z_post` [ RunTime:0.0006s ]
SQL: SELECT COUNT(*) AS tp_count FROM `z_post` LIMIT 1   [ RunTime:0.0002s ]
SQL: SELECT * FROM `z_post` ORDER BY ctime desc LIMIT 0,20   [ RunTime:0.0003s ]
INFO: [ view_parse ] --START--
INFO: [ template_filter ] --START--
INFO: Run Behavior\ContentReplaceBehavior [ RunTime:0.000058s ]
INFO: [ template_filter ] --END-- [ RunTime:0.000098s ]
NOTIC: [8] Undefined variable: userInfo /data/wwwroot/blog/Application/Runtime/Cache/Admin/c171e2b85832ae9943251ee8295bfacb.php 第 361 行.
INFO: Run Behavior\ParseTemplateBehavior [ RunTime:0.013240s ]
INFO: [ view_parse ] --END-- [ RunTime:0.013277s ]
INFO: [ view_filter ] --START--
INFO: Run Behavior\WriteHtmlCacheBehavior [ RunTime:0.000113s ]
INFO: [ view_filter ] --END-- [ RunTime:0.000144s ]
INFO: [ app_end ] --START--
INFO: Run Behavior\ShowPageTraceBehavior [ RunTime:0.000325s ]
INFO: [ app_end ] --END-- [ RunTime:0.000361s ]

[ 2016-11-27T15:19:12+08:00 ] 110.229.26.47 /admin.php/Post/all
INFO: [ app_init ] --START--
INFO: Run Behavior\BuildLiteBehavior [ RunTime:0.000018s ]
INFO: [ app_init ] --END-- [ RunTime:0.000378s ]
INFO: [ app_begin ] --START--
INFO: Run Behavior\ReadHtmlCacheBehavior [ RunTime:0.000558s ]
INFO: [ app_begin ] --END-- [ RunTime:0.000614s ]
NOTIC: [8] A session had already been started - ignoring session_start() /data/wwwroot/blog/ThinkPHP/Common/functions.php 第 1263 行.
SQL: SHOW COLUMNS FROM `z_post` [ RunTime:0.0006s ]
SQL: SELECT COUNT(*) AS tp_count FROM `z_post` LIMIT 1   [ RunTime:0.0001s ]
SQL: SELECT * FROM `z_post` ORDER BY ctime desc LIMIT 0,20   [ RunTime:0.0002s ]
INFO: [ view_parse ] --START--
INFO: [ template_filter ] --START--
INFO: Run Behavior\ContentReplaceBehavior [ RunTime:0.000061s ]
INFO: [ template_filter ] --END-- [ RunTime:0.000102s ]
NOTIC: [8] Undefined variable: userInfo /data/wwwroot/blog/Application/Runtime/Cache/Admin/c171e2b85832ae9943251ee8295bfacb.php 第 361 行.
INFO: Run Behavior\ParseTemplateBehavior [ RunTime:0.013018s ]
INFO: [ view_parse ] --END-- [ RunTime:0.013055s ]
INFO: [ view_filter ] --START--
INFO: Run Behavior\WriteHtmlCacheBehavior [ RunTime:0.000114s ]
INFO: [ view_filter ] --END-- [ RunTime:0.000146s ]
INFO: [ app_end ] --START--
INFO: Run Behavior\ShowPageTraceBehavior [ RunTime:0.000380s ]
INFO: [ app_end ] --END-- [ RunTime:0.000419s ]

[ 2016-11-27T15:37:40+08:00 ] 110.229.26.47 /admin.php/Post/updatePost/id/40
INFO: [ app_init ] --START--
INFO: Run Behavior\BuildLiteBehavior [ RunTime:0.000012s ]
INFO: [ app_init ] --END-- [ RunTime:0.000293s ]
INFO: [ app_begin ] --START--
INFO: Run Behavior\ReadHtmlCacheBehavior [ RunTime:0.000306s ]
INFO: [ app_begin ] --END-- [ RunTime:0.000342s ]
NOTIC: [8] A session had already been started - ignoring session_start() /data/wwwroot/blog/ThinkPHP/Common/functions.php 第 1263 行.
SQL: SHOW COLUMNS FROM `z_post` [ RunTime:0.0006s ]
SQL: SELECT * FROM `z_post` WHERE `id` = 40 LIMIT 1   [ RunTime:0.0001s ]
SQL: SHOW COLUMNS FROM `z_category` [ RunTime:0.0003s ]
SQL: SELECT * FROM `z_category`  [ RunTime:0.0001s ]
SQL: SHOW COLUMNS FROM `z_tag` [ RunTime:0.0003s ]
SQL: SELECT * FROM `z_tag`  [ RunTime:0.0001s ]
INFO: [ view_parse ] --START--
INFO: [ template_filter ] --START--
INFO: Run Behavior\ContentReplaceBehavior [ RunTime:0.000059s ]
INFO: [ template_filter ] --END-- [ RunTime:0.000098s ]
NOTIC: [8] Undefined variable: userInfo /data/wwwroot/blog/Application/Runtime/Cache/Admin/b94d69ac1621e983387ec69783f12599.php 第 361 行.
INFO: Run Behavior\ParseTemplateBehavior [ RunTime:0.013698s ]
INFO: [ view_parse ] --END-- [ RunTime:0.013732s ]
INFO: [ view_filter ] --START--
INFO: Run Behavior\WriteHtmlCacheBehavior [ RunTime:0.000110s ]
INFO: [ view_filter ] --END-- [ RunTime:0.000140s ]
INFO: [ app_end ] --START--
INFO: Run Behavior\ShowPageTraceBehavior [ RunTime:0.000355s ]
INFO: [ app_end ] --END-- [ RunTime:0.000392s ]

[ 2016-11-27T15:37:40+08:00 ] 110.229.26.47 /admin.php/Post/updatePost/id/40
INFO: [ app_init ] --START--
INFO: Run Behavior\BuildLiteBehavior [ RunTime:0.000012s ]
INFO: [ app_init ] --END-- [ RunTime:0.000246s ]
INFO: [ app_begin ] --START--
INFO: Run Behavior\ReadHtmlCacheBehavior [ RunTime:0.000358s ]
INFO: [ app_begin ] --END-- [ RunTime:0.000394s ]
NOTIC: [8] A session had already been started - ignoring session_start() /data/wwwroot/blog/ThinkPHP/Common/functions.php 第 1263 行.
SQL: SHOW COLUMNS FROM `z_post` [ RunTime:0.0006s ]
SQL: SELECT * FROM `z_post` WHERE `id` = 40 LIMIT 1   [ RunTime:0.0001s ]
SQL: SHOW COLUMNS FROM `z_category` [ RunTime:0.0003s ]
SQL: SELECT * FROM `z_category`  [ RunTime:0.0001s ]
SQL: SHOW COLUMNS FROM `z_tag` [ RunTime:0.0003s ]
SQL: SELECT * FROM `z_tag`  [ RunTime:0.0001s ]
INFO: [ view_parse ] --START--
INFO: [ template_filter ] --START--
INFO: Run Behavior\ContentReplaceBehavior [ RunTime:0.000063s ]
INFO: [ template_filter ] --END-- [ RunTime:0.000103s ]
NOTIC: [8] Undefined variable: userInfo /data/wwwroot/blog/Application/Runtime/Cache/Admin/b94d69ac1621e983387ec69783f12599.php 第 361 行.
INFO: Run Behavior\ParseTemplateBehavior [ RunTime:0.013308s ]
INFO: [ view_parse ] --END-- [ RunTime:0.013344s ]
INFO: [ view_filter ] --START--
INFO: Run Behavior\WriteHtmlCacheBehavior [ RunTime:0.000110s ]
INFO: [ view_filter ] --END-- [ RunTime:0.000141s ]
INFO: [ app_end ] --START--
INFO: Run Behavior\ShowPageTraceBehavior [ RunTime:0.000363s ]
INFO: [ app_end ] --END-- [ RunTime:0.000400s ]

[ 2016-11-27T15:38:22+08:00 ] 110.229.26.47 /admin.php/Ajax/addNewPost
INFO: [ app_init ] --START--
INFO: Run Behavior\BuildLiteBehavior [ RunTime:0.000012s ]
INFO: [ app_init ] --END-- [ RunTime:0.000292s ]
INFO: [ app_begin ] --START--
INFO: Run Behavior\ReadHtmlCacheBehavior [ RunTime:0.000305s ]
INFO: [ app_begin ] --END-- [ RunTime:0.000342s ]
NOTIC: [8] A session had already been started - ignoring session_start() /data/wwwroot/blog/ThinkPHP/Common/functions.php 第 1263 行.
SQL: SHOW COLUMNS FROM `z_post` [ RunTime:0.0006s ]
SQL: UPDATE `z_post` SET `title`='新员工拓展训练营总结',`category`='生活',`tag`='分享',`summary`='毫不夸张，这是一次足以让人受益终身的分享。虽说这次训练营是为新员工而发起，但是我觉得，这次分享对任何人都是极受用的。',`content`='<p>								</p><h3>题记<br/></h3><p>毫不夸张，这是一次足以让人受益终身的分享。虽说这次训练营是为新员工而发起，但是我觉得，这次分享对任何人都是极受用的。</p><p>肖总的《企业发展史》，蔡总的《有一份工作叫做中关村在线》，老大的《小东成功心法》，板凳的《员工职业路径规划》，刘烨的《关键词解读》，沛哥的《数说ZOL》。这些分享，内容不同，但是分享的人都有一个共同点：正能量满满！</p><p>以下是我对这次分享的一些感悟，希望对读到它的人能有所帮助。</p><h3>企业发展史</h3><p>肖总讲企业发展史再合适不过了，因为他基本上见证了公司发展的各个时期。从1999年3月至今，这中间发生了很多故事，我摘其中几个印象比较深刻的说：<br/></p><p>1.2000年小东总加入公司。虽说职位是设计，但是他什么都做，而且都做的很优秀。且不论他是如何做到把专业之外的工作做的很优秀，只这种愿意多做，勇于担当的精神足以让人信赖。第一年加入公司就全面接手公司，抛开一些时机因素，其他的也就没什么好奇怪的了。</p><p>2.大概是2002年，我记不太清楚了，公司实现初次盈利。这次盈利意义重大，它不单是挽救公司于倒闭的边缘，更是证明了互联网盈利模式的可行性。</p><p>3.2003年非典肆虐期间，所有的公司都歇业了，唯有我们ZOL人，冒着生命的危险前往一线采集行情。正是这种超越同行的智慧与勇气，让ZOL在当时众多的竞争对手当中脱颖而出，从此ZOL进入飞速发展时期。</p><p>4.大概是2013年，在CBSi对中国国情不了解，对ZOL的发展不太看好的情况下，老大筹措数亿元将ZOL从CBSi买了回来，这是一个企业家对梦想的坚持，是对数代ZOL人的负责！</p><h3>有一份工作叫做中关村在线</h3><ol class=\" list-paddingleft-2\" style=\"list-style-type: decimal;\"><li><p>创新。</p><p>我到现在还记得荣耀V8拍摄的地球画面，太震撼了。原来我们能做到比自己想象的更多。</p></li><li><p>传承与创新。</p><p>传承的是精神，年轻就应该做些不一样的事情。</p></li><li><p>责任心。</p><p>我们要时刻的记住，我们不是在做一件主管或者经理交代的事情，我们是在客户负责，对客户的每一分钱负责，也是对自己同事负责，对自己的青春负责。</p></li><li><p>团队的力量</p><p>这些奇思妙想，没有团队的合作，是不可能完成的。</p></li></ol><h3>小东成功心法</h3><ol class=\" list-paddingleft-2\" style=\"list-style-type: decimal;\"><li><p>如何在逆境中生存。</p><p>小东总刚入社会时十分不顺利，辗转4个城市，换了几十份工作。后来好不容易在深圳一家知名的设计公司任职，工资是最低的不说，还不为老板认可。可是小东总并没有退缩，他谦卑为人，虚心请教，自掏腰包请客取经，团结同事最终得到同事和老板认可。</p></li><li><p>如何缩短自己和别人的差距。</p><p>向行业里最优秀的人学习，研究他们的长处，弥补自己的短处。凭借这一点，小东总那时候无论是在设计上还是在撰文上，都能在最短的时间内做的比周围的人优秀。</p></li><li><p>勤奋。</p><p>小东总十分谦虚，他在分享时说自己凭什么能获得成功？他说有些人是因为别的，而他是因为勤奋。可见勤奋对他的影响有多大，勤奋对一个人是多么重要。</p></li><li><p>负责。</p><p>小东总提到责任心这块就能挡住85%的人。确实，摸摸自己的良心，自己尽到自己最大的责任心了吗？在这个点上，小东总特别提到了女厕所的改造，和马桶品牌的选择。马桶比五星级酒店用的还好。而女厕的改造，因为大厦结构的原因，实施起来特别不容易，但是小东总仍然坚持做了。引用小东总的一句话：大的方面我们暂时比不过BAT，但是我们先从这些小的方面超越他们。他不希望女生上厕所总是要排队。这是一个企业家的责任心，也是一份善意。</p></li><li><p>情商。</p><p>小东总说以前公司小的时候，经常要求人。现在公司大了，比好多客户还要大。但是小东总出去见客户仍然十分谦卑，他总会跟对方提到三句话：您看我们那些方面做到不好的，给我们提个建议。您看有什么我们可以帮您的。还有一句记不得了，总之，要秉承利他原则。再就是要树立自己的品牌，朋友多了路好走。</p><p>一个人能走多远，不是由你的智商决定的，更多的由情商决定的。</p></li><li><p>正能量。</p><p>要充满正能量。负能量会让朋友远离你，何必自己给自己挖坑呢？</p></li><li><p>设定一个更高的目标。</p><p>没有一个更高的目标，怎么超越自己。</p></li><li><p>感恩。<br/></p></li></ol><h3>职业路径规划</h3><p>罗总的分享特别实用。他从自身的发展过程来讲述了这四个阶段：</p><ol class=\" list-paddingleft-2\" style=\"list-style-type: decimal;\"><li><p>起步。</p><p>首先做好自己的本职工作，提高职业技能。</p></li><li><p>发展期。</p><p>从小事做起，让自己成为一个靠谱的人，被依赖的人。</p></li><li><p>拓展自己的接触面。</p><p>我做好了设计，可不可以尝试一下其他的方面呢？比如产品。</p></li><li><p>进一步拓展自己。</p><p>做了产品，可不可以参加产品的运营了？</p></li></ol><p>这其中，罗总还考了我们一道题：说是有一个banner图，怎么改造这个banner图，让它获得更多的用户点击。结果让人都非常惊讶，改造后的方案是：把这个banner图变成了一个实用的小工具。一下子点击率从万分之一飙升到百分之一。创意实在是太有力的东西！</p><p>总之就是，做好每一件简单的事情，让自己成为一个值得依赖的人，不给自己设限。</p><h3>关键词解读</h3><p>刘烨十分年轻，90后，来公司至今3年多。做的十分出色，2014，2015年的优秀员工都有他。他开始讲之前我一直很好奇，他是如何做到在三年内成为为数不多的资深编辑之一的。他分享完后，我就一点也不意外了。他阐述了12个关键词，我不能都记得了，但以下几个我印象深刻。</p><ol class=\" list-paddingleft-2\" style=\"list-style-type: decimal;\"><li><p>勇敢。</p><p>敢于做错，而不是粗心大意。</p></li><li><p>果敢。</p><p>敢于决断，有所为，而不是不把主管或者经理放在眼里。最近上映的《我不是潘金莲》传达了这样一个意思：不作为才是最大的腐败。确实，不作为不会做错，但是有什么值得称道的呢？</p></li><li><p>正直。</p><p>自己是否对的起自己的良心？</p><p>树立自己的品牌，走遍天下都不怕。</p></li><li><p>正能量。</p><p>不要受负能量的影响，把注意力放在自己最应该关注的方面。</p></li></ol><h3>数说ZOL</h3><p>作为一个技术员，我对沛哥列举的这些数字十分敏感。</p><ol class=\" list-paddingleft-2\" style=\"list-style-type: decimal;\"><li><p>平均每秒3万次的请求。</p><p>这对我们的网站架构和开发人员的技术要求都很高。也是我的技术目标。希望自己将来能传承这些技术，并做出自己的贡献。<br/></p></li><li><p>500多条产品线，平均每天更新4000+的产品和数量巨大的报价等相关信息。</p><p>据说市面上的产品库都是从ZOL取经学习而来的，实在是太牛了。</p></li><li><p>ZOL的技术布局。</p><p>这让我了解到自己所在公司的哪一环，自我定位和奋斗目标更明确了。</p></li></ol><p>以上这些都是我根据自己的记忆和感受所写，一来记录下来对自己是一个指引，二来希望能帮助到看到的人。如果有什么错误和纰漏，欢迎批评指正。</p><p>							</p>',`mtime`='1480232302' WHERE `id` = 40 [ RunTime:0.0088s ]
NOTIC: [8] Undefined variable: id /data/wwwroot/blog/Application/Admin/Controller/AjaxController.class.php 第 56 行.
SQL: SHOW COLUMNS FROM `z_category` [ RunTime:0.0007s ]
SQL: SELECT * FROM `z_category` WHERE `name` = '生活' LIMIT 1   [ RunTime:0.0001s ]
SQL: SHOW COLUMNS FROM `z_tag` [ RunTime:0.0003s ]
SQL: SELECT * FROM `z_tag` WHERE `name` = '分享' LIMIT 1   [ RunTime:0.0001s ]

[ 2016-11-27T15:38:24+08:00 ] 110.229.26.47 /admin.php/Post/all
INFO: [ app_init ] --START--
INFO: Run Behavior\BuildLiteBehavior [ RunTime:0.000012s ]
INFO: [ app_init ] --END-- [ RunTime:0.000250s ]
INFO: [ app_begin ] --START--
INFO: Run Behavior\ReadHtmlCacheBehavior [ RunTime:0.000352s ]
INFO: [ app_begin ] --END-- [ RunTime:0.000391s ]
NOTIC: [8] A session had already been started - ignoring session_start() /data/wwwroot/blog/ThinkPHP/Common/functions.php 第 1263 行.
SQL: SHOW COLUMNS FROM `z_post` [ RunTime:0.0006s ]
SQL: SELECT COUNT(*) AS tp_count FROM `z_post` LIMIT 1   [ RunTime:0.0002s ]
SQL: SELECT * FROM `z_post` ORDER BY ctime desc LIMIT 0,20   [ RunTime:0.0004s ]
INFO: [ view_parse ] --START--
INFO: [ template_filter ] --START--
INFO: Run Behavior\ContentReplaceBehavior [ RunTime:0.000068s ]
INFO: [ template_filter ] --END-- [ RunTime:0.000129s ]
NOTIC: [8] Undefined variable: userInfo /data/wwwroot/blog/Application/Runtime/Cache/Admin/c171e2b85832ae9943251ee8295bfacb.php 第 361 行.
INFO: Run Behavior\ParseTemplateBehavior [ RunTime:0.013985s ]
INFO: [ view_parse ] --END-- [ RunTime:0.014031s ]
INFO: [ view_filter ] --START--
INFO: Run Behavior\WriteHtmlCacheBehavior [ RunTime:0.000160s ]
INFO: [ view_filter ] --END-- [ RunTime:0.000196s ]
INFO: [ app_end ] --START--
INFO: Run Behavior\ShowPageTraceBehavior [ RunTime:0.000427s ]
INFO: [ app_end ] --END-- [ RunTime:0.000484s ]

[ 2016-11-27T15:38:24+08:00 ] 110.229.26.47 /admin.php/Post/all
INFO: [ app_init ] --START--
INFO: Run Behavior\BuildLiteBehavior [ RunTime:0.000012s ]
INFO: [ app_init ] --END-- [ RunTime:0.000295s ]
INFO: [ app_begin ] --START--
INFO: Run Behavior\ReadHtmlCacheBehavior [ RunTime:0.000319s ]
INFO: [ app_begin ] --END-- [ RunTime:0.000356s ]
NOTIC: [8] A session had already been started - ignoring session_start() /data/wwwroot/blog/ThinkPHP/Common/functions.php 第 1263 行.
SQL: SHOW COLUMNS FROM `z_post` [ RunTime:0.0006s ]
SQL: SELECT COUNT(*) AS tp_count FROM `z_post` LIMIT 1   [ RunTime:0.0001s ]
SQL: SELECT * FROM `z_post` ORDER BY ctime desc LIMIT 0,20   [ RunTime:0.0001s ]
INFO: [ view_parse ] --START--
INFO: [ template_filter ] --START--
INFO: Run Behavior\ContentReplaceBehavior [ RunTime:0.000061s ]
INFO: [ template_filter ] --END-- [ RunTime:0.000109s ]
NOTIC: [8] Undefined variable: userInfo /data/wwwroot/blog/Application/Runtime/Cache/Admin/c171e2b85832ae9943251ee8295bfacb.php 第 361 行.
INFO: Run Behavior\ParseTemplateBehavior [ RunTime:0.013235s ]
INFO: [ view_parse ] --END-- [ RunTime:0.013273s ]
INFO: [ view_filter ] --START--
INFO: Run Behavior\WriteHtmlCacheBehavior [ RunTime:0.000115s ]
INFO: [ view_filter ] --END-- [ RunTime:0.000147s ]
INFO: [ app_end ] --START--
INFO: Run Behavior\ShowPageTraceBehavior [ RunTime:0.000579s ]
INFO: [ app_end ] --END-- [ RunTime:0.000617s ]

