[ 2017-04-29T05:18:13+08:00 ] 101.27.211.148 /admin.php
INFO: [ app_init ] --START--
INFO: Run Behavior\BuildLiteBehavior [ RunTime:0.000015s ]
INFO: [ app_init ] --END-- [ RunTime:0.000313s ]
INFO: [ app_begin ] --START--
INFO: Run Behavior\ReadHtmlCacheBehavior [ RunTime:0.000321s ]
INFO: [ app_begin ] --END-- [ RunTime:0.000359s ]
NOTIC: [8] A session had already been started - ignoring session_start() /data/wwwroot/blog/ThinkPHP/Common/functions.php 第 1263 行.

[ 2017-04-29T05:18:13+08:00 ] 101.27.211.148 /admin.php/Login/login
INFO: [ app_init ] --START--
INFO: Run Behavior\BuildLiteBehavior [ RunTime:0.000012s ]
INFO: [ app_init ] --END-- [ RunTime:0.000291s ]
INFO: [ app_begin ] --START--
INFO: Run Behavior\ReadHtmlCacheBehavior [ RunTime:0.000305s ]
INFO: [ app_begin ] --END-- [ RunTime:0.000344s ]
NOTIC: [8] A session had already been started - ignoring session_start() /data/wwwroot/blog/ThinkPHP/Common/functions.php 第 1263 行.
INFO: [ view_parse ] --START--
INFO: [ template_filter ] --START--
INFO: Run Behavior\ContentReplaceBehavior [ RunTime:0.000032s ]
INFO: [ template_filter ] --END-- [ RunTime:0.000072s ]
INFO: Run Behavior\ParseTemplateBehavior [ RunTime:0.004438s ]
INFO: [ view_parse ] --END-- [ RunTime:0.004475s ]
INFO: [ view_filter ] --START--
INFO: Run Behavior\WriteHtmlCacheBehavior [ RunTime:0.000107s ]
INFO: [ view_filter ] --END-- [ RunTime:0.000138s ]
INFO: [ app_end ] --START--
INFO: Run Behavior\ShowPageTraceBehavior [ RunTime:0.000366s ]
INFO: [ app_end ] --END-- [ RunTime:0.000401s ]

[ 2017-04-29T05:18:18+08:00 ] 101.27.211.148 /admin.php/Ajax/login
INFO: [ app_init ] --START--
INFO: Run Behavior\BuildLiteBehavior [ RunTime:0.000013s ]
INFO: [ app_init ] --END-- [ RunTime:0.000249s ]
INFO: [ app_begin ] --START--
INFO: Run Behavior\ReadHtmlCacheBehavior [ RunTime:0.000352s ]
INFO: [ app_begin ] --END-- [ RunTime:0.000388s ]
NOTIC: [8] A session had already been started - ignoring session_start() /data/wwwroot/blog/ThinkPHP/Common/functions.php 第 1263 行.

[ 2017-04-29T05:18:19+08:00 ] 101.27.211.148 /admin.php
INFO: [ app_init ] --START--
INFO: Run Behavior\BuildLiteBehavior [ RunTime:0.000016s ]
INFO: [ app_init ] --END-- [ RunTime:0.000422s ]
INFO: [ app_begin ] --START--
INFO: Run Behavior\ReadHtmlCacheBehavior [ RunTime:0.000504s ]
INFO: [ app_begin ] --END-- [ RunTime:0.000566s ]
NOTIC: [8] A session had already been started - ignoring session_start() /data/wwwroot/blog/ThinkPHP/Common/functions.php 第 1263 行.
SQL: SHOW COLUMNS FROM `z_category` [ RunTime:0.0005s ]
SQL: SELECT * FROM `z_category`  [ RunTime:0.0001s ]
SQL: SHOW COLUMNS FROM `z_tag` [ RunTime:0.0003s ]
SQL: SELECT * FROM `z_tag`  [ RunTime:0.0001s ]
INFO: [ view_parse ] --START--
INFO: [ template_filter ] --START--
INFO: Run Behavior\ContentReplaceBehavior [ RunTime:0.000066s ]
INFO: [ template_filter ] --END-- [ RunTime:0.000107s ]
NOTIC: [8] Undefined variable: userInfo /data/wwwroot/blog/Application/Runtime/Cache/Admin/b595b808c2ebeeeb0478ffc30bb4e87a.php 第 361 行.
NOTIC: [8] Undefined variable: hospitalInfo /data/wwwroot/blog/Application/Runtime/Cache/Admin/b595b808c2ebeeeb0478ffc30bb4e87a.php 第 424 行.
NOTIC: [8] Undefined variable: hospitalInfo /data/wwwroot/blog/Application/Runtime/Cache/Admin/b595b808c2ebeeeb0478ffc30bb4e87a.php 第 438 行.
INFO: Run Behavior\ParseTemplateBehavior [ RunTime:0.013570s ]
INFO: [ view_parse ] --END-- [ RunTime:0.013606s ]
INFO: [ view_filter ] --START--
INFO: Run Behavior\WriteHtmlCacheBehavior [ RunTime:0.000112s ]
INFO: [ view_filter ] --END-- [ RunTime:0.000143s ]
INFO: [ app_end ] --START--
INFO: Run Behavior\ShowPageTraceBehavior [ RunTime:0.000535s ]
INFO: [ app_end ] --END-- [ RunTime:0.000575s ]

[ 2017-04-29T05:18:21+08:00 ] 101.27.211.148 /admin.php
INFO: [ app_init ] --START--
INFO: Run Behavior\BuildLiteBehavior [ RunTime:0.000013s ]
INFO: [ app_init ] --END-- [ RunTime:0.000251s ]
INFO: [ app_begin ] --START--
INFO: Run Behavior\ReadHtmlCacheBehavior [ RunTime:0.000379s ]
INFO: [ app_begin ] --END-- [ RunTime:0.000418s ]
NOTIC: [8] A session had already been started - ignoring session_start() /data/wwwroot/blog/ThinkPHP/Common/functions.php 第 1263 行.
SQL: SHOW COLUMNS FROM `z_category` [ RunTime:0.0006s ]
SQL: SELECT * FROM `z_category`  [ RunTime:0.0001s ]
SQL: SHOW COLUMNS FROM `z_tag` [ RunTime:0.0003s ]
SQL: SELECT * FROM `z_tag`  [ RunTime:0.0001s ]
INFO: [ view_parse ] --START--
INFO: [ template_filter ] --START--
INFO: Run Behavior\ContentReplaceBehavior [ RunTime:0.000070s ]
INFO: [ template_filter ] --END-- [ RunTime:0.000118s ]
NOTIC: [8] Undefined variable: userInfo /data/wwwroot/blog/Application/Runtime/Cache/Admin/b595b808c2ebeeeb0478ffc30bb4e87a.php 第 361 行.
NOTIC: [8] Undefined variable: hospitalInfo /data/wwwroot/blog/Application/Runtime/Cache/Admin/b595b808c2ebeeeb0478ffc30bb4e87a.php 第 424 行.
NOTIC: [8] Undefined variable: hospitalInfo /data/wwwroot/blog/Application/Runtime/Cache/Admin/b595b808c2ebeeeb0478ffc30bb4e87a.php 第 438 行.
INFO: Run Behavior\ParseTemplateBehavior [ RunTime:0.013658s ]
INFO: [ view_parse ] --END-- [ RunTime:0.013697s ]
INFO: [ view_filter ] --START--
INFO: Run Behavior\WriteHtmlCacheBehavior [ RunTime:0.000159s ]
INFO: [ view_filter ] --END-- [ RunTime:0.000192s ]
INFO: [ app_end ] --START--
INFO: Run Behavior\ShowPageTraceBehavior [ RunTime:0.000332s ]
INFO: [ app_end ] --END-- [ RunTime:0.000372s ]

[ 2017-04-29T05:18:22+08:00 ] 101.27.211.148 /admin.php/Post/all
INFO: [ app_init ] --START--
INFO: Run Behavior\BuildLiteBehavior [ RunTime:0.000017s ]
INFO: [ app_init ] --END-- [ RunTime:0.000260s ]
INFO: [ app_begin ] --START--
INFO: Run Behavior\ReadHtmlCacheBehavior [ RunTime:0.000353s ]
INFO: [ app_begin ] --END-- [ RunTime:0.000393s ]
NOTIC: [8] A session had already been started - ignoring session_start() /data/wwwroot/blog/ThinkPHP/Common/functions.php 第 1263 行.
SQL: SHOW COLUMNS FROM `z_post` [ RunTime:0.0008s ]
SQL: SELECT COUNT(*) AS tp_count FROM `z_post` LIMIT 1   [ RunTime:0.0002s ]
SQL: SELECT * FROM `z_post` ORDER BY ctime desc LIMIT 0,20   [ RunTime:0.0007s ]
INFO: [ view_parse ] --START--
INFO: [ template_filter ] --START--
INFO: Run Behavior\ContentReplaceBehavior [ RunTime:0.000063s ]
INFO: [ template_filter ] --END-- [ RunTime:0.000107s ]
NOTIC: [8] Undefined variable: userInfo /data/wwwroot/blog/Application/Runtime/Cache/Admin/c171e2b85832ae9943251ee8295bfacb.php 第 361 行.
INFO: Run Behavior\ParseTemplateBehavior [ RunTime:0.014396s ]
INFO: [ view_parse ] --END-- [ RunTime:0.014437s ]
INFO: [ view_filter ] --START--
INFO: Run Behavior\WriteHtmlCacheBehavior [ RunTime:0.000118s ]
INFO: [ view_filter ] --END-- [ RunTime:0.000152s ]
INFO: [ app_end ] --START--
INFO: Run Behavior\ShowPageTraceBehavior [ RunTime:0.000333s ]
INFO: [ app_end ] --END-- [ RunTime:0.000373s ]

[ 2017-04-29T05:18:26+08:00 ] 101.27.211.148 /admin.php/Post/updatePost/id/124
INFO: [ app_init ] --START--
INFO: Run Behavior\BuildLiteBehavior [ RunTime:0.000012s ]
INFO: [ app_init ] --END-- [ RunTime:0.000250s ]
INFO: [ app_begin ] --START--
INFO: Run Behavior\ReadHtmlCacheBehavior [ RunTime:0.000362s ]
INFO: [ app_begin ] --END-- [ RunTime:0.000401s ]
NOTIC: [8] A session had already been started - ignoring session_start() /data/wwwroot/blog/ThinkPHP/Common/functions.php 第 1263 行.
SQL: SHOW COLUMNS FROM `z_post` [ RunTime:0.0006s ]
SQL: SELECT * FROM `z_post` WHERE `id` = 124 LIMIT 1   [ RunTime:0.0001s ]
SQL: SHOW COLUMNS FROM `z_category` [ RunTime:0.0003s ]
SQL: SELECT * FROM `z_category`  [ RunTime:0.0001s ]
SQL: SHOW COLUMNS FROM `z_tag` [ RunTime:0.0003s ]
SQL: SELECT * FROM `z_tag`  [ RunTime:0.0001s ]
INFO: [ view_parse ] --START--
INFO: [ template_filter ] --START--
INFO: Run Behavior\ContentReplaceBehavior [ RunTime:0.000060s ]
INFO: [ template_filter ] --END-- [ RunTime:0.000100s ]
NOTIC: [8] Undefined variable: userInfo /data/wwwroot/blog/Application/Runtime/Cache/Admin/b94d69ac1621e983387ec69783f12599.php 第 361 行.
INFO: Run Behavior\ParseTemplateBehavior [ RunTime:0.013296s ]
INFO: [ view_parse ] --END-- [ RunTime:0.013333s ]
INFO: [ view_filter ] --START--
INFO: Run Behavior\WriteHtmlCacheBehavior [ RunTime:0.000110s ]
INFO: [ view_filter ] --END-- [ RunTime:0.000142s ]
INFO: [ app_end ] --START--
INFO: Run Behavior\ShowPageTraceBehavior [ RunTime:0.000314s ]
INFO: [ app_end ] --END-- [ RunTime:0.000352s ]

[ 2017-04-29T05:18:48+08:00 ] 101.27.211.148 /admin.php/Ajax/addNewPost
INFO: [ app_init ] --START--
INFO: Run Behavior\BuildLiteBehavior [ RunTime:0.000012s ]
INFO: [ app_init ] --END-- [ RunTime:0.000248s ]
INFO: [ app_begin ] --START--
INFO: Run Behavior\ReadHtmlCacheBehavior [ RunTime:0.000306s ]
INFO: [ app_begin ] --END-- [ RunTime:0.000346s ]
NOTIC: [8] A session had already been started - ignoring session_start() /data/wwwroot/blog/ThinkPHP/Common/functions.php 第 1263 行.
SQL: SHOW COLUMNS FROM `z_post` [ RunTime:0.0006s ]
SQL: UPDATE `z_post` SET `title`='感觉有光在心中生长',`category`='散文',`tag`='心境',`summary`='“记录生命，分享感动！”这即是我想成为作家的初衷了。试想，如果个读者读了我的文章，像我读了我这个朋友的文章一样，心境一下子变得明朗，心中生出光来，那将是我最为欣慰的事了。这也是我突然地要重新做这件事情的原因了。',`content`='<p>								</p><p><br/></p><p>好多年前，我搁下了心爱的笔，不再写一些东西。自那时以及后来很长一段时间，我觉得，有些感觉，将她放在心中默默感受就好了，因为无人言说，也无法言说。毕竟有些微妙的感觉，说不清楚。有些美好，也并不足外人道罢。</p><p>可是我现在决定，我要重拾这个&quot;曾经的挚爱&quot;。</p><p>提起这个挚爱，我不禁想起一个情景。那是我读大二的时候，在教务处的办公室里，有一个老师问我：“你将来想做什么工作？”我毫不犹豫地说：“我想成为一个作家！”</p><p>后来我读了很多小说和诗歌，写作成为我的最爱。我记得有好多次，我写到了天亮。每写完一篇自己喜欢的文字都感觉特别的喜悦与满足。有一次写到天亮，下雪了，我兴致很高，打着伞出去看雪，吃早餐。因为人的心境的关系，这世界的一切在你眼中都是可以那么那么的美好的啊。</p><p>要不是有个作家朋友的突然出现，我想我不会觉出我正在失去一些于我最可贵的东西。要不是这个朋友的突然出现，我想我仍然会跟大多数的“正常人”一样，每天做的事情就是努力挣钱，不断学习挣钱的技能，一直到老吧。这太可怕了，对物质的追求和单调的循环占据了人生的一切。这样的人生继续下去，该有多苍白，多无趣呢？</p><p>不要让自己的内心世界继续荒芜下去了。停下脚步，参加一些活动，思考一下人生，多关心一下周围人和自己的内心世界吧。做一个勇敢，善良，有温度的人吧。</p><p>要不是这个朋友离我如此之近，我的感受也不会如此强烈。看着他的文字，你能想象这样一个人就在你的身边，说着文章里的话。这种感觉如此真实而又如此陌生，让我着迷，让我想起了自己曾经的那个“梦想”。</p><p>“记录生命，分享感动！”这即是我想成为作家的初衷了。试想，如果个读者读了我的文章，像我读了我这个朋友的文章一样，心境一下子变得明朗，心中生出光来，那将是我最为欣慰的事了。这也是我突然地要重新做这件事情的原因了。</p><p>							</p>',`mtime`='1493414328' WHERE `id` = 124 [ RunTime:0.0118s ]
NOTIC: [8] Undefined variable: id /data/wwwroot/blog/Application/Admin/Controller/AjaxController.class.php 第 56 行.
SQL: SHOW COLUMNS FROM `z_category` [ RunTime:0.0003s ]
SQL: SELECT * FROM `z_category` WHERE `name` = '散文' LIMIT 1   [ RunTime:0.0001s ]
SQL: SHOW COLUMNS FROM `z_tag` [ RunTime:0.0007s ]
SQL: SELECT * FROM `z_tag` WHERE `name` = '心境' LIMIT 1   [ RunTime:0.0001s ]

[ 2017-04-29T05:18:50+08:00 ] 101.27.211.148 /admin.php/Post/all
INFO: [ app_init ] --START--
INFO: Run Behavior\BuildLiteBehavior [ RunTime:0.000012s ]
INFO: [ app_init ] --END-- [ RunTime:0.000267s ]
INFO: [ app_begin ] --START--
INFO: Run Behavior\ReadHtmlCacheBehavior [ RunTime:0.000307s ]
INFO: [ app_begin ] --END-- [ RunTime:0.000388s ]
NOTIC: [8] A session had already been started - ignoring session_start() /data/wwwroot/blog/ThinkPHP/Common/functions.php 第 1263 行.
SQL: SHOW COLUMNS FROM `z_post` [ RunTime:0.0006s ]
SQL: SELECT COUNT(*) AS tp_count FROM `z_post` LIMIT 1   [ RunTime:0.0003s ]
SQL: SELECT * FROM `z_post` ORDER BY ctime desc LIMIT 0,20   [ RunTime:0.0005s ]
INFO: [ view_parse ] --START--
INFO: [ template_filter ] --START--
INFO: Run Behavior\ContentReplaceBehavior [ RunTime:0.000057s ]
INFO: [ template_filter ] --END-- [ RunTime:0.000098s ]
NOTIC: [8] Undefined variable: userInfo /data/wwwroot/blog/Application/Runtime/Cache/Admin/c171e2b85832ae9943251ee8295bfacb.php 第 361 行.
INFO: Run Behavior\ParseTemplateBehavior [ RunTime:0.012924s ]
INFO: [ view_parse ] --END-- [ RunTime:0.012962s ]
INFO: [ view_filter ] --START--
INFO: Run Behavior\WriteHtmlCacheBehavior [ RunTime:0.000114s ]
INFO: [ view_filter ] --END-- [ RunTime:0.000148s ]
INFO: [ app_end ] --START--
INFO: Run Behavior\ShowPageTraceBehavior [ RunTime:0.000312s ]
INFO: [ app_end ] --END-- [ RunTime:0.000350s ]

[ 2017-04-29T05:18:52+08:00 ] 101.27.211.148 /admin.php
INFO: [ app_init ] --START--
INFO: Run Behavior\BuildLiteBehavior [ RunTime:0.000013s ]
INFO: [ app_init ] --END-- [ RunTime:0.000250s ]
INFO: [ app_begin ] --START--
INFO: Run Behavior\ReadHtmlCacheBehavior [ RunTime:0.000304s ]
INFO: [ app_begin ] --END-- [ RunTime:0.000343s ]
NOTIC: [8] A session had already been started - ignoring session_start() /data/wwwroot/blog/ThinkPHP/Common/functions.php 第 1263 行.
SQL: SHOW COLUMNS FROM `z_category` [ RunTime:0.0005s ]
SQL: SELECT * FROM `z_category`  [ RunTime:0.0001s ]
SQL: SHOW COLUMNS FROM `z_tag` [ RunTime:0.0003s ]
SQL: SELECT * FROM `z_tag`  [ RunTime:0.0001s ]
INFO: [ view_parse ] --START--
INFO: [ template_filter ] --START--
INFO: Run Behavior\ContentReplaceBehavior [ RunTime:0.000064s ]
INFO: [ template_filter ] --END-- [ RunTime:0.000103s ]
NOTIC: [8] Undefined variable: userInfo /data/wwwroot/blog/Application/Runtime/Cache/Admin/b595b808c2ebeeeb0478ffc30bb4e87a.php 第 361 行.
NOTIC: [8] Undefined variable: hospitalInfo /data/wwwroot/blog/Application/Runtime/Cache/Admin/b595b808c2ebeeeb0478ffc30bb4e87a.php 第 424 行.
NOTIC: [8] Undefined variable: hospitalInfo /data/wwwroot/blog/Application/Runtime/Cache/Admin/b595b808c2ebeeeb0478ffc30bb4e87a.php 第 438 行.
INFO: Run Behavior\ParseTemplateBehavior [ RunTime:0.013376s ]
INFO: [ view_parse ] --END-- [ RunTime:0.013413s ]
INFO: [ view_filter ] --START--
INFO: Run Behavior\WriteHtmlCacheBehavior [ RunTime:0.000153s ]
INFO: [ view_filter ] --END-- [ RunTime:0.000186s ]
INFO: [ app_end ] --START--
INFO: Run Behavior\ShowPageTraceBehavior [ RunTime:0.000313s ]
INFO: [ app_end ] --END-- [ RunTime:0.000351s ]

[ 2017-04-29T06:28:37+08:00 ] 101.27.211.148 /admin.php/Ajax/addNewPost
INFO: [ app_init ] --START--
INFO: Run Behavior\BuildLiteBehavior [ RunTime:0.000013s ]
INFO: [ app_init ] --END-- [ RunTime:0.000259s ]
INFO: [ app_begin ] --START--
INFO: Run Behavior\ReadHtmlCacheBehavior [ RunTime:0.000351s ]
INFO: [ app_begin ] --END-- [ RunTime:0.000392s ]
NOTIC: [8] A session had already been started - ignoring session_start() /data/wwwroot/blog/ThinkPHP/Common/functions.php 第 1263 行.
NOTIC: [8] Undefined index: id /data/wwwroot/blog/Application/Admin/Controller/AjaxController.class.php 第 53 行.
SQL: SHOW COLUMNS FROM `z_post` [ RunTime:0.0006s ]
SQL: INSERT INTO `z_post` (`title`,`category`,`tag`,`summary`,`content`,`pubtime`,`mtime`,`ctime`) VALUES ('他渴望生活，就像他好久没有生活过一样','散文','心境','年复一年的工作与学习留给他的除了技能增长之外，竟好像只有一片空白。','<p>今天晚上有篮球活动。他非常想去，可是还有不少工作要做。他在早上就做了决定，不打篮球，加班。</p><p>活动20：30开始。19:30有个朋友S邀他一起去，稍微“自我斗争”了一小会，他就高兴地答应了。又做了十分钟的工作，就和另外一个朋友Z一起出发了。</p><p>现在的他的心里发生了一种改变。他渴望生活就像他好久没有生活过一样。年复一年的工作与学习留给他的除了技能增长之外，竟好像只有一片空白。就好像一辆车或者别的高速运行的东西，只顾着前进，错过了所有的风景吧？这辆车，他现在想开得慢一点，看看经过的风景，拍一两张照片，或者干脆停下来，和聊得来的朋友谈谈心，做做一直想做的梦。</p><p>三个人在去球场的路上，谈笑着，那种感觉让它感觉真实，是读书与写作所不能给的。他虽爱写作，但是他害怕像他读过的一本小说里的一个人物一样，坐在轮椅上，永远生活在自己的小说里。这个人物在文学上取得了很高的成就，远处的人都崇拜他，而她的爱人，原本那个应该深爱他的人，却深深的鄙视他，鄙视他的真实的一无所有！</p><p>打篮球让他快活。好久不打篮球的他仿佛看到了读书时候的打篮球的自己。这两个自己都是快乐的。不同的是，那个青春时期的自己没想到今天会有个将来的自己在回过头去注视他。</p><p>差不多21：30分，他给老婆打电话，约她在地铁X站碰头。打完电话他就和朋友们愉快地告别了。朋友S和他同行。朋友S聊到他最近在看“微信读书”。他觉得那真是非常好的事情，大家都在追求美好的东西。</p><p>下了地铁后，他又和老婆聊昨天发生的那件不愉快的事。他老婆埋怨他态度不好</p>','1493418517','1493418517','1493418517') [ RunTime:0.0003s ]
SQL: SHOW COLUMNS FROM `z_category` [ RunTime:0.0004s ]
SQL: SELECT * FROM `z_category` WHERE `name` = '散文' LIMIT 1   [ RunTime:0.0001s ]
SQL: SHOW COLUMNS FROM `z_tag` [ RunTime:0.0003s ]
SQL: SELECT * FROM `z_tag` WHERE `name` = '心境' LIMIT 1   [ RunTime:0.0001s ]

[ 2017-04-29T06:28:39+08:00 ] 101.27.211.148 /admin.php/Post/all
INFO: [ app_init ] --START--
INFO: Run Behavior\BuildLiteBehavior [ RunTime:0.000012s ]
INFO: [ app_init ] --END-- [ RunTime:0.000258s ]
INFO: [ app_begin ] --START--
INFO: Run Behavior\ReadHtmlCacheBehavior [ RunTime:0.000305s ]
INFO: [ app_begin ] --END-- [ RunTime:0.000345s ]
NOTIC: [8] A session had already been started - ignoring session_start() /data/wwwroot/blog/ThinkPHP/Common/functions.php 第 1263 行.
SQL: SHOW COLUMNS FROM `z_post` [ RunTime:0.0006s ]
SQL: SELECT COUNT(*) AS tp_count FROM `z_post` LIMIT 1   [ RunTime:0.0002s ]
SQL: SELECT * FROM `z_post` ORDER BY ctime desc LIMIT 0,20   [ RunTime:0.0005s ]
INFO: [ view_parse ] --START--
INFO: [ template_filter ] --START--
INFO: Run Behavior\ContentReplaceBehavior [ RunTime:0.000065s ]
INFO: [ template_filter ] --END-- [ RunTime:0.000111s ]
NOTIC: [8] Undefined variable: userInfo /data/wwwroot/blog/Application/Runtime/Cache/Admin/c171e2b85832ae9943251ee8295bfacb.php 第 361 行.
INFO: Run Behavior\ParseTemplateBehavior [ RunTime:0.013118s ]
INFO: [ view_parse ] --END-- [ RunTime:0.013158s ]
INFO: [ view_filter ] --START--
INFO: Run Behavior\WriteHtmlCacheBehavior [ RunTime:0.000113s ]
INFO: [ view_filter ] --END-- [ RunTime:0.000145s ]
INFO: [ app_end ] --START--
INFO: Run Behavior\ShowPageTraceBehavior [ RunTime:0.000312s ]
INFO: [ app_end ] --END-- [ RunTime:0.000350s ]

[ 2017-04-29T11:21:22+08:00 ] 101.27.211.148 /admin.php/Post/updatePost/id/125
INFO: [ app_init ] --START--
INFO: Run Behavior\BuildLiteBehavior [ RunTime:0.000013s ]
INFO: [ app_init ] --END-- [ RunTime:0.000249s ]
INFO: [ app_begin ] --START--
INFO: Run Behavior\ReadHtmlCacheBehavior [ RunTime:0.000358s ]
INFO: [ app_begin ] --END-- [ RunTime:0.000397s ]
NOTIC: [8] A session had already been started - ignoring session_start() /data/wwwroot/blog/ThinkPHP/Common/functions.php 第 1263 行.
SQL: SHOW COLUMNS FROM `z_post` [ RunTime:0.0006s ]
SQL: SELECT * FROM `z_post` WHERE `id` = 125 LIMIT 1   [ RunTime:0.0002s ]
SQL: SHOW COLUMNS FROM `z_category` [ RunTime:0.0003s ]
SQL: SELECT * FROM `z_category`  [ RunTime:0.0001s ]
SQL: SHOW COLUMNS FROM `z_tag` [ RunTime:0.0003s ]
SQL: SELECT * FROM `z_tag`  [ RunTime:0.0001s ]
INFO: [ view_parse ] --START--
INFO: [ template_filter ] --START--
INFO: Run Behavior\ContentReplaceBehavior [ RunTime:0.000065s ]
INFO: [ template_filter ] --END-- [ RunTime:0.000107s ]
NOTIC: [8] Undefined variable: userInfo /data/wwwroot/blog/Application/Runtime/Cache/Admin/b94d69ac1621e983387ec69783f12599.php 第 361 行.
INFO: Run Behavior\ParseTemplateBehavior [ RunTime:0.013764s ]
INFO: [ view_parse ] --END-- [ RunTime:0.013802s ]
INFO: [ view_filter ] --START--
INFO: Run Behavior\WriteHtmlCacheBehavior [ RunTime:0.000112s ]
INFO: [ view_filter ] --END-- [ RunTime:0.000145s ]
INFO: [ app_end ] --START--
INFO: Run Behavior\ShowPageTraceBehavior [ RunTime:0.000368s ]
INFO: [ app_end ] --END-- [ RunTime:0.000408s ]

[ 2017-04-29T12:37:46+08:00 ] 101.27.211.148 /admin.php/Ajax/addNewPost
INFO: [ app_init ] --START--
INFO: Run Behavior\BuildLiteBehavior [ RunTime:0.000013s ]
INFO: [ app_init ] --END-- [ RunTime:0.000247s ]
INFO: [ app_begin ] --START--
INFO: Run Behavior\ReadHtmlCacheBehavior [ RunTime:0.000309s ]
INFO: [ app_begin ] --END-- [ RunTime:0.000348s ]
NOTIC: [8] A session had already been started - ignoring session_start() /data/wwwroot/blog/ThinkPHP/Common/functions.php 第 1263 行.
SQL: SHOW COLUMNS FROM `z_post` [ RunTime:0.0006s ]
SQL: UPDATE `z_post` SET `title`='他渴望生活，就像他好久没有生活过一样',`category`='散文',`tag`='心境',`summary`='年复一年的工作与学习留给他的除了技能增长之外，竟好像只有一片空白。',`content`='<p>								</p><p>今天晚上有篮球活动。他非常想去，可是还有不少工作要做。他在早上就做了决定，不打篮球，加班。</p><p>活动20：30开始。19:30有个朋友S邀他一起去，稍微“自我斗争”了一小会，他就高兴地答应了。又做了十分钟的工作，就和另外一个朋友Z一起出发了。</p><p>现在的他的心里发生了一种改变。他渴望生活就像他好久没有生活过一样。年复一年的工作与学习留给他的除了技能增长之外，竟好像只有一片空白。就好像一辆车或者别的高速运行的东西，只顾着前进，错过了所有的风景。这辆车，他现在想开得慢一点，看看经过的风景，拍一两张照片，或者干脆停下来，和聊得来的朋友谈谈心，做做一直想做的梦。</p><p>三个人在去球场的路上，谈笑着，那种感觉让它感觉真实，是读书与写作所不能给的。他虽爱写作，但是他害怕像他读过的一本小说里的一个人物一样，坐在轮椅上，永远生活在自己的小说里。这个人物在文学上取得了很高的成就，远处的人都崇拜他，而她的爱人，原本那个应该深爱他的人，却深深的鄙视他，鄙视他的真实的一无所有！</p><p>打篮球让他快活。好久不打篮球的他仿佛看到了读书时候的打篮球的自己。这两个自己都是快乐的。不同的是，那个青春时期的自己没想到今天会有个将来的自己在回过头去注视他。</p><p>差不多21：30分，他给老婆打电话，约她在地铁X站碰头。打完电话他就和朋友们愉快地告别了。朋友S和他同行。朋友S聊到他最近在看“微信读书”。他觉得那真是非常好的事情，大家都在追求美好的东西。</p><p>出了地铁，他搂着他老婆，又和她聊起昨天发生的那件不愉快的事。他老婆埋怨他态度不好，他希望老婆为人处世更有修养。他承认他的态度有问题，他给她道了歉。但是说回他老婆的问题，他老婆又开始把一切原因都推在别人身上，甚至又开始说起脏话。他很失望，说了一句：“臭脾气”，放开了搂着她老婆的手。于是两个人各走各路，谁也不想搭理谁了。</p><p>他觉得有点压抑，想吃东西。就在他在路边买瓜的空档，他老婆已走远，消失在前面的黑夜中。<br/></p><p>此刻他突然感觉累了，精疲力尽。夜晚的风吹在身上，都是孤独。这不是他理想中的婚姻状态，但是他也没有不继续过的意思。不单是为了孩子，更是因为他们之间曾经发生的一切，至少因为他肯定她是爱他的。他很早就明白，这种美满强求不来。</p><p>回到家里，两人无语。她玩她的手机，他躺在床上歇乏。快12点了，他一点睡意没有。他打开电脑，戴上耳机，写他对近期生活的一些感受。他也想起过去的很多事情。这些心理活动给他很大的力量，晚上的不悦也似乎也被全都赶走了。他突然觉得，他心里有一种特别的小幸福，能给他带来温暖，帮助他积极地去对待所有的人和事。写完这篇小文都凌晨1点半了。他合上电脑，心满意足的睡了。</p><p>第二天早上起来，他发现鼻子里流了好多血，还有点头疼。但这丝毫没有影响到他的好心情。洗漱完出门，他戴上耳机，准备跑步去地铁。</p><p>他特别喜欢跑步的感觉。他把跑步分为三个阶段。第一个阶段，精力充沛，跑的也快，这让他有一种强烈的自由而又有活力的感觉。第二个阶段是续航阶段，这个阶段跑速比较均匀，筋骨也活动开了。这个时候他一般都会看看天，看看树。碰到蓝天白云，清风拂面的时候，就有种奔向美好明天的幸福感。第三个阶段是坚持阶段，到这个时候人已经很累，喘着粗气。这确实他最喜欢的阶段。这个阶段他会给自己加油，每往前迈一步都是胜利的奖励，每迈出一步喜悦就会加倍。</p><p>每次跑到地铁站他都有点意犹未尽的感觉。1.3KM的路程不长，却是一天美丽的开始。</p><p>以往在通勤的路上，他都会看看专业相关的东西，可是今天他不打算看任何东西。他觉得他需要好好的想一想自己的人生，他需要好好的感受一下人生。</p><p>昨天受了他老婆气的销售员C小姐打电话给他，说她们公司今天会给他打个回访电话，了解一下商品的使用情况与他第她们服务的满意度。接到她的电话，他很高兴。因为C小姐的声音里听不出一丝的不悦与失落，而是满满的笑容与自信。他很赞叹C小姐能这么快就调整好了心态。他跟她说：“都是满分，请放心”。在他看来，与人相处，能帮就帮，不要难为人。C小姐的来电让他想：如果人与人之间都如此相处，那么这世界该多么美好。</p><p>							</p>',`mtime`='1493440666' WHERE `id` = 125 [ RunTime:0.0577s ]
NOTIC: [8] Undefined variable: id /data/wwwroot/blog/Application/Admin/Controller/AjaxController.class.php 第 56 行.
SQL: SHOW COLUMNS FROM `z_category` [ RunTime:0.0003s ]
SQL: SELECT * FROM `z_category` WHERE `name` = '散文' LIMIT 1   [ RunTime:0.0001s ]
SQL: SHOW COLUMNS FROM `z_tag` [ RunTime:0.0003s ]
SQL: SELECT * FROM `z_tag` WHERE `name` = '心境' LIMIT 1   [ RunTime:0.0001s ]

[ 2017-04-29T12:37:49+08:00 ] 101.27.211.148 /admin.php/Post/all
INFO: [ app_init ] --START--
INFO: Run Behavior\BuildLiteBehavior [ RunTime:0.000015s ]
INFO: [ app_init ] --END-- [ RunTime:0.000385s ]
INFO: [ app_begin ] --START--
INFO: Run Behavior\ReadHtmlCacheBehavior [ RunTime:0.000315s ]
INFO: [ app_begin ] --END-- [ RunTime:0.000352s ]
NOTIC: [8] A session had already been started - ignoring session_start() /data/wwwroot/blog/ThinkPHP/Common/functions.php 第 1263 行.
SQL: SHOW COLUMNS FROM `z_post` [ RunTime:0.0007s ]
SQL: SELECT COUNT(*) AS tp_count FROM `z_post` LIMIT 1   [ RunTime:0.0002s ]
SQL: SELECT * FROM `z_post` ORDER BY ctime desc LIMIT 0,20   [ RunTime:0.0005s ]
INFO: [ view_parse ] --START--
INFO: [ template_filter ] --START--
INFO: Run Behavior\ContentReplaceBehavior [ RunTime:0.000064s ]
INFO: [ template_filter ] --END-- [ RunTime:0.000107s ]
NOTIC: [8] Undefined variable: userInfo /data/wwwroot/blog/Application/Runtime/Cache/Admin/c171e2b85832ae9943251ee8295bfacb.php 第 361 行.
INFO: Run Behavior\ParseTemplateBehavior [ RunTime:0.013167s ]
INFO: [ view_parse ] --END-- [ RunTime:0.013206s ]
INFO: [ view_filter ] --START--
INFO: Run Behavior\WriteHtmlCacheBehavior [ RunTime:0.000115s ]
INFO: [ view_filter ] --END-- [ RunTime:0.000149s ]
INFO: [ app_end ] --START--
INFO: Run Behavior\ShowPageTraceBehavior [ RunTime:0.000328s ]
INFO: [ app_end ] --END-- [ RunTime:0.000368s ]

[ 2017-04-29T16:11:51+08:00 ] 101.27.211.148 /admin.php
INFO: [ app_init ] --START--
INFO: Run Behavior\BuildLiteBehavior [ RunTime:0.000013s ]
INFO: [ app_init ] --END-- [ RunTime:0.000300s ]
INFO: [ app_begin ] --START--
INFO: Run Behavior\ReadHtmlCacheBehavior [ RunTime:0.000309s ]
INFO: [ app_begin ] --END-- [ RunTime:0.000346s ]
NOTIC: [8] A session had already been started - ignoring session_start() /data/wwwroot/blog/ThinkPHP/Common/functions.php 第 1263 行.

[ 2017-04-29T16:11:51+08:00 ] 101.27.211.148 /admin.php/Login/login
INFO: [ app_init ] --START--
INFO: Run Behavior\BuildLiteBehavior [ RunTime:0.000011s ]
INFO: [ app_init ] --END-- [ RunTime:0.000279s ]
INFO: [ app_begin ] --START--
INFO: Run Behavior\ReadHtmlCacheBehavior [ RunTime:0.000293s ]
INFO: [ app_begin ] --END-- [ RunTime:0.000336s ]
NOTIC: [8] A session had already been started - ignoring session_start() /data/wwwroot/blog/ThinkPHP/Common/functions.php 第 1263 行.
INFO: [ view_parse ] --START--
INFO: [ template_filter ] --START--
INFO: Run Behavior\ContentReplaceBehavior [ RunTime:0.000031s ]
INFO: [ template_filter ] --END-- [ RunTime:0.000070s ]
INFO: Run Behavior\ParseTemplateBehavior [ RunTime:0.004394s ]
INFO: [ view_parse ] --END-- [ RunTime:0.004431s ]
INFO: [ view_filter ] --START--
INFO: Run Behavior\WriteHtmlCacheBehavior [ RunTime:0.000117s ]
INFO: [ view_filter ] --END-- [ RunTime:0.000149s ]
INFO: [ app_end ] --START--
INFO: Run Behavior\ShowPageTraceBehavior [ RunTime:0.000356s ]
INFO: [ app_end ] --END-- [ RunTime:0.000391s ]

[ 2017-04-29T16:11:55+08:00 ] 101.27.211.148 /admin.php/Ajax/login
INFO: [ app_init ] --START--
INFO: Run Behavior\BuildLiteBehavior [ RunTime:0.000012s ]
INFO: [ app_init ] --END-- [ RunTime:0.000252s ]
INFO: [ app_begin ] --START--
INFO: Run Behavior\ReadHtmlCacheBehavior [ RunTime:0.000308s ]
INFO: [ app_begin ] --END-- [ RunTime:0.000343s ]
NOTIC: [8] A session had already been started - ignoring session_start() /data/wwwroot/blog/ThinkPHP/Common/functions.php 第 1263 行.

[ 2017-04-29T16:11:55+08:00 ] 101.27.211.148 /admin.php
INFO: [ app_init ] --START--
INFO: Run Behavior\BuildLiteBehavior [ RunTime:0.000010s ]
INFO: [ app_init ] --END-- [ RunTime:0.000260s ]
INFO: [ app_begin ] --START--
INFO: Run Behavior\ReadHtmlCacheBehavior [ RunTime:0.000275s ]
INFO: [ app_begin ] --END-- [ RunTime:0.000312s ]
NOTIC: [8] A session had already been started - ignoring session_start() /data/wwwroot/blog/ThinkPHP/Common/functions.php 第 1263 行.
SQL: SHOW COLUMNS FROM `z_category` [ RunTime:0.0005s ]
SQL: SELECT * FROM `z_category`  [ RunTime:0.0001s ]
SQL: SHOW COLUMNS FROM `z_tag` [ RunTime:0.0003s ]
SQL: SELECT * FROM `z_tag`  [ RunTime:0.0001s ]
INFO: [ view_parse ] --START--
INFO: [ template_filter ] --START--
INFO: Run Behavior\ContentReplaceBehavior [ RunTime:0.000063s ]
INFO: [ template_filter ] --END-- [ RunTime:0.000103s ]
NOTIC: [8] Undefined variable: userInfo /data/wwwroot/blog/Application/Runtime/Cache/Admin/b595b808c2ebeeeb0478ffc30bb4e87a.php 第 361 行.
NOTIC: [8] Undefined variable: hospitalInfo /data/wwwroot/blog/Application/Runtime/Cache/Admin/b595b808c2ebeeeb0478ffc30bb4e87a.php 第 424 行.
NOTIC: [8] Undefined variable: hospitalInfo /data/wwwroot/blog/Application/Runtime/Cache/Admin/b595b808c2ebeeeb0478ffc30bb4e87a.php 第 438 行.
INFO: Run Behavior\ParseTemplateBehavior [ RunTime:0.013514s ]
INFO: [ view_parse ] --END-- [ RunTime:0.013549s ]
INFO: [ view_filter ] --START--
INFO: Run Behavior\WriteHtmlCacheBehavior [ RunTime:0.000108s ]
INFO: [ view_filter ] --END-- [ RunTime:0.000140s ]
INFO: [ app_end ] --START--
INFO: Run Behavior\ShowPageTraceBehavior [ RunTime:0.000370s ]
INFO: [ app_end ] --END-- [ RunTime:0.000409s ]

[ 2017-04-29T17:07:07+08:00 ] 101.27.211.148 /admin.php/Ajax/addNewPost
INFO: [ app_init ] --START--
INFO: Run Behavior\BuildLiteBehavior [ RunTime:0.000012s ]
INFO: [ app_init ] --END-- [ RunTime:0.000247s ]
INFO: [ app_begin ] --START--
INFO: Run Behavior\ReadHtmlCacheBehavior [ RunTime:0.000310s ]
INFO: [ app_begin ] --END-- [ RunTime:0.000350s ]
NOTIC: [8] A session had already been started - ignoring session_start() /data/wwwroot/blog/ThinkPHP/Common/functions.php 第 1263 行.
NOTIC: [8] Undefined index: id /data/wwwroot/blog/Application/Admin/Controller/AjaxController.class.php 第 53 行.
SQL: SHOW COLUMNS FROM `z_post` [ RunTime:0.0006s ]
SQL: INSERT INTO `z_post` (`title`,`category`,`tag`,`summary`,`content`,`pubtime`,`mtime`,`ctime`) VALUES ('文不对题','散文','心境','啊，我的心里这几天还有些别的微妙的感觉，我不确定这是什么，我也不知道该如何表达。这从未有过，我也不知道能持续多久。但是我能做的，就是做不要让自己后悔的事情，其他的就交给老天爷吧。','<p>我发现我最近又变得很敏感，柔软起来了。经过的事情和伴随事情的感想都能如电影画面一样定格在我的脑海中。</p><p>一大清早，约莫5点左右的光景，我就再也睡不着了，有太多的感想想要记录，想要表达。</p><p>文章写到一半，小孩子起来了，非得拉着我出去玩。正好赶上庙会，我俩脸都没洗，穿着凉拖鞋就上街了。小孩子欢喜的很，一路跑着，我在后面怎么喊她慢点都没用。她回头冲我调皮的笑的样子，肯定是这世上我觉得最美的事情。</p><p>打气球，蹦蹦床，旋转木马。庙会人还不多的时候，我们就玩了个遍。</p><p>她特别爱坐旋转木马，我看她坐旋转木马比她小时候坐摇摇车要快乐得多。她坐旋转木马的时候，我问她：“好玩吗？”。她说：“好玩”。小孩子的语气永远是那么认真，认真的让人觉得久违，觉得感动。每次她转到我的面前的时候，我一冲他摆剪刀手，冲她做鬼脸，她就会笑的特别快乐。有一次我冲她摆了剪刀手后，她笑了，转过去之后，我好像看到她有一个抹眼泪的动作，那一刻我的眼泪就涌上来了，就像此时此刻敲着这些文字的我。一个星期才能回来看孩子一次，我们欠她太多。</p><p>正玩着，她妈妈骑着电动车过来了，喊我们回去吃早餐，然后去练车。</p><p>妻子靠在我的肩上，看着小孩子在木马上旋转。当时并不觉得，现在想起来，这不就是平凡的幸福吗？</p><p>妻子新手上路一点也不怵，这让我大为赞叹。第一天开车就跑到90多公里每小时，用流行词说叫做：厉害了我的老婆大人！</p><p>老丈人是个开车的老手，坐在副驾驶上指导，一会说这一会说那，妻子都不耐烦了，说都没法开车了。后来老丈人干脆一眼不说了。呵呵，想起这些细节其实挺有意思，这不就是生活吗？</p><p>中午吃了个便饭，妻子就开车载着我去驾校报了个名。托她姐姐找了点关系，便宜了1000块钱。作为一个业余的“文人”，我本应该不齿这种行为的。但是有人情在这里，我还是很谢谢妻子的姐姐。这么帮忙的，不计较回报的恐怕也就是我们的亲人吧。</p><p>说起亲人，今天早上我和三姐通了快10分钟的视频电话。我发现原来在至亲面前，你可以不知不觉已经卸下了所有防备，做了最真实的自己，笑出了真正的快乐。</p><p>三姐是个女强人。30出头的年纪已是一个大的品牌连锁店的店长。她跟我说最近工作积极性不怎么高，因为看到自己的上限了。她说老板不会重用她，也不敢。因为一来知道他不久后要离开那个地方，二来担心她能力太强影响到自己。我跟她说，不管怎样，我们应该积极对待生活，但是她是听不进去了，现在的状态是她自己的选择。此时此刻，我突然想到她小的时候。那时候我俩还老打架。读四年级的时候，我们在一个班，不记得为什么数学老师不停的让我上台做题，我记得我应该是哭了，她好像站起来质问老师为什么要这样。四年级的女生，为了弟弟质问老师，这需要多大的勇气啊。想到这里我的眼角又泛起了泪光。我想她们了。愿上帝保佑她们平安，幸福。</p><p>报完名，送走妻子的姐姐，我俩决定往东跑跑，去“看看东边的世界”。车速跑到80KM以上的时候，人生出一阵快感，怪不得好多人喜欢开快车，但是希望我亲爱的读者注意安全，平安才能回家。</p><p>原本准备回家后睡个午觉的，可是回家后都快3点了，索性就不睡了。打开电脑，打算追一下最近热播的《人民的名义》,看了半集，实在看不下去了。生命太宝贵，应该干一些能留下生命痕迹的事情。于是我打开编辑器，写下了这篇文章。如果有人读到这里，并觉得不是写了一大堆的废话，那我的时间应该没有白费吧。</p><p>就到这里吧。啊，我的心里这几天还有些别的微妙的感觉，我不确定这是什么，我也不知道该如何表达。这从未有过，我也不知道能持续多久。但是我能做的，就是做不要让自己后悔的事情，其他的就交给老天爷吧。</p>','1493456826','1493456826','1493456826') [ RunTime:0.0389s ]
SQL: SHOW COLUMNS FROM `z_category` [ RunTime:0.0003s ]
SQL: SELECT * FROM `z_category` WHERE `name` = '散文' LIMIT 1   [ RunTime:0.0001s ]
SQL: SHOW COLUMNS FROM `z_tag` [ RunTime:0.0003s ]
SQL: SELECT * FROM `z_tag` WHERE `name` = '心境' LIMIT 1   [ RunTime:0.0001s ]

[ 2017-04-29T17:07:09+08:00 ] 101.27.211.148 /admin.php/Post/all
INFO: [ app_init ] --START--
INFO: Run Behavior\BuildLiteBehavior [ RunTime:0.000013s ]
INFO: [ app_init ] --END-- [ RunTime:0.000298s ]
INFO: [ app_begin ] --START--
INFO: Run Behavior\ReadHtmlCacheBehavior [ RunTime:0.000311s ]
INFO: [ app_begin ] --END-- [ RunTime:0.000348s ]
NOTIC: [8] A session had already been started - ignoring session_start() /data/wwwroot/blog/ThinkPHP/Common/functions.php 第 1263 行.
SQL: SHOW COLUMNS FROM `z_post` [ RunTime:0.0006s ]
SQL: SELECT COUNT(*) AS tp_count FROM `z_post` LIMIT 1   [ RunTime:0.0003s ]
SQL: SELECT * FROM `z_post` ORDER BY ctime desc LIMIT 0,20   [ RunTime:0.0006s ]
INFO: [ view_parse ] --START--
INFO: [ template_filter ] --START--
INFO: Run Behavior\ContentReplaceBehavior [ RunTime:0.000061s ]
INFO: [ template_filter ] --END-- [ RunTime:0.000102s ]
NOTIC: [8] Undefined variable: userInfo /data/wwwroot/blog/Application/Runtime/Cache/Admin/c171e2b85832ae9943251ee8295bfacb.php 第 361 行.
INFO: Run Behavior\ParseTemplateBehavior [ RunTime:0.013056s ]
INFO: [ view_parse ] --END-- [ RunTime:0.013096s ]
INFO: [ view_filter ] --START--
INFO: Run Behavior\WriteHtmlCacheBehavior [ RunTime:0.000115s ]
INFO: [ view_filter ] --END-- [ RunTime:0.000148s ]
INFO: [ app_end ] --START--
INFO: Run Behavior\ShowPageTraceBehavior [ RunTime:0.000329s ]
INFO: [ app_end ] --END-- [ RunTime:0.000368s ]

[ 2017-04-29T17:12:13+08:00 ] 101.27.211.148 /admin.php/Post/updatePost/id/126
INFO: [ app_init ] --START--
INFO: Run Behavior\BuildLiteBehavior [ RunTime:0.000015s ]
INFO: [ app_init ] --END-- [ RunTime:0.000277s ]
INFO: [ app_begin ] --START--
INFO: Run Behavior\ReadHtmlCacheBehavior [ RunTime:0.000392s ]
INFO: [ app_begin ] --END-- [ RunTime:0.000434s ]
NOTIC: [8] A session had already been started - ignoring session_start() /data/wwwroot/blog/ThinkPHP/Common/functions.php 第 1263 行.
SQL: SHOW COLUMNS FROM `z_post` [ RunTime:0.0006s ]
SQL: SELECT * FROM `z_post` WHERE `id` = 126 LIMIT 1   [ RunTime:0.0001s ]
SQL: SHOW COLUMNS FROM `z_category` [ RunTime:0.0003s ]
SQL: SELECT * FROM `z_category`  [ RunTime:0.0001s ]
SQL: SHOW COLUMNS FROM `z_tag` [ RunTime:0.0003s ]
SQL: SELECT * FROM `z_tag`  [ RunTime:0.0001s ]
INFO: [ view_parse ] --START--
INFO: [ template_filter ] --START--
INFO: Run Behavior\ContentReplaceBehavior [ RunTime:0.000067s ]
INFO: [ template_filter ] --END-- [ RunTime:0.000108s ]
NOTIC: [8] Undefined variable: userInfo /data/wwwroot/blog/Application/Runtime/Cache/Admin/b94d69ac1621e983387ec69783f12599.php 第 361 行.
INFO: Run Behavior\ParseTemplateBehavior [ RunTime:0.013533s ]
INFO: [ view_parse ] --END-- [ RunTime:0.013570s ]
INFO: [ view_filter ] --START--
INFO: Run Behavior\WriteHtmlCacheBehavior [ RunTime:0.000112s ]
INFO: [ view_filter ] --END-- [ RunTime:0.000145s ]
INFO: [ app_end ] --START--
INFO: Run Behavior\ShowPageTraceBehavior [ RunTime:0.000325s ]
INFO: [ app_end ] --END-- [ RunTime:0.000406s ]

[ 2017-04-29T17:12:37+08:00 ] 101.27.211.148 /admin.php/Ajax/addNewPost
INFO: [ app_init ] --START--
INFO: Run Behavior\BuildLiteBehavior [ RunTime:0.000013s ]
INFO: [ app_init ] --END-- [ RunTime:0.000246s ]
INFO: [ app_begin ] --START--
INFO: Run Behavior\ReadHtmlCacheBehavior [ RunTime:0.000358s ]
INFO: [ app_begin ] --END-- [ RunTime:0.000398s ]
NOTIC: [8] A session had already been started - ignoring session_start() /data/wwwroot/blog/ThinkPHP/Common/functions.php 第 1263 行.
SQL: SHOW COLUMNS FROM `z_post` [ RunTime:0.0006s ]
SQL: UPDATE `z_post` SET `title`='文不对题',`category`='散文',`tag`='心境',`summary`='我的心里这几天还有些别的微妙的感觉，我不确定这是什么，我也不知道该如何表达。这从未有过，我也不知道能持续多久。但是我能做的，就是做不要让自己后悔的事情，其他的就交给老天爷吧。',`content`='<p>								</p><p>我发现我最近又变得很敏感，柔软起来了。经过的事情和伴随事情的感想都能如电影画面一样定格在我的脑海中。</p><p>一大清早，约莫5点左右的光景，我就再也睡不着了，有太多的感想想要记录，想要表达。</p><p>文章写到一半，小孩子起来了，非得拉着我出去玩。正好赶上庙会，我俩脸都没洗，穿着凉拖鞋就上街了。小孩子欢喜的很，一路跑着，我在后面怎么喊她慢点都没用。她回头冲我调皮的笑的样子，肯定是这世上我觉得最美的事情。</p><p>打气球，蹦蹦床，旋转木马。庙会人还不多的时候，我们就玩了个遍。</p><p>她特别爱坐旋转木马，我看她坐旋转木马比她小时候坐摇摇车要快乐得多。她坐旋转木马的时候，我问她：“好玩吗？”。她说：“好玩”。小孩子的语气永远是那么认真，认真的让人觉得久违，觉得感动。每次她转到我的面前的时候，我一冲他摆剪刀手，冲她做鬼脸，她就会笑的特别快乐。有一次我冲她摆了剪刀手后，她笑了，转过去之后，我好像看到她有一个抹眼泪的动作，那一刻我的眼泪就涌上来了，就像此时此刻敲着这些文字的我。一个星期才能回来看孩子一次，我们欠她太多。</p><p>正玩着，她妈妈骑着电动车过来了，喊我们回去吃早餐，然后去练车。</p><p>妻子靠在我的肩上，看着小孩子在木马上旋转。当时并不觉得，现在想起来，这不就是平凡的幸福吗？</p><p>妻子新手上路一点也不怵，这让我大为赞叹。第一天开车就跑到90多公里每小时，用流行词说叫做：厉害了我的老婆大人！</p><p>老丈人是个开车的老手，坐在副驾驶上指导，一会说这一会说那，妻子都不耐烦了，说都没法开车了。后来老丈人干脆一言不说了。呵呵，想起这些细节其实挺有意思，这不就是生活吗？</p><p>中午吃了个便饭，妻子就开车载着我去驾校报了个名。托她姐姐找了点关系，便宜了1000块钱。作为一个业余的“文人”，我本应该不齿这种行为的。但是有人情在这里，我还是很谢谢妻子的姐姐。这么帮忙的，不计较回报的恐怕也就是我们的亲人吧。</p><p>说起亲人，今天早上我和三姐通了快10分钟的视频电话。我发现原来在至亲面前，你可以不知不觉已经卸下了所有防备，做了最真实的自己，笑出了真正的快乐。</p><p>三姐是个女强人。30出头的年纪已是一个大的品牌连锁店的店长。她跟我说最近工作积极性不怎么高，因为看到自己的上限了。她说老板不会重用她，也不敢。因为一来知道他不久后要离开那个地方，二来担心她能力太强影响到自己。我跟她说，不管怎样，我们应该积极对待生活，但是她是听不进去了，现在的状态是她自己的选择。此时此刻，我突然想到她小的时候。那时候我俩还老打架。读四年级的时候，我们在一个班，不记得为什么数学老师不停的让我上台做题，我记得我应该是哭了，她好像站起来质问老师为什么要这样。四年级的女生，为了弟弟质问老师，这需要多大的勇气啊。想到这里我的眼角又泛起了泪光。我想她们了。愿上帝保佑她们平安，幸福。</p><p>报完名，送走妻子的姐姐，我俩决定往东跑跑，去“看看东边的世界”。车速跑到80KM以上的时候，人生出一阵快感，怪不得好多人喜欢开快车，但是希望我亲爱的读者注意安全，平安才能回家。</p><p>原本准备回家后睡个午觉的，可是回家后都快3点了，索性就不睡了。打开电脑，打算追一下最近热播的《人民的名义》,看了半集，实在看不下去了。生命太宝贵，应该干一些能留下生命痕迹的事情。于是我打开编辑器，写下了这篇文章。如果有人读到这里，并觉得不是写了一大堆的废话，那我的时间应该没有白费吧。</p><p>就到这里吧。啊，我的心里这几天还有些别的微妙的感觉，我不确定这是什么，我也不知道该如何表达。这从未有过，我也不知道能持续多久。但是我能做的，就是做不要让自己后悔的事情，其他的就交给老天爷吧。</p><p>							</p>',`mtime`='1493457157' WHERE `id` = 126 [ RunTime:0.0160s ]
NOTIC: [8] Undefined variable: id /data/wwwroot/blog/Application/Admin/Controller/AjaxController.class.php 第 56 行.
SQL: SHOW COLUMNS FROM `z_category` [ RunTime:0.0003s ]
SQL: SELECT * FROM `z_category` WHERE `name` = '散文' LIMIT 1   [ RunTime:0.0001s ]
SQL: SHOW COLUMNS FROM `z_tag` [ RunTime:0.0003s ]
SQL: SELECT * FROM `z_tag` WHERE `name` = '心境' LIMIT 1   [ RunTime:0.0001s ]

[ 2017-04-29T17:12:39+08:00 ] 101.27.211.148 /admin.php/Post/all
INFO: [ app_init ] --START--
INFO: Run Behavior\BuildLiteBehavior [ RunTime:0.000012s ]
INFO: [ app_init ] --END-- [ RunTime:0.000252s ]
INFO: [ app_begin ] --START--
INFO: Run Behavior\ReadHtmlCacheBehavior [ RunTime:0.000314s ]
INFO: [ app_begin ] --END-- [ RunTime:0.000353s ]
NOTIC: [8] A session had already been started - ignoring session_start() /data/wwwroot/blog/ThinkPHP/Common/functions.php 第 1263 行.
SQL: SHOW COLUMNS FROM `z_post` [ RunTime:0.0006s ]
SQL: SELECT COUNT(*) AS tp_count FROM `z_post` LIMIT 1   [ RunTime:0.0004s ]
SQL: SELECT * FROM `z_post` ORDER BY ctime desc LIMIT 0,20   [ RunTime:0.0005s ]
INFO: [ view_parse ] --START--
INFO: [ template_filter ] --START--
INFO: Run Behavior\ContentReplaceBehavior [ RunTime:0.000064s ]
INFO: [ template_filter ] --END-- [ RunTime:0.000106s ]
NOTIC: [8] Undefined variable: userInfo /data/wwwroot/blog/Application/Runtime/Cache/Admin/c171e2b85832ae9943251ee8295bfacb.php 第 361 行.
INFO: Run Behavior\ParseTemplateBehavior [ RunTime:0.013387s ]
INFO: [ view_parse ] --END-- [ RunTime:0.013426s ]
INFO: [ view_filter ] --START--
INFO: Run Behavior\WriteHtmlCacheBehavior [ RunTime:0.000114s ]
INFO: [ view_filter ] --END-- [ RunTime:0.000147s ]
INFO: [ app_end ] --START--
INFO: Run Behavior\ShowPageTraceBehavior [ RunTime:0.000330s ]
INFO: [ app_end ] --END-- [ RunTime:0.000371s ]

