[ 2017-05-06T00:47:19+08:00 ] 101.27.208.56 /admin.php/Ajax/addNewPost
INFO: [ app_init ] --START--
INFO: Run Behavior\BuildLiteBehavior [ RunTime:0.000012s ]
INFO: [ app_init ] --END-- [ RunTime:0.000291s ]
INFO: [ app_begin ] --START--
INFO: Run Behavior\ReadHtmlCacheBehavior [ RunTime:0.000321s ]
INFO: [ app_begin ] --END-- [ RunTime:0.000361s ]
NOTIC: [8] A session had already been started - ignoring session_start() /data/wwwroot/blog/ThinkPHP/Common/functions.php 第 1263 行.
NOTIC: [8] Undefined index: id /data/wwwroot/blog/Application/Admin/Controller/AjaxController.class.php 第 53 行.
SQL: SHOW COLUMNS FROM `z_post` [ RunTime:0.0006s ]
SQL: INSERT INTO `z_post` (`title`,`category`,`tag`,`summary`,`content`,`pubtime`,`mtime`,`ctime`) VALUES ('一人一个月亮','散文','心境','在她的图画本上，我们各自画了一个月亮。我画了一个圆的，她画了一个弯的，就像她今晚看到的。我们把各自的月亮用彩笔涂成了黄色。','<p>终于回到家啦，又见到我那亲爱的她，真好。</p><p>这个星期只有四天，可是我却觉得这四天是我过去这么多年，过过的最“漫长”的一周。因为这个星期我能感觉我的心中，像有风的海面，亢奋而不平静。但是一见到她，这所有的激烈而紊乱的情绪都平息了下来。</p><p>她姥爷开着三轮车，带着她来接她妈妈和我。在车上，她说：“爸爸，我告诉你一个秘密。”说着，她抱着我的脖子，很小声很小声的对着我的耳朵说：“你知道吗？我的图画本上的小公主手上的魔法棒可以变出光，让世界变得更漂亮。”</p><p>哈哈。</p><p>在车上，我们说好，回家要一起画月亮。</p><p>视线越过这院子里的枣树和香椿树的暗影，我们一起看月亮，星星。她说她要吃月亮，我就抱起她往天上蹦，说：“把你扔天上去喽！”。</p><p>在她的图画本上，我们各自画了一个月亮。我画了一个圆的，她画了一个弯的，就像她今晚看到的。我们把各自的月亮用彩笔涂成了黄色。</p><p>她的笑点特别特别低，能无缘无故的咯咯咯笑半天。这笑声让人听了会不由得觉得满足，是真的幸福。</p><p>有再多的忧与愁，听到她的笑声也放下了。</p><p>此刻，我听着钢琴曲，回忆最近生活的点滴。我突然觉得，坐在这里回忆这件事，就让我喜欢得很，像进入一种境界，经过的事情变成了一幅一幅画面，在脑海中，交替呈现。</p><p>今天早上，北京刮了特别大的沙层暴，树枝被吹断了一地，漫天都是黄沙。本是极不适合跑步的天气，但是我抑制不住内心想要奔跑的冲动。带上耳机我就像往常一样快速地跑起来了。这感觉我想这辈子不会常有了，那么大的沙尘，有那么一个人，那么倔强地奔跑着，内心充满喜悦。跑了不到一百米就满嘴都是沙子了，呵呵，呸了好多次，总算是把嘴里的沙子吐干净。</p><p>“要停下来吗？”</p><p>”当然不”！</p><p>于是我又跑起来，又开心起来。在跑步的末端的那种坚持会让人上瘾，跑完后汗流浃背的感觉会让你自豪，我亲爱的读者，不信你多试几次。</p><p>和梁先生的相识是一件极没想到的事情。今天我在聊天工具上对她说：“和你聊天很happy。” 她回复：“和好朋友聊天不都这样吗？” 好朋友这三个字，让我有些怀疑，有些期待。我想我们还不算好朋友吧，现在顶多只是朋友。成为好朋友不是一件容易的事，不是一朝一夕的事。</p><p>让梁先生因为我工作效率的问题陪我加班，我有点过意不去，但还好事情应该是解决了。原来真的是这样，无论一件事情看起来有多难，你只要尽你所有，朝好的方向努力，就可能有你意想不到的结果呢！</p><p>和梁先生一人吃一碗拉面，从面上说开了，一直说到为什么写作这件事上。为什么写作呢？我们的观点大概是相近的吧。因为反省，因为生命只有一次，有一些事情，有一些情感，我们不记录下来，时间一久就会遗忘。记录下来，偶尔翻阅这些文字，除了想起那时的情感，记起那时的事情，还能多一份对当下生活的思考，多么有意思的事啊。</p><p>这个星期大部分的地铁时光献给了看《小王子》，听《小王子》。除了做这件事给我的“置身地铁外”的感觉——实际上我有在飞的感觉，然而，遗憾的是我并不能专心的看完或者听完一章。所以我不断地看或者听第一章，3分多钟一章的音频，听了20多遍，没有一遍我没有走神。我的心，原来一点也不平，一点也不安。直到见到我最爱的她，一见到她我就踏实了，开心了。</p><p>在小孩子的家庭生日聚会上唔到的道理，用在别的地方一样是很适用的。现在的我有些喜欢和谈得来的朋友聊聊天。聊天的时候，感觉节奏真的就慢下来了，生活又增添了几分乐趣。</p><p>Z君请我和梁先生吃饭。要是原来，我定要推脱一番，或者去了放不开的，可是现在我却欢喜的很，甚至有些迫不及待地，要和大家一起说会话，彼此了解更多一些。Z君说到自己大学没毕业，我也说自己没有毕业，本不是什么光彩的事，可是本着坦诚交友的原则，我就说了。跟喜欢的朋友在一起，我会瞧不起撒谎的自己。</p><p>听梁先生说要结婚了，我很为她感到高兴。找到对的人，就是找到幸福了。我又想起自己结婚的时候。上帝应该是个爱开玩笑的人吧，哈哈。</p><p>这个周工作很忙，但每每看到梁先生来的消息都要看一下，没时间就发个表情作回复。看她说她和他的杜Sir的故事，他们的结婚计划。听她如何要去好远的，别的城市去找她的闺蜜玩。我想，生活本该如此，我们都应该把生活过的有意思，有味，有情一些。可以把物质看的谈一些的，你说对吗，正在读这篇文章的我的读者？真正的幸福，永远来自你最亲的人，跟钱好像不太有关。</p><p>当然我们还是要努力挣钱的，哈哈！接下来几个周，我要集中精力把手头的项目完成好才行。认真的人最帅~加油</p><p>对了，宝贝，如果若干年后，你看到爸爸的这篇文章，说不定第二天，我们一起去外边跑步了。你现在还喜欢跑步吗？<br/></p>','1494002839','1494002839','1494002839') [ RunTime:0.0138s ]
SQL: SHOW COLUMNS FROM `z_category` [ RunTime:0.0003s ]
SQL: SELECT * FROM `z_category` WHERE `name` = '散文' LIMIT 1   [ RunTime:0.0001s ]
SQL: SHOW COLUMNS FROM `z_tag` [ RunTime:0.0003s ]
SQL: SELECT * FROM `z_tag` WHERE `name` = '心境' LIMIT 1   [ RunTime:0.0001s ]

[ 2017-05-06T00:47:21+08:00 ] 101.27.208.56 /admin.php/Post/all
INFO: [ app_init ] --START--
INFO: Run Behavior\BuildLiteBehavior [ RunTime:0.000013s ]
INFO: [ app_init ] --END-- [ RunTime:0.000247s ]
INFO: [ app_begin ] --START--
INFO: Run Behavior\ReadHtmlCacheBehavior [ RunTime:0.000357s ]
INFO: [ app_begin ] --END-- [ RunTime:0.000396s ]
NOTIC: [8] A session had already been started - ignoring session_start() /data/wwwroot/blog/ThinkPHP/Common/functions.php 第 1263 行.
SQL: SHOW COLUMNS FROM `z_post` [ RunTime:0.0006s ]
SQL: SELECT COUNT(*) AS tp_count FROM `z_post` LIMIT 1   [ RunTime:0.0003s ]
SQL: SELECT * FROM `z_post` ORDER BY ctime desc LIMIT 0,20   [ RunTime:0.0006s ]
INFO: [ view_parse ] --START--
INFO: [ template_filter ] --START--
INFO: Run Behavior\ContentReplaceBehavior [ RunTime:0.000075s ]
INFO: [ template_filter ] --END-- [ RunTime:0.000122s ]
NOTIC: [8] Undefined variable: userInfo /data/wwwroot/blog/Application/Runtime/Cache/Admin/c171e2b85832ae9943251ee8295bfacb.php 第 361 行.
INFO: Run Behavior\ParseTemplateBehavior [ RunTime:0.013565s ]
INFO: [ view_parse ] --END-- [ RunTime:0.013604s ]
INFO: [ view_filter ] --START--
INFO: Run Behavior\WriteHtmlCacheBehavior [ RunTime:0.000114s ]
INFO: [ view_filter ] --END-- [ RunTime:0.000146s ]
INFO: [ app_end ] --START--
INFO: Run Behavior\ShowPageTraceBehavior [ RunTime:0.000323s ]
INFO: [ app_end ] --END-- [ RunTime:0.000363s ]

[ 2017-05-06T00:47:21+08:00 ] 101.27.208.56 /admin.php/Post/all
INFO: [ app_init ] --START--
INFO: Run Behavior\BuildLiteBehavior [ RunTime:0.000013s ]
INFO: [ app_init ] --END-- [ RunTime:0.000297s ]
INFO: [ app_begin ] --START--
INFO: Run Behavior\ReadHtmlCacheBehavior [ RunTime:0.000400s ]
INFO: [ app_begin ] --END-- [ RunTime:0.000439s ]
NOTIC: [8] A session had already been started - ignoring session_start() /data/wwwroot/blog/ThinkPHP/Common/functions.php 第 1263 行.
SQL: SHOW COLUMNS FROM `z_post` [ RunTime:0.0006s ]
SQL: SELECT COUNT(*) AS tp_count FROM `z_post` LIMIT 1   [ RunTime:0.0001s ]
SQL: SELECT * FROM `z_post` ORDER BY ctime desc LIMIT 0,20   [ RunTime:0.0002s ]
INFO: [ view_parse ] --START--
INFO: [ template_filter ] --START--
INFO: Run Behavior\ContentReplaceBehavior [ RunTime:0.000058s ]
INFO: [ template_filter ] --END-- [ RunTime:0.000097s ]
NOTIC: [8] Undefined variable: userInfo /data/wwwroot/blog/Application/Runtime/Cache/Admin/c171e2b85832ae9943251ee8295bfacb.php 第 361 行.
INFO: Run Behavior\ParseTemplateBehavior [ RunTime:0.013280s ]
INFO: [ view_parse ] --END-- [ RunTime:0.013361s ]
INFO: [ view_filter ] --START--
INFO: Run Behavior\WriteHtmlCacheBehavior [ RunTime:0.000110s ]
INFO: [ view_filter ] --END-- [ RunTime:0.000143s ]
INFO: [ app_end ] --START--
INFO: Run Behavior\ShowPageTraceBehavior [ RunTime:0.000313s ]
INFO: [ app_end ] --END-- [ RunTime:0.000392s ]

[ 2017-05-06T00:54:44+08:00 ] 101.27.208.56 /admin.php/Post/updatePost/id/130
INFO: [ app_init ] --START--
INFO: Run Behavior\BuildLiteBehavior [ RunTime:0.000012s ]
INFO: [ app_init ] --END-- [ RunTime:0.000253s ]
INFO: [ app_begin ] --START--
INFO: Run Behavior\ReadHtmlCacheBehavior [ RunTime:0.000373s ]
INFO: [ app_begin ] --END-- [ RunTime:0.000481s ]
NOTIC: [8] A session had already been started - ignoring session_start() /data/wwwroot/blog/ThinkPHP/Common/functions.php 第 1263 行.
SQL: SHOW COLUMNS FROM `z_post` [ RunTime:0.0006s ]
SQL: SELECT * FROM `z_post` WHERE `id` = 130 LIMIT 1   [ RunTime:0.0001s ]
SQL: SHOW COLUMNS FROM `z_category` [ RunTime:0.0003s ]
SQL: SELECT * FROM `z_category`  [ RunTime:0.0001s ]
SQL: SHOW COLUMNS FROM `z_tag` [ RunTime:0.0003s ]
SQL: SELECT * FROM `z_tag`  [ RunTime:0.0001s ]
INFO: [ view_parse ] --START--
INFO: [ template_filter ] --START--
INFO: Run Behavior\ContentReplaceBehavior [ RunTime:0.000063s ]
INFO: [ template_filter ] --END-- [ RunTime:0.000103s ]
NOTIC: [8] Undefined variable: userInfo /data/wwwroot/blog/Application/Runtime/Cache/Admin/b94d69ac1621e983387ec69783f12599.php 第 361 行.
INFO: Run Behavior\ParseTemplateBehavior [ RunTime:0.013813s ]
INFO: [ view_parse ] --END-- [ RunTime:0.013850s ]
INFO: [ view_filter ] --START--
INFO: Run Behavior\WriteHtmlCacheBehavior [ RunTime:0.000110s ]
INFO: [ view_filter ] --END-- [ RunTime:0.000143s ]
INFO: [ app_end ] --START--
INFO: Run Behavior\ShowPageTraceBehavior [ RunTime:0.000317s ]
INFO: [ app_end ] --END-- [ RunTime:0.000356s ]

[ 2017-05-06T00:54:45+08:00 ] 101.27.208.56 /admin.php/Post/updatePost/id/130
INFO: [ app_init ] --START--
INFO: Run Behavior\BuildLiteBehavior [ RunTime:0.000013s ]
INFO: [ app_init ] --END-- [ RunTime:0.000251s ]
INFO: [ app_begin ] --START--
INFO: Run Behavior\ReadHtmlCacheBehavior [ RunTime:0.000307s ]
INFO: [ app_begin ] --END-- [ RunTime:0.000346s ]
NOTIC: [8] A session had already been started - ignoring session_start() /data/wwwroot/blog/ThinkPHP/Common/functions.php 第 1263 行.
SQL: SHOW COLUMNS FROM `z_post` [ RunTime:0.0006s ]
SQL: SELECT * FROM `z_post` WHERE `id` = 130 LIMIT 1   [ RunTime:0.0001s ]
SQL: SHOW COLUMNS FROM `z_category` [ RunTime:0.0003s ]
SQL: SELECT * FROM `z_category`  [ RunTime:0.0001s ]
SQL: SHOW COLUMNS FROM `z_tag` [ RunTime:0.0003s ]
SQL: SELECT * FROM `z_tag`  [ RunTime:0.0001s ]
INFO: [ view_parse ] --START--
INFO: [ template_filter ] --START--
INFO: Run Behavior\ContentReplaceBehavior [ RunTime:0.000061s ]
INFO: [ template_filter ] --END-- [ RunTime:0.000101s ]
NOTIC: [8] Undefined variable: userInfo /data/wwwroot/blog/Application/Runtime/Cache/Admin/b94d69ac1621e983387ec69783f12599.php 第 361 行.
INFO: Run Behavior\ParseTemplateBehavior [ RunTime:0.013605s ]
INFO: [ view_parse ] --END-- [ RunTime:0.013641s ]
INFO: [ view_filter ] --START--
INFO: Run Behavior\WriteHtmlCacheBehavior [ RunTime:0.000111s ]
INFO: [ view_filter ] --END-- [ RunTime:0.000144s ]
INFO: [ app_end ] --START--
INFO: Run Behavior\ShowPageTraceBehavior [ RunTime:0.000310s ]
INFO: [ app_end ] --END-- [ RunTime:0.000348s ]

[ 2017-05-06T01:01:48+08:00 ] 101.27.208.56 /admin.php/Ajax/addNewPost
INFO: [ app_init ] --START--
INFO: Run Behavior\BuildLiteBehavior [ RunTime:0.000012s ]
INFO: [ app_init ] --END-- [ RunTime:0.000295s ]
INFO: [ app_begin ] --START--
INFO: Run Behavior\ReadHtmlCacheBehavior [ RunTime:0.000306s ]
INFO: [ app_begin ] --END-- [ RunTime:0.000346s ]
NOTIC: [8] A session had already been started - ignoring session_start() /data/wwwroot/blog/ThinkPHP/Common/functions.php 第 1263 行.
SQL: SHOW COLUMNS FROM `z_post` [ RunTime:0.0006s ]
SQL: UPDATE `z_post` SET `title`='一人一个月亮',`category`='散文',`tag`='心境',`summary`='在她的图画本上，我们各自画了一个月亮。我画了一个圆的，她画了一个弯的，就像她今晚看到的。我们把各自的月亮用彩笔涂成了黄色。',`content`='<p>								</p><p>终于回到家啦，又见到我那亲爱的她，真好。</p><p>这个星期只有四天，可是我却觉得这四天是我过去这么多年，过过的最“漫长”的一周。因为这个星期我能感觉我的心中，像有风的海面，亢奋而不平静。但是一见到她，这所有的激烈而紊乱的情绪都平息了下来。</p><p>她姥爷开着三轮车，带着她来接她妈妈和我。在车上，她说：“爸爸，我告诉你一个秘密。”说着，她抱着我的脖子，很小声很小声的对着我的耳朵说：“你知道吗？我的图画本上的小公主手上的魔法棒可以变出光，让世界变得更漂亮。”</p><p>哈哈。</p><p>在车上，我们说好，回家要一起画月亮。</p><p>视线越过这院子里的枣树和香椿树的暗影，我们一起看月亮，星星。她说她要吃月亮，我就抱起她往天上蹦，说：“把你扔天上去喽！”。</p><p>在她的图画本上，我们各自画了一个月亮。我画了一个圆的，她画了一个弯的，就像她今晚看到的。我们把各自的月亮用彩笔涂成了黄色。</p><p>她的笑点特别特别低，能无缘无故的咯咯咯笑半天。这笑声让人听了会不由得觉得满足，是真的幸福。</p><p>有再多的忧与愁，听到她的笑声也放下了。</p><p>此刻，我听着钢琴曲，回忆最近生活的点滴。我突然觉得，坐在这里回忆这件事，就让我喜欢得很，像进入一种境界，经过的事情变成了一幅一幅画面，在脑海中，交替呈现。</p><p>今天早上，北京刮了特别大的沙层暴，树枝被吹断了一地，漫天都是黄沙。本是极不适合跑步的天气，但是我抑制不住内心想要奔跑的冲动。带上耳机我就像往常一样快速地跑起来了。这感觉我想这辈子不会常有了，那么大的沙尘，有那么一个人，那么倔强地奔跑着，内心充满喜悦。跑了不到一百米就满嘴都是沙子了，呵呵，呸了好多次，总算是把嘴里的沙子吐干净。</p><p>“要停下来吗？”</p><p>”当然不”！</p><p>于是我又跑起来，又开心起来。在跑步的末端的那种坚持会让人上瘾，跑完后汗流浃背的感觉会让你自豪，我亲爱的读者，不信你多试几次。</p><p>和梁先生的相识是一件极没想到的事情。今天我在聊天工具上对她说：“和你聊天很happy。” 她回复：“和好朋友聊天不都这样吗？” 好朋友这三个字，让我有些怀疑，有些期待。我想我们还不算好朋友吧，现在顶多只是谈得来的朋友。成为好朋友不是一件容易的事，不是一朝一夕的事。</p><p>让梁先生因为我工作效率的问题陪我加班，我有点过意不去，但还好事情应该是解决了。原来真的是这样，无论一件事情看起来有多难，你只要尽你所有，朝好的方向努力，就可能有你意想不到的结果呢！</p><p>和梁先生一人吃一碗拉面，从面上说开了，一直说到为什么写作这件事上。为什么写作呢？我们的观点大概是相近的吧。因为反省，因为生命只有一次，有一些事情，有一些情感，我们不记录下来，时间一久就会遗忘。记录下来，偶尔翻阅这些文字，除了想起那时的情感，记起那时的事情，还能多一份对当下生活的思考，多么有意思的事啊。</p><p>这个星期大部分的地铁时光献给了看《小王子》，听《小王子》。除了做这件事给我的“置身地铁外”的感觉——实际上我有在飞的感觉，然而，遗憾的是我并不能专心的看完或者听完一章。所以我不断地看或者听第一章，3分多钟一章的音频，听了20多遍，没有一遍我没有走神。我的心，原来一点也不平，一点也不安。直到见到我最爱的她，一见到她我就踏实了，开心了。</p><p>在小孩子的家庭生日聚会上唔到的道理，用在别的地方一样是很适用的。现在的我有些喜欢和谈得来的朋友聊聊天。聊天的时候，感觉节奏真的就慢下来了，生活又增添了几分乐趣。</p><p>Z君请我和梁先生吃饭。要是原来，我定要推脱一番，或者去了放不开的，可是现在我却欢喜的很，甚至有些迫不及待地，要和大家一起说会话，彼此了解更多一些。Z君说到自己大学没毕业，我也说自己没有毕业，本不是什么光彩的事，可是本着坦诚交友的原则，我就说了。跟喜欢的朋友在一起，我会瞧不起撒谎的自己。</p><p>听梁先生说要结婚了，我很为她感到高兴。找到对的人，就是找到幸福了。我又想起自己结婚的时候。上帝应该是个爱开玩笑的人吧，哈哈。</p><p>关于朋友之间的“小礼物”交换，这对我来说也是一种新的概念，真的是很有意思的。枣夹核桃很好吃，很好玩。忘了问了，我送你们的奶茶，你们喜欢喝吗？^_^</p><p>这个周工作很忙，但每每看到梁先生来的消息都要看一下，没时间就发个表情作回复。看她说她和他的杜Sir的故事，他们的结婚计划。听她如何要去好远的，别的城市去找她的闺蜜玩。我想，生活本该如此，我们都应该把生活过的有意思，有味，有情一些。可以把物质看的谈一些的，你说对吗，正在读这篇文章的我的读者？真正的幸福，永远来自你最亲的人，跟钱好像不太有关。</p><p>当然我们还是要努力挣钱的，哈哈！接下来几个周，我要集中精力把手头的项目完成好才行。认真的人最帅~加油</p><p>对了，宝贝，如果若干年后，你看到爸爸的这篇文章，说不定第二天，我们一起去外边跑步了。你现在还喜欢跑步吗？<br/></p><p>							</p>',`mtime`='1494003708' WHERE `id` = 130 [ RunTime:0.0544s ]
NOTIC: [8] Undefined variable: id /data/wwwroot/blog/Application/Admin/Controller/AjaxController.class.php 第 56 行.
SQL: SHOW COLUMNS FROM `z_category` [ RunTime:0.0005s ]
SQL: SELECT * FROM `z_category` WHERE `name` = '散文' LIMIT 1   [ RunTime:0.0001s ]
SQL: SHOW COLUMNS FROM `z_tag` [ RunTime:0.0005s ]
SQL: SELECT * FROM `z_tag` WHERE `name` = '心境' LIMIT 1   [ RunTime:0.0001s ]

[ 2017-05-06T01:01:50+08:00 ] 101.27.208.56 /admin.php/Post/all
INFO: [ app_init ] --START--
INFO: Run Behavior\BuildLiteBehavior [ RunTime:0.000013s ]
INFO: [ app_init ] --END-- [ RunTime:0.000293s ]
INFO: [ app_begin ] --START--
INFO: Run Behavior\ReadHtmlCacheBehavior [ RunTime:0.000310s ]
INFO: [ app_begin ] --END-- [ RunTime:0.000348s ]
NOTIC: [8] A session had already been started - ignoring session_start() /data/wwwroot/blog/ThinkPHP/Common/functions.php 第 1263 行.
SQL: SHOW COLUMNS FROM `z_post` [ RunTime:0.0006s ]
SQL: SELECT COUNT(*) AS tp_count FROM `z_post` LIMIT 1   [ RunTime:0.0003s ]
SQL: SELECT * FROM `z_post` ORDER BY ctime desc LIMIT 0,20   [ RunTime:0.0005s ]
INFO: [ view_parse ] --START--
INFO: [ template_filter ] --START--
INFO: Run Behavior\ContentReplaceBehavior [ RunTime:0.000058s ]
INFO: [ template_filter ] --END-- [ RunTime:0.000097s ]
NOTIC: [8] Undefined variable: userInfo /data/wwwroot/blog/Application/Runtime/Cache/Admin/c171e2b85832ae9943251ee8295bfacb.php 第 361 行.
INFO: Run Behavior\ParseTemplateBehavior [ RunTime:0.013048s ]
INFO: [ view_parse ] --END-- [ RunTime:0.013087s ]
INFO: [ view_filter ] --START--
INFO: Run Behavior\WriteHtmlCacheBehavior [ RunTime:0.000111s ]
INFO: [ view_filter ] --END-- [ RunTime:0.000144s ]
INFO: [ app_end ] --START--
INFO: Run Behavior\ShowPageTraceBehavior [ RunTime:0.000314s ]
INFO: [ app_end ] --END-- [ RunTime:0.000352s ]

[ 2017-05-06T01:06:39+08:00 ] 101.27.208.56 /admin.php/Post/updatePost/id/129
INFO: [ app_init ] --START--
INFO: Run Behavior\BuildLiteBehavior [ RunTime:0.000014s ]
INFO: [ app_init ] --END-- [ RunTime:0.000292s ]
INFO: [ app_begin ] --START--
INFO: Run Behavior\ReadHtmlCacheBehavior [ RunTime:0.000318s ]
INFO: [ app_begin ] --END-- [ RunTime:0.000355s ]
NOTIC: [8] A session had already been started - ignoring session_start() /data/wwwroot/blog/ThinkPHP/Common/functions.php 第 1263 行.
SQL: SHOW COLUMNS FROM `z_post` [ RunTime:0.0006s ]
SQL: SELECT * FROM `z_post` WHERE `id` = 129 LIMIT 1   [ RunTime:0.0002s ]
SQL: SHOW COLUMNS FROM `z_category` [ RunTime:0.0003s ]
SQL: SELECT * FROM `z_category`  [ RunTime:0.0001s ]
SQL: SHOW COLUMNS FROM `z_tag` [ RunTime:0.0003s ]
SQL: SELECT * FROM `z_tag`  [ RunTime:0.0001s ]
INFO: [ view_parse ] --START--
INFO: [ template_filter ] --START--
INFO: Run Behavior\ContentReplaceBehavior [ RunTime:0.000062s ]
INFO: [ template_filter ] --END-- [ RunTime:0.000102s ]
NOTIC: [8] Undefined variable: userInfo /data/wwwroot/blog/Application/Runtime/Cache/Admin/b94d69ac1621e983387ec69783f12599.php 第 361 行.
INFO: Run Behavior\ParseTemplateBehavior [ RunTime:0.013450s ]
INFO: [ view_parse ] --END-- [ RunTime:0.013493s ]
INFO: [ view_filter ] --START--
INFO: Run Behavior\WriteHtmlCacheBehavior [ RunTime:0.000109s ]
INFO: [ view_filter ] --END-- [ RunTime:0.000141s ]
INFO: [ app_end ] --START--
INFO: Run Behavior\ShowPageTraceBehavior [ RunTime:0.000312s ]
INFO: [ app_end ] --END-- [ RunTime:0.000350s ]

[ 2017-05-06T01:06:40+08:00 ] 101.27.208.56 /admin.php/Post/updatePost/id/129
INFO: [ app_init ] --START--
INFO: Run Behavior\BuildLiteBehavior [ RunTime:0.000012s ]
INFO: [ app_init ] --END-- [ RunTime:0.000300s ]
INFO: [ app_begin ] --START--
INFO: Run Behavior\ReadHtmlCacheBehavior [ RunTime:0.000349s ]
INFO: [ app_begin ] --END-- [ RunTime:0.000389s ]
NOTIC: [8] A session had already been started - ignoring session_start() /data/wwwroot/blog/ThinkPHP/Common/functions.php 第 1263 行.
SQL: SHOW COLUMNS FROM `z_post` [ RunTime:0.0006s ]
SQL: SELECT * FROM `z_post` WHERE `id` = 129 LIMIT 1   [ RunTime:0.0001s ]
SQL: SHOW COLUMNS FROM `z_category` [ RunTime:0.0003s ]
SQL: SELECT * FROM `z_category`  [ RunTime:0.0001s ]
SQL: SHOW COLUMNS FROM `z_tag` [ RunTime:0.0005s ]
SQL: SELECT * FROM `z_tag`  [ RunTime:0.0001s ]
INFO: [ view_parse ] --START--
INFO: [ template_filter ] --START--
INFO: Run Behavior\ContentReplaceBehavior [ RunTime:0.000067s ]
INFO: [ template_filter ] --END-- [ RunTime:0.000109s ]
NOTIC: [8] Undefined variable: userInfo /data/wwwroot/blog/Application/Runtime/Cache/Admin/b94d69ac1621e983387ec69783f12599.php 第 361 行.
INFO: Run Behavior\ParseTemplateBehavior [ RunTime:0.014060s ]
INFO: [ view_parse ] --END-- [ RunTime:0.014100s ]
INFO: [ view_filter ] --START--
INFO: Run Behavior\WriteHtmlCacheBehavior [ RunTime:0.000112s ]
INFO: [ view_filter ] --END-- [ RunTime:0.000144s ]
INFO: [ app_end ] --START--
INFO: Run Behavior\ShowPageTraceBehavior [ RunTime:0.000332s ]
INFO: [ app_end ] --END-- [ RunTime:0.000373s ]

[ 2017-05-06T01:07:15+08:00 ] 101.27.208.56 /admin.php/Ajax/addNewPost
INFO: [ app_init ] --START--
INFO: Run Behavior\BuildLiteBehavior [ RunTime:0.000013s ]
INFO: [ app_init ] --END-- [ RunTime:0.000249s ]
INFO: [ app_begin ] --START--
INFO: Run Behavior\ReadHtmlCacheBehavior [ RunTime:0.000318s ]
INFO: [ app_begin ] --END-- [ RunTime:0.000400s ]
NOTIC: [8] A session had already been started - ignoring session_start() /data/wwwroot/blog/ThinkPHP/Common/functions.php 第 1263 行.
SQL: SHOW COLUMNS FROM `z_post` [ RunTime:0.0006s ]
SQL: UPDATE `z_post` SET `title`='客户端登陆问题排查记录',`category`='工作',`tag`='工作',`summary`='排除这个问题真是费了九牛二虎之力，记录一下过程，供日后参考。',`content`='<p>								</p><h2>背景</h2><p>客户端和wap端共用一套h5页面。h5页面需要保持登陆状态。</p><h2>问题</h2><ol class=\" list-paddingleft-2\" style=\"list-style-type: decimal;\"><li><p>登陆之后跳转回来是白页。</p></li><li><p>无法登陆成功。</p></li><li><p>登陆状态无法传递。</p></li></ol><h2>问题原因分析</h2><h3>登陆之后跳转回来是白页</h3><p>造成这个问题的原因是，使用php程序调用客户端的登陆协议，页面没有加载完，导致白页。解决办法就是不再使用php来执行登陆协议，而使用js来进行跳转。用js的好处是，页面已经加载完成，也就不会有白页了，这也是一般应该采用的方法。</p><p>这其中有个注意点：不是所有的webview页面都可以调用协议。除非客户端指定了该功能。</p><h3>无法登陆成功</h3><p>造成这个问题的原因是，webview页面通过登陆协议，成功之后，会执行webview中的js方法onLogin。但是可能是前人的坑，把这段代码注释了，而我用浏览器里的search搜索还能搜索到，这个坑有点深。</p><p>回调里采用ajax向php文件发送请求，在php里写cookie。但是这样的cookie到下次才能生效。</p><h3>登陆状态无法传递</h3><p>每打开一个webivew就相当于一个全新的浏览器，生成的cookie无法共用，导致登陆失败。</p><h2>解决办法</h2><p>原则：接口的设计应该是无状态的。也就是说，webview页面，作为一种客户端的另类接口，用cookie来保持登陆状态，本身就是不合理的。客户端的接口的权限判断是通过身份验证接口之后，获取到的相关token或者其他方式来进行。</p><p>所以这里把客户端和wap的身份验证方式区分开来。wap用cookie,客户端用token。状态存在的本质是获取用户信息，那么如果token能获取到用户信息，也就没有必要使用cookie了。</p><p>							</p>',`mtime`='1494004035' WHERE `id` = 129 [ RunTime:0.0156s ]
NOTIC: [8] Undefined variable: id /data/wwwroot/blog/Application/Admin/Controller/AjaxController.class.php 第 56 行.
SQL: SHOW COLUMNS FROM `z_category` [ RunTime:0.0004s ]
SQL: SELECT * FROM `z_category` WHERE `name` = '工作' LIMIT 1   [ RunTime:0.0001s ]
SQL: SHOW COLUMNS FROM `z_tag` [ RunTime:0.0003s ]
SQL: SELECT * FROM `z_tag` WHERE `name` = '工作' LIMIT 1   [ RunTime:0.0001s ]

[ 2017-05-06T01:07:18+08:00 ] 101.27.208.56 /admin.php/Post/all
INFO: [ app_init ] --START--
INFO: Run Behavior\BuildLiteBehavior [ RunTime:0.000013s ]
INFO: [ app_init ] --END-- [ RunTime:0.000249s ]
INFO: [ app_begin ] --START--
INFO: Run Behavior\ReadHtmlCacheBehavior [ RunTime:0.000309s ]
INFO: [ app_begin ] --END-- [ RunTime:0.000347s ]
NOTIC: [8] A session had already been started - ignoring session_start() /data/wwwroot/blog/ThinkPHP/Common/functions.php 第 1263 行.
SQL: SHOW COLUMNS FROM `z_post` [ RunTime:0.0007s ]
SQL: SELECT COUNT(*) AS tp_count FROM `z_post` LIMIT 1   [ RunTime:0.0002s ]
SQL: SELECT * FROM `z_post` ORDER BY ctime desc LIMIT 0,20   [ RunTime:0.0005s ]
INFO: [ view_parse ] --START--
INFO: [ template_filter ] --START--
INFO: Run Behavior\ContentReplaceBehavior [ RunTime:0.000066s ]
INFO: [ template_filter ] --END-- [ RunTime:0.000123s ]
NOTIC: [8] Undefined variable: userInfo /data/wwwroot/blog/Application/Runtime/Cache/Admin/c171e2b85832ae9943251ee8295bfacb.php 第 361 行.
INFO: Run Behavior\ParseTemplateBehavior [ RunTime:0.013546s ]
INFO: [ view_parse ] --END-- [ RunTime:0.013587s ]
INFO: [ view_filter ] --START--
INFO: Run Behavior\WriteHtmlCacheBehavior [ RunTime:0.000114s ]
INFO: [ view_filter ] --END-- [ RunTime:0.000146s ]
INFO: [ app_end ] --START--
INFO: Run Behavior\ShowPageTraceBehavior [ RunTime:0.000375s ]
INFO: [ app_end ] --END-- [ RunTime:0.000414s ]

[ 2017-05-06T01:07:25+08:00 ] 101.27.208.56 /admin.php/Post/updatePost/id/129
INFO: [ app_init ] --START--
INFO: Run Behavior\BuildLiteBehavior [ RunTime:0.000012s ]
INFO: [ app_init ] --END-- [ RunTime:0.000292s ]
INFO: [ app_begin ] --START--
INFO: Run Behavior\ReadHtmlCacheBehavior [ RunTime:0.000308s ]
INFO: [ app_begin ] --END-- [ RunTime:0.000345s ]
NOTIC: [8] A session had already been started - ignoring session_start() /data/wwwroot/blog/ThinkPHP/Common/functions.php 第 1263 行.
SQL: SHOW COLUMNS FROM `z_post` [ RunTime:0.0006s ]
SQL: SELECT * FROM `z_post` WHERE `id` = 129 LIMIT 1   [ RunTime:0.0002s ]
SQL: SHOW COLUMNS FROM `z_category` [ RunTime:0.0003s ]
SQL: SELECT * FROM `z_category`  [ RunTime:0.0001s ]
SQL: SHOW COLUMNS FROM `z_tag` [ RunTime:0.0003s ]
SQL: SELECT * FROM `z_tag`  [ RunTime:0.0001s ]
INFO: [ view_parse ] --START--
INFO: [ template_filter ] --START--
INFO: Run Behavior\ContentReplaceBehavior [ RunTime:0.000065s ]
INFO: [ template_filter ] --END-- [ RunTime:0.000106s ]
NOTIC: [8] Undefined variable: userInfo /data/wwwroot/blog/Application/Runtime/Cache/Admin/b94d69ac1621e983387ec69783f12599.php 第 361 行.
INFO: Run Behavior\ParseTemplateBehavior [ RunTime:0.013988s ]
INFO: [ view_parse ] --END-- [ RunTime:0.014025s ]
INFO: [ view_filter ] --START--
INFO: Run Behavior\WriteHtmlCacheBehavior [ RunTime:0.000111s ]
INFO: [ view_filter ] --END-- [ RunTime:0.000144s ]
INFO: [ app_end ] --START--
INFO: Run Behavior\ShowPageTraceBehavior [ RunTime:0.000330s ]
INFO: [ app_end ] --END-- [ RunTime:0.000369s ]

[ 2017-05-06T01:09:05+08:00 ] 101.27.208.56 /admin.php/Ajax/addNewPost
INFO: [ app_init ] --START--
INFO: Run Behavior\BuildLiteBehavior [ RunTime:0.000012s ]
INFO: [ app_init ] --END-- [ RunTime:0.000249s ]
INFO: [ app_begin ] --START--
INFO: Run Behavior\ReadHtmlCacheBehavior [ RunTime:0.000355s ]
INFO: [ app_begin ] --END-- [ RunTime:0.000396s ]
NOTIC: [8] A session had already been started - ignoring session_start() /data/wwwroot/blog/ThinkPHP/Common/functions.php 第 1263 行.
SQL: SHOW COLUMNS FROM `z_post` [ RunTime:0.0006s ]
SQL: UPDATE `z_post` SET `title`='客户端登陆问题排查记录',`category`='工作',`tag`='工作',`summary`='排除这个问题真是费了九牛二虎之力，记录一下过程，供日后参考。',`content`='<p>								</p><p><br/></p><h2>背景</h2><p>客户端和wap端共用一套h5页面。h5页面需要保持登陆状态。</p><h2>问题</h2><ol class=\" list-paddingleft-2\" style=\"list-style-type: decimal;\"><li><p>登陆之后跳转回来是白页。</p></li><li><p>无法登陆成功。</p></li><li><p>登陆状态无法传递。</p></li></ol><h2>问题原因分析</h2><h3>登陆之后跳转回来是白页</h3><p>造成这个问题的原因是，使用php程序调用客户端的登陆协议，页面没有加载完，导致白页。解决办法就是不再使用php来执行登陆协议，而使用js来进行跳转。用js的好处是，页面已经加载完成，也就不会有白页了，这也是一般应该采用的方法。</p><p>这其中有个注意点：不是所有的webview页面都可以调用协议。除非客户端指定了该功能。</p><h3>无法登陆成功</h3><p>造成这个问题的原因是，webview页面通过登陆协议，成功之后，会执行webview中的js方法onLogin。但是可能是前人的坑，把这段代码注释了，而我用浏览器里的search搜索还能搜索到，这个坑有点深。</p><p>回调里采用ajax向php文件发送请求，在php里写cookie。但是这样的cookie到下次才能生效。</p><h3>登陆状态无法传递</h3><p>每打开一个webivew就相当于一个全新的浏览器，生成的cookie无法共用，导致登陆失败。</p><h2>解决办法</h2><p>原则：接口的设计应该是无状态的。也就是说，webview页面，作为一种客户端的另类接口，用cookie来保持登陆状态，本身就是不合理的。客户端的接口的权限判断是通过身份验证接口之后，获取到的相关token或者其他方式来进行。</p><p>所以这里把客户端和wap的身份验证方式区分开来。wap用cookie,客户端用token。状态存在的本质是获取用户信息，那么如果token能获取到用户信息，也就没有必要使用cookie了。</p><p><br/></p><p>备注：今天跟客户端的大神聊天。她说同一个webview里打开的页面之间是可以共享cookie的。也就是说如果在一个webview里打开一个h5页面，那么点这个h5页面打开的页面是可以和他的兄弟姐妹页面共享cookie的。<br/></p><p><br/></p><p>							</p>',`mtime`='1494004145' WHERE `id` = 129 [ RunTime:0.0181s ]
NOTIC: [8] Undefined variable: id /data/wwwroot/blog/Application/Admin/Controller/AjaxController.class.php 第 56 行.
SQL: SHOW COLUMNS FROM `z_category` [ RunTime:0.0003s ]
SQL: SELECT * FROM `z_category` WHERE `name` = '工作' LIMIT 1   [ RunTime:0.0001s ]
SQL: SHOW COLUMNS FROM `z_tag` [ RunTime:0.0003s ]
SQL: SELECT * FROM `z_tag` WHERE `name` = '工作' LIMIT 1   [ RunTime:0.0001s ]

[ 2017-05-06T01:09:06+08:00 ] 101.27.208.56 /admin.php/Post/all
INFO: [ app_init ] --START--
INFO: Run Behavior\BuildLiteBehavior [ RunTime:0.000013s ]
INFO: [ app_init ] --END-- [ RunTime:0.000290s ]
INFO: [ app_begin ] --START--
INFO: Run Behavior\ReadHtmlCacheBehavior [ RunTime:0.000319s ]
INFO: [ app_begin ] --END-- [ RunTime:0.000356s ]
NOTIC: [8] A session had already been started - ignoring session_start() /data/wwwroot/blog/ThinkPHP/Common/functions.php 第 1263 行.
SQL: SHOW COLUMNS FROM `z_post` [ RunTime:0.0006s ]
SQL: SELECT COUNT(*) AS tp_count FROM `z_post` LIMIT 1   [ RunTime:0.0003s ]
SQL: SELECT * FROM `z_post` ORDER BY ctime desc LIMIT 0,20   [ RunTime:0.0005s ]
INFO: [ view_parse ] --START--
INFO: [ template_filter ] --START--
INFO: Run Behavior\ContentReplaceBehavior [ RunTime:0.000058s ]
INFO: [ template_filter ] --END-- [ RunTime:0.000097s ]
NOTIC: [8] Undefined variable: userInfo /data/wwwroot/blog/Application/Runtime/Cache/Admin/c171e2b85832ae9943251ee8295bfacb.php 第 361 行.
INFO: Run Behavior\ParseTemplateBehavior [ RunTime:0.012883s ]
INFO: [ view_parse ] --END-- [ RunTime:0.012921s ]
INFO: [ view_filter ] --START--
INFO: Run Behavior\WriteHtmlCacheBehavior [ RunTime:0.000112s ]
INFO: [ view_filter ] --END-- [ RunTime:0.000145s ]
INFO: [ app_end ] --START--
INFO: Run Behavior\ShowPageTraceBehavior [ RunTime:0.000312s ]
INFO: [ app_end ] --END-- [ RunTime:0.000351s ]

[ 2017-05-06T01:27:08+08:00 ] 101.27.208.56 /admin.php
INFO: [ app_init ] --START--
INFO: Run Behavior\BuildLiteBehavior [ RunTime:0.000013s ]
INFO: [ app_init ] --END-- [ RunTime:0.000268s ]
INFO: [ app_begin ] --START--
INFO: Run Behavior\ReadHtmlCacheBehavior [ RunTime:0.000311s ]
INFO: [ app_begin ] --END-- [ RunTime:0.000349s ]
NOTIC: [8] A session had already been started - ignoring session_start() /data/wwwroot/blog/ThinkPHP/Common/functions.php 第 1263 行.
SQL: SHOW COLUMNS FROM `z_category` [ RunTime:0.0006s ]
SQL: SELECT * FROM `z_category`  [ RunTime:0.0001s ]
SQL: SHOW COLUMNS FROM `z_tag` [ RunTime:0.0003s ]
SQL: SELECT * FROM `z_tag`  [ RunTime:0.0001s ]
INFO: [ view_parse ] --START--
INFO: [ template_filter ] --START--
INFO: Run Behavior\ContentReplaceBehavior [ RunTime:0.000063s ]
INFO: [ template_filter ] --END-- [ RunTime:0.000112s ]
NOTIC: [8] Undefined variable: userInfo /data/wwwroot/blog/Application/Runtime/Cache/Admin/b595b808c2ebeeeb0478ffc30bb4e87a.php 第 361 行.
NOTIC: [8] Undefined variable: hospitalInfo /data/wwwroot/blog/Application/Runtime/Cache/Admin/b595b808c2ebeeeb0478ffc30bb4e87a.php 第 424 行.
NOTIC: [8] Undefined variable: hospitalInfo /data/wwwroot/blog/Application/Runtime/Cache/Admin/b595b808c2ebeeeb0478ffc30bb4e87a.php 第 438 行.
INFO: Run Behavior\ParseTemplateBehavior [ RunTime:0.013783s ]
INFO: [ view_parse ] --END-- [ RunTime:0.013820s ]
INFO: [ view_filter ] --START--
INFO: Run Behavior\WriteHtmlCacheBehavior [ RunTime:0.000131s ]
INFO: [ view_filter ] --END-- [ RunTime:0.000164s ]
INFO: [ app_end ] --START--
INFO: Run Behavior\ShowPageTraceBehavior [ RunTime:0.000311s ]
INFO: [ app_end ] --END-- [ RunTime:0.000350s ]

[ 2017-05-06T01:28:58+08:00 ] 101.27.208.56 /admin.php/Ajax/addNewPost
INFO: [ app_init ] --START--
INFO: Run Behavior\BuildLiteBehavior [ RunTime:0.000012s ]
INFO: [ app_init ] --END-- [ RunTime:0.000289s ]
INFO: [ app_begin ] --START--
INFO: Run Behavior\ReadHtmlCacheBehavior [ RunTime:0.000303s ]
INFO: [ app_begin ] --END-- [ RunTime:0.000342s ]
NOTIC: [8] A session had already been started - ignoring session_start() /data/wwwroot/blog/ThinkPHP/Common/functions.php 第 1263 行.
NOTIC: [8] Undefined index: id /data/wwwroot/blog/Application/Admin/Controller/AjaxController.class.php 第 53 行.
SQL: SHOW COLUMNS FROM `z_post` [ RunTime:0.0006s ]
SQL: INSERT INTO `z_post` (`title`,`category`,`tag`,`summary`,`pubtime`,`mtime`,`ctime`) VALUES ('在我心的深处，没有惧怕，没有悲哀，有的只是一丝别离的怅然。','说说','心境','看三毛，就像在她面前听她诉说。就那么安静的听她说就觉得好满足哦。','1494005338','1494005338','1494005338') [ RunTime:0.0003s ]
SQL: SHOW COLUMNS FROM `z_category` [ RunTime:0.0003s ]
SQL: SELECT * FROM `z_category` WHERE `name` = '说说' LIMIT 1   [ RunTime:0.0002s ]
SQL: SHOW COLUMNS FROM `z_tag` [ RunTime:0.0003s ]
SQL: SELECT * FROM `z_tag` WHERE `name` = '心境' LIMIT 1   [ RunTime:0.0001s ]

[ 2017-05-06T01:28:59+08:00 ] 101.27.208.56 /admin.php/Post/all
INFO: [ app_init ] --START--
INFO: Run Behavior\BuildLiteBehavior [ RunTime:0.000012s ]
INFO: [ app_init ] --END-- [ RunTime:0.000248s ]
INFO: [ app_begin ] --START--
INFO: Run Behavior\ReadHtmlCacheBehavior [ RunTime:0.000355s ]
INFO: [ app_begin ] --END-- [ RunTime:0.000394s ]
NOTIC: [8] A session had already been started - ignoring session_start() /data/wwwroot/blog/ThinkPHP/Common/functions.php 第 1263 行.
SQL: SHOW COLUMNS FROM `z_post` [ RunTime:0.0006s ]
SQL: SELECT COUNT(*) AS tp_count FROM `z_post` LIMIT 1   [ RunTime:0.0003s ]
SQL: SELECT * FROM `z_post` ORDER BY ctime desc LIMIT 0,20   [ RunTime:0.0005s ]
INFO: [ view_parse ] --START--
INFO: [ template_filter ] --START--
INFO: Run Behavior\ContentReplaceBehavior [ RunTime:0.000056s ]
INFO: [ template_filter ] --END-- [ RunTime:0.000095s ]
NOTIC: [8] Undefined variable: userInfo /data/wwwroot/blog/Application/Runtime/Cache/Admin/c171e2b85832ae9943251ee8295bfacb.php 第 361 行.
INFO: Run Behavior\ParseTemplateBehavior [ RunTime:0.012868s ]
INFO: [ view_parse ] --END-- [ RunTime:0.012905s ]
INFO: [ view_filter ] --START--
INFO: Run Behavior\WriteHtmlCacheBehavior [ RunTime:0.000110s ]
INFO: [ view_filter ] --END-- [ RunTime:0.000143s ]
INFO: [ app_end ] --START--
INFO: Run Behavior\ShowPageTraceBehavior [ RunTime:0.000351s ]
INFO: [ app_end ] --END-- [ RunTime:0.000390s ]

[ 2017-05-06T16:53:31+08:00 ] 101.27.208.56 /admin.php
INFO: [ app_init ] --START--
INFO: Run Behavior\BuildLiteBehavior [ RunTime:0.000012s ]
INFO: [ app_init ] --END-- [ RunTime:0.000248s ]
INFO: [ app_begin ] --START--
INFO: Run Behavior\ReadHtmlCacheBehavior [ RunTime:0.000356s ]
INFO: [ app_begin ] --END-- [ RunTime:0.000394s ]
NOTIC: [8] A session had already been started - ignoring session_start() /data/wwwroot/blog/ThinkPHP/Common/functions.php 第 1263 行.

[ 2017-05-06T16:53:31+08:00 ] 101.27.208.56 /admin.php/Login/login
INFO: [ app_init ] --START--
INFO: Run Behavior\BuildLiteBehavior [ RunTime:0.000013s ]
INFO: [ app_init ] --END-- [ RunTime:0.000253s ]
INFO: [ app_begin ] --START--
INFO: Run Behavior\ReadHtmlCacheBehavior [ RunTime:0.000353s ]
INFO: [ app_begin ] --END-- [ RunTime:0.000393s ]
NOTIC: [8] A session had already been started - ignoring session_start() /data/wwwroot/blog/ThinkPHP/Common/functions.php 第 1263 行.
INFO: [ view_parse ] --START--
INFO: [ template_filter ] --START--
INFO: Run Behavior\ContentReplaceBehavior [ RunTime:0.000042s ]
INFO: [ template_filter ] --END-- [ RunTime:0.000107s ]
INFO: Run Behavior\ParseTemplateBehavior [ RunTime:0.004862s ]
INFO: [ view_parse ] --END-- [ RunTime:0.004901s ]
INFO: [ view_filter ] --START--
INFO: Run Behavior\WriteHtmlCacheBehavior [ RunTime:0.000122s ]
INFO: [ view_filter ] --END-- [ RunTime:0.000155s ]
INFO: [ app_end ] --START--
INFO: Run Behavior\ShowPageTraceBehavior [ RunTime:0.000340s ]
INFO: [ app_end ] --END-- [ RunTime:0.000376s ]

[ 2017-05-06T16:53:32+08:00 ] 101.27.208.56 /admin.php/Login/login
INFO: [ app_init ] --START--
INFO: Run Behavior\BuildLiteBehavior [ RunTime:0.000013s ]
INFO: [ app_init ] --END-- [ RunTime:0.000254s ]
INFO: [ app_begin ] --START--
INFO: Run Behavior\ReadHtmlCacheBehavior [ RunTime:0.000312s ]
INFO: [ app_begin ] --END-- [ RunTime:0.000395s ]
NOTIC: [8] A session had already been started - ignoring session_start() /data/wwwroot/blog/ThinkPHP/Common/functions.php 第 1263 行.
INFO: [ view_parse ] --START--
INFO: [ template_filter ] --START--
INFO: Run Behavior\ContentReplaceBehavior [ RunTime:0.000031s ]
INFO: [ template_filter ] --END-- [ RunTime:0.000071s ]
INFO: Run Behavior\ParseTemplateBehavior [ RunTime:0.004353s ]
INFO: [ view_parse ] --END-- [ RunTime:0.004392s ]
INFO: [ view_filter ] --START--
INFO: Run Behavior\WriteHtmlCacheBehavior [ RunTime:0.000106s ]
INFO: [ view_filter ] --END-- [ RunTime:0.000138s ]
INFO: [ app_end ] --START--
INFO: Run Behavior\ShowPageTraceBehavior [ RunTime:0.000408s ]
INFO: [ app_end ] --END-- [ RunTime:0.000443s ]

[ 2017-05-06T16:53:33+08:00 ] 101.27.208.56 /admin.php/Ajax/login
INFO: [ app_init ] --START--
INFO: Run Behavior\BuildLiteBehavior [ RunTime:0.000013s ]
INFO: [ app_init ] --END-- [ RunTime:0.000248s ]
INFO: [ app_begin ] --START--
INFO: Run Behavior\ReadHtmlCacheBehavior [ RunTime:0.000303s ]
INFO: [ app_begin ] --END-- [ RunTime:0.000340s ]
NOTIC: [8] A session had already been started - ignoring session_start() /data/wwwroot/blog/ThinkPHP/Common/functions.php 第 1263 行.

[ 2017-05-06T16:53:33+08:00 ] 101.27.208.56 /admin.php
INFO: [ app_init ] --START--
INFO: Run Behavior\BuildLiteBehavior [ RunTime:0.000011s ]
INFO: [ app_init ] --END-- [ RunTime:0.000266s ]
INFO: [ app_begin ] --START--
INFO: Run Behavior\ReadHtmlCacheBehavior [ RunTime:0.000278s ]
INFO: [ app_begin ] --END-- [ RunTime:0.000315s ]
NOTIC: [8] A session had already been started - ignoring session_start() /data/wwwroot/blog/ThinkPHP/Common/functions.php 第 1263 行.
SQL: SHOW COLUMNS FROM `z_category` [ RunTime:0.0005s ]
SQL: SELECT * FROM `z_category`  [ RunTime:0.0001s ]
SQL: SHOW COLUMNS FROM `z_tag` [ RunTime:0.0003s ]
SQL: SELECT * FROM `z_tag`  [ RunTime:0.0001s ]
INFO: [ view_parse ] --START--
INFO: [ template_filter ] --START--
INFO: Run Behavior\ContentReplaceBehavior [ RunTime:0.000063s ]
INFO: [ template_filter ] --END-- [ RunTime:0.000103s ]
NOTIC: [8] Undefined variable: userInfo /data/wwwroot/blog/Application/Runtime/Cache/Admin/b595b808c2ebeeeb0478ffc30bb4e87a.php 第 361 行.
NOTIC: [8] Undefined variable: hospitalInfo /data/wwwroot/blog/Application/Runtime/Cache/Admin/b595b808c2ebeeeb0478ffc30bb4e87a.php 第 424 行.
NOTIC: [8] Undefined variable: hospitalInfo /data/wwwroot/blog/Application/Runtime/Cache/Admin/b595b808c2ebeeeb0478ffc30bb4e87a.php 第 438 行.
INFO: Run Behavior\ParseTemplateBehavior [ RunTime:0.013254s ]
INFO: [ view_parse ] --END-- [ RunTime:0.013289s ]
INFO: [ view_filter ] --START--
INFO: Run Behavior\WriteHtmlCacheBehavior [ RunTime:0.000110s ]
INFO: [ view_filter ] --END-- [ RunTime:0.000141s ]
INFO: [ app_end ] --START--
INFO: Run Behavior\ShowPageTraceBehavior [ RunTime:0.000358s ]
INFO: [ app_end ] --END-- [ RunTime:0.000397s ]

[ 2017-05-06T16:53:36+08:00 ] 101.27.208.56 /admin.php
INFO: [ app_init ] --START--
INFO: Run Behavior\BuildLiteBehavior [ RunTime:0.000013s ]
INFO: [ app_init ] --END-- [ RunTime:0.000253s ]
INFO: [ app_begin ] --START--
INFO: Run Behavior\ReadHtmlCacheBehavior [ RunTime:0.000357s ]
INFO: [ app_begin ] --END-- [ RunTime:0.000396s ]
NOTIC: [8] A session had already been started - ignoring session_start() /data/wwwroot/blog/ThinkPHP/Common/functions.php 第 1263 行.
SQL: SHOW COLUMNS FROM `z_category` [ RunTime:0.0006s ]
SQL: SELECT * FROM `z_category`  [ RunTime:0.0001s ]
SQL: SHOW COLUMNS FROM `z_tag` [ RunTime:0.0003s ]
SQL: SELECT * FROM `z_tag`  [ RunTime:0.0001s ]
INFO: [ view_parse ] --START--
INFO: [ template_filter ] --START--
INFO: Run Behavior\ContentReplaceBehavior [ RunTime:0.000070s ]
INFO: [ template_filter ] --END-- [ RunTime:0.000114s ]
NOTIC: [8] Undefined variable: userInfo /data/wwwroot/blog/Application/Runtime/Cache/Admin/b595b808c2ebeeeb0478ffc30bb4e87a.php 第 361 行.
NOTIC: [8] Undefined variable: hospitalInfo /data/wwwroot/blog/Application/Runtime/Cache/Admin/b595b808c2ebeeeb0478ffc30bb4e87a.php 第 424 行.
NOTIC: [8] Undefined variable: hospitalInfo /data/wwwroot/blog/Application/Runtime/Cache/Admin/b595b808c2ebeeeb0478ffc30bb4e87a.php 第 438 行.
INFO: Run Behavior\ParseTemplateBehavior [ RunTime:0.013588s ]
INFO: [ view_parse ] --END-- [ RunTime:0.013625s ]
INFO: [ view_filter ] --START--
INFO: Run Behavior\WriteHtmlCacheBehavior [ RunTime:0.000160s ]
INFO: [ view_filter ] --END-- [ RunTime:0.000193s ]
INFO: [ app_end ] --START--
INFO: Run Behavior\ShowPageTraceBehavior [ RunTime:0.000336s ]
INFO: [ app_end ] --END-- [ RunTime:0.000376s ]

[ 2017-05-06T17:19:51+08:00 ] 101.27.208.56 /admin.php/Ajax/addNewPost
INFO: [ app_init ] --START--
INFO: Run Behavior\BuildLiteBehavior [ RunTime:0.000013s ]
INFO: [ app_init ] --END-- [ RunTime:0.000299s ]
INFO: [ app_begin ] --START--
INFO: Run Behavior\ReadHtmlCacheBehavior [ RunTime:0.000310s ]
INFO: [ app_begin ] --END-- [ RunTime:0.000349s ]
NOTIC: [8] A session had already been started - ignoring session_start() /data/wwwroot/blog/ThinkPHP/Common/functions.php 第 1263 行.
NOTIC: [8] Undefined index: id /data/wwwroot/blog/Application/Admin/Controller/AjaxController.class.php 第 53 行.
SQL: SHOW COLUMNS FROM `z_post` [ RunTime:0.0006s ]
SQL: INSERT INTO `z_post` (`title`,`category`,`tag`,`summary`,`content`,`pubtime`,`mtime`,`ctime`) VALUES ('小夜曲随想','诗歌','心境','我听着这钢琴曲，
看见音符从我身上流淌向窗外。
我的脸上没有丝毫悲喜，
我想我是陶醉在这舒伯特的《小夜曲》中了。','<p>我听着这钢琴曲，</p><p>看见音符从我身上流淌向窗外。</p><p>我的脸上没有丝毫悲喜，</p><p>我想我是陶醉在这舒伯特的《小夜曲》中了。</p><p>我突然意识到，</p><p>这是我极爱的一种感觉。</p><p>这感觉就像抛弃了这身皮囊，</p><p>变作空气的一部分，</p><p>随风飘向未知的远方。</p><p>我渐渐的消散，</p><p>变得不存在而又无处不在。</p><p>我的心中没有一丝情感。</p><p>我飞到很高很高的高空。</p><p>我看见地球上的人与物，</p><p>我看见有音乐包围着他们。</p><p>我看见死神拿着镰刀，穿着黑色的斗篷向我飞来。</p><p>我的身体已然不在了，可是我还能闭上眼，而且再也没有醒来的需要。</p>','1494062391','1494062391','1494062391') [ RunTime:0.0003s ]
SQL: SHOW COLUMNS FROM `z_category` [ RunTime:0.0003s ]
SQL: SELECT * FROM `z_category` WHERE `name` = '诗歌' LIMIT 1   [ RunTime:0.0002s ]
SQL: INSERT INTO `z_category` (`name`) VALUES ('诗歌') [ RunTime:0.0005s ]
SQL: SHOW COLUMNS FROM `z_tag` [ RunTime:0.0003s ]
SQL: SELECT * FROM `z_tag` WHERE `name` = '心境' LIMIT 1   [ RunTime:0.0001s ]

[ 2017-05-06T17:19:52+08:00 ] 101.27.208.56 /admin.php/Post/all
INFO: [ app_init ] --START--
INFO: Run Behavior\BuildLiteBehavior [ RunTime:0.000013s ]
INFO: [ app_init ] --END-- [ RunTime:0.000299s ]
INFO: [ app_begin ] --START--
INFO: Run Behavior\ReadHtmlCacheBehavior [ RunTime:0.000342s ]
INFO: [ app_begin ] --END-- [ RunTime:0.000388s ]
NOTIC: [8] A session had already been started - ignoring session_start() /data/wwwroot/blog/ThinkPHP/Common/functions.php 第 1263 行.
SQL: SHOW COLUMNS FROM `z_post` [ RunTime:0.0006s ]
SQL: SELECT COUNT(*) AS tp_count FROM `z_post` LIMIT 1   [ RunTime:0.0003s ]
SQL: SELECT * FROM `z_post` ORDER BY ctime desc LIMIT 0,20   [ RunTime:0.0005s ]
INFO: [ view_parse ] --START--
INFO: [ template_filter ] --START--
INFO: Run Behavior\ContentReplaceBehavior [ RunTime:0.000059s ]
INFO: [ template_filter ] --END-- [ RunTime:0.000100s ]
NOTIC: [8] Undefined variable: userInfo /data/wwwroot/blog/Application/Runtime/Cache/Admin/c171e2b85832ae9943251ee8295bfacb.php 第 361 行.
INFO: Run Behavior\ParseTemplateBehavior [ RunTime:0.013307s ]
INFO: [ view_parse ] --END-- [ RunTime:0.013345s ]
INFO: [ view_filter ] --START--
INFO: Run Behavior\WriteHtmlCacheBehavior [ RunTime:0.000162s ]
INFO: [ view_filter ] --END-- [ RunTime:0.000196s ]
INFO: [ app_end ] --START--
INFO: Run Behavior\ShowPageTraceBehavior [ RunTime:0.000320s ]
INFO: [ app_end ] --END-- [ RunTime:0.000357s ]

[ 2017-05-06T17:19:53+08:00 ] 101.27.208.56 /admin.php/Post/all
INFO: [ app_init ] --START--
INFO: Run Behavior\BuildLiteBehavior [ RunTime:0.000013s ]
INFO: [ app_init ] --END-- [ RunTime:0.000247s ]
INFO: [ app_begin ] --START--
INFO: Run Behavior\ReadHtmlCacheBehavior [ RunTime:0.000360s ]
INFO: [ app_begin ] --END-- [ RunTime:0.000410s ]
NOTIC: [8] A session had already been started - ignoring session_start() /data/wwwroot/blog/ThinkPHP/Common/functions.php 第 1263 行.
SQL: SHOW COLUMNS FROM `z_post` [ RunTime:0.0006s ]
SQL: SELECT COUNT(*) AS tp_count FROM `z_post` LIMIT 1   [ RunTime:0.0001s ]
SQL: SELECT * FROM `z_post` ORDER BY ctime desc LIMIT 0,20   [ RunTime:0.0002s ]
INFO: [ view_parse ] --START--
INFO: [ template_filter ] --START--
INFO: Run Behavior\ContentReplaceBehavior [ RunTime:0.000057s ]
INFO: [ template_filter ] --END-- [ RunTime:0.000097s ]
NOTIC: [8] Undefined variable: userInfo /data/wwwroot/blog/Application/Runtime/Cache/Admin/c171e2b85832ae9943251ee8295bfacb.php 第 361 行.
INFO: Run Behavior\ParseTemplateBehavior [ RunTime:0.013296s ]
INFO: [ view_parse ] --END-- [ RunTime:0.013334s ]
INFO: [ view_filter ] --START--
INFO: Run Behavior\WriteHtmlCacheBehavior [ RunTime:0.000111s ]
INFO: [ view_filter ] --END-- [ RunTime:0.000144s ]
INFO: [ app_end ] --START--
INFO: Run Behavior\ShowPageTraceBehavior [ RunTime:0.000317s ]
INFO: [ app_end ] --END-- [ RunTime:0.000357s ]

