[ 2017-06-11T19:59:32+08:00 ] 110.229.30.230 /admin.php
INFO: [ app_init ] --START--
INFO: Run Behavior\BuildLiteBehavior [ RunTime:0.000012s ]
INFO: [ app_init ] --END-- [ RunTime:0.000299s ]
INFO: [ app_begin ] --START--
INFO: Run Behavior\ReadHtmlCacheBehavior [ RunTime:0.000304s ]
INFO: [ app_begin ] --END-- [ RunTime:0.000344s ]
NOTIC: [8] A session had already been started - ignoring session_start() /data/wwwroot/blog/ThinkPHP/Common/functions.php 第 1263 行.

[ 2017-06-11T19:59:32+08:00 ] 110.229.30.230 /admin.php/Login/login
INFO: [ app_init ] --START--
INFO: Run Behavior\BuildLiteBehavior [ RunTime:0.000011s ]
INFO: [ app_init ] --END-- [ RunTime:0.000222s ]
INFO: [ app_begin ] --START--
INFO: Run Behavior\ReadHtmlCacheBehavior [ RunTime:0.000282s ]
INFO: [ app_begin ] --END-- [ RunTime:0.000321s ]
NOTIC: [8] A session had already been started - ignoring session_start() /data/wwwroot/blog/ThinkPHP/Common/functions.php 第 1263 行.
INFO: [ view_parse ] --START--
INFO: [ template_filter ] --START--
INFO: Run Behavior\ContentReplaceBehavior [ RunTime:0.000032s ]
INFO: [ template_filter ] --END-- [ RunTime:0.000071s ]
INFO: Run Behavior\ParseTemplateBehavior [ RunTime:0.004470s ]
INFO: [ view_parse ] --END-- [ RunTime:0.004508s ]
INFO: [ view_filter ] --START--
INFO: Run Behavior\WriteHtmlCacheBehavior [ RunTime:0.000106s ]
INFO: [ view_filter ] --END-- [ RunTime:0.000138s ]
INFO: [ app_end ] --START--
INFO: Run Behavior\ShowPageTraceBehavior [ RunTime:0.000304s ]
INFO: [ app_end ] --END-- [ RunTime:0.000337s ]

[ 2017-06-11T19:59:32+08:00 ] 110.229.30.230 /admin.php/Login/login
INFO: [ app_init ] --START--
INFO: Run Behavior\BuildLiteBehavior [ RunTime:0.000012s ]
INFO: [ app_init ] --END-- [ RunTime:0.000291s ]
INFO: [ app_begin ] --START--
INFO: Run Behavior\ReadHtmlCacheBehavior [ RunTime:0.000306s ]
INFO: [ app_begin ] --END-- [ RunTime:0.000343s ]
NOTIC: [8] A session had already been started - ignoring session_start() /data/wwwroot/blog/ThinkPHP/Common/functions.php 第 1263 行.
INFO: [ view_parse ] --START--
INFO: [ template_filter ] --START--
INFO: Run Behavior\ContentReplaceBehavior [ RunTime:0.000032s ]
INFO: [ template_filter ] --END-- [ RunTime:0.000072s ]
INFO: Run Behavior\ParseTemplateBehavior [ RunTime:0.004333s ]
INFO: [ view_parse ] --END-- [ RunTime:0.004371s ]
INFO: [ view_filter ] --START--
INFO: Run Behavior\WriteHtmlCacheBehavior [ RunTime:0.000108s ]
INFO: [ view_filter ] --END-- [ RunTime:0.000139s ]
INFO: [ app_end ] --START--
INFO: Run Behavior\ShowPageTraceBehavior [ RunTime:0.000314s ]
INFO: [ app_end ] --END-- [ RunTime:0.000388s ]

[ 2017-06-11T19:59:34+08:00 ] 110.229.30.230 /admin.php/Ajax/login
INFO: [ app_init ] --START--
INFO: Run Behavior\BuildLiteBehavior [ RunTime:0.000012s ]
INFO: [ app_init ] --END-- [ RunTime:0.000247s ]
INFO: [ app_begin ] --START--
INFO: Run Behavior\ReadHtmlCacheBehavior [ RunTime:0.000355s ]
INFO: [ app_begin ] --END-- [ RunTime:0.000391s ]
NOTIC: [8] A session had already been started - ignoring session_start() /data/wwwroot/blog/ThinkPHP/Common/functions.php 第 1263 行.

[ 2017-06-11T19:59:34+08:00 ] 110.229.30.230 /admin.php
INFO: [ app_init ] --START--
INFO: Run Behavior\BuildLiteBehavior [ RunTime:0.000012s ]
INFO: [ app_init ] --END-- [ RunTime:0.000251s ]
INFO: [ app_begin ] --START--
INFO: Run Behavior\ReadHtmlCacheBehavior [ RunTime:0.000308s ]
INFO: [ app_begin ] --END-- [ RunTime:0.000345s ]
NOTIC: [8] A session had already been started - ignoring session_start() /data/wwwroot/blog/ThinkPHP/Common/functions.php 第 1263 行.
SQL: SHOW COLUMNS FROM `z_category` [ RunTime:0.0005s ]
SQL: SELECT * FROM `z_category`  [ RunTime:0.0001s ]
SQL: SHOW COLUMNS FROM `z_tag` [ RunTime:0.0003s ]
SQL: SELECT * FROM `z_tag`  [ RunTime:0.0001s ]
INFO: [ view_parse ] --START--
INFO: [ template_filter ] --START--
INFO: Run Behavior\ContentReplaceBehavior [ RunTime:0.000073s ]
INFO: [ template_filter ] --END-- [ RunTime:0.000135s ]
NOTIC: [8] Undefined variable: userInfo /data/wwwroot/blog/Application/Runtime/Cache/Admin/b595b808c2ebeeeb0478ffc30bb4e87a.php 第 361 行.
NOTIC: [8] Undefined variable: hospitalInfo /data/wwwroot/blog/Application/Runtime/Cache/Admin/b595b808c2ebeeeb0478ffc30bb4e87a.php 第 424 行.
NOTIC: [8] Undefined variable: hospitalInfo /data/wwwroot/blog/Application/Runtime/Cache/Admin/b595b808c2ebeeeb0478ffc30bb4e87a.php 第 438 行.
INFO: Run Behavior\ParseTemplateBehavior [ RunTime:0.014233s ]
INFO: [ view_parse ] --END-- [ RunTime:0.014270s ]
INFO: [ view_filter ] --START--
INFO: Run Behavior\WriteHtmlCacheBehavior [ RunTime:0.000117s ]
INFO: [ view_filter ] --END-- [ RunTime:0.000150s ]
INFO: [ app_end ] --START--
INFO: Run Behavior\ShowPageTraceBehavior [ RunTime:0.000341s ]
INFO: [ app_end ] --END-- [ RunTime:0.000381s ]

[ 2017-06-11T19:59:35+08:00 ] 110.229.30.230 /admin.php
INFO: [ app_init ] --START--
INFO: Run Behavior\BuildLiteBehavior [ RunTime:0.000058s ]
INFO: [ app_init ] --END-- [ RunTime:0.000303s ]
INFO: [ app_begin ] --START--
INFO: Run Behavior\ReadHtmlCacheBehavior [ RunTime:0.000306s ]
INFO: [ app_begin ] --END-- [ RunTime:0.000344s ]
NOTIC: [8] A session had already been started - ignoring session_start() /data/wwwroot/blog/ThinkPHP/Common/functions.php 第 1263 行.
SQL: SHOW COLUMNS FROM `z_category` [ RunTime:0.0006s ]
SQL: SELECT * FROM `z_category`  [ RunTime:0.0001s ]
SQL: SHOW COLUMNS FROM `z_tag` [ RunTime:0.0003s ]
SQL: SELECT * FROM `z_tag`  [ RunTime:0.0001s ]
INFO: [ view_parse ] --START--
INFO: [ template_filter ] --START--
INFO: Run Behavior\ContentReplaceBehavior [ RunTime:0.000065s ]
INFO: [ template_filter ] --END-- [ RunTime:0.000105s ]
NOTIC: [8] Undefined variable: userInfo /data/wwwroot/blog/Application/Runtime/Cache/Admin/b595b808c2ebeeeb0478ffc30bb4e87a.php 第 361 行.
NOTIC: [8] Undefined variable: hospitalInfo /data/wwwroot/blog/Application/Runtime/Cache/Admin/b595b808c2ebeeeb0478ffc30bb4e87a.php 第 424 行.
NOTIC: [8] Undefined variable: hospitalInfo /data/wwwroot/blog/Application/Runtime/Cache/Admin/b595b808c2ebeeeb0478ffc30bb4e87a.php 第 438 行.
INFO: Run Behavior\ParseTemplateBehavior [ RunTime:0.013814s ]
INFO: [ view_parse ] --END-- [ RunTime:0.013849s ]
INFO: [ view_filter ] --START--
INFO: Run Behavior\WriteHtmlCacheBehavior [ RunTime:0.000112s ]
INFO: [ view_filter ] --END-- [ RunTime:0.000145s ]
INFO: [ app_end ] --START--
INFO: Run Behavior\ShowPageTraceBehavior [ RunTime:0.000318s ]
INFO: [ app_end ] --END-- [ RunTime:0.000357s ]

[ 2017-06-11T19:59:43+08:00 ] 110.229.30.230 /admin.php/Post/all
INFO: [ app_init ] --START--
INFO: Run Behavior\BuildLiteBehavior [ RunTime:0.000013s ]
INFO: [ app_init ] --END-- [ RunTime:0.000258s ]
INFO: [ app_begin ] --START--
INFO: Run Behavior\ReadHtmlCacheBehavior [ RunTime:0.000357s ]
INFO: [ app_begin ] --END-- [ RunTime:0.000396s ]
NOTIC: [8] A session had already been started - ignoring session_start() /data/wwwroot/blog/ThinkPHP/Common/functions.php 第 1263 行.
SQL: SHOW COLUMNS FROM `z_post` [ RunTime:0.0006s ]
SQL: SELECT COUNT(*) AS tp_count FROM `z_post` LIMIT 1   [ RunTime:0.0003s ]
SQL: SELECT * FROM `z_post` ORDER BY ctime desc LIMIT 0,20   [ RunTime:0.0005s ]
INFO: [ view_parse ] --START--
INFO: [ template_filter ] --START--
INFO: Run Behavior\ContentReplaceBehavior [ RunTime:0.000063s ]
INFO: [ template_filter ] --END-- [ RunTime:0.000105s ]
NOTIC: [8] Undefined variable: userInfo /data/wwwroot/blog/Application/Runtime/Cache/Admin/c171e2b85832ae9943251ee8295bfacb.php 第 361 行.
INFO: Run Behavior\ParseTemplateBehavior [ RunTime:0.013073s ]
INFO: [ view_parse ] --END-- [ RunTime:0.013113s ]
INFO: [ view_filter ] --START--
INFO: Run Behavior\WriteHtmlCacheBehavior [ RunTime:0.000118s ]
INFO: [ view_filter ] --END-- [ RunTime:0.000152s ]
INFO: [ app_end ] --START--
INFO: Run Behavior\ShowPageTraceBehavior [ RunTime:0.000370s ]
INFO: [ app_end ] --END-- [ RunTime:0.000411s ]

[ 2017-06-11T19:59:44+08:00 ] 110.229.30.230 /admin.php/Post/all
INFO: [ app_init ] --START--
INFO: Run Behavior\BuildLiteBehavior [ RunTime:0.000012s ]
INFO: [ app_init ] --END-- [ RunTime:0.000295s ]
INFO: [ app_begin ] --START--
INFO: Run Behavior\ReadHtmlCacheBehavior [ RunTime:0.000305s ]
INFO: [ app_begin ] --END-- [ RunTime:0.000342s ]
NOTIC: [8] A session had already been started - ignoring session_start() /data/wwwroot/blog/ThinkPHP/Common/functions.php 第 1263 行.
SQL: SHOW COLUMNS FROM `z_post` [ RunTime:0.0006s ]
SQL: SELECT COUNT(*) AS tp_count FROM `z_post` LIMIT 1   [ RunTime:0.0001s ]
SQL: SELECT * FROM `z_post` ORDER BY ctime desc LIMIT 0,20   [ RunTime:0.0002s ]
INFO: [ view_parse ] --START--
INFO: [ template_filter ] --START--
INFO: Run Behavior\ContentReplaceBehavior [ RunTime:0.000060s ]
INFO: [ template_filter ] --END-- [ RunTime:0.000099s ]
NOTIC: [8] Undefined variable: userInfo /data/wwwroot/blog/Application/Runtime/Cache/Admin/c171e2b85832ae9943251ee8295bfacb.php 第 361 行.
INFO: Run Behavior\ParseTemplateBehavior [ RunTime:0.013432s ]
INFO: [ view_parse ] --END-- [ RunTime:0.013470s ]
INFO: [ view_filter ] --START--
INFO: Run Behavior\WriteHtmlCacheBehavior [ RunTime:0.000118s ]
INFO: [ view_filter ] --END-- [ RunTime:0.000150s ]
INFO: [ app_end ] --START--
INFO: Run Behavior\ShowPageTraceBehavior [ RunTime:0.000318s ]
INFO: [ app_end ] --END-- [ RunTime:0.000356s ]

[ 2017-06-11T19:59:47+08:00 ] 110.229.30.230 /admin.php/Post/updatePost/id/148
INFO: [ app_init ] --START--
INFO: Run Behavior\BuildLiteBehavior [ RunTime:0.000012s ]
INFO: [ app_init ] --END-- [ RunTime:0.000291s ]
INFO: [ app_begin ] --START--
INFO: Run Behavior\ReadHtmlCacheBehavior [ RunTime:0.000318s ]
INFO: [ app_begin ] --END-- [ RunTime:0.000357s ]
NOTIC: [8] A session had already been started - ignoring session_start() /data/wwwroot/blog/ThinkPHP/Common/functions.php 第 1263 行.
SQL: SHOW COLUMNS FROM `z_post` [ RunTime:0.0006s ]
SQL: SELECT * FROM `z_post` WHERE `id` = 148 LIMIT 1   [ RunTime:0.0003s ]
SQL: SHOW COLUMNS FROM `z_category` [ RunTime:0.0003s ]
SQL: SELECT * FROM `z_category`  [ RunTime:0.0001s ]
SQL: SHOW COLUMNS FROM `z_tag` [ RunTime:0.0003s ]
SQL: SELECT * FROM `z_tag`  [ RunTime:0.0001s ]
INFO: [ view_parse ] --START--
INFO: [ template_filter ] --START--
INFO: Run Behavior\ContentReplaceBehavior [ RunTime:0.000063s ]
INFO: [ template_filter ] --END-- [ RunTime:0.000106s ]
NOTIC: [8] Undefined variable: userInfo /data/wwwroot/blog/Application/Runtime/Cache/Admin/b94d69ac1621e983387ec69783f12599.php 第 361 行.
INFO: Run Behavior\ParseTemplateBehavior [ RunTime:0.014366s ]
INFO: [ view_parse ] --END-- [ RunTime:0.014409s ]
INFO: [ view_filter ] --START--
INFO: Run Behavior\WriteHtmlCacheBehavior [ RunTime:0.000128s ]
INFO: [ view_filter ] --END-- [ RunTime:0.000164s ]
INFO: [ app_end ] --START--
INFO: Run Behavior\ShowPageTraceBehavior [ RunTime:0.000376s ]
INFO: [ app_end ] --END-- [ RunTime:0.000423s ]

[ 2017-06-11T19:59:47+08:00 ] 110.229.30.230 /admin.php/Post/updatePost/id/148
INFO: [ app_init ] --START--
INFO: Run Behavior\BuildLiteBehavior [ RunTime:0.000013s ]
INFO: [ app_init ] --END-- [ RunTime:0.000247s ]
INFO: [ app_begin ] --START--
INFO: Run Behavior\ReadHtmlCacheBehavior [ RunTime:0.000309s ]
INFO: [ app_begin ] --END-- [ RunTime:0.000347s ]
NOTIC: [8] A session had already been started - ignoring session_start() /data/wwwroot/blog/ThinkPHP/Common/functions.php 第 1263 行.
SQL: SHOW COLUMNS FROM `z_post` [ RunTime:0.0006s ]
SQL: SELECT * FROM `z_post` WHERE `id` = 148 LIMIT 1   [ RunTime:0.0001s ]
SQL: SHOW COLUMNS FROM `z_category` [ RunTime:0.0003s ]
SQL: SELECT * FROM `z_category`  [ RunTime:0.0001s ]
SQL: SHOW COLUMNS FROM `z_tag` [ RunTime:0.0003s ]
SQL: SELECT * FROM `z_tag`  [ RunTime:0.0001s ]
INFO: [ view_parse ] --START--
INFO: [ template_filter ] --START--
INFO: Run Behavior\ContentReplaceBehavior [ RunTime:0.000060s ]
INFO: [ template_filter ] --END-- [ RunTime:0.000100s ]
NOTIC: [8] Undefined variable: userInfo /data/wwwroot/blog/Application/Runtime/Cache/Admin/b94d69ac1621e983387ec69783f12599.php 第 361 行.
INFO: Run Behavior\ParseTemplateBehavior [ RunTime:0.013651s ]
INFO: [ view_parse ] --END-- [ RunTime:0.013688s ]
INFO: [ view_filter ] --START--
INFO: Run Behavior\WriteHtmlCacheBehavior [ RunTime:0.000154s ]
INFO: [ view_filter ] --END-- [ RunTime:0.000187s ]
INFO: [ app_end ] --START--
INFO: Run Behavior\ShowPageTraceBehavior [ RunTime:0.000312s ]
INFO: [ app_end ] --END-- [ RunTime:0.000350s ]

[ 2017-06-11T20:11:30+08:00 ] 110.229.30.230 /admin.php/Ajax/addNewPost
INFO: [ app_init ] --START--
INFO: Run Behavior\BuildLiteBehavior [ RunTime:0.000012s ]
INFO: [ app_init ] --END-- [ RunTime:0.000257s ]
INFO: [ app_begin ] --START--
INFO: Run Behavior\ReadHtmlCacheBehavior [ RunTime:0.000352s ]
INFO: [ app_begin ] --END-- [ RunTime:0.000392s ]
NOTIC: [8] A session had already been started - ignoring session_start() /data/wwwroot/blog/ThinkPHP/Common/functions.php 第 1263 行.
SQL: SHOW COLUMNS FROM `z_post` [ RunTime:0.0006s ]
SQL: UPDATE `z_post` SET `title`='小向日葵',`category`='故事',`tag`='心境',`summary`='有一天晚上下了很大的雨，向日葵奋力地倾着身体，伸展开叶子护着玫瑰。雨停了，它们对视了一眼，玫瑰羞了，低下头，向日葵缓缓地收回叶子，立正了身体，迅速地看了玫瑰一眼，又看向别处。',`content`='<p>								</p><p>它咬着牙，用尽所有力气推开压在他头顶的泥土，窜了出来，世界光亮了。</p><p>“欢迎来到这个世界，小向日葵。”它身边一棵老杨树欠着身对它说，慈爱地。</p><p>“向日葵？”</p><p>“你的名字。”老杨树抖了一下枝干，老怪老怪的。</p><p>“哦。”小向日葵说，揉了揉眼睛，看周围。</p><p>“哇哦！”小向日葵赞叹这世界。</p><p>“爷爷，您叫什么名字？”</p><p>“我叫杨树。”</p><p>“很高兴认识您。”</p><p>“我也很高兴认识你，不过我早就认识你了，哈哈哈哈。他们这些家伙已经迫不及待了，来，我给你介绍一下你的邻居们。”小向日葵这才发现它周围一双双好奇地看着它的眼睛。“这位，最漂亮的，最娇艳的，玫瑰小姐！”树林里起一阵骚动，一只松鼠爬到老杨树上，吹出几声不怎么连贯的口哨。玫瑰有些害羞，越发红艳的夺目了。“人数众多的，草先生和女士们！”“耶!”草们欢呼。“口哨吹得很烂的松鼠。”老杨树说，耸了耸肩，将松鼠赶了下来。“兔子有时候会过来玩，到时候你就认识了。”小向日葵礼貌地跟所有人打招呼，从此开始了它的丛林生活。</p><p>树林里的阳光很少，小向日葵尽量不让自己的叶子长得太大，以免遮住了别的植物。但是它长得很直，几乎没有一丝弯曲，很快他的个头就超过了玫瑰。</p><p>有一天，它的心上生出一个花苞，它不知道那是什么，它很好奇，于是请教老杨树：“杨树爷爷，我头上这是什么呀？”老杨树回答它：“这是你的使命。”“使命？”小向日葵低声自语，它有些不解，但也没放在心上。</p><p>小向日葵的性格十分安静，大部分的时间它只是默默地生长。他爱他周围的一切:老杨树，玫瑰，草先生女士们，还有松鼠和兔子。有时候一些鸟儿歇在老杨树上，它们唱歌，偶尔说一些它听不懂的一些话。说着说着，它们就飞走了。</p><p>它和玫瑰挨得最近也最为要好，它们了解对方的一切事情，它们无话不谈。小向日葵给玫瑰起了个名字：“爱哭鬼”，玫瑰则常取笑小向日葵只有一个花苞。</p><p>有一天晚上下了很大的雨，向日葵奋力地倾着身体，伸展开叶子护着玫瑰。雨停了，它们对视了一眼，玫瑰羞了，低下头，向日葵缓缓地收回叶子，立正了身体，迅速地看了玫瑰一眼，又看向别处。</p><p>玫瑰变得越发依赖向日葵的陪伴，对它有说不完的话，向日葵则把保护玫瑰当做自己的责任。</p><p>有一天，林子里来了一位老奶奶，她发现了玫瑰，便把它挖走了。大家都很伤心但又无可奈何。</p><p>好在时间能抚平一切伤痛，当向日葵已不再为玫瑰的离开自己的生活而感到悲伤，它也已经盛放了自己。它的花每天不由自主的向着太阳转动。早晚的太阳都很温柔，可是中午的太阳却十分炙热，有时候向日葵觉得它的花瓣都被太阳晒伤了。他有些不理解自己为什么要这样一直围着太阳转下去。它问老杨树，老杨树告诉它：“这是你的使命。”“又是这句话。”它心想，但是这一次他仍不能明白。“我不明白——”老杨树打断它：“可是孩子，时间会教会你一切。”</p><p>向日葵仍每天围着太阳打转，直到有一天林子里飞来一只蝴蝶，婷婷地歇在向日葵的花上，缓缓地扇动着翅膀。</p><p>“你好啊。我叫向日葵。”</p><p>“你好，我叫蝴蝶。”</p><p>“蝴蝶，你真美丽！”</p><p>“哈哈，”蝴蝶说，在空中做了一连串漂亮的旋转，然后优雅地降下来，咯咯地：“从小到大，见过我的都这么说。”老杨树不屑地瞥了蝴蝶一眼，转过头去。蝴蝶突然想起来，前几天它还是只丑陋的毛毛虫。“哎呀，今天的太阳实在是太大了，热死我了。”蝴蝶尴尬地，娇声说，对着向日葵：“大个子，你就不能帮我遮着点吗？”向日葵只默地伸出一片叶子挡在蝴蝶头上。“向日葵，”蝴蝶悄声对向日葵，“这林子里，就你还像点样，别的没一个是我喜欢的，哈哈哈。”</p><p>太阳落山了，向日葵不再需要望着太阳了，他低下头，想起白天认识的蝴蝶。她觉得这只蝴蝶很美丽，但并不因此对它有好感，它甚至有点讨厌它。</p><p>第二天蝴蝶又幽默地飞过来：“单花苞的，我又来啦。”向日葵正望着太阳，它不看她，但他觉得有点想笑，同时他又想起了玫瑰曾也这么叫过他。蝴蝶飞到他和太阳之间，在他的花心投下一幅倩影。“天天看着太阳无不无聊？来，我给你跳一支舞。说完就跳了起来，大家都看她跳，连杨树都忍不住赞叹：“哇哦！”向日葵正想说：“蝴蝶，你跳得真好。”蝴蝶就说了：“怎么样，我跳得好吧？哈哈哈！有水喝吗？“”没有。“小向日葵说。</p><p>今天，向日葵觉得蝴蝶还挺好玩的，尽管他仍觉得她太骄傲。但偶一想起她，他还有笑出声来的时候。</p><p>第三天早上，向日葵把所有叶子的露水全收集到花的心中，不看太阳，以免花中的水被晒干了。老杨树见他这样，问：“你这是做什么呢？”“没做什么。”向日葵说，有些脸红。</p><p>向日葵时不时地望着树林外：蝴蝶怎么还不来呢。“唉。”老杨树叹了口气，但是向日葵完全没有听见。远远地，向日葵终于看到蝴蝶翩翩地飞过来了。他很激动，有些不像独处时的自己。“哎呦喂，今天居然没看太阳，不错哦，哈哈！“蝴蝶一见向日葵就打趣。</p><p>“蝴蝶，我给你准备水了今天，你看，在我的花里。”</p><p>“哈哈，我尝尝！“蝴蝶喝了一口，说：”嗯，真好喝！“向日葵看着蝴蝶喝水，他非常开心。</p><p>“单苞，我给你讲个故事，听完不许笑。”</p><p>“好。”</p><p>“从前有一头驴，有一天，它的主人牵着它去赶集。走到半路，主人突然发现自己没带钱，又懒得回去拿，就对驴说：”驴啊，我的好驴，回去帮我拿一下钱。“驴听了就往回走，结果它迷路了，它的主人再也没见过它。哈哈哈哈哈哈！好笑吗？”</p><p>“不好笑。”</p><p>从这天后，向日葵满脑子都是蝴蝶，见到她是他最开心的事。他再也不看太阳，只每天接了露水，默默地等着蝴蝶出现。</p><p>蝴蝶每天都会来找向日葵玩，直到第十三天，这天她出现得非常晚，几乎快天黑了。她看起来很虚弱，可她仍然扬着嘴角：“有水喝吗？“”有，你怎么了？“蝴蝶喝了一口水，挤出一个大大的微笑，说：“我累了，今天不走了，就在你这里过夜行吗？”“好。”向日葵有些不知所措，他收紧叶子，为她搭了个小屋子。他看着她睡，他觉得她睡得特别特别的甜。天空露出了鱼肚白，蝴蝶醒了过来，看着睡着的向日葵，落下大滴大滴的眼泪。她亲了他一下，在心里跟他道别：“再见了，单苞。”她艰难的起飞，一直坚持飞到向日葵所在的树林很远的地方，重重地跌在地上，死去了，地上的枯枝穿破了她的翅膀，触目惊心的。</p><p>向日葵仍每天的收集露水，巴巴地望着蝴蝶平时来的方向。不过是一日复一日，一日又复一日的希望又失望。</p><p>“咳咳咳咳”，向日葵咳嗽的厉害。他这才发现自己的叶子黄了一半，花心的籽好多都干瘪了。“”再这样下去，你要死的！“老杨树这天又劝他，语重心长地：”我告诉你，她死了，蝴蝶的生命只有14天！“</p><p>向日葵不愿相信，但它回想起第13天蝴蝶来找他的情景，他的心凝固了。他垂下头，面目痛苦地变得扭曲。“啊！“向日葵仰天大叫一声，眼泪像断了帘的珠子，爬满了它整张脸，这声音撕心裂肺，震荡宇宙！这一夜，他的叶子全黄了，花里的籽掉了一半。”</p><p>他们都觉得他会死掉，但是它没有。在他最难过的时候，太阳从来没有放弃过他，日日给他温暖，竟也使他恢复过来。于是他又开始追随太阳的脚步，痴痴地，像从来没发生过旁的事情。</p><p>他终于明白老杨树说的话：“时间可以抚平一切伤口。”他也终于明白了他的使命，他穷极一生只需要做的唯一一件事情：孕育葵花籽。</p><p>他从来没对太阳说过感激的话，他把她的温暖放在心上，现在他居然能欣赏她的午间的炙热。</p><p>有一天，那位老奶奶又来到这里，发现他这颗结满葵花籽的向日葵，甚是欢喜，只一折，便毙了它的命。“哎”，老杨树叹了口气，不再言语。</p><p>不知道过了多少年后了，这一天有一家三口来这片树林踏青，五岁的女儿惊呼：“哇！这里有一朵好好看的花哦！”“那是玫瑰。”父亲说，走过来仔细看时，发现旁边居然还有一株向日葵，笔直地，伸展着叶子，紧挨着玫瑰。“天骄你看，这是一棵向日葵。”</p><p>“什么是向日葵？”</p><p>“我们经常吃的瓜子，就是这种植物里长的。”</p><p>“爸爸，玫瑰很好看，我们把她挖回家吧。”</p><p>“好啊！”</p><p>							</p>',`mtime`='1497183090' WHERE `id` = 148 [ RunTime:0.0165s ]
NOTIC: [8] Undefined variable: id /data/wwwroot/blog/Application/Admin/Controller/AjaxController.class.php 第 56 行.
SQL: SHOW COLUMNS FROM `z_category` [ RunTime:0.0003s ]
SQL: SELECT * FROM `z_category` WHERE `name` = '故事' LIMIT 1   [ RunTime:0.0002s ]
SQL: SHOW COLUMNS FROM `z_tag` [ RunTime:0.0003s ]
SQL: SELECT * FROM `z_tag` WHERE `name` = '心境' LIMIT 1   [ RunTime:0.0002s ]

[ 2017-06-11T20:11:32+08:00 ] 110.229.30.230 /admin.php/Post/all
INFO: [ app_init ] --START--
INFO: Run Behavior\BuildLiteBehavior [ RunTime:0.000013s ]
INFO: [ app_init ] --END-- [ RunTime:0.000254s ]
INFO: [ app_begin ] --START--
INFO: Run Behavior\ReadHtmlCacheBehavior [ RunTime:0.000330s ]
INFO: [ app_begin ] --END-- [ RunTime:0.000413s ]
NOTIC: [8] A session had already been started - ignoring session_start() /data/wwwroot/blog/ThinkPHP/Common/functions.php 第 1263 行.
SQL: SHOW COLUMNS FROM `z_post` [ RunTime:0.0006s ]
SQL: SELECT COUNT(*) AS tp_count FROM `z_post` LIMIT 1   [ RunTime:0.0003s ]
SQL: SELECT * FROM `z_post` ORDER BY ctime desc LIMIT 0,20   [ RunTime:0.0005s ]
INFO: [ view_parse ] --START--
INFO: [ template_filter ] --START--
INFO: Run Behavior\ContentReplaceBehavior [ RunTime:0.000057s ]
INFO: [ template_filter ] --END-- [ RunTime:0.000096s ]
NOTIC: [8] Undefined variable: userInfo /data/wwwroot/blog/Application/Runtime/Cache/Admin/c171e2b85832ae9943251ee8295bfacb.php 第 361 行.
INFO: Run Behavior\ParseTemplateBehavior [ RunTime:0.013245s ]
INFO: [ view_parse ] --END-- [ RunTime:0.013283s ]
INFO: [ view_filter ] --START--
INFO: Run Behavior\WriteHtmlCacheBehavior [ RunTime:0.000110s ]
INFO: [ view_filter ] --END-- [ RunTime:0.000143s ]
INFO: [ app_end ] --START--
INFO: Run Behavior\ShowPageTraceBehavior [ RunTime:0.000351s ]
INFO: [ app_end ] --END-- [ RunTime:0.000390s ]

[ 2017-06-11T20:11:32+08:00 ] 110.229.30.230 /admin.php/Post/all
INFO: [ app_init ] --START--
INFO: Run Behavior\BuildLiteBehavior [ RunTime:0.000013s ]
INFO: [ app_init ] --END-- [ RunTime:0.000248s ]
INFO: [ app_begin ] --START--
INFO: Run Behavior\ReadHtmlCacheBehavior [ RunTime:0.000327s ]
INFO: [ app_begin ] --END-- [ RunTime:0.000405s ]
NOTIC: [8] A session had already been started - ignoring session_start() /data/wwwroot/blog/ThinkPHP/Common/functions.php 第 1263 行.
SQL: SHOW COLUMNS FROM `z_post` [ RunTime:0.0006s ]
SQL: SELECT COUNT(*) AS tp_count FROM `z_post` LIMIT 1   [ RunTime:0.0001s ]
SQL: SELECT * FROM `z_post` ORDER BY ctime desc LIMIT 0,20   [ RunTime:0.0002s ]
INFO: [ view_parse ] --START--
INFO: [ template_filter ] --START--
INFO: Run Behavior\ContentReplaceBehavior [ RunTime:0.000061s ]
INFO: [ template_filter ] --END-- [ RunTime:0.000101s ]
NOTIC: [8] Undefined variable: userInfo /data/wwwroot/blog/Application/Runtime/Cache/Admin/c171e2b85832ae9943251ee8295bfacb.php 第 361 行.
INFO: Run Behavior\ParseTemplateBehavior [ RunTime:0.013583s ]
INFO: [ view_parse ] --END-- [ RunTime:0.013623s ]
INFO: [ view_filter ] --START--
INFO: Run Behavior\WriteHtmlCacheBehavior [ RunTime:0.000113s ]
INFO: [ view_filter ] --END-- [ RunTime:0.000146s ]
INFO: [ app_end ] --START--
INFO: Run Behavior\ShowPageTraceBehavior [ RunTime:0.000373s ]
INFO: [ app_end ] --END-- [ RunTime:0.000412s ]

