[ 2017-06-10T07:43:30+08:00 ] 110.229.30.230 /admin.php
INFO: [ app_init ] --START--
INFO: Run Behavior\BuildLiteBehavior [ RunTime:0.000014s ]
INFO: [ app_init ] --END-- [ RunTime:0.000256s ]
INFO: [ app_begin ] --START--
INFO: Run Behavior\ReadHtmlCacheBehavior [ RunTime:0.000388s ]
INFO: [ app_begin ] --END-- [ RunTime:0.000427s ]
NOTIC: [8] A session had already been started - ignoring session_start() /data/wwwroot/blog/ThinkPHP/Common/functions.php 第 1263 行.

[ 2017-06-10T07:43:30+08:00 ] 110.229.30.230 /admin.php/Login/login
INFO: [ app_init ] --START--
INFO: Run Behavior\BuildLiteBehavior [ RunTime:0.000014s ]
INFO: [ app_init ] --END-- [ RunTime:0.000278s ]
INFO: [ app_begin ] --START--
INFO: Run Behavior\ReadHtmlCacheBehavior [ RunTime:0.000362s ]
INFO: [ app_begin ] --END-- [ RunTime:0.000400s ]
NOTIC: [8] A session had already been started - ignoring session_start() /data/wwwroot/blog/ThinkPHP/Common/functions.php 第 1263 行.
INFO: [ view_parse ] --START--
INFO: [ template_filter ] --START--
INFO: Run Behavior\ContentReplaceBehavior [ RunTime:0.000036s ]
INFO: [ template_filter ] --END-- [ RunTime:0.000075s ]
INFO: Run Behavior\ParseTemplateBehavior [ RunTime:0.004528s ]
INFO: [ view_parse ] --END-- [ RunTime:0.004566s ]
INFO: [ view_filter ] --START--
INFO: Run Behavior\WriteHtmlCacheBehavior [ RunTime:0.000120s ]
INFO: [ view_filter ] --END-- [ RunTime:0.000152s ]
INFO: [ app_end ] --START--
INFO: Run Behavior\ShowPageTraceBehavior [ RunTime:0.000318s ]
INFO: [ app_end ] --END-- [ RunTime:0.000353s ]

[ 2017-06-10T07:43:31+08:00 ] 110.229.30.230 /admin.php/Login/login
INFO: [ app_init ] --START--
INFO: Run Behavior\BuildLiteBehavior [ RunTime:0.000012s ]
INFO: [ app_init ] --END-- [ RunTime:0.000297s ]
INFO: [ app_begin ] --START--
INFO: Run Behavior\ReadHtmlCacheBehavior [ RunTime:0.000304s ]
INFO: [ app_begin ] --END-- [ RunTime:0.000343s ]
NOTIC: [8] A session had already been started - ignoring session_start() /data/wwwroot/blog/ThinkPHP/Common/functions.php 第 1263 行.
INFO: [ view_parse ] --START--
INFO: [ template_filter ] --START--
INFO: Run Behavior\ContentReplaceBehavior [ RunTime:0.000032s ]
INFO: [ template_filter ] --END-- [ RunTime:0.000071s ]
INFO: Run Behavior\ParseTemplateBehavior [ RunTime:0.004489s ]
INFO: [ view_parse ] --END-- [ RunTime:0.004527s ]
INFO: [ view_filter ] --START--
INFO: Run Behavior\WriteHtmlCacheBehavior [ RunTime:0.000106s ]
INFO: [ view_filter ] --END-- [ RunTime:0.000137s ]
INFO: [ app_end ] --START--
INFO: Run Behavior\ShowPageTraceBehavior [ RunTime:0.000362s ]
INFO: [ app_end ] --END-- [ RunTime:0.000396s ]

[ 2017-06-10T07:44:41+08:00 ] 110.229.30.230 /admin.php/Ajax/login
INFO: [ app_init ] --START--
INFO: Run Behavior\BuildLiteBehavior [ RunTime:0.000012s ]
INFO: [ app_init ] --END-- [ RunTime:0.000251s ]
INFO: [ app_begin ] --START--
INFO: Run Behavior\ReadHtmlCacheBehavior [ RunTime:0.000352s ]
INFO: [ app_begin ] --END-- [ RunTime:0.000389s ]
NOTIC: [8] A session had already been started - ignoring session_start() /data/wwwroot/blog/ThinkPHP/Common/functions.php 第 1263 行.

[ 2017-06-10T07:44:41+08:00 ] 110.229.30.230 /admin.php
INFO: [ app_init ] --START--
INFO: Run Behavior\BuildLiteBehavior [ RunTime:0.000017s ]
INFO: [ app_init ] --END-- [ RunTime:0.000273s ]
INFO: [ app_begin ] --START--
INFO: Run Behavior\ReadHtmlCacheBehavior [ RunTime:0.000392s ]
INFO: [ app_begin ] --END-- [ RunTime:0.000431s ]
NOTIC: [8] A session had already been started - ignoring session_start() /data/wwwroot/blog/ThinkPHP/Common/functions.php 第 1263 行.
SQL: SHOW COLUMNS FROM `z_category` [ RunTime:0.0007s ]
SQL: SELECT * FROM `z_category`  [ RunTime:0.0001s ]
SQL: SHOW COLUMNS FROM `z_tag` [ RunTime:0.0003s ]
SQL: SELECT * FROM `z_tag`  [ RunTime:0.0001s ]
INFO: [ view_parse ] --START--
INFO: [ template_filter ] --START--
INFO: Run Behavior\ContentReplaceBehavior [ RunTime:0.000076s ]
INFO: [ template_filter ] --END-- [ RunTime:0.000154s ]
NOTIC: [8] Undefined variable: userInfo /data/wwwroot/blog/Application/Runtime/Cache/Admin/b595b808c2ebeeeb0478ffc30bb4e87a.php 第 361 行.
NOTIC: [8] Undefined variable: hospitalInfo /data/wwwroot/blog/Application/Runtime/Cache/Admin/b595b808c2ebeeeb0478ffc30bb4e87a.php 第 424 行.
NOTIC: [8] Undefined variable: hospitalInfo /data/wwwroot/blog/Application/Runtime/Cache/Admin/b595b808c2ebeeeb0478ffc30bb4e87a.php 第 438 行.
INFO: Run Behavior\ParseTemplateBehavior [ RunTime:0.401695s ]
INFO: [ view_parse ] --END-- [ RunTime:0.401733s ]
INFO: [ view_filter ] --START--
INFO: Run Behavior\WriteHtmlCacheBehavior [ RunTime:0.000186s ]
INFO: [ view_filter ] --END-- [ RunTime:0.000219s ]
INFO: [ app_end ] --START--
INFO: Run Behavior\ShowPageTraceBehavior [ RunTime:0.000364s ]
INFO: [ app_end ] --END-- [ RunTime:0.000403s ]

[ 2017-06-10T07:44:45+08:00 ] 110.229.30.230 /admin.php
INFO: [ app_init ] --START--
INFO: Run Behavior\BuildLiteBehavior [ RunTime:0.000025s ]
INFO: [ app_init ] --END-- [ RunTime:0.000718s ]
INFO: [ app_begin ] --START--
INFO: Run Behavior\ReadHtmlCacheBehavior [ RunTime:0.000510s ]
INFO: [ app_begin ] --END-- [ RunTime:0.000566s ]
NOTIC: [8] A session had already been started - ignoring session_start() /data/wwwroot/blog/ThinkPHP/Common/functions.php 第 1263 行.
SQL: SHOW COLUMNS FROM `z_category` [ RunTime:0.0006s ]
SQL: SELECT * FROM `z_category`  [ RunTime:0.0001s ]
SQL: SHOW COLUMNS FROM `z_tag` [ RunTime:0.0003s ]
SQL: SELECT * FROM `z_tag`  [ RunTime:0.0001s ]
INFO: [ view_parse ] --START--
INFO: [ template_filter ] --START--
INFO: Run Behavior\ContentReplaceBehavior [ RunTime:0.000078s ]
INFO: [ template_filter ] --END-- [ RunTime:0.000120s ]
NOTIC: [8] Undefined variable: userInfo /data/wwwroot/blog/Application/Runtime/Cache/Admin/b595b808c2ebeeeb0478ffc30bb4e87a.php 第 361 行.
NOTIC: [8] Undefined variable: hospitalInfo /data/wwwroot/blog/Application/Runtime/Cache/Admin/b595b808c2ebeeeb0478ffc30bb4e87a.php 第 424 行.
NOTIC: [8] Undefined variable: hospitalInfo /data/wwwroot/blog/Application/Runtime/Cache/Admin/b595b808c2ebeeeb0478ffc30bb4e87a.php 第 438 行.
INFO: Run Behavior\ParseTemplateBehavior [ RunTime:0.013310s ]
INFO: [ view_parse ] --END-- [ RunTime:0.013346s ]
INFO: [ view_filter ] --START--
INFO: Run Behavior\WriteHtmlCacheBehavior [ RunTime:0.000112s ]
INFO: [ view_filter ] --END-- [ RunTime:0.000145s ]
INFO: [ app_end ] --START--
INFO: Run Behavior\ShowPageTraceBehavior [ RunTime:0.000313s ]
INFO: [ app_end ] --END-- [ RunTime:0.000350s ]

[ 2017-06-10T07:46:25+08:00 ] 110.229.30.230 /admin.php/Ajax/addNewPost
INFO: [ app_init ] --START--
INFO: Run Behavior\BuildLiteBehavior [ RunTime:0.000013s ]
INFO: [ app_init ] --END-- [ RunTime:0.000249s ]
INFO: [ app_begin ] --START--
INFO: Run Behavior\ReadHtmlCacheBehavior [ RunTime:0.000308s ]
INFO: [ app_begin ] --END-- [ RunTime:0.000347s ]
NOTIC: [8] A session had already been started - ignoring session_start() /data/wwwroot/blog/ThinkPHP/Common/functions.php 第 1263 行.
NOTIC: [8] Undefined index: id /data/wwwroot/blog/Application/Admin/Controller/AjaxController.class.php 第 53 行.
SQL: SHOW COLUMNS FROM `z_post` [ RunTime:0.0006s ]
SQL: INSERT INTO `z_post` (`title`,`category`,`tag`,`summary`,`content`,`pubtime`,`mtime`,`ctime`) VALUES ('小向日葵','故事','心境','有一天晚上下了很大的雨，向日葵奋力地倾着身体，伸展开叶子护着玫瑰。雨停了，它们对视了一眼，玫瑰羞了，低下头，向日葵缓缓地收回叶子，立正了身体，迅速地看了玫瑰一眼，又看向别处。','<p>它咬着牙，用尽所有力气推开压在他头顶的泥土，窜了出来，世界光亮了。</p><p>“欢迎来到这个世界，小向日葵。”它身边一棵老杨树欠着身对它说，慈爱地。</p><p>“向日葵？”</p><p>“你的名字。”老杨树抖了一下枝干，老怪老怪的。</p><p>“哦。”小向日葵说，揉了揉眼睛，看周围。</p><p>“哇哦！”小向日葵赞叹这世界。</p><p>“爷爷，您叫什么名字？”</p><p>“我叫杨树。”</p><p>“很高兴认识您。”</p><p>“我也很高兴认识你，不过我早就认识你了，哈哈哈哈。他们这些家伙已经迫不及待了，来，我给你介绍一下你的邻居们。”小向日葵这才发现它周围一双双好奇地看着它的眼睛。“这位，最漂亮的，最娇艳的，玫瑰小姐！”树林里起一阵骚动，一只松鼠爬到老杨树上，吹出几声不怎么连贯的口哨。玫瑰有些害羞，越发红艳的夺目了。“人数众多的，草先生和女士们！”“耶!”草们欢呼。“口哨吹得很烂的松鼠。”老杨树说，耸了耸肩，将松鼠赶了下来。“兔子有时候会过来玩，到时候你就认识了。”小向日葵礼貌地跟所有人打招呼，从此开始了它的丛林生活。</p><p>树林里的阳光很少，小向日葵尽量不让自己的叶子长得太大，以免遮住了别的植物。但是它长得很直，几乎没有一丝弯曲，很快他的个头就超过了玫瑰。</p><p>有一天，它的心上生出一个花苞，它不知道那是什么，它很好奇，于是它请教老杨树：“杨树爷爷，我头上这是什么呀？”老杨树回答它：“这是你的使命。”“使命？”小向日葵低声自语，它有些不解，但也没放在心上。</p><p>小向日葵的性格十分安静，大部分的时间它只是默默地生长。他爱他周围的一切:老杨树，玫瑰，草先生女士们，还有松鼠和兔子。有时候一些鸟儿歇在老杨树上，它们唱歌，偶尔说一些它听不懂的一些话。说着说着，它们就飞走了。</p><p>它和玫瑰挨得最近也最为要好，它们了解对方的一切事情，它们无话不谈。小向日葵给玫瑰起了个名字：“爱哭鬼”，玫瑰则常取笑小向日葵只有一个花苞。</p><p>有一天晚上下了很大的雨，向日葵奋力地倾着身体，伸展开叶子护着玫瑰。雨停了，它们对视了一眼，玫瑰羞了，低下头，向日葵缓缓地收回叶子，立正了身体，迅速地看了玫瑰一眼，又看向别处。</p><p>玫瑰变得越发依赖向日葵的陪伴，对它有说不完的话，向日葵则把保护玫瑰当做自己的责任。</p><p>有一天，林子里来了一位老奶奶，她发现了玫瑰，便把它挖走了。大家都很伤心但又无可奈何。</p><p>好在时间能抚平一切伤痛，当向日葵已不再为玫瑰的离开自己的生活而感到悲伤，它也已经盛放了自己。它的花每天不由自主的向着太阳转动。早晚的太阳都很温柔，可是中午的太阳却十分炙热，有时候向日葵觉得它的花瓣都被太阳晒伤了。他有些不理解自己为什么要这样一直围着太阳转下去。它问老杨树，老杨树告诉它：“这是你的使命。”“又是这句话。”它心想，但是这一次他仍不能明白。“我不明白——”老杨树打断它：“可是孩子，时间会教会你一切。”</p><p>向日葵仍每天围着太阳打转，直到有一天林子里飞来一只蝴蝶，婷婷地歇在向日葵的花上，缓缓地扇动着翅膀。</p><p>“你好啊。我叫向日葵。”</p><p>“你好，我叫蝴蝶。”</p><p>“蝴蝶，你真美丽！”</p><p>“哈哈，”蝴蝶说，在空中做了一连串漂亮的旋转，然后优雅地降下来，咯咯地：“从小到大，见过我的都这么说。”老杨树不屑地瞥了蝴蝶一眼，转过头去。蝴蝶突然想起来，前几天它还是只丑陋的毛毛虫。“哎呀，今天的太阳实在是太大了，热死我了。”蝴蝶尴尬地，娇声说，对着向日葵：“大个子，你就不能帮我遮着点吗？”向日葵只默地伸出一片叶子挡在蝴蝶头上。“向日葵，”蝴蝶悄声对向日葵，“这林子里，就你还像点样，别的没一个是我喜欢的，哈哈哈。”</p><p>太阳落山了，向日葵不再需要望着太阳了，他低下头，想起白天认识的蝴蝶。她觉得这只蝴蝶很美丽，但并不因此对它有好感，它甚至有点讨厌它。</p><p>第二天蝴蝶又幽默地飞过来：“单花苞的，我又来啦。”向日葵正望着太阳，它不看她，但他觉得有点想笑，同时他又想起了玫瑰曾也这么叫过他。蝴蝶飞到他和太阳之间，在他的花心投下一幅倩影。“天天看着太阳无不无聊？来，我给你跳一支舞。说完就跳了起来，大家都看她跳，连杨树都忍不住赞叹：“哇哦！”向日葵正想说：“蝴蝶，你跳得真好。”蝴蝶就说了：“怎么样，我跳得好吧？哈哈哈！有水喝吗？“”没有。“</p><p>今天，向日葵觉得蝴蝶还挺好玩的，尽管他仍觉得她太骄傲。但偶一想起她，他还有笑出声来的时候。</p><p>第三天早上，向日葵把所有叶子的露水全收集到花的心中，不看太阳，以免花中的水被晒干了。老杨树见他这样，问：“你这是做什么呢？”“没做什么。”</p><p>向日葵时不时地望着树林外：蝴蝶怎么还不来呢。“唉。”老杨树叹了口气，但是向日葵完全没有听见。远远地，向日葵终于看到蝴蝶翩翩地飞过来了。他很激动，有些不像独处时的自己。“哎呦喂，今天居然没看太阳，不错哦，哈哈！“蝴蝶一见向日葵就打趣。</p><p>“蝴蝶，我给你准备水了今天，你看，在我的花里。”</p><p>“哈哈，我尝尝！“蝴蝶喝了一口，说：”嗯，真好喝！“向日葵看着蝴蝶喝水，他非常开心。</p><p>“单苞，我给你讲个故事，听完不许笑。”</p><p>“好。”</p><p>“从前有一头驴，有一天，它的主人牵着它去赶集。走到半路，主人突然发现自己没带钱，又懒得回去拿，就对驴说：”驴啊，我的好驴，回去帮我拿一下钱。“驴听了就往回走，结果它迷路了，它的主人再也没见过它。哈哈哈哈哈哈！好笑吗？”</p><p>“不好笑。”</p><p>从这天后，向日葵满脑子都是蝴蝶，见到她是他最开心的事。他再也不看太阳，只每天接了露水，默默地等着蝴蝶出现。</p><p>蝴蝶每天都会来找向日葵玩，直到第十三天，这天她出现得非常晚，几乎快天黑了。她看起来很虚弱，可她仍然扬着嘴角：“有水喝吗？“”有，你怎么了？“蝴蝶喝了一口水，挤出一个大大的微笑，说：“我累了，今天不走了，就在你这里过夜行吗？”“好。”向日葵有些不知所措，他收紧叶子，为她搭了个小屋子。他看着她睡，他觉得她睡得特别特别的甜。天空露出了鱼肚白，蝴蝶醒了过来，看着睡着的向日葵，落下大滴大滴的眼泪。她亲了他一下，在心里跟他道别：“再见了，单苞。”她艰难的起飞，一直坚持飞到向日葵所在的树林很远的地方，重重地跌在地上，死去了，地上的枯枝穿破了她的翅膀，触目惊心的。</p><p>向日葵仍每天的收集露水，巴巴地望着蝴蝶平时来的方向。不过是一日复一日，一日又复一日的希望又失望。</p><p>“咳咳咳咳”，向日葵咳嗽的厉害。他这才发现自己的叶子黄了一半，花心的籽好多都干瘪了。“”再这样下去，你要死的！“老杨树这天又劝他，语重心长地：”我告诉你，她死了，蝴蝶的生命只有14天！“</p><p>向日葵不愿相信，但它回想起第13天蝴蝶来找他的情景，他的心凝固了。他垂下头，面目痛苦地变得扭曲。“啊！“向日葵仰天大叫一声，眼泪像断了帘的珠子，爬满了它整张脸，这声音撕心裂肺，震荡宇宙！这一夜，他的叶子全黄了，花里的籽掉了一半。”</p><p>他们都觉得他会死掉，但是它没有。在他最难过的时候，太阳从来没有放弃过他，日日给他温暖，竟也使他恢复过来。于是他又开始追随太阳的脚步，痴痴地，像从来没发生过旁的事情。</p><p>他终于明白老杨树说的话：“时间可以抚平一切伤口。”他也终于明白了他的使命，他穷极一生只需要做的唯一一件事情：孕育葵花籽。</p><p>他从来没对太阳说过感激的话，他把她的温暖放在心上，现在他居然能欣赏她的午间的炙热。</p><p>有一天，那位老奶奶又来到这里，发现他这颗结满葵花籽的向日葵，甚是欢喜，只一折，便毙了它的命。“哎”，老杨树叹了口气，不再言语。</p><p>不知道过了多少年后了。这一天有一家三口带着5岁左右的小女孩来这片树林踏青。女儿惊呼：“哇！这里有一朵好好看的花哦！”“那是玫瑰。“父亲说，走过来仔细看时，发现旁边居然还有一株向日葵，笔直地，伸展着叶子，紧挨着玫瑰。“天骄你看，这是一棵向日葵。”</p><p>“什么是向日葵？”</p><p>“就是我们经常吃的瓜子，就是这种植物里长的。”</p><p>“爸爸，玫瑰很好看，我们把她挖回家吧。”</p><p>“好啊！”</p>','1497051985','1497051985','1497051985') [ RunTime:0.0622s ]
SQL: SHOW COLUMNS FROM `z_category` [ RunTime:0.0004s ]
SQL: SELECT * FROM `z_category` WHERE `name` = '故事' LIMIT 1   [ RunTime:0.0002s ]
SQL: INSERT INTO `z_category` (`name`) VALUES ('故事') [ RunTime:0.0001s ]
SQL: SHOW COLUMNS FROM `z_tag` [ RunTime:0.0003s ]
SQL: SELECT * FROM `z_tag` WHERE `name` = '心境' LIMIT 1   [ RunTime:0.0002s ]

[ 2017-06-10T07:46:27+08:00 ] 110.229.30.230 /admin.php/Post/all
INFO: [ app_init ] --START--
INFO: Run Behavior\BuildLiteBehavior [ RunTime:0.000013s ]
INFO: [ app_init ] --END-- [ RunTime:0.000294s ]
INFO: [ app_begin ] --START--
INFO: Run Behavior\ReadHtmlCacheBehavior [ RunTime:0.000310s ]
INFO: [ app_begin ] --END-- [ RunTime:0.000354s ]
NOTIC: [8] A session had already been started - ignoring session_start() /data/wwwroot/blog/ThinkPHP/Common/functions.php 第 1263 行.
SQL: SHOW COLUMNS FROM `z_post` [ RunTime:0.0006s ]
SQL: SELECT COUNT(*) AS tp_count FROM `z_post` LIMIT 1   [ RunTime:0.0003s ]
SQL: SELECT * FROM `z_post` ORDER BY ctime desc LIMIT 0,20   [ RunTime:0.0005s ]
INFO: [ view_parse ] --START--
INFO: [ template_filter ] --START--
INFO: Run Behavior\ContentReplaceBehavior [ RunTime:0.000060s ]
INFO: [ template_filter ] --END-- [ RunTime:0.000103s ]
NOTIC: [8] Undefined variable: userInfo /data/wwwroot/blog/Application/Runtime/Cache/Admin/c171e2b85832ae9943251ee8295bfacb.php 第 361 行.
INFO: Run Behavior\ParseTemplateBehavior [ RunTime:0.013263s ]
INFO: [ view_parse ] --END-- [ RunTime:0.013302s ]
INFO: [ view_filter ] --START--
INFO: Run Behavior\WriteHtmlCacheBehavior [ RunTime:0.000119s ]
INFO: [ view_filter ] --END-- [ RunTime:0.000154s ]
INFO: [ app_end ] --START--
INFO: Run Behavior\ShowPageTraceBehavior [ RunTime:0.000374s ]
INFO: [ app_end ] --END-- [ RunTime:0.000421s ]

[ 2017-06-10T07:46:27+08:00 ] 110.229.30.230 /admin.php/Post/all
INFO: [ app_init ] --START--
INFO: Run Behavior\BuildLiteBehavior [ RunTime:0.000012s ]
INFO: [ app_init ] --END-- [ RunTime:0.000255s ]
INFO: [ app_begin ] --START--
INFO: Run Behavior\ReadHtmlCacheBehavior [ RunTime:0.000327s ]
INFO: [ app_begin ] --END-- [ RunTime:0.000408s ]
NOTIC: [8] A session had already been started - ignoring session_start() /data/wwwroot/blog/ThinkPHP/Common/functions.php 第 1263 行.
SQL: SHOW COLUMNS FROM `z_post` [ RunTime:0.0006s ]
SQL: SELECT COUNT(*) AS tp_count FROM `z_post` LIMIT 1   [ RunTime:0.0001s ]
SQL: SELECT * FROM `z_post` ORDER BY ctime desc LIMIT 0,20   [ RunTime:0.0002s ]
INFO: [ view_parse ] --START--
INFO: [ template_filter ] --START--
INFO: Run Behavior\ContentReplaceBehavior [ RunTime:0.000058s ]
INFO: [ template_filter ] --END-- [ RunTime:0.000099s ]
NOTIC: [8] Undefined variable: userInfo /data/wwwroot/blog/Application/Runtime/Cache/Admin/c171e2b85832ae9943251ee8295bfacb.php 第 361 行.
INFO: Run Behavior\ParseTemplateBehavior [ RunTime:0.013619s ]
INFO: [ view_parse ] --END-- [ RunTime:0.013659s ]
INFO: [ view_filter ] --START--
INFO: Run Behavior\WriteHtmlCacheBehavior [ RunTime:0.000115s ]
INFO: [ view_filter ] --END-- [ RunTime:0.000148s ]
INFO: [ app_end ] --START--
INFO: Run Behavior\ShowPageTraceBehavior [ RunTime:0.000354s ]
INFO: [ app_end ] --END-- [ RunTime:0.000393s ]

[ 2017-06-10T23:11:44+08:00 ] 110.229.30.230 /admin.php
INFO: [ app_init ] --START--
INFO: Run Behavior\BuildLiteBehavior [ RunTime:0.000012s ]
INFO: [ app_init ] --END-- [ RunTime:0.000250s ]
INFO: [ app_begin ] --START--
INFO: Run Behavior\ReadHtmlCacheBehavior [ RunTime:0.000499s ]
INFO: [ app_begin ] --END-- [ RunTime:0.000537s ]
NOTIC: [8] A session had already been started - ignoring session_start() /data/wwwroot/blog/ThinkPHP/Common/functions.php 第 1263 行.
SQL: SHOW COLUMNS FROM `z_category` [ RunTime:0.0006s ]
SQL: SELECT * FROM `z_category`  [ RunTime:0.0001s ]
SQL: SHOW COLUMNS FROM `z_tag` [ RunTime:0.0003s ]
SQL: SELECT * FROM `z_tag`  [ RunTime:0.0001s ]
INFO: [ view_parse ] --START--
INFO: [ template_filter ] --START--
INFO: Run Behavior\ContentReplaceBehavior [ RunTime:0.000071s ]
INFO: [ template_filter ] --END-- [ RunTime:0.000114s ]
NOTIC: [8] Undefined variable: userInfo /data/wwwroot/blog/Application/Runtime/Cache/Admin/b595b808c2ebeeeb0478ffc30bb4e87a.php 第 361 行.
NOTIC: [8] Undefined variable: hospitalInfo /data/wwwroot/blog/Application/Runtime/Cache/Admin/b595b808c2ebeeeb0478ffc30bb4e87a.php 第 424 行.
NOTIC: [8] Undefined variable: hospitalInfo /data/wwwroot/blog/Application/Runtime/Cache/Admin/b595b808c2ebeeeb0478ffc30bb4e87a.php 第 438 行.
INFO: Run Behavior\ParseTemplateBehavior [ RunTime:0.016579s ]
INFO: [ view_parse ] --END-- [ RunTime:0.016618s ]
INFO: [ view_filter ] --START--
INFO: Run Behavior\WriteHtmlCacheBehavior [ RunTime:0.000115s ]
INFO: [ view_filter ] --END-- [ RunTime:0.000147s ]
INFO: [ app_end ] --START--
INFO: Run Behavior\ShowPageTraceBehavior [ RunTime:0.000381s ]
INFO: [ app_end ] --END-- [ RunTime:0.000421s ]

[ 2017-06-10T23:11:45+08:00 ] 110.229.30.230 /admin.php
INFO: [ app_init ] --START--
INFO: Run Behavior\BuildLiteBehavior [ RunTime:0.000013s ]
INFO: [ app_init ] --END-- [ RunTime:0.000254s ]
INFO: [ app_begin ] --START--
INFO: Run Behavior\ReadHtmlCacheBehavior [ RunTime:0.000304s ]
INFO: [ app_begin ] --END-- [ RunTime:0.000342s ]
NOTIC: [8] A session had already been started - ignoring session_start() /data/wwwroot/blog/ThinkPHP/Common/functions.php 第 1263 行.
SQL: SHOW COLUMNS FROM `z_category` [ RunTime:0.0005s ]
SQL: SELECT * FROM `z_category`  [ RunTime:0.0001s ]
SQL: SHOW COLUMNS FROM `z_tag` [ RunTime:0.0003s ]
SQL: SELECT * FROM `z_tag`  [ RunTime:0.0001s ]
INFO: [ view_parse ] --START--
INFO: [ template_filter ] --START--
INFO: Run Behavior\ContentReplaceBehavior [ RunTime:0.000067s ]
INFO: [ template_filter ] --END-- [ RunTime:0.000108s ]
NOTIC: [8] Undefined variable: userInfo /data/wwwroot/blog/Application/Runtime/Cache/Admin/b595b808c2ebeeeb0478ffc30bb4e87a.php 第 361 行.
NOTIC: [8] Undefined variable: hospitalInfo /data/wwwroot/blog/Application/Runtime/Cache/Admin/b595b808c2ebeeeb0478ffc30bb4e87a.php 第 424 行.
NOTIC: [8] Undefined variable: hospitalInfo /data/wwwroot/blog/Application/Runtime/Cache/Admin/b595b808c2ebeeeb0478ffc30bb4e87a.php 第 438 行.
INFO: Run Behavior\ParseTemplateBehavior [ RunTime:0.013689s ]
INFO: [ view_parse ] --END-- [ RunTime:0.013725s ]
INFO: [ view_filter ] --START--
INFO: Run Behavior\WriteHtmlCacheBehavior [ RunTime:0.000114s ]
INFO: [ view_filter ] --END-- [ RunTime:0.000157s ]
INFO: [ app_end ] --START--
INFO: Run Behavior\ShowPageTraceBehavior [ RunTime:0.000312s ]
INFO: [ app_end ] --END-- [ RunTime:0.000350s ]

[ 2017-06-10T23:21:47+08:00 ] 110.229.30.230 /admin.php/Ajax/addNewPost
INFO: [ app_init ] --START--
INFO: Run Behavior\BuildLiteBehavior [ RunTime:0.000012s ]
INFO: [ app_init ] --END-- [ RunTime:0.000249s ]
INFO: [ app_begin ] --START--
INFO: Run Behavior\ReadHtmlCacheBehavior [ RunTime:0.000308s ]
INFO: [ app_begin ] --END-- [ RunTime:0.000350s ]
NOTIC: [8] A session had already been started - ignoring session_start() /data/wwwroot/blog/ThinkPHP/Common/functions.php 第 1263 行.
NOTIC: [8] Undefined index: id /data/wwwroot/blog/Application/Admin/Controller/AjaxController.class.php 第 53 行.
SQL: SHOW COLUMNS FROM `z_post` [ RunTime:0.0006s ]
SQL: INSERT INTO `z_post` (`title`,`category`,`tag`,`summary`,`content`,`pubtime`,`mtime`,`ctime`) VALUES ('封锁','转载','张爱玲','电车里点上了灯，她一睁眼望见他遥遥坐在他原先的位子上。她震了一震——原来他并没有下车去！她明白他的意思了：封锁期间的一切，等于没有发生。整个的上海打了个盹，做了个不近情理的梦。 ','<p><span style=\"color: rgb(17, 17, 17); font-family: Helvetica, Arial, sans-serif; font-size: 13px; background-color: rgb(255, 255, 255);\">&nbsp; &nbsp; &nbsp; &nbsp;&nbsp;</span><span style=\"background-color: rgb(255, 255, 255); color: rgb(17, 17, 17); font-family: Helvetica, Arial, sans-serif; font-size: 13px;\">开电车的人开电车。在大太阳底下，电车轨道像两条光莹莹的，水里钻出来的曲蟮，抽长了，又缩短了；抽长了，又缩短了，就这么样往前移——柔滑的，老长老长的曲蟮，没有完，没有完……开电车的人眼睛盯住了这两条蠕蠕的车轨，然而他不发疯。&nbsp;</span></p><p><span style=\"color: rgb(17, 17, 17); font-family: Helvetica, Arial, sans-serif; font-size: 13px; background-color: rgb(255, 255, 255);\">　　&nbsp;</span><br/><span style=\"color: rgb(17, 17, 17); font-family: Helvetica, Arial, sans-serif; font-size: 13px; background-color: rgb(255, 255, 255);\">　　 如果不碰到封锁，电车的进行是永远不会断的。封锁了。&nbsp;</span><br/><span style=\"color: rgb(17, 17, 17); font-family: Helvetica, Arial, sans-serif; font-size: 13px; background-color: rgb(255, 255, 255);\">　　&nbsp;</span><br/><span style=\"color: rgb(17, 17, 17); font-family: Helvetica, Arial, sans-serif; font-size: 13px; background-color: rgb(255, 255, 255);\">　　 摇铃了。“叮玲玲玲玲玲，”每一个“玲”字是冷冷的一小点，一点一点连成了一条虚线，切断了时间与空间。&nbsp;</span><br/><span style=\"color: rgb(17, 17, 17); font-family: Helvetica, Arial, sans-serif; font-size: 13px; background-color: rgb(255, 255, 255);\">　　&nbsp;</span><br/><span style=\"color: rgb(17, 17, 17); font-family: Helvetica, Arial, sans-serif; font-size: 13px; background-color: rgb(255, 255, 255);\">　　 电车停了，马路上的人却开始奔跑，在街的左面的人们奔到街的右面，在右面的人们奔到左面。商店一律地沙啦啦拉上铁门。女太太们发狂一般扯动铁栅栏，叫道：“让我们进来一会儿！我这儿有孩子哪，有年纪大的人！”然而门还是关得紧腾腾的。铁门里的人和铁门&nbsp;</span><br/><span style=\"color: rgb(17, 17, 17); font-family: Helvetica, Arial, sans-serif; font-size: 13px; background-color: rgb(255, 255, 255);\">　　外的人眼睁睁对看着，互相惧怕着。&nbsp;</span><br/><span style=\"color: rgb(17, 17, 17); font-family: Helvetica, Arial, sans-serif; font-size: 13px; background-color: rgb(255, 255, 255);\">　　&nbsp;</span><br/><span style=\"color: rgb(17, 17, 17); font-family: Helvetica, Arial, sans-serif; font-size: 13px; background-color: rgb(255, 255, 255);\">　　电车里的人相当镇静。他们有座位可坐，虽然设备简陋一点，和多数乘客的家里的情形比较起来，还是略胜一筹。街上渐渐地也安静下来，并不是绝对的寂静，但是人声逐渐渺茫，像睡梦里所听到的芦花枕头里的赶咐。这庞大的城市在阳光里盹着了，重重地把头搁在人们的肩上，口涎顺着人们的衣服缓缓流下去，不能想象的巨大的重量压住了每一个人。&nbsp;</span><br/><span style=\"color: rgb(17, 17, 17); font-family: Helvetica, Arial, sans-serif; font-size: 13px; background-color: rgb(255, 255, 255);\">　　&nbsp;</span><br/><span style=\"color: rgb(17, 17, 17); font-family: Helvetica, Arial, sans-serif; font-size: 13px; background-color: rgb(255, 255, 255);\">　　 上海似乎从来没有这么静过——大白天里！一个乞丐趁着鸦雀无声的时候，提高了喉咙唱将起来：“阿有老爷太太先生小姐做做好事救救我可怜人哇？阿有老爷太太……”然而他不久就停了下来，被这不经见的沉寂吓噤住了。&nbsp;</span><br/><span style=\"color: rgb(17, 17, 17); font-family: Helvetica, Arial, sans-serif; font-size: 13px; background-color: rgb(255, 255, 255);\">　　&nbsp;</span><br/><span style=\"color: rgb(17, 17, 17); font-family: Helvetica, Arial, sans-serif; font-size: 13px; background-color: rgb(255, 255, 255);\">　　还有一个较有勇气的山东乞丐，毅然打破了这静默。他的嗓子浑圆嘹亮：“可怜啊可怜！一个人啊没钱！”悠久的歌，从一个世纪唱到下一个世纪。音乐性的节奏传染上了开电车的。开电车的也是山东人。他长长地叹了一口气，抱着胳膊，向车门上一靠，跟着唱了起来：“可怜啊可怜！一个人啊没钱！”&nbsp;</span><br/><span style=\"color: rgb(17, 17, 17); font-family: Helvetica, Arial, sans-serif; font-size: 13px; background-color: rgb(255, 255, 255);\">　　&nbsp;</span><br/><span style=\"color: rgb(17, 17, 17); font-family: Helvetica, Arial, sans-serif; font-size: 13px; background-color: rgb(255, 255, 255);\">　　 电车里，一部分的乘客下去了。剩下的一群中，零零落落也有人说句把话。靠近门口的几个公事房里回来的人继续谈讲下去。一个人撒喇一声抖开了扇子，下了结论道：“总而言之，他别的毛病没有，就吃亏在不会做人。”另一个鼻子里哼了一声，冷笑道：“说他不会&nbsp;</span><span style=\"color: rgb(17, 17, 17); font-family: Helvetica, Arial, sans-serif; font-size: 13px; background-color: rgb(255, 255, 255);\">做人，他把上头敷衍得挺好的呢！”&nbsp;</span><br/><span style=\"color: rgb(17, 17, 17); font-family: Helvetica, Arial, sans-serif; font-size: 13px; background-color: rgb(255, 255, 255);\">　　&nbsp;</span><br/><span style=\"color: rgb(17, 17, 17); font-family: Helvetica, Arial, sans-serif; font-size: 13px; background-color: rgb(255, 255, 255);\">　　一对长得颇像兄妹的中年夫妇把手吊在皮圈上，双双站在电车的正中，她突然叫道：“当心别把裤子弄脏了！”他吃了一惊，抬起他的手，手里拎着一包熏鱼。他小心翼翼使那油汪汪的纸口袋与他的西装裤子维持二寸远的距离。他太太兀自絮叨道：“现在干洗是什么价钱？做一条裤子是什么价钱？”&nbsp;</span><br/><span style=\"color: rgb(17, 17, 17); font-family: Helvetica, Arial, sans-serif; font-size: 13px; background-color: rgb(255, 255, 255);\">　　&nbsp;</span><br/><span style=\"color: rgb(17, 17, 17); font-family: Helvetica, Arial, sans-serif; font-size: 13px; background-color: rgb(255, 255, 255);\">　　坐在角落里的吕宗桢，华茂银行的会计师，看见了那熏鱼，就联想到他夫人托他在银行附近一家面食摊子上买的菠菜包子。女人就是这样！弯弯扭扭最难找的小胡同里买来的包子必定是价廉物美的！她一点也不为他着想——一个齐齐整整穿着西装戴着玳瑁边眼镜提着公事皮包的人，抱着报纸里的热腾腾的包子满街跑，实在是不像话！然而无论如何，假使这封锁延长下去，耽误了他的晚饭，至少这包子可以派用场。他看了看手表，才四点半。该是心理作用罢？他已经觉得饿了。他轻轻揭开报纸的一角，向里面张了一张。一个个雪白的，喷出出淡淡的麻油气味。一部分的报纸粘住了包子，他谨慎地把报纸撕了下来，包子上印了铅字，字都是反的，像镜子里映出来的，然而他有这耐心，低下头去逐个认了出来：&nbsp;</span><br/><span style=\"color: rgb(17, 17, 17); font-family: Helvetica, Arial, sans-serif; font-size: 13px; background-color: rgb(255, 255, 255);\">　　&nbsp;</span><br/><span style=\"color: rgb(17, 17, 17); font-family: Helvetica, Arial, sans-serif; font-size: 13px; background-color: rgb(255, 255, 255);\">　　 “讣告……申请……华股动态……隆重登场候教……”都是得用的字眼儿，不知道为什么转载到包子上，就带点开玩笑性质。也许因为“吃”是太严重的一件事了，相形之下，其他的一切都成了笑话。吕宗桢看着也觉得不顺眼，可是他并没有笑，他是一个老实人。他从&nbsp;</span><span style=\"color: rgb(17, 17, 17); font-family: Helvetica, Arial, sans-serif; font-size: 13px; background-color: rgb(255, 255, 255);\">包子上的文章看到报上的文章，把半页旧报纸读完了，若是翻过来看，包子就得跌出来，只得罢了。他在这里看报，全车的人都学了样，有报的看报，没有报的看发票，看章程，看名片。任何印刷物都没有的人，就看街上的市招。他们不能不填满这可怕的空虚——不然，他们的脑子也许会活动起来。思想是痛苦的一件事。&nbsp;</span><br/><span style=\"color: rgb(17, 17, 17); font-family: Helvetica, Arial, sans-serif; font-size: 13px; background-color: rgb(255, 255, 255);\">　　&nbsp;</span><br/><span style=\"color: rgb(17, 17, 17); font-family: Helvetica, Arial, sans-serif; font-size: 13px; background-color: rgb(255, 255, 255);\">　　 只有吕宗桢对面坐着的一个老头子，手心里骨碌碌骨碌碌搓着两只油光水滑的核桃，有板有眼的小动作代替了思想。&nbsp;</span><br/><span style=\"color: rgb(17, 17, 17); font-family: Helvetica, Arial, sans-serif; font-size: 13px; background-color: rgb(255, 255, 255);\">　　&nbsp;</span><br/><span style=\"color: rgb(17, 17, 17); font-family: Helvetica, Arial, sans-serif; font-size: 13px; background-color: rgb(255, 255, 255);\">　　 他剃着光头，红黄皮色，满脸浮油，打着皱，整个的头像一个核桃。他的脑子就像核桃仁，甜的，滋润的，可是没有多大意思。&nbsp;</span><br/><span style=\"color: rgb(17, 17, 17); font-family: Helvetica, Arial, sans-serif; font-size: 13px; background-color: rgb(255, 255, 255);\">　　&nbsp;</span><br/><span style=\"color: rgb(17, 17, 17); font-family: Helvetica, Arial, sans-serif; font-size: 13px; background-color: rgb(255, 255, 255);\">　　 老头子右首坐着吴翠远，看上去像一个教会派的少奶奶，但是还没有结婚。她穿着一件白洋纱旗袍，滚一道窄窄的蓝边——深蓝与白，很有点讣闻的风味。她携着一把蓝白格子小遮阳伞。头发梳成千篇一律的式样，唯恐唤起公众的注意。&nbsp;</span><br/><span style=\"color: rgb(17, 17, 17); font-family: Helvetica, Arial, sans-serif; font-size: 13px; background-color: rgb(255, 255, 255);\">　　&nbsp;</span><br/><span style=\"color: rgb(17, 17, 17); font-family: Helvetica, Arial, sans-serif; font-size: 13px; background-color: rgb(255, 255, 255);\">　　 然而她实在没有过分触目的危险。她长得不难看，可是她那种美是一种模棱两可的，仿佛怕得罪了谁的美，脸上一切都是淡淡的，松弛的，没有轮廓。连她自己的母亲也形容不出她是长脸还是圆脸。&nbsp;</span><br/><span style=\"color: rgb(17, 17, 17); font-family: Helvetica, Arial, sans-serif; font-size: 13px; background-color: rgb(255, 255, 255);\">　　&nbsp;</span><br/><span style=\"color: rgb(17, 17, 17); font-family: Helvetica, Arial, sans-serif; font-size: 13px; background-color: rgb(255, 255, 255);\">　　在家里她是一个好女儿，在学校里她是一个好学生。大学毕了业后，翠远就在母校服务，担任英文助教。她现在打算利用封锁的时间改改卷子。翻开了第一篇，是一个男生做的，大声疾呼抨击都市的罪恶，充满了正义感的愤怒，用不很合文法的，吃吃艾艾的句子，骂着“红嘴唇的卖淫妇……大世界……下等舞场与酒吧间”。翠远略略沉吟了一会，就找出红铅笔来批了一个“Ａ”字。若在平时，批了也就批了，可是今天她有太多的考虑的时间，她不由地要质问自己，为什么她给了他这么好的分数：不问倒也罢了，一问，她竟涨红了脸。她突然明白了：因为这学生是胆敢这么毫无顾忌地对她说这些话的唯一的一个男子。&nbsp;</span><br/><span style=\"color: rgb(17, 17, 17); font-family: Helvetica, Arial, sans-serif; font-size: 13px; background-color: rgb(255, 255, 255);\">　　&nbsp;</span><br/><span style=\"color: rgb(17, 17, 17); font-family: Helvetica, Arial, sans-serif; font-size: 13px; background-color: rgb(255, 255, 255);\">　　 他拿她当做一个见多识广的人看待；他拿她当做一个男人，一个心腹。他看得起她。翠远在学校里老是觉得谁都看不起她——从校长起，教授、学生、校役……学生们尤其愤慨得厉害：“申大越来越糟了！一天不如一天！用中国人教英文，照说，已经是不应当，何况是&nbsp;</span><span style=\"color: rgb(17, 17, 17); font-family: Helvetica, Arial, sans-serif; font-size: 13px; background-color: rgb(255, 255, 255);\">没有出过洋的中国人！”翠远在学校里受气，在家里也受气。吴家是一个新式的，带着宗教背景的模范家庭。家里竭力鼓励女儿用功读书，一步一步往上爬，爬到了顶儿尖儿上——一个二十来岁的女孩子在大学里教书！打破了女子职业的新纪录。然而家长渐渐对她失掉了兴趣，宁愿她当初在书本上马虎一点，匀出点时间来找一个有钱的女婿。&nbsp;</span><br/><span style=\"color: rgb(17, 17, 17); font-family: Helvetica, Arial, sans-serif; font-size: 13px; background-color: rgb(255, 255, 255);\">　　&nbsp;</span><br/><span style=\"color: rgb(17, 17, 17); font-family: Helvetica, Arial, sans-serif; font-size: 13px; background-color: rgb(255, 255, 255);\">　　她是一个好女儿，好学生。她家里都是好人，天天洗澡，看报，听无线电向来不听申曲滑稽京戏什么的，而专听贝多芬瓦格涅的交响乐，听不懂也要听。世界上的好人比真人多……翠远不快乐。&nbsp;</span><br/><span style=\"color: rgb(17, 17, 17); font-family: Helvetica, Arial, sans-serif; font-size: 13px; background-color: rgb(255, 255, 255);\">　　&nbsp;</span><br/><span style=\"color: rgb(17, 17, 17); font-family: Helvetica, Arial, sans-serif; font-size: 13px; background-color: rgb(255, 255, 255);\">　　 生命像圣经，从希伯莱文译成希腊文，从希腊文译成拉丁文，从拉丁文译成英文，从英文译成国语。翠远读它的时候，国语又在她脑子里译成了上海话。那未免有点隔膜。&nbsp;</span><br/><span style=\"color: rgb(17, 17, 17); font-family: Helvetica, Arial, sans-serif; font-size: 13px; background-color: rgb(255, 255, 255);\">　　&nbsp;</span><br/><span style=\"color: rgb(17, 17, 17); font-family: Helvetica, Arial, sans-serif; font-size: 13px; background-color: rgb(255, 255, 255);\">　　 翠远搁下了那本卷子，双手捧着脸。太阳滚热地晒在她背脊上。&nbsp;</span><br/><span style=\"color: rgb(17, 17, 17); font-family: Helvetica, Arial, sans-serif; font-size: 13px; background-color: rgb(255, 255, 255);\">　　&nbsp;</span><br/><span style=\"color: rgb(17, 17, 17); font-family: Helvetica, Arial, sans-serif; font-size: 13px; background-color: rgb(255, 255, 255);\">　　 隔壁坐着个奶妈，怀里躺着小孩，孩子的脚底心紧紧抵在翠远的腿上。小小的老虎头红鞋包着柔软而坚硬的脚……&nbsp;</span><br/><span style=\"color: rgb(17, 17, 17); font-family: Helvetica, Arial, sans-serif; font-size: 13px; background-color: rgb(255, 255, 255);\">　　&nbsp;</span><br/><span style=\"color: rgb(17, 17, 17); font-family: Helvetica, Arial, sans-serif; font-size: 13px; background-color: rgb(255, 255, 255);\">　　 这至少是真的。&nbsp;</span><br/><span style=\"color: rgb(17, 17, 17); font-family: Helvetica, Arial, sans-serif; font-size: 13px; background-color: rgb(255, 255, 255);\">　　&nbsp;</span><br/><span style=\"color: rgb(17, 17, 17); font-family: Helvetica, Arial, sans-serif; font-size: 13px; background-color: rgb(255, 255, 255);\">　　电车里，一位医科学生拿出一本图画簿，孜孜修改一张人体骨骼的简图。其他的乘客以为他在那里速写他对面盹着的那个人。大家闲着没事干，一个一个聚拢来，三三两两，撑着腰，背着手，围绕着他，看他写生。拎着熏鱼的丈夫向他妻子低声道：“我就看不惯现在兴的这些立体派，印象派！”他妻子附耳道：“你的裤子！”&nbsp;</span><br/><span style=\"color: rgb(17, 17, 17); font-family: Helvetica, Arial, sans-serif; font-size: 13px; background-color: rgb(255, 255, 255);\">　　&nbsp;</span><br/><span style=\"color: rgb(17, 17, 17); font-family: Helvetica, Arial, sans-serif; font-size: 13px; background-color: rgb(255, 255, 255);\">　　 那医科学生细细填写每一根骨头，神经，筋络的名字。有一个公事房里回来的人将折扇半掩着脸，悄悄向他的同事解释道：“中国画的影响。现在的西洋画也时兴题字了，倒真是‘东风西渐’！”&nbsp;</span><br/><span style=\"color: rgb(17, 17, 17); font-family: Helvetica, Arial, sans-serif; font-size: 13px; background-color: rgb(255, 255, 255);\">　　&nbsp;</span><br/><span style=\"color: rgb(17, 17, 17); font-family: Helvetica, Arial, sans-serif; font-size: 13px; background-color: rgb(255, 255, 255);\">　　 吕宗桢没凑热闹，孤零零地坐在原处。他决定他是饿了。&nbsp;</span><br/><span style=\"color: rgb(17, 17, 17); font-family: Helvetica, Arial, sans-serif; font-size: 13px; background-color: rgb(255, 255, 255);\">　　&nbsp;</span><br/><span style=\"color: rgb(17, 17, 17); font-family: Helvetica, Arial, sans-serif; font-size: 13px; background-color: rgb(255, 255, 255);\">　　大家都走开了，他正好从容地吃他的菠菜包子，偏偏他一抬头，瞥见了三等车厢里有他一个亲戚，是他太太的姨表妹的儿子。他恨透了这董培芝。培芝是一个胸怀大志的清寒子弟，一心只想娶个略具资产的小姐。吕宗桢的大女儿今年方才十三岁，已经被培芝睃在眼里，心里打着如意算盘，脚步儿越发走得勤了。吕宗桢一眼望见了这年青人，暗暗叫声不好，只怕培芝看见了他，要利用这绝好的机会向他进攻。若是在封锁期间和这董培芝困在一间屋子里，这情形一定是不堪设想！&nbsp;</span><br/><span style=\"color: rgb(17, 17, 17); font-family: Helvetica, Arial, sans-serif; font-size: 13px; background-color: rgb(255, 255, 255);\">　　&nbsp;</span><br/><span style=\"color: rgb(17, 17, 17); font-family: Helvetica, Arial, sans-serif; font-size: 13px; background-color: rgb(255, 255, 255);\">　　 他匆匆收拾起公事皮包和包子，一阵风奔到对面一排座位上，坐了下来。现在他恰巧被隔壁的吴翠远挡住了，他表侄绝对不能够看见他。翠远回过头来，微微瞪了他一眼。糟了！这女人准是以为他无缘无故换了一个座位，不怀好意。他认得出那被调戏的女人的脸谱——脸板得纹丝不动，眼睛里没有笑意，嘴角也没有笑意，连鼻洼里都没有笑意，然而不知道什么地方有一点颤巍巍的微笑，随时可以散布开来。觉得自己太可爱了的人，是熬不住要笑的。&nbsp;</span><br/><span style=\"color: rgb(17, 17, 17); font-family: Helvetica, Arial, sans-serif; font-size: 13px; background-color: rgb(255, 255, 255);\">　　&nbsp;</span><br/><span style=\"color: rgb(17, 17, 17); font-family: Helvetica, Arial, sans-serif; font-size: 13px; background-color: rgb(255, 255, 255);\">　　 该死，董培芝毕竟看见了他，向头等车厢走过来了，满卑地，老远地就躬着腰，红喷喷的长长的面颊，含有僧尼气息的灰布长衫——一个吃苦耐劳，守身如玉的青年，最合理想的乘龙快婿。宗桢迅疾地决定将计就计，顺水推舟，伸出一只手臂来搁在翠远背后的窗台上，&nbsp;</span><span style=\"color: rgb(17, 17, 17); font-family: Helvetica, Arial, sans-serif; font-size: 13px; background-color: rgb(255, 255, 255);\">不声不响宣布了他的调情的计划。他知道他这么一来，并不能吓退了董培芝，因为培芝眼中的他素来是一个无恶不作的老年人。由培芝看来，过了三十岁的人都是老年人，老年人都是一肚子的坏。培芝今天亲眼看见他这样下流，少不得一五一十要去报告给他太太听——气气他太太也好！谁叫她给他弄上这么一个表侄！气，活该气！&nbsp;</span><br/><span style=\"color: rgb(17, 17, 17); font-family: Helvetica, Arial, sans-serif; font-size: 13px; background-color: rgb(255, 255, 255);\">　　&nbsp;</span><br/><span style=\"color: rgb(17, 17, 17); font-family: Helvetica, Arial, sans-serif; font-size: 13px; background-color: rgb(255, 255, 255);\">　　 他不怎么喜欢身边这女人。她的手臂，白倒是白的，像挤出来的牙膏。她的整个的人像挤出来的牙膏，没有款式。&nbsp;</span><br/><span style=\"color: rgb(17, 17, 17); font-family: Helvetica, Arial, sans-serif; font-size: 13px; background-color: rgb(255, 255, 255);\">　　&nbsp;</span><br/><span style=\"color: rgb(17, 17, 17); font-family: Helvetica, Arial, sans-serif; font-size: 13px; background-color: rgb(255, 255, 255);\">　　 他向她低声笑道：“这封锁，几时完哪？真讨厌！”翠远吃了一惊，掉过头来，看见了他搁在她身后的那只胳膊，整个身子就僵了一僵，宗桢无论如何不能容许他自己抽回那只胳膊。他的表侄正在那里双眼灼灼望着他，脸上带着点会心的微笑。如果他夹忙里跟他表侄对一对眼光，也许那小子会怯怯地低下头去——处女风韵的窘态；也许那小子会向他挤一挤眼睛——谁知道？&nbsp;</span><br/><span style=\"color: rgb(17, 17, 17); font-family: Helvetica, Arial, sans-serif; font-size: 13px; background-color: rgb(255, 255, 255);\">　　&nbsp;</span><br/><span style=\"color: rgb(17, 17, 17); font-family: Helvetica, Arial, sans-serif; font-size: 13px; background-color: rgb(255, 255, 255);\">　　 他咬一咬牙，重新向翠远进攻。他道：“您也觉着闷罢？&nbsp;</span><br/><span style=\"color: rgb(17, 17, 17); font-family: Helvetica, Arial, sans-serif; font-size: 13px; background-color: rgb(255, 255, 255);\">　　&nbsp;</span><br/><span style=\"color: rgb(17, 17, 17); font-family: Helvetica, Arial, sans-serif; font-size: 13px; background-color: rgb(255, 255, 255);\">　　我们说两句话，总没有什么要紧！我们——我们谈谈！”他不由自主的，声音里带着哀恳的调子。翠远重新吃了一惊，又掉回头来看了他一眼。他现在记得了，他瞧见她上车的——非常戏剧化的一刹那，但是那戏剧效果是碰巧得到的，并不能归功于她。他低声道：“你知道么？我看见你上车，前头的玻璃上贴的广告，撕破了一块，从这破的地方我看见你的侧面，就只一点下巴。”是乃络维奶粉的广告，画着一个胖孩子，孩子的耳朵底下突然出现了这女人的下巴，仔细想起来是有点吓人的。“后来你低下头去从皮包里拿钱，我才看见你的眼睛，眉毛，头发。”拆开来一部分一部分地看，她未尝没有她的一种风韵。&nbsp;</span><br/><span style=\"color: rgb(17, 17, 17); font-family: Helvetica, Arial, sans-serif; font-size: 13px; background-color: rgb(255, 255, 255);\">　　&nbsp;</span><br/><br/><span style=\"color: rgb(17, 17, 17); font-family: Helvetica, Arial, sans-serif; font-size: 13px; background-color: rgb(255, 255, 255);\">　　翠远笑了。看不出这人倒也会花言巧语——以为他是个靠得住的生意人模样！她又看了他一眼。太阳光红红地晒穿他鼻尖下的软骨。他搁在报纸包上的那只手，从袖口里出来，黄色的，敏感的——一个真的人！不很诚实，也不很聪明，但是一个真的人！她突然觉得炽热，快乐。她背过脸去，细声道：“这种话，少说些罢！”&nbsp;</span><br/><span style=\"color: rgb(17, 17, 17); font-family: Helvetica, Arial, sans-serif; font-size: 13px; background-color: rgb(255, 255, 255);\">　　&nbsp;</span><br/><span style=\"color: rgb(17, 17, 17); font-family: Helvetica, Arial, sans-serif; font-size: 13px; background-color: rgb(255, 255, 255);\">　　宗桢道：“嗯？”他早忘了他说了些什么。他眼睛盯着他表侄的背影——那知趣的青年觉得他在这儿是多余的，他不愿得罪了表叔，以后他们还要见面呢，大家都是快刀斩不断的好亲戚；他竟退回三等车厢去了。董培芝一走，宗桢立刻将他的手臂收回，谈吐也正经起来。他搭讪着望了一望她膝上摊着的练习簿，道：“申光大学……您在申光读书！”&nbsp;</span><br/><span style=\"color: rgb(17, 17, 17); font-family: Helvetica, Arial, sans-serif; font-size: 13px; background-color: rgb(255, 255, 255);\">　　&nbsp;</span><br/><span style=\"color: rgb(17, 17, 17); font-family: Helvetica, Arial, sans-serif; font-size: 13px; background-color: rgb(255, 255, 255);\">　　 他以为她这么年青？她还是一个学生？她笑了，没做声。&nbsp;</span><br/><span style=\"color: rgb(17, 17, 17); font-family: Helvetica, Arial, sans-serif; font-size: 13px; background-color: rgb(255, 255, 255);\">　　&nbsp;</span><br/><span style=\"color: rgb(17, 17, 17); font-family: Helvetica, Arial, sans-serif; font-size: 13px; background-color: rgb(255, 255, 255);\">　　 宗桢道：“我是华济毕业的。华济。”她颈子上有一粒小小的棕色的痣，像指甲刻的印子。宗桢下意识地用右手捻了一捻左手的指甲，咳嗽了一声，接下去问道：“您读的是哪一科？”&nbsp;</span><br/><span style=\"color: rgb(17, 17, 17); font-family: Helvetica, Arial, sans-serif; font-size: 13px; background-color: rgb(255, 255, 255);\">　　&nbsp;</span><br/><span style=\"color: rgb(17, 17, 17); font-family: Helvetica, Arial, sans-serif; font-size: 13px; background-color: rgb(255, 255, 255);\">　　翠远注意到他的手臂不在那儿了，以为他态度的转变是由于她端凝的人格，潜移默化所致。这么一想，倒不能不答话了，便道：“文科。您呢？”宗桢道：“商科。 ”他忽然觉得他们的对话，道学气太浓了一点，便道：“当初在学校里的时候，忙着运动，出了学校，又忙着混饭吃。书，简直没念多少！”翠远道：“你公事忙么？”宗桢道：“忙得没头没脑。早上乘电车上公事房去，下午又乘电车回来，也不知道为什么去，为什么来！我对于我的工作一点也不感到兴趣。说是为了挣钱罢，也不知道是为谁挣的！”翠远道：“谁都有点家累。”&nbsp;</span><br/><span style=\"color: rgb(17, 17, 17); font-family: Helvetica, Arial, sans-serif; font-size: 13px; background-color: rgb(255, 255, 255);\">　　&nbsp;</span><br/><span style=\"color: rgb(17, 17, 17); font-family: Helvetica, Arial, sans-serif; font-size: 13px; background-color: rgb(255, 255, 255);\">　　 宗桢道：“你不知道——我家里——咳，别提了！”翠远暗道：&nbsp;</span><br/><span style=\"color: rgb(17, 17, 17); font-family: Helvetica, Arial, sans-serif; font-size: 13px; background-color: rgb(255, 255, 255);\">　　&nbsp;</span><br/><span style=\"color: rgb(17, 17, 17); font-family: Helvetica, Arial, sans-serif; font-size: 13px; background-color: rgb(255, 255, 255);\">　　 “来了！他太太一点都不同情他！世上有了太太的男人，似乎都是急切需要别的女人的同情。”宗桢迟疑了一会，方才吞吞吐吐，万分为难地说道：“我太太——一点都不同情我。”</span><br/><span style=\"color: rgb(17, 17, 17); font-family: Helvetica, Arial, sans-serif; font-size: 13px; background-color: rgb(255, 255, 255);\">　　&nbsp;</span><br/><span style=\"color: rgb(17, 17, 17); font-family: Helvetica, Arial, sans-serif; font-size: 13px; background-color: rgb(255, 255, 255);\">　　翠远皱着眉毛望着他，表示充分了解。宗桢道：“我简直不懂我为什么天天到了时候就回家去。回到哪儿去？实际上我是无家可归的。”他褪下眼镜来，迎着亮，用手绢予拭去上面的水渍，道：“咳！混着也就混下去了，不能想——就是不能想！”近视眼的人当众摘下眼镜子，翠远觉得有点秽亵，仿佛当众脱衣服似的，不成体统。宗桢继续说道：“你——你不知道她是怎么样的一个女人！”翠远道：“那么，你当初……”宗桢道：“当初我也反对来着。她是我母亲给订下的。&nbsp;</span><br/><span style=\"color: rgb(17, 17, 17); font-family: Helvetica, Arial, sans-serif; font-size: 13px; background-color: rgb(255, 255, 255);\">　　&nbsp;</span><br/><span style=\"color: rgb(17, 17, 17); font-family: Helvetica, Arial, sans-serif; font-size: 13px; background-color: rgb(255, 255, 255);\">　　 我自然是愿意让我自己拣，可是……她从前非常的美……我那时又年青……年青的人，你知道……”翠远点点头。&nbsp;</span><br/><span style=\"color: rgb(17, 17, 17); font-family: Helvetica, Arial, sans-serif; font-size: 13px; background-color: rgb(255, 255, 255);\">　　&nbsp;</span><br/><span style=\"color: rgb(17, 17, 17); font-family: Helvetica, Arial, sans-serif; font-size: 13px; background-color: rgb(255, 255, 255);\">　　宗桢道：“她后来变成了这么样的一个人——连我母亲都跟她闹翻了，倒过来怪我不该娶了她！她……她那脾气——她连小学都没有毕业。”翠远不禁微笑道：“ 你仿佛非常看重那一纸文凭！其实，女子教育也不过是那么一回事！”她不知道为什么她说出这句话来，伤了她自己的心。宗桢道：“当然哪，你可以在旁边说风凉话，因为你是受过上等教育的。你不知道她是怎么样的一个——”他顿住了口，上气不接下气，刚戴上了眼镜子，又褪下来擦镜片。翠远道：“你说得太过分了一点罢？”宗桢手里捏着眼镜，艰难地做了一个手势道：&nbsp;</span><br/><span style=\"color: rgb(17, 17, 17); font-family: Helvetica, Arial, sans-serif; font-size: 13px; background-color: rgb(255, 255, 255);\">　　&nbsp;</span><br/><span style=\"color: rgb(17, 17, 17); font-family: Helvetica, Arial, sans-serif; font-size: 13px; background-color: rgb(255, 255, 255);\">　　 “你不知道她是——”翠远忙道：“我知道，我知道。”她知道他们夫妇不和，决不能单怪他太太，他自己也是一个思想简单的人。他需要一个原谅他，包涵他的女人。&nbsp;</span><br/><span style=\"color: rgb(17, 17, 17); font-family: Helvetica, Arial, sans-serif; font-size: 13px; background-color: rgb(255, 255, 255);\">　　&nbsp;</span><br/><span style=\"color: rgb(17, 17, 17); font-family: Helvetica, Arial, sans-serif; font-size: 13px; background-color: rgb(255, 255, 255);\">　　 街上一阵乱，轰隆轰隆来了两辆卡车，载满了兵。翠远与宗桢同时探头出去张望；出其不意地，两人的面庞异常接近。在极短的距离内，任何人的脸都和寻常不同，像银幕上特写镜头一般的紧张。宗桢和翠远突然觉得他们俩还是第一次见面。在宗桢的眼中，她的脸像一朵淡淡几笔的白描牡丹花，额角上两三根吹乱的短发便是风中的花蕊。&nbsp;</span><br/><span style=\"color: rgb(17, 17, 17); font-family: Helvetica, Arial, sans-serif; font-size: 13px; background-color: rgb(255, 255, 255);\">　　&nbsp;</span><br/><span style=\"color: rgb(17, 17, 17); font-family: Helvetica, Arial, sans-serif; font-size: 13px; background-color: rgb(255, 255, 255);\">　　 他看着她，她红了脸，她一脸红，让他看见了，他显然是很愉快。她的脸就越发红了。&nbsp;</span><br/><span style=\"color: rgb(17, 17, 17); font-family: Helvetica, Arial, sans-serif; font-size: 13px; background-color: rgb(255, 255, 255);\">　　&nbsp;</span><br/><span style=\"color: rgb(17, 17, 17); font-family: Helvetica, Arial, sans-serif; font-size: 13px; background-color: rgb(255, 255, 255);\">　　 宗桢没有想到他能够使一个女人脸红，使她微笑，使她背过脸去，使她掉过头来。在这里，他是一个男子。平时，他是会计师，他是孩子的父亲，他是家长，他是车上的搭客，他是店里的主顾，他是市民。可是对于这个不知道他的底细的女人，他只是一个单纯的男子。&nbsp;</span><br/><span style=\"color: rgb(17, 17, 17); font-family: Helvetica, Arial, sans-serif; font-size: 13px; background-color: rgb(255, 255, 255);\">　　&nbsp;</span><br/><span style=\"color: rgb(17, 17, 17); font-family: Helvetica, Arial, sans-serif; font-size: 13px; background-color: rgb(255, 255, 255);\">　　他们恋爱着了。他告诉她许多话，关于他们银行里，谁跟他最好，谁跟他面和心不和，家里怎样闹口舌，他的秘密的悲哀，他读书时代的志愿……无休无歇的话，可是她并不嫌烦。恋爱着的男子向来是喜欢说，恋爱着的女人向来是喜欢听。恋爱着的女人破例地不大爱说话，因为下意识地她知道：男人彻底地懂得了一个女人之后，是不会爱她的。&nbsp;</span><br/><span style=\"color: rgb(17, 17, 17); font-family: Helvetica, Arial, sans-serif; font-size: 13px; background-color: rgb(255, 255, 255);\">　　&nbsp;</span><br/><span style=\"color: rgb(17, 17, 17); font-family: Helvetica, Arial, sans-serif; font-size: 13px; background-color: rgb(255, 255, 255);\">　　 宗桢断定了翠远是一个可爱的女人——白，稀薄，温热，像冬天里你自己嘴里呵出来的一口气。你不要她，她就悄悄地飘散了。她是你自己的一部分，她什么都懂，什么都宽宥你。你说真话，她为你心酸；你说假话，她微笑着，仿佛说：&nbsp;</span><br/><span style=\"color: rgb(17, 17, 17); font-family: Helvetica, Arial, sans-serif; font-size: 13px; background-color: rgb(255, 255, 255);\">　　&nbsp;</span><br/><span style=\"color: rgb(17, 17, 17); font-family: Helvetica, Arial, sans-serif; font-size: 13px; background-color: rgb(255, 255, 255);\">　　 “瞧你这张嘴！”&nbsp;</span><br/><span style=\"color: rgb(17, 17, 17); font-family: Helvetica, Arial, sans-serif; font-size: 13px; background-color: rgb(255, 255, 255);\">　　&nbsp;</span><br/><span style=\"color: rgb(17, 17, 17); font-family: Helvetica, Arial, sans-serif; font-size: 13px; background-color: rgb(255, 255, 255);\">　　宗桢沉默了一会，忽然说道：“我打算重新结婚。”翠远连忙做出惊慌的神气，叫道：“你要离婚？那……恐怕不行罢？”&nbsp;</span><br/><span style=\"color: rgb(17, 17, 17); font-family: Helvetica, Arial, sans-serif; font-size: 13px; background-color: rgb(255, 255, 255);\">　　&nbsp;</span><br/><span style=\"color: rgb(17, 17, 17); font-family: Helvetica, Arial, sans-serif; font-size: 13px; background-color: rgb(255, 255, 255);\">　　 宗桢道：“我不能够离婚。我得顾全孩子们的幸福。我大女儿今年十三岁了，才考进了中学，成绩很不错。”翠远暗道：&nbsp;</span><br/><span style=\"color: rgb(17, 17, 17); font-family: Helvetica, Arial, sans-serif; font-size: 13px; background-color: rgb(255, 255, 255);\">　　&nbsp;</span><br/><span style=\"color: rgb(17, 17, 17); font-family: Helvetica, Arial, sans-serif; font-size: 13px; background-color: rgb(255, 255, 255);\">　　 “这跟当前的问题又有什么关系？”她冷冷地道：“哦，你打算娶妾。”宗桢道：“我预备将她当妻子看待。我——我会替她安排好的。我不会让她为难。”翠远道：“可是，如果她是个好人家的女孩子，只怕她未见得肯罢？种种法律上的麻烦……”宗桢叹了口气道：“是的。你这话对。我没有这权利。&nbsp;</span><br/><span style=\"color: rgb(17, 17, 17); font-family: Helvetica, Arial, sans-serif; font-size: 13px; background-color: rgb(255, 255, 255);\">　　&nbsp;</span><br/><span style=\"color: rgb(17, 17, 17); font-family: Helvetica, Arial, sans-serif; font-size: 13px; background-color: rgb(255, 255, 255);\">　　我根本不该起这种念头……我年纪也太大了。我已经三十五了。”翠远缓缓地道：“其实，照现在的眼光看来，那倒也不算大。”宗桢默然。半晌方说道：“你…… 几岁？”翠远低下头去道：“二十五。”宗桢顿了一顿，又道：“你是自由的么？”翠远不答。宗桢道：“你不是自由的。即使你答应了，你的家里人也不会答应的，是不是？……是不是？”&nbsp;</span><br/><span style=\"color: rgb(17, 17, 17); font-family: Helvetica, Arial, sans-serif; font-size: 13px; background-color: rgb(255, 255, 255);\">　　&nbsp;</span><br/><span style=\"color: rgb(17, 17, 17); font-family: Helvetica, Arial, sans-serif; font-size: 13px; background-color: rgb(255, 255, 255);\">　　 翠远抿紧了嘴唇。她家里的人——那些一尘不染的好人——她恨他们！他们哄够了她。他们要她找个有钱的女婿，宗桢没有钱而有太太——气气他们也好！气，活该气！&nbsp;</span><br/><span style=\"color: rgb(17, 17, 17); font-family: Helvetica, Arial, sans-serif; font-size: 13px; background-color: rgb(255, 255, 255);\">　　&nbsp;</span><br/><span style=\"color: rgb(17, 17, 17); font-family: Helvetica, Arial, sans-serif; font-size: 13px; background-color: rgb(255, 255, 255);\">　　 车上的人又渐渐多了起来，外面许是有了“封锁行将开放”的谣言，乘客一个一个上来，坐下，宗桢与翠远给他们挤得紧紧的，坐近一点，再坐近一点。&nbsp;</span><br/><span style=\"color: rgb(17, 17, 17); font-family: Helvetica, Arial, sans-serif; font-size: 13px; background-color: rgb(255, 255, 255);\">　　&nbsp;</span><br/><span style=\"color: rgb(17, 17, 17); font-family: Helvetica, Arial, sans-serif; font-size: 13px; background-color: rgb(255, 255, 255);\">　　宗桢与翠远奇怪他们刚才怎么这样的糊涂，就想不到自动地坐近一点，宗桢觉得她太快乐了，不能不抗议。他用苦楚的声音向她说：“不行！这不行！我不能让你牺牲了你的前程！你是上等人，你受过这样好的教育……我——我又没有多少钱，我不能坑了你的一生！”可不是，还是钱的问题。他的话有理。翠远想道：“完了。 ”以后她多半是会嫁人的，可是她的丈夫决不会像一个萍水相逢的人一股的可爱——封锁中的电车上的人……一切再也不会像这样自然。再也不会……呵，这个人，这么笨！这么笨！她只要他的生命中的一部分，谁也不希罕的一部分。他白糟蹋了他自己的幸福。那么愚蠢的浪费！她哭了，可是那不是斯斯文文的，淑女式的哭。她简直把她的眼泪唾到他脸上。他是个好人——世界上的好人又多了一个！&nbsp;</span><br/><span style=\"color: rgb(17, 17, 17); font-family: Helvetica, Arial, sans-serif; font-size: 13px; background-color: rgb(255, 255, 255);\">　　&nbsp;</span><br/><span style=\"color: rgb(17, 17, 17); font-family: Helvetica, Arial, sans-serif; font-size: 13px; background-color: rgb(255, 255, 255);\">　　 向他解释有什么用？如果一个女人必须倚仗着她的言语来打动一个男人，她也就太可怜了。&nbsp;</span><br/><span style=\"color: rgb(17, 17, 17); font-family: Helvetica, Arial, sans-serif; font-size: 13px; background-color: rgb(255, 255, 255);\">　　&nbsp;</span><br/><span style=\"color: rgb(17, 17, 17); font-family: Helvetica, Arial, sans-serif; font-size: 13px; background-color: rgb(255, 255, 255);\">　　宗桢一急，竟说不出话来，连连用手去摇撼她手里的阳伞。她不理他。他又去摇撼她的手，道：“我说——我说——这儿有人哪！别！别这样！等会儿我们在电话上仔细谈。你告诉我你的电话。”翠远不答。他逼着问道：“你无论如何得给我一个电话号码。”翠远飞快地说了一遍道：“七五三六九。”&nbsp;</span><br/><span style=\"color: rgb(17, 17, 17); font-family: Helvetica, Arial, sans-serif; font-size: 13px; background-color: rgb(255, 255, 255);\">　　&nbsp;</span><br/><span style=\"color: rgb(17, 17, 17); font-family: Helvetica, Arial, sans-serif; font-size: 13px; background-color: rgb(255, 255, 255);\">　　 宗桢道：“七五三六九？”她又不做声了。宗桢嘴里喃喃重复着：“七五三六九，”伸手在上下的口袋里掏摸自来水笔，越忙越摸不着。翠远皮包里有红铅笔，但是她有意地不拿出来。&nbsp;</span><br/><span style=\"color: rgb(17, 17, 17); font-family: Helvetica, Arial, sans-serif; font-size: 13px; background-color: rgb(255, 255, 255);\">　　&nbsp;</span><br/><span style=\"color: rgb(17, 17, 17); font-family: Helvetica, Arial, sans-serif; font-size: 13px; background-color: rgb(255, 255, 255);\">　　 她的电话号码，他理该记得。记不得，他是不爱她，他们也就用不着往下谈了。&nbsp;</span><br/><span style=\"color: rgb(17, 17, 17); font-family: Helvetica, Arial, sans-serif; font-size: 13px; background-color: rgb(255, 255, 255);\">　　&nbsp;</span><br/><span style=\"color: rgb(17, 17, 17); font-family: Helvetica, Arial, sans-serif; font-size: 13px; background-color: rgb(255, 255, 255);\">　　 封锁开放了。“叮玲玲玲玲玲”摇着铃，每一个“玲”字是冷冷的一点，一点一点连成一条虚线，切断时间与空间。&nbsp;</span><br/><span style=\"color: rgb(17, 17, 17); font-family: Helvetica, Arial, sans-serif; font-size: 13px; background-color: rgb(255, 255, 255);\">　　&nbsp;</span><br/><span style=\"color: rgb(17, 17, 17); font-family: Helvetica, Arial, sans-serif; font-size: 13px; background-color: rgb(255, 255, 255);\">　　一阵欢呼的风刮过这大城市。电车当当当往前开了。宗桢突然站起身来，挤到人丛中，不见了。翠远偏过头去，只做不理会。他走了。对于她，他等于死了。电车加足了速力前进，黄昏的人行道上，卖臭豆腐干的歇下了担子，一个人捧着文王神卦的匣子，闭着眼霍霍地摇。一个大个子的金发女人，背上背着大草帽，露出大牙齿来向一个意大利水兵一笑，说了句玩笑话。翠远的眼睛看到了他们，他们就活了，只活那么一刹那。车往前当当地跑，他们一个个的死去了。&nbsp;</span><br/><span style=\"color: rgb(17, 17, 17); font-family: Helvetica, Arial, sans-serif; font-size: 13px; background-color: rgb(255, 255, 255);\">　　&nbsp;</span><br/><span style=\"color: rgb(17, 17, 17); font-family: Helvetica, Arial, sans-serif; font-size: 13px; background-color: rgb(255, 255, 255);\">　　 翠远烦恼地合上了眼。他如果打电话给她，她一定管不住她自己的声音，对他分外的热烈，因为他是一个死去了又活过来的人。&nbsp;</span><br/><span style=\"color: rgb(17, 17, 17); font-family: Helvetica, Arial, sans-serif; font-size: 13px; background-color: rgb(255, 255, 255);\">　　&nbsp;</span><br/><span style=\"color: rgb(17, 17, 17); font-family: Helvetica, Arial, sans-serif; font-size: 13px; background-color: rgb(255, 255, 255);\">　　 电车里点上了灯，她一睁眼望见他遥遥坐在他原先的位子上。她震了一震——原来他并没有下车去！她明白他的意思了：封锁期间的一切，等于没有发生。整个的上海打了个盹，做了个不近情理的梦。&nbsp;</span><br/><span style=\"color: rgb(17, 17, 17); font-family: Helvetica, Arial, sans-serif; font-size: 13px; background-color: rgb(255, 255, 255);\">　　&nbsp;</span><br/><span style=\"color: rgb(17, 17, 17); font-family: Helvetica, Arial, sans-serif; font-size: 13px; background-color: rgb(255, 255, 255);\">　　 开电车的放声唱道：“可怜啊可怜！一个人啊没钱！可怜啊可……”一个缝穷婆子慌里慌张掠过车头，横穿过马路。开电车的大喝道：“猪猡！”&nbsp;</span><br/><span style=\"color: rgb(17, 17, 17); font-family: Helvetica, Arial, sans-serif; font-size: 13px; background-color: rgb(255, 255, 255);\">　　&nbsp;</span><br/><span style=\"color: rgb(17, 17, 17); font-family: Helvetica, Arial, sans-serif; font-size: 13px; background-color: rgb(255, 255, 255);\">　　 吕宗桢到家正赶上吃晚饭。他一面吃一面阅读他女儿的成绩报告单，刚寄来的。他还记得电车上那一回事，可是翠远的脸已经有点模糊——那是天生使人忘记的脸。他不记得她说了些什么，可是他自己的话他记得很清楚——温柔地：&nbsp;</span><br/><span style=\"color: rgb(17, 17, 17); font-family: Helvetica, Arial, sans-serif; font-size: 13px; background-color: rgb(255, 255, 255);\">　　 “你——几岁？”慷慨激昂地：“我不能让你牺牲了你的前程！”&nbsp;</span><br/><span style=\"color: rgb(17, 17, 17); font-family: Helvetica, Arial, sans-serif; font-size: 13px; background-color: rgb(255, 255, 255);\">　　&nbsp;</span><br/><span style=\"color: rgb(17, 17, 17); font-family: Helvetica, Arial, sans-serif; font-size: 13px; background-color: rgb(255, 255, 255);\">　　饭后，他接过热手巾，擦着脸，踱到卧室里来，扭开了电灯。一只乌壳虫从房这头爬到房那头，爬了一半，灯一开，它只得伏在地板的正中，一动也不动。在装死么？在思想着么？整天爬来爬去，很少有思想的时间罢？然而思想毕竟是痛苦的。宗桢捻灭了电灯，手按在机括上，手心汗潮了，浑身一滴滴沁出汗来，像小虫子痒痒地在爬。他又开了灯，乌壳虫不见了，爬回窠里去了。&nbsp;</span><br/><span style=\"color: rgb(17, 17, 17); font-family: Helvetica, Arial, sans-serif; font-size: 13px; background-color: rgb(255, 255, 255);\">　　&nbsp;</span><br/><span style=\"color: rgb(17, 17, 17); font-family: Helvetica, Arial, sans-serif; font-size: 13px; background-color: rgb(255, 255, 255);\">　　 （一九四三年八月）张爱玲</span></p>','1497108106','1497108106','1497108106') [ RunTime:0.0016s ]
SQL: SHOW COLUMNS FROM `z_category` [ RunTime:0.0004s ]
SQL: SELECT * FROM `z_category` WHERE `name` = '转载' LIMIT 1   [ RunTime:0.0002s ]
SQL: SHOW COLUMNS FROM `z_tag` [ RunTime:0.0003s ]
SQL: SELECT * FROM `z_tag` WHERE `name` = '张爱玲' LIMIT 1   [ RunTime:0.0002s ]
SQL: INSERT INTO `z_tag` (`name`) VALUES ('张爱玲') [ RunTime:0.0299s ]

[ 2017-06-10T23:21:48+08:00 ] 110.229.30.230 /admin.php/Post/all
INFO: [ app_init ] --START--
INFO: Run Behavior\BuildLiteBehavior [ RunTime:0.000012s ]
INFO: [ app_init ] --END-- [ RunTime:0.000251s ]
INFO: [ app_begin ] --START--
INFO: Run Behavior\ReadHtmlCacheBehavior [ RunTime:0.000357s ]
INFO: [ app_begin ] --END-- [ RunTime:0.000396s ]
NOTIC: [8] A session had already been started - ignoring session_start() /data/wwwroot/blog/ThinkPHP/Common/functions.php 第 1263 行.
SQL: SHOW COLUMNS FROM `z_post` [ RunTime:0.0006s ]
SQL: SELECT COUNT(*) AS tp_count FROM `z_post` LIMIT 1   [ RunTime:0.0003s ]
SQL: SELECT * FROM `z_post` ORDER BY ctime desc LIMIT 0,20   [ RunTime:0.0006s ]
INFO: [ view_parse ] --START--
INFO: [ template_filter ] --START--
INFO: Run Behavior\ContentReplaceBehavior [ RunTime:0.000062s ]
INFO: [ template_filter ] --END-- [ RunTime:0.000105s ]
NOTIC: [8] Undefined variable: userInfo /data/wwwroot/blog/Application/Runtime/Cache/Admin/c171e2b85832ae9943251ee8295bfacb.php 第 361 行.
INFO: Run Behavior\ParseTemplateBehavior [ RunTime:0.012977s ]
INFO: [ view_parse ] --END-- [ RunTime:0.013015s ]
INFO: [ view_filter ] --START--
INFO: Run Behavior\WriteHtmlCacheBehavior [ RunTime:0.000114s ]
INFO: [ view_filter ] --END-- [ RunTime:0.000146s ]
INFO: [ app_end ] --START--
INFO: Run Behavior\ShowPageTraceBehavior [ RunTime:0.000324s ]
INFO: [ app_end ] --END-- [ RunTime:0.000365s ]

[ 2017-06-10T23:21:49+08:00 ] 110.229.30.230 /admin.php/Post/all
INFO: [ app_init ] --START--
INFO: Run Behavior\BuildLiteBehavior [ RunTime:0.000013s ]
INFO: [ app_init ] --END-- [ RunTime:0.000255s ]
INFO: [ app_begin ] --START--
INFO: Run Behavior\ReadHtmlCacheBehavior [ RunTime:0.000384s ]
INFO: [ app_begin ] --END-- [ RunTime:0.000422s ]
NOTIC: [8] A session had already been started - ignoring session_start() /data/wwwroot/blog/ThinkPHP/Common/functions.php 第 1263 行.
SQL: SHOW COLUMNS FROM `z_post` [ RunTime:0.0006s ]
SQL: SELECT COUNT(*) AS tp_count FROM `z_post` LIMIT 1   [ RunTime:0.0001s ]
SQL: SELECT * FROM `z_post` ORDER BY ctime desc LIMIT 0,20   [ RunTime:0.0002s ]
INFO: [ view_parse ] --START--
INFO: [ template_filter ] --START--
INFO: Run Behavior\ContentReplaceBehavior [ RunTime:0.000060s ]
INFO: [ template_filter ] --END-- [ RunTime:0.000101s ]
NOTIC: [8] Undefined variable: userInfo /data/wwwroot/blog/Application/Runtime/Cache/Admin/c171e2b85832ae9943251ee8295bfacb.php 第 361 行.
INFO: Run Behavior\ParseTemplateBehavior [ RunTime:0.013659s ]
INFO: [ view_parse ] --END-- [ RunTime:0.013699s ]
INFO: [ view_filter ] --START--
INFO: Run Behavior\WriteHtmlCacheBehavior [ RunTime:0.000115s ]
INFO: [ view_filter ] --END-- [ RunTime:0.000150s ]
INFO: [ app_end ] --START--
INFO: Run Behavior\ShowPageTraceBehavior [ RunTime:0.000350s ]
INFO: [ app_end ] --END-- [ RunTime:0.000391s ]

[ 2017-06-10T23:22:19+08:00 ] 110.229.30.230 /admin.php/Post/updatePost/id/149
INFO: [ app_init ] --START--
INFO: Run Behavior\BuildLiteBehavior [ RunTime:0.000013s ]
INFO: [ app_init ] --END-- [ RunTime:0.000295s ]
INFO: [ app_begin ] --START--
INFO: Run Behavior\ReadHtmlCacheBehavior [ RunTime:0.000312s ]
INFO: [ app_begin ] --END-- [ RunTime:0.000350s ]
NOTIC: [8] A session had already been started - ignoring session_start() /data/wwwroot/blog/ThinkPHP/Common/functions.php 第 1263 行.
SQL: SHOW COLUMNS FROM `z_post` [ RunTime:0.0006s ]
SQL: SELECT * FROM `z_post` WHERE `id` = 149 LIMIT 1   [ RunTime:0.0001s ]
SQL: SHOW COLUMNS FROM `z_category` [ RunTime:0.0003s ]
SQL: SELECT * FROM `z_category`  [ RunTime:0.0001s ]
SQL: SHOW COLUMNS FROM `z_tag` [ RunTime:0.0003s ]
SQL: SELECT * FROM `z_tag`  [ RunTime:0.0001s ]
INFO: [ view_parse ] --START--
INFO: [ template_filter ] --START--
INFO: Run Behavior\ContentReplaceBehavior [ RunTime:0.000058s ]
INFO: [ template_filter ] --END-- [ RunTime:0.000099s ]
NOTIC: [8] Undefined variable: userInfo /data/wwwroot/blog/Application/Runtime/Cache/Admin/b94d69ac1621e983387ec69783f12599.php 第 361 行.
INFO: Run Behavior\ParseTemplateBehavior [ RunTime:0.013399s ]
INFO: [ view_parse ] --END-- [ RunTime:0.013437s ]
INFO: [ view_filter ] --START--
INFO: Run Behavior\WriteHtmlCacheBehavior [ RunTime:0.000112s ]
INFO: [ view_filter ] --END-- [ RunTime:0.000145s ]
INFO: [ app_end ] --START--
INFO: Run Behavior\ShowPageTraceBehavior [ RunTime:0.000368s ]
INFO: [ app_end ] --END-- [ RunTime:0.000411s ]

[ 2017-06-10T23:22:19+08:00 ] 110.229.30.230 /admin.php/Post/updatePost/id/149
INFO: [ app_init ] --START--
INFO: Run Behavior\BuildLiteBehavior [ RunTime:0.000012s ]
INFO: [ app_init ] --END-- [ RunTime:0.000254s ]
INFO: [ app_begin ] --START--
INFO: Run Behavior\ReadHtmlCacheBehavior [ RunTime:0.000311s ]
INFO: [ app_begin ] --END-- [ RunTime:0.000390s ]
NOTIC: [8] A session had already been started - ignoring session_start() /data/wwwroot/blog/ThinkPHP/Common/functions.php 第 1263 行.
SQL: SHOW COLUMNS FROM `z_post` [ RunTime:0.0006s ]
SQL: SELECT * FROM `z_post` WHERE `id` = 149 LIMIT 1   [ RunTime:0.0001s ]
SQL: SHOW COLUMNS FROM `z_category` [ RunTime:0.0003s ]
SQL: SELECT * FROM `z_category`  [ RunTime:0.0001s ]
SQL: SHOW COLUMNS FROM `z_tag` [ RunTime:0.0003s ]
SQL: SELECT * FROM `z_tag`  [ RunTime:0.0001s ]
INFO: [ view_parse ] --START--
INFO: [ template_filter ] --START--
INFO: Run Behavior\ContentReplaceBehavior [ RunTime:0.000065s ]
INFO: [ template_filter ] --END-- [ RunTime:0.000111s ]
NOTIC: [8] Undefined variable: userInfo /data/wwwroot/blog/Application/Runtime/Cache/Admin/b94d69ac1621e983387ec69783f12599.php 第 361 行.
INFO: Run Behavior\ParseTemplateBehavior [ RunTime:0.014011s ]
INFO: [ view_parse ] --END-- [ RunTime:0.014049s ]
INFO: [ view_filter ] --START--
INFO: Run Behavior\WriteHtmlCacheBehavior [ RunTime:0.000114s ]
INFO: [ view_filter ] --END-- [ RunTime:0.000148s ]
INFO: [ app_end ] --START--
INFO: Run Behavior\ShowPageTraceBehavior [ RunTime:0.000381s ]
INFO: [ app_end ] --END-- [ RunTime:0.000426s ]

[ 2017-06-10T23:22:42+08:00 ] 110.229.30.230 /admin.php/Ajax/addNewPost
INFO: [ app_init ] --START--
INFO: Run Behavior\BuildLiteBehavior [ RunTime:0.000013s ]
INFO: [ app_init ] --END-- [ RunTime:0.000277s ]
INFO: [ app_begin ] --START--
INFO: Run Behavior\ReadHtmlCacheBehavior [ RunTime:0.000305s ]
INFO: [ app_begin ] --END-- [ RunTime:0.000344s ]
NOTIC: [8] A session had already been started - ignoring session_start() /data/wwwroot/blog/ThinkPHP/Common/functions.php 第 1263 行.
SQL: SHOW COLUMNS FROM `z_post` [ RunTime:0.0008s ]
SQL: UPDATE `z_post` SET `title`='封锁',`category`='转载',`tag`='张爱玲',`summary`='电车里点上了灯，她一睁眼望见他遥遥坐在他原先的位子上。她震了一震——原来他并没有下车去！她明白他的意思了：封锁期间的一切，等于没有发生。整个的上海打了个盹，做了个不近情理的梦。 ',`content`='<p>								</p><p>&nbsp; &nbsp; &nbsp; &nbsp;&nbsp;开电车的人开电车。在大太阳底下，电车轨道像两条光莹莹的，水里钻出来的曲蟮，抽长了，又缩短了；抽长了，又缩短了，就这么样往前移——柔滑的，老长老长的曲蟮，没有完，没有完……开电车的人眼睛盯住了这两条蠕蠕的车轨，然而他不发疯。&nbsp;</p><p><br/>　　 如果不碰到封锁，电车的进行是永远不会断的。封锁了。&nbsp;<br/>　　&nbsp;<br/>　　 摇铃了。“叮玲玲玲玲玲，”每一个“玲”字是冷冷的一小点，一点一点连成了一条虚线，切断了时间与空间。&nbsp;<br/>　　&nbsp;<br/>　　 电车停了，马路上的人却开始奔跑，在街的左面的人们奔到街的右面，在右面的人们奔到左面。商店一律地沙啦啦拉上铁门。女太太们发狂一般扯动铁栅栏，叫道：“让我们进来一会儿！我这儿有孩子哪，有年纪大的人！”然而门还是关得紧腾腾的。铁门里的人和铁门&nbsp;<br/>　　外的人眼睁睁对看着，互相惧怕着。&nbsp;<br/>　　&nbsp;<br/>　　电车里的人相当镇静。他们有座位可坐，虽然设备简陋一点，和多数乘客的家里的情形比较起来，还是略胜一筹。街上渐渐地也安静下来，并不是绝对的寂静，但是人声逐渐渺茫，像睡梦里所听到的芦花枕头里的赶咐。这庞大的城市在阳光里盹着了，重重地把头搁在人们的肩上，口涎顺着人们的衣服缓缓流下去，不能想象的巨大的重量压住了每一个人。&nbsp;<br/>　　&nbsp;<br/>　　 上海似乎从来没有这么静过——大白天里！一个乞丐趁着鸦雀无声的时候，提高了喉咙唱将起来：“阿有老爷太太先生小姐做做好事救救我可怜人哇？阿有老爷太太……”然而他不久就停了下来，被这不经见的沉寂吓噤住了。&nbsp;<br/>　　&nbsp;<br/>　　还有一个较有勇气的山东乞丐，毅然打破了这静默。他的嗓子浑圆嘹亮：“可怜啊可怜！一个人啊没钱！”悠久的歌，从一个世纪唱到下一个世纪。音乐性的节奏传染上了开电车的。开电车的也是山东人。他长长地叹了一口气，抱着胳膊，向车门上一靠，跟着唱了起来：“可怜啊可怜！一个人啊没钱！”&nbsp;<br/>　　&nbsp;<br/>　　 电车里，一部分的乘客下去了。剩下的一群中，零零落落也有人说句把话。靠近门口的几个公事房里回来的人继续谈讲下去。一个人撒喇一声抖开了扇子，下了结论道：“总而言之，他别的毛病没有，就吃亏在不会做人。”另一个鼻子里哼了一声，冷笑道：“说他不会&nbsp;做人，他把上头敷衍得挺好的呢！”&nbsp;<br/>　　&nbsp;<br/>　　一对长得颇像兄妹的中年夫妇把手吊在皮圈上，双双站在电车的正中，她突然叫道：“当心别把裤子弄脏了！”他吃了一惊，抬起他的手，手里拎着一包熏鱼。他小心翼翼使那油汪汪的纸口袋与他的西装裤子维持二寸远的距离。他太太兀自絮叨道：“现在干洗是什么价钱？做一条裤子是什么价钱？”&nbsp;<br/>　　&nbsp;<br/>　　坐在角落里的吕宗桢，华茂银行的会计师，看见了那熏鱼，就联想到他夫人托他在银行附近一家面食摊子上买的菠菜包子。女人就是这样！弯弯扭扭最难找的小胡同里买来的包子必定是价廉物美的！她一点也不为他着想——一个齐齐整整穿着西装戴着玳瑁边眼镜提着公事皮包的人，抱着报纸里的热腾腾的包子满街跑，实在是不像话！然而无论如何，假使这封锁延长下去，耽误了他的晚饭，至少这包子可以派用场。他看了看手表，才四点半。该是心理作用罢？他已经觉得饿了。他轻轻揭开报纸的一角，向里面张了一张。一个个雪白的，喷出出淡淡的麻油气味。一部分的报纸粘住了包子，他谨慎地把报纸撕了下来，包子上印了铅字，字都是反的，像镜子里映出来的，然而他有这耐心，低下头去逐个认了出来：&nbsp;<br/>　　&nbsp;<br/>　　 “讣告……申请……华股动态……隆重登场候教……”都是得用的字眼儿，不知道为什么转载到包子上，就带点开玩笑性质。也许因为“吃”是太严重的一件事了，相形之下，其他的一切都成了笑话。吕宗桢看着也觉得不顺眼，可是他并没有笑，他是一个老实人。他从&nbsp;包子上的文章看到报上的文章，把半页旧报纸读完了，若是翻过来看，包子就得跌出来，只得罢了。他在这里看报，全车的人都学了样，有报的看报，没有报的看发票，看章程，看名片。任何印刷物都没有的人，就看街上的市招。他们不能不填满这可怕的空虚——不然，他们的脑子也许会活动起来。思想是痛苦的一件事。&nbsp;<br/>　　&nbsp;<br/>　　 只有吕宗桢对面坐着的一个老头子，手心里骨碌碌骨碌碌搓着两只油光水滑的核桃，有板有眼的小动作代替了思想。&nbsp;<br/>　　&nbsp;<br/>　　 他剃着光头，红黄皮色，满脸浮油，打着皱，整个的头像一个核桃。他的脑子就像核桃仁，甜的，滋润的，可是没有多大意思。&nbsp;<br/>　　&nbsp;<br/>　　 老头子右首坐着吴翠远，看上去像一个教会派的少奶奶，但是还没有结婚。她穿着一件白洋纱旗袍，滚一道窄窄的蓝边——深蓝与白，很有点讣闻的风味。她携着一把蓝白格子小遮阳伞。头发梳成千篇一律的式样，唯恐唤起公众的注意。&nbsp;<br/>　　&nbsp;<br/>　　 然而她实在没有过分触目的危险。她长得不难看，可是她那种美是一种模棱两可的，仿佛怕得罪了谁的美，脸上一切都是淡淡的，松弛的，没有轮廓。连她自己的母亲也形容不出她是长脸还是圆脸。&nbsp;<br/>　　&nbsp;<br/>　　在家里她是一个好女儿，在学校里她是一个好学生。大学毕了业后，翠远就在母校服务，担任英文助教。她现在打算利用封锁的时间改改卷子。翻开了第一篇，是一个男生做的，大声疾呼抨击都市的罪恶，充满了正义感的愤怒，用不很合文法的，吃吃艾艾的句子，骂着“红嘴唇的卖淫妇……大世界……下等舞场与酒吧间”。翠远略略沉吟了一会，就找出红铅笔来批了一个“Ａ”字。若在平时，批了也就批了，可是今天她有太多的考虑的时间，她不由地要质问自己，为什么她给了他这么好的分数：不问倒也罢了，一问，她竟涨红了脸。她突然明白了：因为这学生是胆敢这么毫无顾忌地对她说这些话的唯一的一个男子。&nbsp;<br/>　　&nbsp;<br/>　　 他拿她当做一个见多识广的人看待；他拿她当做一个男人，一个心腹。他看得起她。翠远在学校里老是觉得谁都看不起她——从校长起，教授、学生、校役……学生们尤其愤慨得厉害：“申大越来越糟了！一天不如一天！用中国人教英文，照说，已经是不应当，何况是&nbsp;没有出过洋的中国人！”翠远在学校里受气，在家里也受气。吴家是一个新式的，带着宗教背景的模范家庭。家里竭力鼓励女儿用功读书，一步一步往上爬，爬到了顶儿尖儿上——一个二十来岁的女孩子在大学里教书！打破了女子职业的新纪录。然而家长渐渐对她失掉了兴趣，宁愿她当初在书本上马虎一点，匀出点时间来找一个有钱的女婿。&nbsp;<br/>　　&nbsp;<br/>　　她是一个好女儿，好学生。她家里都是好人，天天洗澡，看报，听无线电向来不听申曲滑稽京戏什么的，而专听贝多芬瓦格涅的交响乐，听不懂也要听。世界上的好人比真人多……翠远不快乐。&nbsp;<br/>　　&nbsp;<br/>　　 生命像圣经，从希伯莱文译成希腊文，从希腊文译成拉丁文，从拉丁文译成英文，从英文译成国语。翠远读它的时候，国语又在她脑子里译成了上海话。那未免有点隔膜。&nbsp;<br/>　　&nbsp;<br/>　　 翠远搁下了那本卷子，双手捧着脸。太阳滚热地晒在她背脊上。&nbsp;<br/>　　&nbsp;<br/>　　 隔壁坐着个奶妈，怀里躺着小孩，孩子的脚底心紧紧抵在翠远的腿上。小小的老虎头红鞋包着柔软而坚硬的脚……&nbsp;<br/>　　&nbsp;<br/>　　 这至少是真的。&nbsp;<br/>　　&nbsp;<br/>　　电车里，一位医科学生拿出一本图画簿，孜孜修改一张人体骨骼的简图。其他的乘客以为他在那里速写他对面盹着的那个人。大家闲着没事干，一个一个聚拢来，三三两两，撑着腰，背着手，围绕着他，看他写生。拎着熏鱼的丈夫向他妻子低声道：“我就看不惯现在兴的这些立体派，印象派！”他妻子附耳道：“你的裤子！”&nbsp;<br/>　　&nbsp;<br/>　　 那医科学生细细填写每一根骨头，神经，筋络的名字。有一个公事房里回来的人将折扇半掩着脸，悄悄向他的同事解释道：“中国画的影响。现在的西洋画也时兴题字了，倒真是‘东风西渐’！”&nbsp;<br/>　　&nbsp;<br/>　　 吕宗桢没凑热闹，孤零零地坐在原处。他决定他是饿了。&nbsp;<br/>　　&nbsp;<br/>　　大家都走开了，他正好从容地吃他的菠菜包子，偏偏他一抬头，瞥见了三等车厢里有他一个亲戚，是他太太的姨表妹的儿子。他恨透了这董培芝。培芝是一个胸怀大志的清寒子弟，一心只想娶个略具资产的小姐。吕宗桢的大女儿今年方才十三岁，已经被培芝睃在眼里，心里打着如意算盘，脚步儿越发走得勤了。吕宗桢一眼望见了这年青人，暗暗叫声不好，只怕培芝看见了他，要利用这绝好的机会向他进攻。若是在封锁期间和这董培芝困在一间屋子里，这情形一定是不堪设想！&nbsp;<br/>　　&nbsp;<br/>　　 他匆匆收拾起公事皮包和包子，一阵风奔到对面一排座位上，坐了下来。现在他恰巧被隔壁的吴翠远挡住了，他表侄绝对不能够看见他。翠远回过头来，微微瞪了他一眼。糟了！这女人准是以为他无缘无故换了一个座位，不怀好意。他认得出那被调戏的女人的脸谱——脸板得纹丝不动，眼睛里没有笑意，嘴角也没有笑意，连鼻洼里都没有笑意，然而不知道什么地方有一点颤巍巍的微笑，随时可以散布开来。觉得自己太可爱了的人，是熬不住要笑的。&nbsp;<br/>　　&nbsp;<br/>　　 该死，董培芝毕竟看见了他，向头等车厢走过来了，满卑地，老远地就躬着腰，红喷喷的长长的面颊，含有僧尼气息的灰布长衫——一个吃苦耐劳，守身如玉的青年，最合理想的乘龙快婿。宗桢迅疾地决定将计就计，顺水推舟，伸出一只手臂来搁在翠远背后的窗台上，&nbsp;不声不响宣布了他的调情的计划。他知道他这么一来，并不能吓退了董培芝，因为培芝眼中的他素来是一个无恶不作的老年人。由培芝看来，过了三十岁的人都是老年人，老年人都是一肚子的坏。培芝今天亲眼看见他这样下流，少不得一五一十要去报告给他太太听——气气他太太也好！谁叫她给他弄上这么一个表侄！气，活该气！&nbsp;<br/>　　&nbsp;<br/>　　 他不怎么喜欢身边这女人。她的手臂，白倒是白的，像挤出来的牙膏。她的整个的人像挤出来的牙膏，没有款式。&nbsp;<br/>　　&nbsp;<br/>　　 他向她低声笑道：“这封锁，几时完哪？真讨厌！”翠远吃了一惊，掉过头来，看见了他搁在她身后的那只胳膊，整个身子就僵了一僵，宗桢无论如何不能容许他自己抽回那只胳膊。他的表侄正在那里双眼灼灼望着他，脸上带着点会心的微笑。如果他夹忙里跟他表侄对一对眼光，也许那小子会怯怯地低下头去——处女风韵的窘态；也许那小子会向他挤一挤眼睛——谁知道？&nbsp;<br/>　　&nbsp;<br/>　　 他咬一咬牙，重新向翠远进攻。他道：“您也觉着闷罢？&nbsp;<br/>　　&nbsp;<br/>　　我们说两句话，总没有什么要紧！我们——我们谈谈！”他不由自主的，声音里带着哀恳的调子。翠远重新吃了一惊，又掉回头来看了他一眼。他现在记得了，他瞧见她上车的——非常戏剧化的一刹那，但是那戏剧效果是碰巧得到的，并不能归功于她。他低声道：“你知道么？我看见你上车，前头的玻璃上贴的广告，撕破了一块，从这破的地方我看见你的侧面，就只一点下巴。”是乃络维奶粉的广告，画着一个胖孩子，孩子的耳朵底下突然出现了这女人的下巴，仔细想起来是有点吓人的。“后来你低下头去从皮包里拿钱，我才看见你的眼睛，眉毛，头发。”拆开来一部分一部分地看，她未尝没有她的一种风韵。&nbsp;<br/>　　&nbsp;<br/><br/>　　翠远笑了。看不出这人倒也会花言巧语——以为他是个靠得住的生意人模样！她又看了他一眼。太阳光红红地晒穿他鼻尖下的软骨。他搁在报纸包上的那只手，从袖口里出来，黄色的，敏感的——一个真的人！不很诚实，也不很聪明，但是一个真的人！她突然觉得炽热，快乐。她背过脸去，细声道：“这种话，少说些罢！”&nbsp;<br/>　　&nbsp;<br/>　　宗桢道：“嗯？”他早忘了他说了些什么。他眼睛盯着他表侄的背影——那知趣的青年觉得他在这儿是多余的，他不愿得罪了表叔，以后他们还要见面呢，大家都是快刀斩不断的好亲戚；他竟退回三等车厢去了。董培芝一走，宗桢立刻将他的手臂收回，谈吐也正经起来。他搭讪着望了一望她膝上摊着的练习簿，道：“申光大学……您在申光读书！”&nbsp;<br/>　　&nbsp;<br/>　　 他以为她这么年青？她还是一个学生？她笑了，没做声。&nbsp;<br/>　　&nbsp;<br/>　　 宗桢道：“我是华济毕业的。华济。”她颈子上有一粒小小的棕色的痣，像指甲刻的印子。宗桢下意识地用右手捻了一捻左手的指甲，咳嗽了一声，接下去问道：“您读的是哪一科？”&nbsp;<br/>　　&nbsp;<br/>　　翠远注意到他的手臂不在那儿了，以为他态度的转变是由于她端凝的人格，潜移默化所致。这么一想，倒不能不答话了，便道：“文科。您呢？”宗桢道：“商科。 ”他忽然觉得他们的对话，道学气太浓了一点，便道：“当初在学校里的时候，忙着运动，出了学校，又忙着混饭吃。书，简直没念多少！”翠远道：“你公事忙么？”宗桢道：“忙得没头没脑。早上乘电车上公事房去，下午又乘电车回来，也不知道为什么去，为什么来！我对于我的工作一点也不感到兴趣。说是为了挣钱罢，也不知道是为谁挣的！”翠远道：“谁都有点家累。”&nbsp;<br/>　　&nbsp;<br/>　　 宗桢道：“你不知道——我家里——咳，别提了！”翠远暗道：&nbsp;<br/>　　&nbsp;<br/>　　 “来了！他太太一点都不同情他！世上有了太太的男人，似乎都是急切需要别的女人的同情。”宗桢迟疑了一会，方才吞吞吐吐，万分为难地说道：“我太太——一点都不同情我。”<br/>　　&nbsp;<br/>　　翠远皱着眉毛望着他，表示充分了解。宗桢道：“我简直不懂我为什么天天到了时候就回家去。回到哪儿去？实际上我是无家可归的。”他褪下眼镜来，迎着亮，用手绢予拭去上面的水渍，道：“咳！混着也就混下去了，不能想——就是不能想！”近视眼的人当众摘下眼镜子，翠远觉得有点秽亵，仿佛当众脱衣服似的，不成体统。宗桢继续说道：“你——你不知道她是怎么样的一个女人！”翠远道：“那么，你当初……”宗桢道：“当初我也反对来着。她是我母亲给订下的。&nbsp;<br/>　　&nbsp;<br/>　　 我自然是愿意让我自己拣，可是……她从前非常的美……我那时又年青……年青的人，你知道……”翠远点点头。&nbsp;<br/>　　&nbsp;<br/>　　宗桢道：“她后来变成了这么样的一个人——连我母亲都跟她闹翻了，倒过来怪我不该娶了她！她……她那脾气——她连小学都没有毕业。”翠远不禁微笑道：“ 你仿佛非常看重那一纸文凭！其实，女子教育也不过是那么一回事！”她不知道为什么她说出这句话来，伤了她自己的心。宗桢道：“当然哪，你可以在旁边说风凉话，因为你是受过上等教育的。你不知道她是怎么样的一个——”他顿住了口，上气不接下气，刚戴上了眼镜子，又褪下来擦镜片。翠远道：“你说得太过分了一点罢？”宗桢手里捏着眼镜，艰难地做了一个手势道：&nbsp;<br/>　　&nbsp;<br/>　　 “你不知道她是——”翠远忙道：“我知道，我知道。”她知道他们夫妇不和，决不能单怪他太太，他自己也是一个思想简单的人。他需要一个原谅他，包涵他的女人。&nbsp;<br/>　　&nbsp;<br/>　　 街上一阵乱，轰隆轰隆来了两辆卡车，载满了兵。翠远与宗桢同时探头出去张望；出其不意地，两人的面庞异常接近。在极短的距离内，任何人的脸都和寻常不同，像银幕上特写镜头一般的紧张。宗桢和翠远突然觉得他们俩还是第一次见面。在宗桢的眼中，她的脸像一朵淡淡几笔的白描牡丹花，额角上两三根吹乱的短发便是风中的花蕊。&nbsp;<br/>　　&nbsp;<br/>　　 他看着她，她红了脸，她一脸红，让他看见了，他显然是很愉快。她的脸就越发红了。&nbsp;<br/>　　&nbsp;<br/>　　 宗桢没有想到他能够使一个女人脸红，使她微笑，使她背过脸去，使她掉过头来。在这里，他是一个男子。平时，他是会计师，他是孩子的父亲，他是家长，他是车上的搭客，他是店里的主顾，他是市民。可是对于这个不知道他的底细的女人，他只是一个单纯的男子。&nbsp;<br/>　　&nbsp;<br/>　　他们恋爱着了。他告诉她许多话，关于他们银行里，谁跟他最好，谁跟他面和心不和，家里怎样闹口舌，他的秘密的悲哀，他读书时代的志愿……无休无歇的话，可是她并不嫌烦。恋爱着的男子向来是喜欢说，恋爱着的女人向来是喜欢听。恋爱着的女人破例地不大爱说话，因为下意识地她知道：男人彻底地懂得了一个女人之后，是不会爱她的。&nbsp;<br/>　　&nbsp;<br/>　　 宗桢断定了翠远是一个可爱的女人——白，稀薄，温热，像冬天里你自己嘴里呵出来的一口气。你不要她，她就悄悄地飘散了。她是你自己的一部分，她什么都懂，什么都宽宥你。你说真话，她为你心酸；你说假话，她微笑着，仿佛说：&nbsp;<br/>　　&nbsp;<br/>　　 “瞧你这张嘴！”&nbsp;<br/>　　&nbsp;<br/>　　宗桢沉默了一会，忽然说道：“我打算重新结婚。”翠远连忙做出惊慌的神气，叫道：“你要离婚？那……恐怕不行罢？”&nbsp;<br/>　　&nbsp;<br/>　　 宗桢道：“我不能够离婚。我得顾全孩子们的幸福。我大女儿今年十三岁了，才考进了中学，成绩很不错。”翠远暗道：&nbsp;<br/>　　&nbsp;<br/>　　 “这跟当前的问题又有什么关系？”她冷冷地道：“哦，你打算娶妾。”宗桢道：“我预备将她当妻子看待。我——我会替她安排好的。我不会让她为难。”翠远道：“可是，如果她是个好人家的女孩子，只怕她未见得肯罢？种种法律上的麻烦……”宗桢叹了口气道：“是的。你这话对。我没有这权利。&nbsp;<br/>　　&nbsp;<br/>　　我根本不该起这种念头……我年纪也太大了。我已经三十五了。”翠远缓缓地道：“其实，照现在的眼光看来，那倒也不算大。”宗桢默然。半晌方说道：“你…… 几岁？”翠远低下头去道：“二十五。”宗桢顿了一顿，又道：“你是自由的么？”翠远不答。宗桢道：“你不是自由的。即使你答应了，你的家里人也不会答应的，是不是？……是不是？”&nbsp;<br/>　　&nbsp;<br/>　　 翠远抿紧了嘴唇。她家里的人——那些一尘不染的好人——她恨他们！他们哄够了她。他们要她找个有钱的女婿，宗桢没有钱而有太太——气气他们也好！气，活该气！&nbsp;<br/>　　&nbsp;<br/>　　 车上的人又渐渐多了起来，外面许是有了“封锁行将开放”的谣言，乘客一个一个上来，坐下，宗桢与翠远给他们挤得紧紧的，坐近一点，再坐近一点。&nbsp;<br/>　　&nbsp;<br/>　　宗桢与翠远奇怪他们刚才怎么这样的糊涂，就想不到自动地坐近一点，宗桢觉得她太快乐了，不能不抗议。他用苦楚的声音向她说：“不行！这不行！我不能让你牺牲了你的前程！你是上等人，你受过这样好的教育……我——我又没有多少钱，我不能坑了你的一生！”可不是，还是钱的问题。他的话有理。翠远想道：“完了。 ”以后她多半是会嫁人的，可是她的丈夫决不会像一个萍水相逢的人一股的可爱——封锁中的电车上的人……一切再也不会像这样自然。再也不会……呵，这个人，这么笨！这么笨！她只要他的生命中的一部分，谁也不希罕的一部分。他白糟蹋了他自己的幸福。那么愚蠢的浪费！她哭了，可是那不是斯斯文文的，淑女式的哭。她简直把她的眼泪唾到他脸上。他是个好人——世界上的好人又多了一个！&nbsp;<br/>　　&nbsp;<br/>　　 向他解释有什么用？如果一个女人必须倚仗着她的言语来打动一个男人，她也就太可怜了。&nbsp;<br/>　　&nbsp;<br/>　　宗桢一急，竟说不出话来，连连用手去摇撼她手里的阳伞。她不理他。他又去摇撼她的手，道：“我说——我说——这儿有人哪！别！别这样！等会儿我们在电话上仔细谈。你告诉我你的电话。”翠远不答。他逼着问道：“你无论如何得给我一个电话号码。”翠远飞快地说了一遍道：“七五三六九。”&nbsp;<br/>　　&nbsp;<br/>　　 宗桢道：“七五三六九？”她又不做声了。宗桢嘴里喃喃重复着：“七五三六九，”伸手在上下的口袋里掏摸自来水笔，越忙越摸不着。翠远皮包里有红铅笔，但是她有意地不拿出来。&nbsp;<br/>　　&nbsp;<br/>　　 她的电话号码，他理该记得。记不得，他是不爱她，他们也就用不着往下谈了。&nbsp;<br/>　　&nbsp;<br/>　　 封锁开放了。“叮玲玲玲玲玲”摇着铃，每一个“玲”字是冷冷的一点，一点一点连成一条虚线，切断时间与空间。&nbsp;<br/>　　&nbsp;<br/>　　一阵欢呼的风刮过这大城市。电车当当当往前开了。宗桢突然站起身来，挤到人丛中，不见了。翠远偏过头去，只做不理会。他走了。对于她，他等于死了。电车加足了速力前进，黄昏的人行道上，卖臭豆腐干的歇下了担子，一个人捧着文王神卦的匣子，闭着眼霍霍地摇。一个大个子的金发女人，背上背着大草帽，露出大牙齿来向一个意大利水兵一笑，说了句玩笑话。翠远的眼睛看到了他们，他们就活了，只活那么一刹那。车往前当当地跑，他们一个个的死去了。&nbsp;<br/>　　&nbsp;<br/>　　 翠远烦恼地合上了眼。他如果打电话给她，她一定管不住她自己的声音，对他分外的热烈，因为他是一个死去了又活过来的人。&nbsp;<br/>　　&nbsp;<br/>　　 电车里点上了灯，她一睁眼望见他遥遥坐在他原先的位子上。她震了一震——原来他并没有下车去！她明白他的意思了：封锁期间的一切，等于没有发生。整个的上海打了个盹，做了个不近情理的梦。&nbsp;<br/>　　&nbsp;<br/>　　 开电车的放声唱道：“可怜啊可怜！一个人啊没钱！可怜啊可……”一个缝穷婆子慌里慌张掠过车头，横穿过马路。开电车的大喝道：“猪猡！”&nbsp;<br/>　　&nbsp;<br/>　　 吕宗桢到家正赶上吃晚饭。他一面吃一面阅读他女儿的成绩报告单，刚寄来的。他还记得电车上那一回事，可是翠远的脸已经有点模糊——那是天生使人忘记的脸。他不记得她说了些什么，可是他自己的话他记得很清楚——温柔地：&nbsp;<br/>　　 “你——几岁？”慷慨激昂地：“我不能让你牺牲了你的前程！”&nbsp;<br/>　　&nbsp;<br/>　　饭后，他接过热手巾，擦着脸，踱到卧室里来，扭开了电灯。一只乌壳虫从房这头爬到房那头，爬了一半，灯一开，它只得伏在地板的正中，一动也不动。在装死么？在思想着么？整天爬来爬去，很少有思想的时间罢？然而思想毕竟是痛苦的。宗桢捻灭了电灯，手按在机括上，手心汗潮了，浑身一滴滴沁出汗来，像小虫子痒痒地在爬。他又开了灯，乌壳虫不见了，爬回窠里去了。&nbsp;<br/>　　&nbsp;<br/>　　 （一九四三年八月）张爱玲</p><p>							</p>',`mtime`='1497108162' WHERE `id` = 149 [ RunTime:0.0204s ]
NOTIC: [8] Undefined variable: id /data/wwwroot/blog/Application/Admin/Controller/AjaxController.class.php 第 56 行.
SQL: SHOW COLUMNS FROM `z_category` [ RunTime:0.0004s ]
SQL: SELECT * FROM `z_category` WHERE `name` = '转载' LIMIT 1   [ RunTime:0.0001s ]
SQL: SHOW COLUMNS FROM `z_tag` [ RunTime:0.0003s ]
SQL: SELECT * FROM `z_tag` WHERE `name` = '张爱玲' LIMIT 1   [ RunTime:0.0002s ]

[ 2017-06-10T23:22:44+08:00 ] 110.229.30.230 /admin.php/Post/all
INFO: [ app_init ] --START--
INFO: Run Behavior\BuildLiteBehavior [ RunTime:0.000013s ]
INFO: [ app_init ] --END-- [ RunTime:0.000278s ]
INFO: [ app_begin ] --START--
INFO: Run Behavior\ReadHtmlCacheBehavior [ RunTime:0.000311s ]
INFO: [ app_begin ] --END-- [ RunTime:0.000391s ]
NOTIC: [8] A session had already been started - ignoring session_start() /data/wwwroot/blog/ThinkPHP/Common/functions.php 第 1263 行.
SQL: SHOW COLUMNS FROM `z_post` [ RunTime:0.0006s ]
SQL: SELECT COUNT(*) AS tp_count FROM `z_post` LIMIT 1   [ RunTime:0.0002s ]
SQL: SELECT * FROM `z_post` ORDER BY ctime desc LIMIT 0,20   [ RunTime:0.0005s ]
INFO: [ view_parse ] --START--
INFO: [ template_filter ] --START--
INFO: Run Behavior\ContentReplaceBehavior [ RunTime:0.000058s ]
INFO: [ template_filter ] --END-- [ RunTime:0.000097s ]
NOTIC: [8] Undefined variable: userInfo /data/wwwroot/blog/Application/Runtime/Cache/Admin/c171e2b85832ae9943251ee8295bfacb.php 第 361 行.
INFO: Run Behavior\ParseTemplateBehavior [ RunTime:0.012928s ]
INFO: [ view_parse ] --END-- [ RunTime:0.012970s ]
INFO: [ view_filter ] --START--
INFO: Run Behavior\WriteHtmlCacheBehavior [ RunTime:0.000111s ]
INFO: [ view_filter ] --END-- [ RunTime:0.000144s ]
INFO: [ app_end ] --START--
INFO: Run Behavior\ShowPageTraceBehavior [ RunTime:0.000351s ]
INFO: [ app_end ] --END-- [ RunTime:0.000390s ]

[ 2017-06-10T23:22:44+08:00 ] 110.229.30.230 /admin.php/Post/all
INFO: [ app_init ] --START--
INFO: Run Behavior\BuildLiteBehavior [ RunTime:0.000012s ]
INFO: [ app_init ] --END-- [ RunTime:0.000248s ]
INFO: [ app_begin ] --START--
INFO: Run Behavior\ReadHtmlCacheBehavior [ RunTime:0.000310s ]
INFO: [ app_begin ] --END-- [ RunTime:0.000348s ]
NOTIC: [8] A session had already been started - ignoring session_start() /data/wwwroot/blog/ThinkPHP/Common/functions.php 第 1263 行.
SQL: SHOW COLUMNS FROM `z_post` [ RunTime:0.0006s ]
SQL: SELECT COUNT(*) AS tp_count FROM `z_post` LIMIT 1   [ RunTime:0.0001s ]
SQL: SELECT * FROM `z_post` ORDER BY ctime desc LIMIT 0,20   [ RunTime:0.0002s ]
INFO: [ view_parse ] --START--
INFO: [ template_filter ] --START--
INFO: Run Behavior\ContentReplaceBehavior [ RunTime:0.000059s ]
INFO: [ template_filter ] --END-- [ RunTime:0.000098s ]
NOTIC: [8] Undefined variable: userInfo /data/wwwroot/blog/Application/Runtime/Cache/Admin/c171e2b85832ae9943251ee8295bfacb.php 第 361 行.
INFO: Run Behavior\ParseTemplateBehavior [ RunTime:0.012994s ]
INFO: [ view_parse ] --END-- [ RunTime:0.013032s ]
INFO: [ view_filter ] --START--
INFO: Run Behavior\WriteHtmlCacheBehavior [ RunTime:0.000110s ]
INFO: [ view_filter ] --END-- [ RunTime:0.000185s ]
INFO: [ app_end ] --START--
INFO: Run Behavior\ShowPageTraceBehavior [ RunTime:0.000311s ]
INFO: [ app_end ] --END-- [ RunTime:0.000348s ]

[ 2017-06-10T23:23:31+08:00 ] 110.229.30.230 /admin.php/Post/updatePost/id/149
INFO: [ app_init ] --START--
INFO: Run Behavior\BuildLiteBehavior [ RunTime:0.000012s ]
INFO: [ app_init ] --END-- [ RunTime:0.000248s ]
INFO: [ app_begin ] --START--
INFO: Run Behavior\ReadHtmlCacheBehavior [ RunTime:0.000431s ]
INFO: [ app_begin ] --END-- [ RunTime:0.000470s ]
NOTIC: [8] A session had already been started - ignoring session_start() /data/wwwroot/blog/ThinkPHP/Common/functions.php 第 1263 行.
SQL: SHOW COLUMNS FROM `z_post` [ RunTime:0.0006s ]
SQL: SELECT * FROM `z_post` WHERE `id` = 149 LIMIT 1   [ RunTime:0.0001s ]
SQL: SHOW COLUMNS FROM `z_category` [ RunTime:0.0003s ]
SQL: SELECT * FROM `z_category`  [ RunTime:0.0001s ]
SQL: SHOW COLUMNS FROM `z_tag` [ RunTime:0.0003s ]
SQL: SELECT * FROM `z_tag`  [ RunTime:0.0001s ]
INFO: [ view_parse ] --START--
INFO: [ template_filter ] --START--
INFO: Run Behavior\ContentReplaceBehavior [ RunTime:0.000059s ]
INFO: [ template_filter ] --END-- [ RunTime:0.000099s ]
NOTIC: [8] Undefined variable: userInfo /data/wwwroot/blog/Application/Runtime/Cache/Admin/b94d69ac1621e983387ec69783f12599.php 第 361 行.
INFO: Run Behavior\ParseTemplateBehavior [ RunTime:0.013856s ]
INFO: [ view_parse ] --END-- [ RunTime:0.013894s ]
INFO: [ view_filter ] --START--
INFO: Run Behavior\WriteHtmlCacheBehavior [ RunTime:0.000125s ]
INFO: [ view_filter ] --END-- [ RunTime:0.000159s ]
INFO: [ app_end ] --START--
INFO: Run Behavior\ShowPageTraceBehavior [ RunTime:0.000315s ]
INFO: [ app_end ] --END-- [ RunTime:0.000354s ]

[ 2017-06-10T23:23:32+08:00 ] 110.229.30.230 /admin.php/Post/updatePost/id/149
INFO: [ app_init ] --START--
INFO: Run Behavior\BuildLiteBehavior [ RunTime:0.000012s ]
INFO: [ app_init ] --END-- [ RunTime:0.000248s ]
INFO: [ app_begin ] --START--
INFO: Run Behavior\ReadHtmlCacheBehavior [ RunTime:0.000311s ]
INFO: [ app_begin ] --END-- [ RunTime:0.000349s ]
NOTIC: [8] A session had already been started - ignoring session_start() /data/wwwroot/blog/ThinkPHP/Common/functions.php 第 1263 行.
SQL: SHOW COLUMNS FROM `z_post` [ RunTime:0.0006s ]
SQL: SELECT * FROM `z_post` WHERE `id` = 149 LIMIT 1   [ RunTime:0.0001s ]
SQL: SHOW COLUMNS FROM `z_category` [ RunTime:0.0003s ]
SQL: SELECT * FROM `z_category`  [ RunTime:0.0001s ]
SQL: SHOW COLUMNS FROM `z_tag` [ RunTime:0.0003s ]
SQL: SELECT * FROM `z_tag`  [ RunTime:0.0001s ]
INFO: [ view_parse ] --START--
INFO: [ template_filter ] --START--
INFO: Run Behavior\ContentReplaceBehavior [ RunTime:0.000059s ]
INFO: [ template_filter ] --END-- [ RunTime:0.000099s ]
NOTIC: [8] Undefined variable: userInfo /data/wwwroot/blog/Application/Runtime/Cache/Admin/b94d69ac1621e983387ec69783f12599.php 第 361 行.
INFO: Run Behavior\ParseTemplateBehavior [ RunTime:0.013434s ]
INFO: [ view_parse ] --END-- [ RunTime:0.013471s ]
INFO: [ view_filter ] --START--
INFO: Run Behavior\WriteHtmlCacheBehavior [ RunTime:0.000112s ]
INFO: [ view_filter ] --END-- [ RunTime:0.000144s ]
INFO: [ app_end ] --START--
INFO: Run Behavior\ShowPageTraceBehavior [ RunTime:0.000310s ]
INFO: [ app_end ] --END-- [ RunTime:0.000348s ]

[ 2017-06-10T23:24:29+08:00 ] 110.229.30.230 /admin.php/Ajax/addNewPost
INFO: [ app_init ] --START--
INFO: Run Behavior\BuildLiteBehavior [ RunTime:0.000013s ]
INFO: [ app_init ] --END-- [ RunTime:0.000269s ]
INFO: [ app_begin ] --START--
INFO: Run Behavior\ReadHtmlCacheBehavior [ RunTime:0.000348s ]
INFO: [ app_begin ] --END-- [ RunTime:0.000388s ]
NOTIC: [8] A session had already been started - ignoring session_start() /data/wwwroot/blog/ThinkPHP/Common/functions.php 第 1263 行.
SQL: SHOW COLUMNS FROM `z_post` [ RunTime:0.0006s ]
SQL: UPDATE `z_post` SET `title`='封锁',`category`='转载',`tag`='张爱玲',`summary`='电车里点上了灯，她一睁眼望见他遥遥坐在他原先的位子上。她震了一震——原来他并没有下车去！她明白他的意思了：封锁期间的一切，等于没有发生。整个的上海打了个盹，做了个不近情理的梦。 ',`content`='<p>								</p><p>&nbsp;&nbsp;&nbsp;&nbsp;&nbsp;&nbsp;&nbsp;&nbsp;开电车的人开电车。在大太阳底下，电车轨道像两条光莹莹的，水里钻出来的曲蟮，抽长了，又缩短了；抽长了，又缩短了，就这么样往前移——柔滑的，老长老长的曲蟮，没有完，没有完……开电车的人眼睛盯住了这两条蠕蠕的车轨，然而他不发疯。&nbsp;<br/></p><p><br/>　　 如果不碰到封锁，电车的进行是永远不会断的。封锁了。&nbsp;<br/>　　&nbsp;<br/>　　 摇铃了。“叮玲玲玲玲玲，”每一个“玲”字是冷冷的一小点，一点一点连成了一条虚线，切断了时间与空间。&nbsp;<br/>　　&nbsp;<br/>　　 电车停了，马路上的人却开始奔跑，在街的左面的人们奔到街的右面，在右面的人们奔到左面。商店一律地沙啦啦拉上铁门。女太太们发狂一般扯动铁栅栏，叫道：“让我们进来一会儿！我这儿有孩子哪，有年纪大的人！”然而门还是关得紧腾腾的。铁门里的人和铁门&nbsp;外的人眼睁睁对看着，互相惧怕着。&nbsp;<br/>　　&nbsp;<br/>　　电车里的人相当镇静。他们有座位可坐，虽然设备简陋一点，和多数乘客的家里的情形比较起来，还是略胜一筹。街上渐渐地也安静下来，并不是绝对的寂静，但是人声逐渐渺茫，像睡梦里所听到的芦花枕头里的赶咐。这庞大的城市在阳光里盹着了，重重地把头搁在人们的肩上，口涎顺着人们的衣服缓缓流下去，不能想象的巨大的重量压住了每一个人。&nbsp;<br/>　　&nbsp;<br/>　　 上海似乎从来没有这么静过——大白天里！一个乞丐趁着鸦雀无声的时候，提高了喉咙唱将起来：“阿有老爷太太先生小姐做做好事救救我可怜人哇？阿有老爷太太……”然而他不久就停了下来，被这不经见的沉寂吓噤住了。&nbsp;<br/>　　&nbsp;<br/>　　还有一个较有勇气的山东乞丐，毅然打破了这静默。他的嗓子浑圆嘹亮：“可怜啊可怜！一个人啊没钱！”悠久的歌，从一个世纪唱到下一个世纪。音乐性的节奏传染上了开电车的。开电车的也是山东人。他长长地叹了一口气，抱着胳膊，向车门上一靠，跟着唱了起来：“可怜啊可怜！一个人啊没钱！”&nbsp;<br/>　　&nbsp;<br/>　　 电车里，一部分的乘客下去了。剩下的一群中，零零落落也有人说句把话。靠近门口的几个公事房里回来的人继续谈讲下去。一个人撒喇一声抖开了扇子，下了结论道：“总而言之，他别的毛病没有，就吃亏在不会做人。”另一个鼻子里哼了一声，冷笑道：“说他不会&nbsp;做人，他把上头敷衍得挺好的呢！”&nbsp;<br/>　　&nbsp;<br/>　　一对长得颇像兄妹的中年夫妇把手吊在皮圈上，双双站在电车的正中，她突然叫道：“当心别把裤子弄脏了！”他吃了一惊，抬起他的手，手里拎着一包熏鱼。他小心翼翼使那油汪汪的纸口袋与他的西装裤子维持二寸远的距离。他太太兀自絮叨道：“现在干洗是什么价钱？做一条裤子是什么价钱？”&nbsp;<br/>　　&nbsp;<br/>　　坐在角落里的吕宗桢，华茂银行的会计师，看见了那熏鱼，就联想到他夫人托他在银行附近一家面食摊子上买的菠菜包子。女人就是这样！弯弯扭扭最难找的小胡同里买来的包子必定是价廉物美的！她一点也不为他着想——一个齐齐整整穿着西装戴着玳瑁边眼镜提着公事皮包的人，抱着报纸里的热腾腾的包子满街跑，实在是不像话！然而无论如何，假使这封锁延长下去，耽误了他的晚饭，至少这包子可以派用场。他看了看手表，才四点半。该是心理作用罢？他已经觉得饿了。他轻轻揭开报纸的一角，向里面张了一张。一个个雪白的，喷出出淡淡的麻油气味。一部分的报纸粘住了包子，他谨慎地把报纸撕了下来，包子上印了铅字，字都是反的，像镜子里映出来的，然而他有这耐心，低下头去逐个认了出来：&nbsp;“讣告……申请……华股动态……隆重登场候教……”都是得用的字眼儿，不知道为什么转载到包子上，就带点开玩笑性质。也许因为“吃”是太严重的一件事了，相形之下，其他的一切都成了笑话。吕宗桢看着也觉得不顺眼，可是他并没有笑，他是一个老实人。他从&nbsp;包子上的文章看到报上的文章，把半页旧报纸读完了，若是翻过来看，包子就得跌出来，只得罢了。他在这里看报，全车的人都学了样，有报的看报，没有报的看发票，看章程，看名片。任何印刷物都没有的人，就看街上的市招。他们不能不填满这可怕的空虚——不然，他们的脑子也许会活动起来。思想是痛苦的一件事。&nbsp;<br/>　　&nbsp;<br/>　　 只有吕宗桢对面坐着的一个老头子，手心里骨碌碌骨碌碌搓着两只油光水滑的核桃，有板有眼的小动作代替了思想。&nbsp;<br/>　　&nbsp;<br/>　　 他剃着光头，红黄皮色，满脸浮油，打着皱，整个的头像一个核桃。他的脑子就像核桃仁，甜的，滋润的，可是没有多大意思。&nbsp;<br/>　　&nbsp;<br/>　　 老头子右首坐着吴翠远，看上去像一个教会派的少奶奶，但是还没有结婚。她穿着一件白洋纱旗袍，滚一道窄窄的蓝边——深蓝与白，很有点讣闻的风味。她携着一把蓝白格子小遮阳伞。头发梳成千篇一律的式样，唯恐唤起公众的注意。&nbsp;<br/>　　&nbsp;<br/>　　 然而她实在没有过分触目的危险。她长得不难看，可是她那种美是一种模棱两可的，仿佛怕得罪了谁的美，脸上一切都是淡淡的，松弛的，没有轮廓。连她自己的母亲也形容不出她是长脸还是圆脸。&nbsp;<br/>　　&nbsp;<br/>　　在家里她是一个好女儿，在学校里她是一个好学生。大学毕了业后，翠远就在母校服务，担任英文助教。她现在打算利用封锁的时间改改卷子。翻开了第一篇，是一个男生做的，大声疾呼抨击都市的罪恶，充满了正义感的愤怒，用不很合文法的，吃吃艾艾的句子，骂着“红嘴唇的卖淫妇……大世界……下等舞场与酒吧间”。翠远略略沉吟了一会，就找出红铅笔来批了一个“Ａ”字。若在平时，批了也就批了，可是今天她有太多的考虑的时间，她不由地要质问自己，为什么她给了他这么好的分数：不问倒也罢了，一问，她竟涨红了脸。她突然明白了：因为这学生是胆敢这么毫无顾忌地对她说这些话的唯一的一个男子。&nbsp;<br/>　　&nbsp;<br/>　　 他拿她当做一个见多识广的人看待；他拿她当做一个男人，一个心腹。他看得起她。翠远在学校里老是觉得谁都看不起她——从校长起，教授、学生、校役……学生们尤其愤慨得厉害：“申大越来越糟了！一天不如一天！用中国人教英文，照说，已经是不应当，何况是&nbsp;没有出过洋的中国人！”翠远在学校里受气，在家里也受气。吴家是一个新式的，带着宗教背景的模范家庭。家里竭力鼓励女儿用功读书，一步一步往上爬，爬到了顶儿尖儿上——一个二十来岁的女孩子在大学里教书！打破了女子职业的新纪录。然而家长渐渐对她失掉了兴趣，宁愿她当初在书本上马虎一点，匀出点时间来找一个有钱的女婿。&nbsp;<br/>　　&nbsp;<br/>　　她是一个好女儿，好学生。她家里都是好人，天天洗澡，看报，听无线电向来不听申曲滑稽京戏什么的，而专听贝多芬瓦格涅的交响乐，听不懂也要听。世界上的好人比真人多……翠远不快乐。&nbsp;<br/>　　&nbsp;<br/>　　 生命像圣经，从希伯莱文译成希腊文，从希腊文译成拉丁文，从拉丁文译成英文，从英文译成国语。翠远读它的时候，国语又在她脑子里译成了上海话。那未免有点隔膜。&nbsp;<br/>　　&nbsp;<br/>　　 翠远搁下了那本卷子，双手捧着脸。太阳滚热地晒在她背脊上。&nbsp;<br/>　　&nbsp;<br/>　　 隔壁坐着个奶妈，怀里躺着小孩，孩子的脚底心紧紧抵在翠远的腿上。小小的老虎头红鞋包着柔软而坚硬的脚……&nbsp;<br/>　　&nbsp;<br/>　　 这至少是真的。&nbsp;<br/>　　&nbsp;<br/>　　电车里，一位医科学生拿出一本图画簿，孜孜修改一张人体骨骼的简图。其他的乘客以为他在那里速写他对面盹着的那个人。大家闲着没事干，一个一个聚拢来，三三两两，撑着腰，背着手，围绕着他，看他写生。拎着熏鱼的丈夫向他妻子低声道：“我就看不惯现在兴的这些立体派，印象派！”他妻子附耳道：“你的裤子！”&nbsp;<br/>　　&nbsp;<br/>　　 那医科学生细细填写每一根骨头，神经，筋络的名字。有一个公事房里回来的人将折扇半掩着脸，悄悄向他的同事解释道：“中国画的影响。现在的西洋画也时兴题字了，倒真是‘东风西渐’！”&nbsp;<br/>　　&nbsp;<br/>　　 吕宗桢没凑热闹，孤零零地坐在原处。他决定他是饿了。&nbsp;<br/>　　&nbsp;<br/>　　大家都走开了，他正好从容地吃他的菠菜包子，偏偏他一抬头，瞥见了三等车厢里有他一个亲戚，是他太太的姨表妹的儿子。他恨透了这董培芝。培芝是一个胸怀大志的清寒子弟，一心只想娶个略具资产的小姐。吕宗桢的大女儿今年方才十三岁，已经被培芝睃在眼里，心里打着如意算盘，脚步儿越发走得勤了。吕宗桢一眼望见了这年青人，暗暗叫声不好，只怕培芝看见了他，要利用这绝好的机会向他进攻。若是在封锁期间和这董培芝困在一间屋子里，这情形一定是不堪设想！&nbsp;<br/>　　&nbsp;<br/>　　 他匆匆收拾起公事皮包和包子，一阵风奔到对面一排座位上，坐了下来。现在他恰巧被隔壁的吴翠远挡住了，他表侄绝对不能够看见他。翠远回过头来，微微瞪了他一眼。糟了！这女人准是以为他无缘无故换了一个座位，不怀好意。他认得出那被调戏的女人的脸谱——脸板得纹丝不动，眼睛里没有笑意，嘴角也没有笑意，连鼻洼里都没有笑意，然而不知道什么地方有一点颤巍巍的微笑，随时可以散布开来。觉得自己太可爱了的人，是熬不住要笑的。&nbsp;<br/>　　&nbsp;<br/>　　 该死，董培芝毕竟看见了他，向头等车厢走过来了，满卑地，老远地就躬着腰，红喷喷的长长的面颊，含有僧尼气息的灰布长衫——一个吃苦耐劳，守身如玉的青年，最合理想的乘龙快婿。宗桢迅疾地决定将计就计，顺水推舟，伸出一只手臂来搁在翠远背后的窗台上，&nbsp;不声不响宣布了他的调情的计划。他知道他这么一来，并不能吓退了董培芝，因为培芝眼中的他素来是一个无恶不作的老年人。由培芝看来，过了三十岁的人都是老年人，老年人都是一肚子的坏。培芝今天亲眼看见他这样下流，少不得一五一十要去报告给他太太听——气气他太太也好！谁叫她给他弄上这么一个表侄！气，活该气！&nbsp;<br/>　　&nbsp;<br/>　　 他不怎么喜欢身边这女人。她的手臂，白倒是白的，像挤出来的牙膏。她的整个的人像挤出来的牙膏，没有款式。&nbsp;<br/>　　&nbsp;<br/>　　 他向她低声笑道：“这封锁，几时完哪？真讨厌！”翠远吃了一惊，掉过头来，看见了他搁在她身后的那只胳膊，整个身子就僵了一僵，宗桢无论如何不能容许他自己抽回那只胳膊。他的表侄正在那里双眼灼灼望着他，脸上带着点会心的微笑。如果他夹忙里跟他表侄对一对眼光，也许那小子会怯怯地低下头去——处女风韵的窘态；也许那小子会向他挤一挤眼睛——谁知道？&nbsp;<br/>　　&nbsp;<br/>　　 他咬一咬牙，重新向翠远进攻。他道：“您也觉着闷罢？&nbsp;<br/>　　&nbsp;<br/>　　我们说两句话，总没有什么要紧！我们——我们谈谈！”他不由自主的，声音里带着哀恳的调子。翠远重新吃了一惊，又掉回头来看了他一眼。他现在记得了，他瞧见她上车的——非常戏剧化的一刹那，但是那戏剧效果是碰巧得到的，并不能归功于她。他低声道：“你知道么？我看见你上车，前头的玻璃上贴的广告，撕破了一块，从这破的地方我看见你的侧面，就只一点下巴。”是乃络维奶粉的广告，画着一个胖孩子，孩子的耳朵底下突然出现了这女人的下巴，仔细想起来是有点吓人的。“后来你低下头去从皮包里拿钱，我才看见你的眼睛，眉毛，头发。”拆开来一部分一部分地看，她未尝没有她的一种风韵。&nbsp;<br/>　　&nbsp;<br/><br/>　　翠远笑了。看不出这人倒也会花言巧语——以为他是个靠得住的生意人模样！她又看了他一眼。太阳光红红地晒穿他鼻尖下的软骨。他搁在报纸包上的那只手，从袖口里出来，黄色的，敏感的——一个真的人！不很诚实，也不很聪明，但是一个真的人！她突然觉得炽热，快乐。她背过脸去，细声道：“这种话，少说些罢！”&nbsp;<br/>　　&nbsp;<br/>　　宗桢道：“嗯？”他早忘了他说了些什么。他眼睛盯着他表侄的背影——那知趣的青年觉得他在这儿是多余的，他不愿得罪了表叔，以后他们还要见面呢，大家都是快刀斩不断的好亲戚；他竟退回三等车厢去了。董培芝一走，宗桢立刻将他的手臂收回，谈吐也正经起来。他搭讪着望了一望她膝上摊着的练习簿，道：“申光大学……您在申光读书！”&nbsp;<br/>　　&nbsp;<br/>　　 他以为她这么年青？她还是一个学生？她笑了，没做声。&nbsp;<br/>　　&nbsp;<br/>　　 宗桢道：“我是华济毕业的。华济。”她颈子上有一粒小小的棕色的痣，像指甲刻的印子。宗桢下意识地用右手捻了一捻左手的指甲，咳嗽了一声，接下去问道：“您读的是哪一科？”&nbsp;<br/>　　&nbsp;<br/>　　翠远注意到他的手臂不在那儿了，以为他态度的转变是由于她端凝的人格，潜移默化所致。这么一想，倒不能不答话了，便道：“文科。您呢？”宗桢道：“商科。 ”他忽然觉得他们的对话，道学气太浓了一点，便道：“当初在学校里的时候，忙着运动，出了学校，又忙着混饭吃。书，简直没念多少！”翠远道：“你公事忙么？”宗桢道：“忙得没头没脑。早上乘电车上公事房去，下午又乘电车回来，也不知道为什么去，为什么来！我对于我的工作一点也不感到兴趣。说是为了挣钱罢，也不知道是为谁挣的！”翠远道：“谁都有点家累。”&nbsp;<br/>　　&nbsp;<br/>　　 宗桢道：“你不知道——我家里——咳，别提了！”翠远暗道：&nbsp;<br/>　　&nbsp;<br/>　　 “来了！他太太一点都不同情他！世上有了太太的男人，似乎都是急切需要别的女人的同情。”宗桢迟疑了一会，方才吞吞吐吐，万分为难地说道：“我太太——一点都不同情我。”<br/>　　&nbsp;<br/>　　翠远皱着眉毛望着他，表示充分了解。宗桢道：“我简直不懂我为什么天天到了时候就回家去。回到哪儿去？实际上我是无家可归的。”他褪下眼镜来，迎着亮，用手绢予拭去上面的水渍，道：“咳！混着也就混下去了，不能想——就是不能想！”近视眼的人当众摘下眼镜子，翠远觉得有点秽亵，仿佛当众脱衣服似的，不成体统。宗桢继续说道：“你——你不知道她是怎么样的一个女人！”翠远道：“那么，你当初……”宗桢道：“当初我也反对来着。她是我母亲给订下的。&nbsp;<br/>　　&nbsp;<br/>　　 我自然是愿意让我自己拣，可是……她从前非常的美……我那时又年青……年青的人，你知道……”翠远点点头。&nbsp;<br/>　　&nbsp;<br/>　　宗桢道：“她后来变成了这么样的一个人——连我母亲都跟她闹翻了，倒过来怪我不该娶了她！她……她那脾气——她连小学都没有毕业。”翠远不禁微笑道：“ 你仿佛非常看重那一纸文凭！其实，女子教育也不过是那么一回事！”她不知道为什么她说出这句话来，伤了她自己的心。宗桢道：“当然哪，你可以在旁边说风凉话，因为你是受过上等教育的。你不知道她是怎么样的一个——”他顿住了口，上气不接下气，刚戴上了眼镜子，又褪下来擦镜片。翠远道：“你说得太过分了一点罢？”宗桢手里捏着眼镜，艰难地做了一个手势道：&nbsp;<br/>　　&nbsp;<br/>　　 “你不知道她是——”翠远忙道：“我知道，我知道。”她知道他们夫妇不和，决不能单怪他太太，他自己也是一个思想简单的人。他需要一个原谅他，包涵他的女人。&nbsp;<br/>　　&nbsp;<br/>　　 街上一阵乱，轰隆轰隆来了两辆卡车，载满了兵。翠远与宗桢同时探头出去张望；出其不意地，两人的面庞异常接近。在极短的距离内，任何人的脸都和寻常不同，像银幕上特写镜头一般的紧张。宗桢和翠远突然觉得他们俩还是第一次见面。在宗桢的眼中，她的脸像一朵淡淡几笔的白描牡丹花，额角上两三根吹乱的短发便是风中的花蕊。&nbsp;<br/>　　&nbsp;<br/>　　 他看着她，她红了脸，她一脸红，让他看见了，他显然是很愉快。她的脸就越发红了。&nbsp;<br/>　　&nbsp;<br/>　　 宗桢没有想到他能够使一个女人脸红，使她微笑，使她背过脸去，使她掉过头来。在这里，他是一个男子。平时，他是会计师，他是孩子的父亲，他是家长，他是车上的搭客，他是店里的主顾，他是市民。可是对于这个不知道他的底细的女人，他只是一个单纯的男子。&nbsp;<br/>　　&nbsp;<br/>　　他们恋爱着了。他告诉她许多话，关于他们银行里，谁跟他最好，谁跟他面和心不和，家里怎样闹口舌，他的秘密的悲哀，他读书时代的志愿……无休无歇的话，可是她并不嫌烦。恋爱着的男子向来是喜欢说，恋爱着的女人向来是喜欢听。恋爱着的女人破例地不大爱说话，因为下意识地她知道：男人彻底地懂得了一个女人之后，是不会爱她的。&nbsp;<br/>　　&nbsp;<br/>　　 宗桢断定了翠远是一个可爱的女人——白，稀薄，温热，像冬天里你自己嘴里呵出来的一口气。你不要她，她就悄悄地飘散了。她是你自己的一部分，她什么都懂，什么都宽宥你。你说真话，她为你心酸；你说假话，她微笑着，仿佛说：&nbsp;<br/>　　&nbsp;<br/>　　 “瞧你这张嘴！”&nbsp;<br/>　　&nbsp;<br/>　　宗桢沉默了一会，忽然说道：“我打算重新结婚。”翠远连忙做出惊慌的神气，叫道：“你要离婚？那……恐怕不行罢？”&nbsp;<br/>　　&nbsp;<br/>　　 宗桢道：“我不能够离婚。我得顾全孩子们的幸福。我大女儿今年十三岁了，才考进了中学，成绩很不错。”翠远暗道：&nbsp;<br/>　　&nbsp;<br/>　　 “这跟当前的问题又有什么关系？”她冷冷地道：“哦，你打算娶妾。”宗桢道：“我预备将她当妻子看待。我——我会替她安排好的。我不会让她为难。”翠远道：“可是，如果她是个好人家的女孩子，只怕她未见得肯罢？种种法律上的麻烦……”宗桢叹了口气道：“是的。你这话对。我没有这权利。&nbsp;<br/>　　&nbsp;<br/>　　我根本不该起这种念头……我年纪也太大了。我已经三十五了。”翠远缓缓地道：“其实，照现在的眼光看来，那倒也不算大。”宗桢默然。半晌方说道：“你…… 几岁？”翠远低下头去道：“二十五。”宗桢顿了一顿，又道：“你是自由的么？”翠远不答。宗桢道：“你不是自由的。即使你答应了，你的家里人也不会答应的，是不是？……是不是？”&nbsp;<br/>　　&nbsp;<br/>　　 翠远抿紧了嘴唇。她家里的人——那些一尘不染的好人——她恨他们！他们哄够了她。他们要她找个有钱的女婿，宗桢没有钱而有太太——气气他们也好！气，活该气！&nbsp;<br/>　　&nbsp;<br/>　　 车上的人又渐渐多了起来，外面许是有了“封锁行将开放”的谣言，乘客一个一个上来，坐下，宗桢与翠远给他们挤得紧紧的，坐近一点，再坐近一点。&nbsp;<br/>　　&nbsp;<br/>　　宗桢与翠远奇怪他们刚才怎么这样的糊涂，就想不到自动地坐近一点，宗桢觉得她太快乐了，不能不抗议。他用苦楚的声音向她说：“不行！这不行！我不能让你牺牲了你的前程！你是上等人，你受过这样好的教育……我——我又没有多少钱，我不能坑了你的一生！”可不是，还是钱的问题。他的话有理。翠远想道：“完了。 ”以后她多半是会嫁人的，可是她的丈夫决不会像一个萍水相逢的人一股的可爱——封锁中的电车上的人……一切再也不会像这样自然。再也不会……呵，这个人，这么笨！这么笨！她只要他的生命中的一部分，谁也不希罕的一部分。他白糟蹋了他自己的幸福。那么愚蠢的浪费！她哭了，可是那不是斯斯文文的，淑女式的哭。她简直把她的眼泪唾到他脸上。他是个好人——世界上的好人又多了一个！&nbsp;<br/>　　&nbsp;<br/>　　 向他解释有什么用？如果一个女人必须倚仗着她的言语来打动一个男人，她也就太可怜了。&nbsp;<br/>　　&nbsp;<br/>　　宗桢一急，竟说不出话来，连连用手去摇撼她手里的阳伞。她不理他。他又去摇撼她的手，道：“我说——我说——这儿有人哪！别！别这样！等会儿我们在电话上仔细谈。你告诉我你的电话。”翠远不答。他逼着问道：“你无论如何得给我一个电话号码。”翠远飞快地说了一遍道：“七五三六九。”&nbsp;<br/>　　&nbsp;<br/>　　 宗桢道：“七五三六九？”她又不做声了。宗桢嘴里喃喃重复着：“七五三六九，”伸手在上下的口袋里掏摸自来水笔，越忙越摸不着。翠远皮包里有红铅笔，但是她有意地不拿出来。&nbsp;<br/>　　&nbsp;<br/>　　 她的电话号码，他理该记得。记不得，他是不爱她，他们也就用不着往下谈了。&nbsp;<br/>　　&nbsp;<br/>　　 封锁开放了。“叮玲玲玲玲玲”摇着铃，每一个“玲”字是冷冷的一点，一点一点连成一条虚线，切断时间与空间。&nbsp;<br/>　　&nbsp;<br/>　　一阵欢呼的风刮过这大城市。电车当当当往前开了。宗桢突然站起身来，挤到人丛中，不见了。翠远偏过头去，只做不理会。他走了。对于她，他等于死了。电车加足了速力前进，黄昏的人行道上，卖臭豆腐干的歇下了担子，一个人捧着文王神卦的匣子，闭着眼霍霍地摇。一个大个子的金发女人，背上背着大草帽，露出大牙齿来向一个意大利水兵一笑，说了句玩笑话。翠远的眼睛看到了他们，他们就活了，只活那么一刹那。车往前当当地跑，他们一个个的死去了。&nbsp;<br/>　　&nbsp;<br/>　　 翠远烦恼地合上了眼。他如果打电话给她，她一定管不住她自己的声音，对他分外的热烈，因为他是一个死去了又活过来的人。&nbsp;<br/>　　&nbsp;<br/>　　 电车里点上了灯，她一睁眼望见他遥遥坐在他原先的位子上。她震了一震——原来他并没有下车去！她明白他的意思了：封锁期间的一切，等于没有发生。整个的上海打了个盹，做了个不近情理的梦。&nbsp;<br/>　　&nbsp;<br/>　　 开电车的放声唱道：“可怜啊可怜！一个人啊没钱！可怜啊可……”一个缝穷婆子慌里慌张掠过车头，横穿过马路。开电车的大喝道：“猪猡！”&nbsp;<br/>　　&nbsp;<br/>　　 吕宗桢到家正赶上吃晚饭。他一面吃一面阅读他女儿的成绩报告单，刚寄来的。他还记得电车上那一回事，可是翠远的脸已经有点模糊——那是天生使人忘记的脸。他不记得她说了些什么，可是他自己的话他记得很清楚——温柔地：&nbsp;<br/>　　 “你——几岁？”慷慨激昂地：“我不能让你牺牲了你的前程！”&nbsp;<br/>　　&nbsp;<br/>　　饭后，他接过热手巾，擦着脸，踱到卧室里来，扭开了电灯。一只乌壳虫从房这头爬到房那头，爬了一半，灯一开，它只得伏在地板的正中，一动也不动。在装死么？在思想着么？整天爬来爬去，很少有思想的时间罢？然而思想毕竟是痛苦的。宗桢捻灭了电灯，手按在机括上，手心汗潮了，浑身一滴滴沁出汗来，像小虫子痒痒地在爬。他又开了灯，乌壳虫不见了，爬回窠里去了。&nbsp;<br/>　　&nbsp;<br/>　　 （一九四三年八月）张爱玲</p><p><br/></p><p>							</p>',`mtime`='1497108269' WHERE `id` = 149 [ RunTime:0.0187s ]
NOTIC: [8] Undefined variable: id /data/wwwroot/blog/Application/Admin/Controller/AjaxController.class.php 第 56 行.
SQL: SHOW COLUMNS FROM `z_category` [ RunTime:0.0003s ]
SQL: SELECT * FROM `z_category` WHERE `name` = '转载' LIMIT 1   [ RunTime:0.0001s ]
SQL: SHOW COLUMNS FROM `z_tag` [ RunTime:0.0003s ]
SQL: SELECT * FROM `z_tag` WHERE `name` = '张爱玲' LIMIT 1   [ RunTime:0.0001s ]

[ 2017-06-10T23:24:31+08:00 ] 110.229.30.230 /admin.php/Post/all
INFO: [ app_init ] --START--
INFO: Run Behavior\BuildLiteBehavior [ RunTime:0.000013s ]
INFO: [ app_init ] --END-- [ RunTime:0.000250s ]
INFO: [ app_begin ] --START--
INFO: Run Behavior\ReadHtmlCacheBehavior [ RunTime:0.000355s ]
INFO: [ app_begin ] --END-- [ RunTime:0.000394s ]
NOTIC: [8] A session had already been started - ignoring session_start() /data/wwwroot/blog/ThinkPHP/Common/functions.php 第 1263 行.
SQL: SHOW COLUMNS FROM `z_post` [ RunTime:0.0006s ]
SQL: SELECT COUNT(*) AS tp_count FROM `z_post` LIMIT 1   [ RunTime:0.0002s ]
SQL: SELECT * FROM `z_post` ORDER BY ctime desc LIMIT 0,20   [ RunTime:0.0006s ]
INFO: [ view_parse ] --START--
INFO: [ template_filter ] --START--
INFO: Run Behavior\ContentReplaceBehavior [ RunTime:0.000059s ]
INFO: [ template_filter ] --END-- [ RunTime:0.000098s ]
NOTIC: [8] Undefined variable: userInfo /data/wwwroot/blog/Application/Runtime/Cache/Admin/c171e2b85832ae9943251ee8295bfacb.php 第 361 行.
INFO: Run Behavior\ParseTemplateBehavior [ RunTime:0.012961s ]
INFO: [ view_parse ] --END-- [ RunTime:0.012998s ]
INFO: [ view_filter ] --START--
INFO: Run Behavior\WriteHtmlCacheBehavior [ RunTime:0.000110s ]
INFO: [ view_filter ] --END-- [ RunTime:0.000143s ]
INFO: [ app_end ] --START--
INFO: Run Behavior\ShowPageTraceBehavior [ RunTime:0.000357s ]
INFO: [ app_end ] --END-- [ RunTime:0.000397s ]

[ 2017-06-10T23:24:31+08:00 ] 110.229.30.230 /admin.php/Post/all
INFO: [ app_init ] --START--
INFO: Run Behavior\BuildLiteBehavior [ RunTime:0.000012s ]
INFO: [ app_init ] --END-- [ RunTime:0.000295s ]
INFO: [ app_begin ] --START--
INFO: Run Behavior\ReadHtmlCacheBehavior [ RunTime:0.000344s ]
INFO: [ app_begin ] --END-- [ RunTime:0.000382s ]
NOTIC: [8] A session had already been started - ignoring session_start() /data/wwwroot/blog/ThinkPHP/Common/functions.php 第 1263 行.
SQL: SHOW COLUMNS FROM `z_post` [ RunTime:0.0006s ]
SQL: SELECT COUNT(*) AS tp_count FROM `z_post` LIMIT 1   [ RunTime:0.0001s ]
SQL: SELECT * FROM `z_post` ORDER BY ctime desc LIMIT 0,20   [ RunTime:0.0002s ]
INFO: [ view_parse ] --START--
INFO: [ template_filter ] --START--
INFO: Run Behavior\ContentReplaceBehavior [ RunTime:0.000059s ]
INFO: [ template_filter ] --END-- [ RunTime:0.000099s ]
NOTIC: [8] Undefined variable: userInfo /data/wwwroot/blog/Application/Runtime/Cache/Admin/c171e2b85832ae9943251ee8295bfacb.php 第 361 行.
INFO: Run Behavior\ParseTemplateBehavior [ RunTime:0.013091s ]
INFO: [ view_parse ] --END-- [ RunTime:0.013129s ]
INFO: [ view_filter ] --START--
INFO: Run Behavior\WriteHtmlCacheBehavior [ RunTime:0.000110s ]
INFO: [ view_filter ] --END-- [ RunTime:0.000142s ]
INFO: [ app_end ] --START--
INFO: Run Behavior\ShowPageTraceBehavior [ RunTime:0.000310s ]
INFO: [ app_end ] --END-- [ RunTime:0.000349s ]

