[ 2017-03-29T20:28:50+08:00 ] 203.130.43.155 /admin.php
INFO: [ app_init ] --START--
INFO: Run Behavior\BuildLiteBehavior [ RunTime:0.000012s ]
INFO: [ app_init ] --END-- [ RunTime:0.000298s ]
INFO: [ app_begin ] --START--
INFO: Run Behavior\ReadHtmlCacheBehavior [ RunTime:0.000326s ]
INFO: [ app_begin ] --END-- [ RunTime:0.000363s ]
NOTIC: [8] A session had already been started - ignoring session_start() /data/wwwroot/blog/ThinkPHP/Common/functions.php 第 1263 行.

[ 2017-03-29T20:28:50+08:00 ] 203.130.43.155 /admin.php/Login/login
INFO: [ app_init ] --START--
INFO: Run Behavior\BuildLiteBehavior [ RunTime:0.000011s ]
INFO: [ app_init ] --END-- [ RunTime:0.000273s ]
INFO: [ app_begin ] --START--
INFO: Run Behavior\ReadHtmlCacheBehavior [ RunTime:0.000289s ]
INFO: [ app_begin ] --END-- [ RunTime:0.000325s ]
NOTIC: [8] A session had already been started - ignoring session_start() /data/wwwroot/blog/ThinkPHP/Common/functions.php 第 1263 行.
INFO: [ view_parse ] --START--
INFO: [ template_filter ] --START--
INFO: Run Behavior\ContentReplaceBehavior [ RunTime:0.000030s ]
INFO: [ template_filter ] --END-- [ RunTime:0.000068s ]
INFO: Run Behavior\ParseTemplateBehavior [ RunTime:0.004295s ]
INFO: [ view_parse ] --END-- [ RunTime:0.004333s ]
INFO: [ view_filter ] --START--
INFO: Run Behavior\WriteHtmlCacheBehavior [ RunTime:0.000106s ]
INFO: [ view_filter ] --END-- [ RunTime:0.000136s ]
INFO: [ app_end ] --START--
INFO: Run Behavior\ShowPageTraceBehavior [ RunTime:0.000351s ]
INFO: [ app_end ] --END-- [ RunTime:0.000385s ]

[ 2017-03-29T20:28:51+08:00 ] 203.130.43.155 /admin.php/Login/login
INFO: [ app_init ] --START--
INFO: Run Behavior\BuildLiteBehavior [ RunTime:0.000011s ]
INFO: [ app_init ] --END-- [ RunTime:0.000255s ]
INFO: [ app_begin ] --START--
INFO: Run Behavior\ReadHtmlCacheBehavior [ RunTime:0.000350s ]
INFO: [ app_begin ] --END-- [ RunTime:0.000388s ]
NOTIC: [8] A session had already been started - ignoring session_start() /data/wwwroot/blog/ThinkPHP/Common/functions.php 第 1263 行.
INFO: [ view_parse ] --START--
INFO: [ template_filter ] --START--
INFO: Run Behavior\ContentReplaceBehavior [ RunTime:0.000030s ]
INFO: [ template_filter ] --END-- [ RunTime:0.000067s ]
INFO: Run Behavior\ParseTemplateBehavior [ RunTime:0.004560s ]
INFO: [ view_parse ] --END-- [ RunTime:0.004624s ]
INFO: [ view_filter ] --START--
INFO: Run Behavior\WriteHtmlCacheBehavior [ RunTime:0.000177s ]
INFO: [ view_filter ] --END-- [ RunTime:0.000223s ]
INFO: [ app_end ] --START--
INFO: Run Behavior\ShowPageTraceBehavior [ RunTime:0.000361s ]
INFO: [ app_end ] --END-- [ RunTime:0.000397s ]

[ 2017-03-29T20:28:52+08:00 ] 203.130.43.155 /admin.php/Ajax/login
INFO: [ app_init ] --START--
INFO: Run Behavior\BuildLiteBehavior [ RunTime:0.000015s ]
INFO: [ app_init ] --END-- [ RunTime:0.000262s ]
INFO: [ app_begin ] --START--
INFO: Run Behavior\ReadHtmlCacheBehavior [ RunTime:0.000306s ]
INFO: [ app_begin ] --END-- [ RunTime:0.000344s ]
NOTIC: [8] A session had already been started - ignoring session_start() /data/wwwroot/blog/ThinkPHP/Common/functions.php 第 1263 行.

[ 2017-03-29T20:28:52+08:00 ] 203.130.43.155 /admin.php
INFO: [ app_init ] --START--
INFO: Run Behavior\BuildLiteBehavior [ RunTime:0.000010s ]
INFO: [ app_init ] --END-- [ RunTime:0.000271s ]
INFO: [ app_begin ] --START--
INFO: Run Behavior\ReadHtmlCacheBehavior [ RunTime:0.000279s ]
INFO: [ app_begin ] --END-- [ RunTime:0.000316s ]
NOTIC: [8] A session had already been started - ignoring session_start() /data/wwwroot/blog/ThinkPHP/Common/functions.php 第 1263 行.
SQL: SHOW COLUMNS FROM `z_category` [ RunTime:0.0005s ]
SQL: SELECT * FROM `z_category`  [ RunTime:0.0001s ]
SQL: SHOW COLUMNS FROM `z_tag` [ RunTime:0.0003s ]
SQL: SELECT * FROM `z_tag`  [ RunTime:0.0001s ]
INFO: [ view_parse ] --START--
INFO: [ template_filter ] --START--
INFO: Run Behavior\ContentReplaceBehavior [ RunTime:0.000072s ]
INFO: [ template_filter ] --END-- [ RunTime:0.000135s ]
NOTIC: [8] Undefined variable: userInfo /data/wwwroot/blog/Application/Runtime/Cache/Admin/b595b808c2ebeeeb0478ffc30bb4e87a.php 第 361 行.
NOTIC: [8] Undefined variable: hospitalInfo /data/wwwroot/blog/Application/Runtime/Cache/Admin/b595b808c2ebeeeb0478ffc30bb4e87a.php 第 424 行.
NOTIC: [8] Undefined variable: hospitalInfo /data/wwwroot/blog/Application/Runtime/Cache/Admin/b595b808c2ebeeeb0478ffc30bb4e87a.php 第 438 行.
INFO: Run Behavior\ParseTemplateBehavior [ RunTime:0.013583s ]
INFO: [ view_parse ] --END-- [ RunTime:0.013620s ]
INFO: [ view_filter ] --START--
INFO: Run Behavior\WriteHtmlCacheBehavior [ RunTime:0.000132s ]
INFO: [ view_filter ] --END-- [ RunTime:0.000164s ]
INFO: [ app_end ] --START--
INFO: Run Behavior\ShowPageTraceBehavior [ RunTime:0.000393s ]
INFO: [ app_end ] --END-- [ RunTime:0.000431s ]

[ 2017-03-29T20:28:53+08:00 ] 203.130.43.155 /admin.php
INFO: [ app_init ] --START--
INFO: Run Behavior\BuildLiteBehavior [ RunTime:0.000012s ]
INFO: [ app_init ] --END-- [ RunTime:0.000249s ]
INFO: [ app_begin ] --START--
INFO: Run Behavior\ReadHtmlCacheBehavior [ RunTime:0.000348s ]
INFO: [ app_begin ] --END-- [ RunTime:0.000387s ]
NOTIC: [8] A session had already been started - ignoring session_start() /data/wwwroot/blog/ThinkPHP/Common/functions.php 第 1263 行.
SQL: SHOW COLUMNS FROM `z_category` [ RunTime:0.0005s ]
SQL: SELECT * FROM `z_category`  [ RunTime:0.0001s ]
SQL: SHOW COLUMNS FROM `z_tag` [ RunTime:0.0003s ]
SQL: SELECT * FROM `z_tag`  [ RunTime:0.0001s ]
INFO: [ view_parse ] --START--
INFO: [ template_filter ] --START--
INFO: Run Behavior\ContentReplaceBehavior [ RunTime:0.000070s ]
INFO: [ template_filter ] --END-- [ RunTime:0.000128s ]
NOTIC: [8] Undefined variable: userInfo /data/wwwroot/blog/Application/Runtime/Cache/Admin/b595b808c2ebeeeb0478ffc30bb4e87a.php 第 361 行.
NOTIC: [8] Undefined variable: hospitalInfo /data/wwwroot/blog/Application/Runtime/Cache/Admin/b595b808c2ebeeeb0478ffc30bb4e87a.php 第 424 行.
NOTIC: [8] Undefined variable: hospitalInfo /data/wwwroot/blog/Application/Runtime/Cache/Admin/b595b808c2ebeeeb0478ffc30bb4e87a.php 第 438 行.
INFO: Run Behavior\ParseTemplateBehavior [ RunTime:0.013653s ]
INFO: [ view_parse ] --END-- [ RunTime:0.013691s ]
INFO: [ view_filter ] --START--
INFO: Run Behavior\WriteHtmlCacheBehavior [ RunTime:0.000130s ]
INFO: [ view_filter ] --END-- [ RunTime:0.000162s ]
INFO: [ app_end ] --START--
INFO: Run Behavior\ShowPageTraceBehavior [ RunTime:0.000345s ]
INFO: [ app_end ] --END-- [ RunTime:0.000424s ]

[ 2017-03-29T21:36:04+08:00 ] 203.130.43.155 /admin.php/Ajax/addNewPost
INFO: [ app_init ] --START--
INFO: Run Behavior\BuildLiteBehavior [ RunTime:0.000012s ]
INFO: [ app_init ] --END-- [ RunTime:0.000296s ]
INFO: [ app_begin ] --START--
INFO: Run Behavior\ReadHtmlCacheBehavior [ RunTime:0.000311s ]
INFO: [ app_begin ] --END-- [ RunTime:0.000350s ]
NOTIC: [8] A session had already been started - ignoring session_start() /data/wwwroot/blog/ThinkPHP/Common/functions.php 第 1263 行.
NOTIC: [8] Undefined index: id /data/wwwroot/blog/Application/Admin/Controller/AjaxController.class.php 第 53 行.
SQL: SHOW COLUMNS FROM `z_post` [ RunTime:0.0006s ]
SQL: INSERT INTO `z_post` (`title`,`category`,`tag`,`summary`,`content`,`pubtime`,`mtime`,`ctime`) VALUES ('nfs服务配置','linux','nfs','NFS是NETWORK FILE SERVICE的简称。它的优点是磁盘共享。 ','<h3>题记</h3><p><strong>在说明配置方法之前，我们先看一下一台挂在了NFS服务的主机的硬盘情况：</strong></p><pre class=\"brush:as3;toolbar:false\">[root@localhost&nbsp;~]#&nbsp;df&nbsp;-h
Filesystem&nbsp;&nbsp;&nbsp;&nbsp;&nbsp;&nbsp;&nbsp;&nbsp;&nbsp;&nbsp;&nbsp;Size&nbsp;&nbsp;Used&nbsp;Avail&nbsp;Use%&nbsp;Mounted&nbsp;on
/dev/sda3&nbsp;&nbsp;&nbsp;&nbsp;&nbsp;&nbsp;&nbsp;&nbsp;&nbsp;&nbsp;&nbsp;&nbsp;&nbsp;18G&nbsp;&nbsp;6.1G&nbsp;&nbsp;&nbsp;11G&nbsp;&nbsp;37%&nbsp;/
tmpfs&nbsp;&nbsp;&nbsp;&nbsp;&nbsp;&nbsp;&nbsp;&nbsp;&nbsp;&nbsp;&nbsp;&nbsp;&nbsp;&nbsp;&nbsp;&nbsp;495M&nbsp;&nbsp;&nbsp;&nbsp;&nbsp;0&nbsp;&nbsp;495M&nbsp;&nbsp;&nbsp;0%&nbsp;/dev/shm
/dev/sda1&nbsp;&nbsp;&nbsp;&nbsp;&nbsp;&nbsp;&nbsp;&nbsp;&nbsp;&nbsp;&nbsp;&nbsp;194M&nbsp;&nbsp;&nbsp;27M&nbsp;&nbsp;158M&nbsp;&nbsp;15%&nbsp;/boot
10.21.93.208:/home/&nbsp;&nbsp;&nbsp;18G&nbsp;&nbsp;6.1G&nbsp;&nbsp;&nbsp;11G&nbsp;&nbsp;37%&nbsp;/mnt</pre><p>我们发现磁盘列表里有一块10.21.93.208:/home/。这就是通过我们的NFS服务，挂过来的。它挂在/mnt目录下面。只要有权限，我们可以，像使用本地磁盘一样使用挂在/mnt目录下的10.21.93.208:/home/这个目录。</p><p>我所在的上一家公司就使用了这种技术。公司把所有的程序代码放在一个NFS服务器上。所有的web服务器都挂在了NFS上的代码目录，这样规避了很多同步代码的问题，还有写入同步的问题。但是这样有个风险，如果NFS服务挂了，所有WEB服务器都读不到程序了。这种情况下，可以做NFS主备。</p><p><strong>NFS服务器上的配置</strong></p><p>安装<span style=\"font-family: Verdana, Arial, sans-serif; font-size: medium; text-align: justify; background-color: rgb(255, 255, 255);\">nfs-utils和rpcbind</span></p><pre style=\"margin-top: 0px; margin-bottom: 0px; padding: 0px; text-align: justify;\">yum&nbsp;install&nbsp;-y&nbsp;nfs-utils
yum&nbsp;install&nbsp;-y&nbsp;rpcbind</pre><p>安装好之后，编辑配置文件</p><p>vim /etc/exports</p><pre class=\"brush:as3;toolbar:false\">/home/&nbsp;10.21.93.205(rw,sync,all_squash,anonuid=500,anongid=503)
/home/&nbsp;10.21.93.204(rw,sync,all_squash,anonuid=500,anongid=503)</pre><p>这段配置表示将本机的home目录允许10.21.93.204和205两台主机挂载。</p><pre class=\"brush:as3;toolbar:false\">rw&nbsp;：读写；
ro&nbsp;：只读；
sync&nbsp;：同步模式，内存中数据时时写入磁盘；
async&nbsp;：不同步，把内存中数据定期写入磁盘中；
no_root_squash&nbsp;：加上这个选项后，root用户就会对共享的目录拥有至高的权限控制，就像是对本机的目录操作一样。不安全，不建议使用；
root_squash：和上面的选项对应，root用户对共享目录的权限不高，只有普通用户的权限，即限制了root；
all_squash：不管使用NFS的用户是谁，他的身份都会被限定成为一个指定的普通用户身份；
anonuid/anongid&nbsp;：要和root_squash&nbsp;以及all_squash一同使用，用于指定使用NFS的用户限定后的uid和gid，前提是本机的/etc/passwd中存在这个uid和gid。</pre><h3>启动nfs服务：</h3><pre style=\"margin-top: 0px; margin-bottom: 0px; padding: 0px; text-align: justify;\">/etc/init.d/rpcbind&nbsp;start;
/etc/init.d/nfs&nbsp;start</pre><p>到这里服务端的nfs服务已经配置好了，再来看客户机上怎么挂载这个nfs的磁盘。</p><h3>客户端的配置</h3><p>同样需要安装nfs-utils</p><pre style=\"margin-top: 0px; margin-bottom: 0px; padding: 0px; text-align: justify;\">&nbsp;yum&nbsp;install&nbsp;-y&nbsp;nfs-utils</pre><p>安装好之后，运行命令看看nfs服务器上的允许挂载的情况：</p><pre class=\"brush:as3;toolbar:false\">showmount&nbsp;-e&nbsp;10.21.93.208
Export&nbsp;list&nbsp;for&nbsp;10.21.93.208:
/home&nbsp;10.21.93.204,10.21.93.205</pre><p>发现208（服务器）上可允许的ip有204和205这两台机器。这个时候可以开始挂载了。<br/></p><pre style=\"margin-top: 0px; margin-bottom: 0px; padding: 0px; text-align: justify;\">mount&nbsp;-t&nbsp;nfs&nbsp;-o&nbsp;nolock&nbsp;10.21.93.208:/home/&nbsp;/test/</pre><p>这句的命令是-t表示type为nfs,-o nolock表示不锁定。后面表示将10.21.93.208:/home/ 挂载到本机的/test目录下。注意，如果没有/test目录，需要创建。<br/></p><p>挂载好之后看看：</p><p>df -h</p><pre class=\"brush:as3;toolbar:false\">Filesystem&nbsp;&nbsp;&nbsp;&nbsp;&nbsp;&nbsp;&nbsp;&nbsp;&nbsp;&nbsp;&nbsp;Size&nbsp;&nbsp;Used&nbsp;Avail&nbsp;Use%&nbsp;Mounted&nbsp;on
/dev/sda3&nbsp;&nbsp;&nbsp;&nbsp;&nbsp;&nbsp;&nbsp;&nbsp;&nbsp;&nbsp;&nbsp;&nbsp;&nbsp;18G&nbsp;&nbsp;6.1G&nbsp;&nbsp;&nbsp;11G&nbsp;&nbsp;37%&nbsp;/
tmpfs&nbsp;&nbsp;&nbsp;&nbsp;&nbsp;&nbsp;&nbsp;&nbsp;&nbsp;&nbsp;&nbsp;&nbsp;&nbsp;&nbsp;&nbsp;&nbsp;495M&nbsp;&nbsp;&nbsp;&nbsp;&nbsp;0&nbsp;&nbsp;495M&nbsp;&nbsp;&nbsp;0%&nbsp;/dev/shm
/dev/sda1&nbsp;&nbsp;&nbsp;&nbsp;&nbsp;&nbsp;&nbsp;&nbsp;&nbsp;&nbsp;&nbsp;&nbsp;194M&nbsp;&nbsp;&nbsp;27M&nbsp;&nbsp;158M&nbsp;&nbsp;15%&nbsp;/boot
10.21.93.208:/home/&nbsp;&nbsp;&nbsp;18G&nbsp;&nbsp;6.1G&nbsp;&nbsp;&nbsp;11G&nbsp;&nbsp;37%&nbsp;/test</pre><p>发现10.21.93.208上的/home/目录已经被挂载到了本机的/test下。</p><p>我们在/test目录下创建一个文件：touch a.txt。然后看看详情：</p><p>[root@localhost test]# ls -l</p><p>总用量 8</p><p>-rw-r--r--. 1 ruanwenwu nobody &nbsp; &nbsp;0 3月 &nbsp;29 08:45 a.txt</p><p>drwx--x-wx. 3 mysql &nbsp; &nbsp; mysql &nbsp;4096 3月 &nbsp; 6 21:18 mysql</p><p>drwx------. 3 nobody &nbsp; &nbsp;nobody 4096 3月 &nbsp;27 08:37 ruanwenwu2</p><p>所有者是ruanwenwu,所属组为nobody。我们应该还记得，在我们的nfs服务的配置里，操作共享目录的用户和用户组id分别为500和503。我们再看看本机的/etc/passwd</p><p>[root@localhost test]# cat /etc/passwd|grep -E &quot;500|503&quot;</p><p>ruanwenwu:x:500:500::/home/ruanwenwu:/bin/bash</p><p>500是ruanwenwu,而没有找到503这个组。所以组是nobody。如果我们在本机，也就是204上，创建一个503的组会怎样呢？这个文件所属组会不会归到这个组下呢？</p><p><span style=\"color: rgb(255, 0, 0);\">结果没有，还是nobody~~,我表示蒙了，马上要回家赶地铁了，回头再研究吧。</span></p><h3>更改配置文件后的处理</h3><pre style=\"margin-top: 0px; margin-bottom: 0px; padding: 0px; text-align: justify;\">exportfs&nbsp;-arv</pre><p>这样，就不需要重启nfs服务也能使更改生效。</p><h3>将nfs挂载加入到开机启动</h3><p>vim&nbsp;<span style=\"font-family: Verdana, Arial, sans-serif; font-size: medium; text-align: justify; background-color: rgb(255, 255, 255);\">/etc/fstab,加上一行：</span></p><pre class=\"brush:as3;toolbar:false\">10.21.93.208:/home/&nbsp;&nbsp;&nbsp;&nbsp;/test&nbsp;&nbsp;&nbsp;&nbsp;&nbsp;&nbsp;&nbsp;&nbsp;&nbsp;&nbsp;&nbsp;&nbsp;&nbsp;&nbsp;&nbsp;&nbsp;&nbsp;&nbsp;&nbsp;nfs&nbsp;&nbsp;&nbsp;&nbsp;&nbsp;nolock&nbsp;&nbsp;&nbsp;&nbsp;&nbsp;&nbsp;&nbsp;&nbsp;&nbsp;&nbsp;0&nbsp;0</pre><p><span style=\"font-family: Verdana, Arial, sans-serif; font-size: medium; text-align: justify; background-color: rgb(255, 255, 255);\">然后运行：</span><br/></p><pre class=\"brush:as3;toolbar:false\">mount&nbsp;-a</pre><p style=\"text-align: justify;\"><font face=\"Verdana, Arial, sans-serif\" size=\"3\"><span style=\"background-color: rgb(255, 255, 255);\">可以发现已经挂载上了。而且即使以后重启电脑也能自动挂载上了。</span></font></p>','1490794564','1490794564','1490794564') [ RunTime:0.1753s ]
SQL: SHOW COLUMNS FROM `z_category` [ RunTime:0.0006s ]
SQL: SELECT * FROM `z_category` WHERE `name` = 'linux' LIMIT 1   [ RunTime:0.0001s ]
SQL: SHOW COLUMNS FROM `z_tag` [ RunTime:0.0003s ]
SQL: SELECT * FROM `z_tag` WHERE `name` = 'nfs' LIMIT 1   [ RunTime:0.0002s ]
SQL: INSERT INTO `z_tag` (`name`) VALUES ('nfs') [ RunTime:0.0002s ]

[ 2017-03-29T21:36:06+08:00 ] 203.130.43.155 /admin.php/Post/all
INFO: [ app_init ] --START--
INFO: Run Behavior\BuildLiteBehavior [ RunTime:0.000013s ]
INFO: [ app_init ] --END-- [ RunTime:0.000295s ]
INFO: [ app_begin ] --START--
INFO: Run Behavior\ReadHtmlCacheBehavior [ RunTime:0.000330s ]
INFO: [ app_begin ] --END-- [ RunTime:0.000369s ]
NOTIC: [8] A session had already been started - ignoring session_start() /data/wwwroot/blog/ThinkPHP/Common/functions.php 第 1263 行.
SQL: SHOW COLUMNS FROM `z_post` [ RunTime:0.0006s ]
SQL: SELECT COUNT(*) AS tp_count FROM `z_post` LIMIT 1   [ RunTime:0.0002s ]
SQL: SELECT * FROM `z_post` ORDER BY ctime desc LIMIT 0,20   [ RunTime:0.0005s ]
INFO: [ view_parse ] --START--
INFO: [ template_filter ] --START--
INFO: Run Behavior\ContentReplaceBehavior [ RunTime:0.000059s ]
INFO: [ template_filter ] --END-- [ RunTime:0.000100s ]
NOTIC: [8] Undefined variable: userInfo /data/wwwroot/blog/Application/Runtime/Cache/Admin/c171e2b85832ae9943251ee8295bfacb.php 第 361 行.
INFO: Run Behavior\ParseTemplateBehavior [ RunTime:0.013071s ]
INFO: [ view_parse ] --END-- [ RunTime:0.013109s ]
INFO: [ view_filter ] --START--
INFO: Run Behavior\WriteHtmlCacheBehavior [ RunTime:0.000111s ]
INFO: [ view_filter ] --END-- [ RunTime:0.000143s ]
INFO: [ app_end ] --START--
INFO: Run Behavior\ShowPageTraceBehavior [ RunTime:0.000318s ]
INFO: [ app_end ] --END-- [ RunTime:0.000358s ]

[ 2017-03-29T21:36:06+08:00 ] 203.130.43.155 /admin.php/Post/all
INFO: [ app_init ] --START--
INFO: Run Behavior\BuildLiteBehavior [ RunTime:0.000013s ]
INFO: [ app_init ] --END-- [ RunTime:0.000256s ]
INFO: [ app_begin ] --START--
INFO: Run Behavior\ReadHtmlCacheBehavior [ RunTime:0.000306s ]
INFO: [ app_begin ] --END-- [ RunTime:0.000344s ]
NOTIC: [8] A session had already been started - ignoring session_start() /data/wwwroot/blog/ThinkPHP/Common/functions.php 第 1263 行.
SQL: SHOW COLUMNS FROM `z_post` [ RunTime:0.0006s ]
SQL: SELECT COUNT(*) AS tp_count FROM `z_post` LIMIT 1   [ RunTime:0.0001s ]
SQL: SELECT * FROM `z_post` ORDER BY ctime desc LIMIT 0,20   [ RunTime:0.0001s ]
INFO: [ view_parse ] --START--
INFO: [ template_filter ] --START--
INFO: Run Behavior\ContentReplaceBehavior [ RunTime:0.000056s ]
INFO: [ template_filter ] --END-- [ RunTime:0.000096s ]
NOTIC: [8] Undefined variable: userInfo /data/wwwroot/blog/Application/Runtime/Cache/Admin/c171e2b85832ae9943251ee8295bfacb.php 第 361 行.
INFO: Run Behavior\ParseTemplateBehavior [ RunTime:0.012818s ]
INFO: [ view_parse ] --END-- [ RunTime:0.012855s ]
INFO: [ view_filter ] --START--
INFO: Run Behavior\WriteHtmlCacheBehavior [ RunTime:0.000110s ]
INFO: [ view_filter ] --END-- [ RunTime:0.000142s ]
INFO: [ app_end ] --START--
INFO: Run Behavior\ShowPageTraceBehavior [ RunTime:0.000358s ]
INFO: [ app_end ] --END-- [ RunTime:0.000396s ]

