[ 2017-05-11T21:38:24+08:00 ] 203.130.43.155 /admin.php
INFO: [ app_init ] --START--
INFO: Run Behavior\BuildLiteBehavior [ RunTime:0.000013s ]
INFO: [ app_init ] --END-- [ RunTime:0.000256s ]
INFO: [ app_begin ] --START--
INFO: Run Behavior\ReadHtmlCacheBehavior [ RunTime:0.000352s ]
INFO: [ app_begin ] --END-- [ RunTime:0.000391s ]
NOTIC: [8] A session had already been started - ignoring session_start() /data/wwwroot/blog/ThinkPHP/Common/functions.php 第 1263 行.

[ 2017-05-11T21:38:24+08:00 ] 203.130.43.155 /admin.php/Login/login
INFO: [ app_init ] --START--
INFO: Run Behavior\BuildLiteBehavior [ RunTime:0.000015s ]
INFO: [ app_init ] --END-- [ RunTime:0.000314s ]
INFO: [ app_begin ] --START--
INFO: Run Behavior\ReadHtmlCacheBehavior [ RunTime:0.000319s ]
INFO: [ app_begin ] --END-- [ RunTime:0.000357s ]
NOTIC: [8] A session had already been started - ignoring session_start() /data/wwwroot/blog/ThinkPHP/Common/functions.php 第 1263 行.
INFO: [ view_parse ] --START--
INFO: [ template_filter ] --START--
INFO: Run Behavior\ContentReplaceBehavior [ RunTime:0.000032s ]
INFO: [ template_filter ] --END-- [ RunTime:0.000072s ]
INFO: Run Behavior\ParseTemplateBehavior [ RunTime:0.004446s ]
INFO: [ view_parse ] --END-- [ RunTime:0.004485s ]
INFO: [ view_filter ] --START--
INFO: Run Behavior\WriteHtmlCacheBehavior [ RunTime:0.000107s ]
INFO: [ view_filter ] --END-- [ RunTime:0.000138s ]
INFO: [ app_end ] --START--
INFO: Run Behavior\ShowPageTraceBehavior [ RunTime:0.000377s ]
INFO: [ app_end ] --END-- [ RunTime:0.000411s ]

[ 2017-05-11T21:38:25+08:00 ] 203.130.43.155 /admin.php/Login/login
INFO: [ app_init ] --START--
INFO: Run Behavior\BuildLiteBehavior [ RunTime:0.000012s ]
INFO: [ app_init ] --END-- [ RunTime:0.000247s ]
INFO: [ app_begin ] --START--
INFO: Run Behavior\ReadHtmlCacheBehavior [ RunTime:0.000358s ]
INFO: [ app_begin ] --END-- [ RunTime:0.000398s ]
NOTIC: [8] A session had already been started - ignoring session_start() /data/wwwroot/blog/ThinkPHP/Common/functions.php 第 1263 行.
INFO: [ view_parse ] --START--
INFO: [ template_filter ] --START--
INFO: Run Behavior\ContentReplaceBehavior [ RunTime:0.000032s ]
INFO: [ template_filter ] --END-- [ RunTime:0.000071s ]
INFO: Run Behavior\ParseTemplateBehavior [ RunTime:0.009942s ]
INFO: [ view_parse ] --END-- [ RunTime:0.009981s ]
INFO: [ view_filter ] --START--
INFO: Run Behavior\WriteHtmlCacheBehavior [ RunTime:0.000107s ]
INFO: [ view_filter ] --END-- [ RunTime:0.000138s ]
INFO: [ app_end ] --START--
INFO: Run Behavior\ShowPageTraceBehavior [ RunTime:0.000316s ]
INFO: [ app_end ] --END-- [ RunTime:0.000350s ]

[ 2017-05-11T21:38:26+08:00 ] 203.130.43.155 /admin.php/Ajax/login
INFO: [ app_init ] --START--
INFO: Run Behavior\BuildLiteBehavior [ RunTime:0.000012s ]
INFO: [ app_init ] --END-- [ RunTime:0.000249s ]
INFO: [ app_begin ] --START--
INFO: Run Behavior\ReadHtmlCacheBehavior [ RunTime:0.000310s ]
INFO: [ app_begin ] --END-- [ RunTime:0.000346s ]
NOTIC: [8] A session had already been started - ignoring session_start() /data/wwwroot/blog/ThinkPHP/Common/functions.php 第 1263 行.

[ 2017-05-11T21:38:26+08:00 ] 203.130.43.155 /admin.php
INFO: [ app_init ] --START--
INFO: Run Behavior\BuildLiteBehavior [ RunTime:0.000010s ]
INFO: [ app_init ] --END-- [ RunTime:0.000219s ]
INFO: [ app_begin ] --START--
INFO: Run Behavior\ReadHtmlCacheBehavior [ RunTime:0.000275s ]
INFO: [ app_begin ] --END-- [ RunTime:0.000312s ]
NOTIC: [8] A session had already been started - ignoring session_start() /data/wwwroot/blog/ThinkPHP/Common/functions.php 第 1263 行.
SQL: SHOW COLUMNS FROM `z_category` [ RunTime:0.0005s ]
SQL: SELECT * FROM `z_category`  [ RunTime:0.0001s ]
SQL: SHOW COLUMNS FROM `z_tag` [ RunTime:0.0003s ]
SQL: SELECT * FROM `z_tag`  [ RunTime:0.0001s ]
INFO: [ view_parse ] --START--
INFO: [ template_filter ] --START--
INFO: Run Behavior\ContentReplaceBehavior [ RunTime:0.000063s ]
INFO: [ template_filter ] --END-- [ RunTime:0.000102s ]
NOTIC: [8] Undefined variable: userInfo /data/wwwroot/blog/Application/Runtime/Cache/Admin/b595b808c2ebeeeb0478ffc30bb4e87a.php 第 361 行.
NOTIC: [8] Undefined variable: hospitalInfo /data/wwwroot/blog/Application/Runtime/Cache/Admin/b595b808c2ebeeeb0478ffc30bb4e87a.php 第 424 行.
NOTIC: [8] Undefined variable: hospitalInfo /data/wwwroot/blog/Application/Runtime/Cache/Admin/b595b808c2ebeeeb0478ffc30bb4e87a.php 第 438 行.
INFO: Run Behavior\ParseTemplateBehavior [ RunTime:0.013260s ]
INFO: [ view_parse ] --END-- [ RunTime:0.013295s ]
INFO: [ view_filter ] --START--
INFO: Run Behavior\WriteHtmlCacheBehavior [ RunTime:0.000110s ]
INFO: [ view_filter ] --END-- [ RunTime:0.000142s ]
INFO: [ app_end ] --START--
INFO: Run Behavior\ShowPageTraceBehavior [ RunTime:0.000354s ]
INFO: [ app_end ] --END-- [ RunTime:0.000392s ]

[ 2017-05-11T21:38:27+08:00 ] 203.130.43.155 /admin.php
INFO: [ app_init ] --START--
INFO: Run Behavior\BuildLiteBehavior [ RunTime:0.000013s ]
INFO: [ app_init ] --END-- [ RunTime:0.000325s ]
INFO: [ app_begin ] --START--
INFO: Run Behavior\ReadHtmlCacheBehavior [ RunTime:0.000359s ]
INFO: [ app_begin ] --END-- [ RunTime:0.000397s ]
NOTIC: [8] A session had already been started - ignoring session_start() /data/wwwroot/blog/ThinkPHP/Common/functions.php 第 1263 行.
SQL: SHOW COLUMNS FROM `z_category` [ RunTime:0.0005s ]
SQL: SELECT * FROM `z_category`  [ RunTime:0.0001s ]
SQL: SHOW COLUMNS FROM `z_tag` [ RunTime:0.0003s ]
SQL: SELECT * FROM `z_tag`  [ RunTime:0.0001s ]
INFO: [ view_parse ] --START--
INFO: [ template_filter ] --START--
INFO: Run Behavior\ContentReplaceBehavior [ RunTime:0.000087s ]
INFO: [ template_filter ] --END-- [ RunTime:0.000130s ]
NOTIC: [8] Undefined variable: userInfo /data/wwwroot/blog/Application/Runtime/Cache/Admin/b595b808c2ebeeeb0478ffc30bb4e87a.php 第 361 行.
NOTIC: [8] Undefined variable: hospitalInfo /data/wwwroot/blog/Application/Runtime/Cache/Admin/b595b808c2ebeeeb0478ffc30bb4e87a.php 第 424 行.
NOTIC: [8] Undefined variable: hospitalInfo /data/wwwroot/blog/Application/Runtime/Cache/Admin/b595b808c2ebeeeb0478ffc30bb4e87a.php 第 438 行.
INFO: Run Behavior\ParseTemplateBehavior [ RunTime:0.013669s ]
INFO: [ view_parse ] --END-- [ RunTime:0.013705s ]
INFO: [ view_filter ] --START--
INFO: Run Behavior\WriteHtmlCacheBehavior [ RunTime:0.000112s ]
INFO: [ view_filter ] --END-- [ RunTime:0.000144s ]
INFO: [ app_end ] --START--
INFO: Run Behavior\ShowPageTraceBehavior [ RunTime:0.000371s ]
INFO: [ app_end ] --END-- [ RunTime:0.000411s ]

[ 2017-05-11T21:45:56+08:00 ] 203.130.43.155 /admin.php/Ajax/addNewPost
INFO: [ app_init ] --START--
INFO: Run Behavior\BuildLiteBehavior [ RunTime:0.000013s ]
INFO: [ app_init ] --END-- [ RunTime:0.000251s ]
INFO: [ app_begin ] --START--
INFO: Run Behavior\ReadHtmlCacheBehavior [ RunTime:0.000311s ]
INFO: [ app_begin ] --END-- [ RunTime:0.000350s ]
NOTIC: [8] A session had already been started - ignoring session_start() /data/wwwroot/blog/ThinkPHP/Common/functions.php 第 1263 行.
NOTIC: [8] Undefined index: id /data/wwwroot/blog/Application/Admin/Controller/AjaxController.class.php 第 53 行.
SQL: SHOW COLUMNS FROM `z_post` [ RunTime:0.0006s ]
SQL: INSERT INTO `z_post` (`title`,`category`,`tag`,`summary`,`content`,`pubtime`,`mtime`,`ctime`) VALUES ('读《岁月静好》','散文','温暖','关于取悦，我们做最好的自己是取悦自己，除此之外也会取悦别人，这没什么不好的。','<p><span style=\"font-family: punctuation; color: rgb(146, 208, 80); background-color: rgb(255, 255, 255); font-size: 16px;\">数都数不清了。原来我们已经度过了人生中的那么多岁月。</span></p><p><span style=\"font-family: punctuation; color: rgb(146, 208, 80); background-color: rgb(255, 255, 255); font-size: 16px;\">那些流逝的情感，那些我们曾经心动过的人，那些我们与朋友们一起做过的事情。好多现在还记得，好多都记不清楚了。我不由得疼惜，为那些到现在变成空白的记忆。所以现在我要写作，记下自己的心情，写出自己和周围的人发生的故事。还有这件事，写一篇迟来的读后感。</span></p><h1><span style=\"font-family: punctuation; background-color: rgb(255, 255, 255); color: rgb(0, 0, 0); font-size: 24px;\">岁月静好</span></h1><p><span style=\"font-family: punctuation; color: rgb(68, 68, 68); background-color: rgb(255, 255, 255); font-size: 16px;\">跌跌撞撞的一天又一天，一直这么的随心所欲，抑或是肆无忌惮，还无时无刻不在坚守自我，始终难以舍弃我的初衷。</span></p><p><span style=\"font-family: punctuation; color: rgb(146, 208, 80); background-color: rgb(255, 255, 255); font-size: 16px;\">随心所欲的年纪是可贵的。那时的我们锋芒毕露，正义凛然，终于内心，鄙视虚伪。</span></p><p><span style=\"font-family: punctuation; color: rgb(68, 68, 68); background-color: rgb(255, 255, 255); font-size: 16px;\">我想趁着年轻能够靠着自己的努力，即使是微薄的付出，去锻炼自己的意志。是的，这个社会是不会为了我来喘息一秒钟。即便这样，我也不愿意轻易妥协。即便妥协，即便输，也得让我输的心甘情愿。</span></p><p><span style=\"font-family: punctuation; color: rgb(146, 208, 80); background-color: rgb(255, 255, 255); font-size: 16px;\">我们天真，顽强，易怒，易喜，从挑战自己中获得很大的乐趣。我们可以失败，但不会认输。</span></p><p><span style=\"font-family: punctuation; color: rgb(68, 68, 68); background-color: rgb(255, 255, 255); font-size: 16px;\">能说心里话的人，并没有减少，感谢你们长期对我的不弃和沟通。有些人断了联系很多年，但是某个不经意的时刻，又递进了友情，并且更珍贵无比。</span></p><p><span style=\"font-family: punctuation; color: rgb(146, 208, 80); background-color: rgb(255, 255, 255); font-size: 16px;\">朋友是我们最珍惜的人。</span></p><p><span style=\"font-family: punctuation; color: rgb(68, 68, 68); background-color: rgb(255, 255, 255); font-size: 16px;\">包容？这是个很好的名词，无数我身边的朋友被自己的另一半宠着疼着，彼此陪伴着度过彼此最活力青葱的年华，看到他们眼神里透漏出的笃定相守，让我对千百年来永无停止赞颂并且人人都在追求的爱情更有信心：愿得一人心，白首不相离。</span></p><p><span style=\"font-family: punctuation; color: rgb(146, 208, 80); background-color: rgb(255, 255, 255); font-size: 16px;\">读到这里有些感动。自己那时也有一份懵懂，纯洁，但没有表达的爱恋。至今回想起来，仍是我心中淡淡的忧伤。</span></p><p><span style=\"font-family: punctuation; color: rgb(68, 68, 68); background-color: rgb(255, 255, 255); font-size: 16px;\">关于取悦，我们做最好的自己是取悦自己，除此之外也会取悦别人，这没什么不好的。不过，取悦自己的同时能够得到赏识或者提升自己的魅力，自然也取悦了他人。如果非要蛮不讲理，苛求他人为自己做些什么，以此来取悦自我，无论是否能够满足，也只是一种被动的过程，不见得自己对他人的要求，真心能够取悦自己，事过之后，就真的得不偿失了。更没必要由于他人的违心或者自我得不到对方的关注而闷闷不乐，无论何时何地，offer自己和他人，才是最好，最愉快。</span></p><p><span style=\"font-family: punctuation; color: rgb(146, 208, 80); background-color: rgb(255, 255, 255); font-size: 16px;\">玫瑰只是静静地矗立在花丛中，就得到所有人的喜欢。所以，我们要做的只是做最好的自己。</span></p><p><span style=\"font-family: punctuation; color: rgb(68, 68, 68); background-color: rgb(255, 255, 255); font-size: 16px;\">说说我自己。我沉浸在一个氛围里面太久，是会迷失自己的。这种氛围包括亲情，友情，爱情，生活环境等。我需要间断性的出去走走，小旅行也算是小逃离吧。我也相信万物万情的守恒，一种心情或者体验久了，都容易疲劳，类似于审美疲劳，也会心境疲劳。</span></p><p><span style=\"font-family: punctuation; color: rgb(146, 208, 80); background-color: rgb(255, 255, 255); font-size: 16px;\">那时，在要分离的前夕。我跟她说，毕业后我要环游全国。我不怕苦，不怕累，只希望活的坚强，自由而有诗意。</span></p><p><span style=\"font-family: punctuation; color: rgb(68, 68, 68); background-color: rgb(255, 255, 255); font-size: 16px;\">而我本身也是一个在亲人面前肆无忌惮，在朋友面前真诚付出，在不熟悉的人面前会尽力完善自己。</span></p><p><span style=\"font-family: punctuation; color: rgb(146, 208, 80); background-color: rgb(255, 255, 255); font-size: 16px;\">我们对好朋友倾诉衷肠，对亲人豪不掩饰，家人和朋友是我们一生中温暖的陪伴。</span></p><p><span style=\"font-family: punctuation; color: rgb(68, 68, 68); background-color: rgb(255, 255, 255); font-size: 16px;\">往往，人与人之间距离越近，越容易产生正面冲突，可是获得原谅也越快，越不容易记仇。父母跟孩子之间，夫妻之间便是如此，不过不代表是恋人之间。恋爱阶段是会互相挑对方，这种挑可以褒义可以贬义。如果两人奔着结婚的目的或者是深爱到一定程度，对于对方身上所展露出来的缺点，要么一方包容，要么另一方努力克制。当然，两个人都要努力，这是很正常的。如果真的因为这个缺点，另一方不可原谅，一味挑剔，岁月经不起磨耗，人人都有缺陷，在力求另一半多么完美的时候，先审视自己吧。</span></p><p><span style=\"font-family: punctuation; color: rgb(146, 208, 80); background-color: rgb(255, 255, 255); font-size: 16px;\">任何情感都需要经营。多一些包容，多一些付出，多一些原谅，事情不会变得很糟。</span></p><p><span style=\"font-family: punctuation; color: rgb(68, 68, 68); background-color: rgb(255, 255, 255); font-size: 16px;\">最好的便是包容原谅，一起变得更美好。如若不能而导致恋人就此而散也大有人在了。转身再去寻找下一个对的人，万万千千的世界，有春暖就会有花开，不见得真的谁比谁更好。都是有心人，好好的就好。不小心的擦身而过，抱憾的人也大有人在了。</span></p><p><span style=\"font-family: punctuation; color: rgb(146, 208, 80); background-color: rgb(255, 255, 255); font-size: 16px;\">嗯。</span></p><p><span style=\"font-family: punctuation; color: rgb(68, 68, 68); background-color: rgb(255, 255, 255); font-size: 16px;\">有些事经过时间的洗涤，沉淀下来的也该是真善美了。即使之前有太多的理由来争辩一个对自己最有力的上风，现在看来也没必要了。即便当初多么奋力来说服他人了解自己的苦楚或者委屈，但是人生不是判断题，不是谁对谁错。即便别人理解你了，宠着你了，如若不是真心，只是表面的和谐，那么之后的暴风骤雨，岂是当初我们会预想到的？这个时候一切矛头都会指向你，源于当初的你所谓的委屈，你委屈了你还引起了大浪潮……究竟谁错了？谁对了？再细想想，真是莫名其妙，苦笑一个…</span></p><p><span style=\"font-family: punctuation; color: rgb(146, 208, 80); background-color: rgb(255, 255, 255); font-size: 16px;\">少在意自己一些，多关心别人一些，这样人与人之间的相处会舒服很多。</span></p><p><span style=\"font-family: punctuation; color: rgb(68, 68, 68); background-color: rgb(255, 255, 255); font-size: 16px;\">再也不要对不确定不熟悉的人和事，苛求那么多，不要在真相和大结局之前，就放上你所有的筹码。不要太过于轻易透露自己的负面情绪。有苦衷，先扛着，有泪，再忍着。人生不是处处都是自己的主场，给自己轻松点，慢慢的，也就云淡风轻了～</span></p><p><span style=\"font-family: punctuation; color: rgb(146, 208, 80); background-color: rgb(255, 255, 255); font-size: 16px;\">负面情绪需要释放。也不用扛着，忍着。找到合适的对象，告诉他你的苦恼。说不定，说完就舒畅了呢。</span></p><p><span style=\"font-family: punctuation; color: rgb(68, 68, 68); background-color: rgb(255, 255, 255); font-size: 16px;\">生命不堪脆弱，勇气不足以支撑我们获得自己期望的一切，但求无悔于心。是是非非，走过且过，风风雨雨，历过则晴。</span></p><p><span style=\"font-family: punctuation; color: rgb(146, 208, 80); background-color: rgb(255, 255, 255); font-size: 16px;\">还挺豁达的感觉。</span></p><p><span style=\"font-family: punctuation; color: rgb(68, 68, 68); background-color: rgb(255, 255, 255); font-size: 16px;\">我依然怀恋青纯岁月，还有那几个女孩激励共勉的话。那么刻骨铭心，那么铿锵有力，播种在如花的季节，如今也在璀璨斑斓。</span></p><p><span style=\"font-family: punctuation; color: rgb(146, 208, 80); background-color: rgb(255, 255, 255); font-size: 16px;\">仿佛看到几个边走，边说笑着的女孩。空气中弥漫着青春的纯粹与活力。</span></p><p><span style=\"font-family: punctuation; color: rgb(68, 68, 68); background-color: rgb(255, 255, 255); font-size: 16px;\">得得失失，平常心。</span></p><p><span style=\"font-family: punctuation; color: rgb(146, 208, 80); background-color: rgb(255, 255, 255); font-size: 16px;\">平常心，放得安然。</span></p><p><span style=\"font-family: punctuation; color: rgb(68, 68, 68); background-color: rgb(255, 255, 255); font-size: 16px;\">终会岁月静好。&nbsp;</span></p><p><span style=\"font-family: punctuation; color: rgb(146, 208, 80); background-color: rgb(255, 255, 255); font-size: 16px;\">终会岁月静好。</span></p><p><span style=\"font-family: punctuation; color: rgb(146, 208, 80); background-color: rgb(255, 255, 255); font-size: 16px;\">首先这是一种很奇妙的感觉。因为隔着时间差，所以生出穿越时空的错觉。一句话，等三年，这种对话不常有了。</span></p><p><span style=\"font-family: punctuation; color: rgb(146, 208, 80); background-color: rgb(255, 255, 255); font-size: 16px;\">阅读的过程，其实更像是一种倾听。从这篇文章中我听出一个鲜活的生命。她对生活有自己的理解，对自己有明确的要求，对未来有美好的憧憬。这是文字感染人的地方，因为总有共鸣的时候。</span></p><p><br/></p>','1494510356','1494510356','1494510356') [ RunTime:0.0024s ]
SQL: SHOW COLUMNS FROM `z_category` [ RunTime:0.0003s ]
SQL: SELECT * FROM `z_category` WHERE `name` = '散文' LIMIT 1   [ RunTime:0.0002s ]
SQL: SHOW COLUMNS FROM `z_tag` [ RunTime:0.0003s ]
SQL: SELECT * FROM `z_tag` WHERE `name` = '温暖' LIMIT 1   [ RunTime:0.0001s ]

[ 2017-05-11T21:45:57+08:00 ] 203.130.43.155 /admin.php/Post/all
INFO: [ app_init ] --START--
INFO: Run Behavior\BuildLiteBehavior [ RunTime:0.000012s ]
INFO: [ app_init ] --END-- [ RunTime:0.000249s ]
INFO: [ app_begin ] --START--
INFO: Run Behavior\ReadHtmlCacheBehavior [ RunTime:0.000310s ]
INFO: [ app_begin ] --END-- [ RunTime:0.000348s ]
NOTIC: [8] A session had already been started - ignoring session_start() /data/wwwroot/blog/ThinkPHP/Common/functions.php 第 1263 行.
SQL: SHOW COLUMNS FROM `z_post` [ RunTime:0.0007s ]
SQL: SELECT COUNT(*) AS tp_count FROM `z_post` LIMIT 1   [ RunTime:0.0003s ]
SQL: SELECT * FROM `z_post` ORDER BY ctime desc LIMIT 0,20   [ RunTime:0.0005s ]
INFO: [ view_parse ] --START--
INFO: [ template_filter ] --START--
INFO: Run Behavior\ContentReplaceBehavior [ RunTime:0.000064s ]
INFO: [ template_filter ] --END-- [ RunTime:0.000105s ]
NOTIC: [8] Undefined variable: userInfo /data/wwwroot/blog/Application/Runtime/Cache/Admin/c171e2b85832ae9943251ee8295bfacb.php 第 361 行.
INFO: Run Behavior\ParseTemplateBehavior [ RunTime:0.013221s ]
INFO: [ view_parse ] --END-- [ RunTime:0.013259s ]
INFO: [ view_filter ] --START--
INFO: Run Behavior\WriteHtmlCacheBehavior [ RunTime:0.000116s ]
INFO: [ view_filter ] --END-- [ RunTime:0.000148s ]
INFO: [ app_end ] --START--
INFO: Run Behavior\ShowPageTraceBehavior [ RunTime:0.000333s ]
INFO: [ app_end ] --END-- [ RunTime:0.000373s ]

[ 2017-05-11T21:45:58+08:00 ] 203.130.43.155 /admin.php/Post/all
INFO: [ app_init ] --START--
INFO: Run Behavior\BuildLiteBehavior [ RunTime:0.000013s ]
INFO: [ app_init ] --END-- [ RunTime:0.000249s ]
INFO: [ app_begin ] --START--
INFO: Run Behavior\ReadHtmlCacheBehavior [ RunTime:0.000358s ]
INFO: [ app_begin ] --END-- [ RunTime:0.000397s ]
NOTIC: [8] A session had already been started - ignoring session_start() /data/wwwroot/blog/ThinkPHP/Common/functions.php 第 1263 行.
SQL: SHOW COLUMNS FROM `z_post` [ RunTime:0.0006s ]
SQL: SELECT COUNT(*) AS tp_count FROM `z_post` LIMIT 1   [ RunTime:0.0001s ]
SQL: SELECT * FROM `z_post` ORDER BY ctime desc LIMIT 0,20   [ RunTime:0.0002s ]
INFO: [ view_parse ] --START--
INFO: [ template_filter ] --START--
INFO: Run Behavior\ContentReplaceBehavior [ RunTime:0.000058s ]
INFO: [ template_filter ] --END-- [ RunTime:0.000098s ]
NOTIC: [8] Undefined variable: userInfo /data/wwwroot/blog/Application/Runtime/Cache/Admin/c171e2b85832ae9943251ee8295bfacb.php 第 361 行.
INFO: Run Behavior\ParseTemplateBehavior [ RunTime:0.012945s ]
INFO: [ view_parse ] --END-- [ RunTime:0.012983s ]
INFO: [ view_filter ] --START--
INFO: Run Behavior\WriteHtmlCacheBehavior [ RunTime:0.000153s ]
INFO: [ view_filter ] --END-- [ RunTime:0.000186s ]
INFO: [ app_end ] --START--
INFO: Run Behavior\ShowPageTraceBehavior [ RunTime:0.000311s ]
INFO: [ app_end ] --END-- [ RunTime:0.000350s ]

